Jeremy Ammon@1 @16@Y@Jeremy Ammons       @2B      @5'8" @160  @Baxley, Ga                              @
Ethan Thornt@3 @16@Y@Ethan Thornton      @P       @6'1" @214  @                                        @
Guner Seller@5 @08@Y@Guner Sellers       @C       @6'0" @212  @                                        @
Will Bagwell@6 @09@Y@Will Bagwell        @OF      @6'1" @170  @Macon, Ga                               @
Cole Bruce  @7 @08@Y@Cole Bruce          @SS/2B   @5'11"@164  @                                        @
Robert Nelso@8 @16@Y@Robert Nelson       @P       @6'1" @186  @                                        @
Lane Dixon  @9 @19@Y@Lane Dixon          @OF/1B   @6'2" @212  @                                        @
JoJo Harriso@10@08@Y@JoJo Harrison       @C       @5'6" @181  @                                        @
Jay Green   @11@09@Y@Jay Green           @OF      @6'2" @196  @                                        @
Trevor Moncr@12@08@Y@Trevor Moncrief     @OF      @5'10"@165  @                                        @
Christian Mi@13@16@Y@Christian Miller    @3B      @6'1" @218  @                                        @
Taylor Camp @14@17@Y@Taylor Camp         @C       @5'11"@203  @                                        @
Turner Edwar@15@08@Y@Turner Edwards      @P       @6'1" @185  @                                        @
Jacob Baxter@16@08@Y@Jacob Baxter        @SS      @5'10"@190  @Folkston, Ga                            @
Robbie Pesto@17@08@Y@Robbie Pestorious   @OF      @5'9" @165  @                                        @
Luke Miller @18@08@Y@Luke Miller         @3B      @5'11"@210  @                                        @
Kendall Scot@19@08@Y@Kendall Scott       @P       @5'9" @182  @                                        @
Conner Alfor@20@16@Y@Conner Alford       @P       @6'3" @190  @Macon, Ga                               @
Eric Lee    @21@08@Y@Eric Lee            @P       @6'5" @187  @                                        @
Ricky Carpen@22@08@Y@Ricky Carpenter     @OF      @5'9" @175  @Kingsland, Ga                           @
Damion Fondr@23@08@Y@Damion Fondren      @P       @6'0" @208  @                                        @
Garrett Brow@24@08@Y@Garrett Brown       @P       @5'11"@186  @                                        @
Michael Dike@25@08@Y@Michael Dike        @P       @6'2" @205  @                                        @
Adam Boan   @26@16@Y@Adam Boan           @1B      @6'2" @240  @Jackson, Ga                             @
Gant Davis  @28@08@Y@Gant Davis          @P/C     @5'11"@180  @                                        @
AJ Benefield@30@16@Y@AJ Benefield        @1B      @6'3" @240  @                                        @
Matt Shurley@31@16@Y@Matt Shurley        @P       @6'2" @206  @                                        @
