Hunter Ellen@1 @08@Y@Hunter Ellenburg    @IF      @5'7  @160  @Fairhope, AL                            @
Tevin Waters@2 @08@Y@Tevin Waters        @OF/RHP  @6'1  @170  @Thomasville, AL                         @
Jordan Ander@3 @16@Y@Jordan Anderson     @OF      @6'0  @195  @Memphis, TN                             @
Kaleb Harris@4 @16@Y@Kaleb Harris        @C       @5'11 @190  @Pinson, AL                              @
Trevor Flynn@5 @09@Y@Trevor Flynn        @C       @5'11 @195  @Maylene, AL                             @
Andrew Ferre@6 @17@Y@Andrew Ferrell      @IF      @5'9  @165  @Daphne, AL                              @
Ryan Cribb  @7 @11@Y@Ryan Cribb          @OF/LHP  @6'1  @165  @Thomasville, AL                         @
Hayden Rober@8 @08@Y@Hayden Roberts      @RHP     @5'11 @160  @Irvington, AL                           @
Ryan Callowa@9 @19@Y@Ryan Calloway       @OF      @5'11 @160  @Jacksonville, FL                        @
Rakeem Quinn@10@16@Y@Rakeem Quinn        @C/OF    @5'10 @205  @Port Saint Joe, FL                      @
Chris Ervin @11@16@Y@Chris Ervin         @1B      @5'10 @210  @Leroy, AL                               @
Brandon Hari@12@16@Y@Brandon Harigel     @IF      @6'0  @195  @Pace, FL                                @
Kyle Reese  @13@17@Y@Kyle Reese          @IF      @5'11 @185  @Daphne, AL                              @
Joseph Alday@14@08@Y@Joseph Alday        @RHP     @6'3  @185  @Leroy, AL                               @
Cody Shoemak@15@08@Y@Cody Shoemaker      @C       @6'1  @190  @Thomasville, AL                         @
Russ Mosley @17@16@Y@Russ Mosley         @RHP     @6'0  @225  @Daphne, AL                              @
Tritt Fennel@18@09@Y@Tritt Fennell       @OF/RHP  @6'3  @205  @Rockmart, GA                            @
David Ogilvi@20@16@Y@David Ogilvie       @RHP     @6'6  @220  @Crestview, FL                           @
Aaron Hart  @22@11@Y@Aaron Hart          @LHP     @6'2  @240  @Sebring, FL                             @
Hunter Reese@23@08@Y@Hunter Reese        @IF      @5'10 @165  @Daphne, AL                              @
Seth Thomaso@24@08@Y@Seth Thomason       @1B      @6'2  @210  @Holt, FL                                @
Mitchell Mor@25@16@Y@Mitchell Morris     @RHP     @6'2  @220  @Trussville, AL                          @
Mason MacDou@26@11@Y@Mason MacDougall    @LHP     @6'0  @170  @Vestavia Hills, AL                      @
Dylan Kiene @27@08@Y@Dylan Kiene         @RHP     @6'3  @185  @Mobile, AL                              @
Conner Fiasc@32@16@Y@Conner Fiasco       @RHP     @6'3  @195  @Pace, FL                                @
Jean Figuero@33@16@Y@Jean Figueroa       @OF      @6'3  @190  @Santo Domingo, DR                       @
Darby Black @38@08@Y@Darby Black         @RHP     @6'2  @245  @Brewton, AL                             @
