Josh Frantz @1 @08@Y@Josh Frantz         @INF     @5'8" @145  @Warsaw, IN                              @
Hadeen Willi@2 @08@Y@Hadeen Williams     @OF      @5'6" @140  @Monon, IN                               @
Kainin Lewis@3 @08@Y@Kainin Lewis        @OF      @5'7" @150  @Louisville, KY                          @
Evan Vangord@4 @08@Y@Evan Vangordon      @P/OF    @6'3" @180  @Blackford, IN                           @
Jordan Man  @5 @08@Y@Jordan Man          @C       @5'11"@185  @Speedway, IN                            @
Tyler Eads  @6 @00@Y@Tyler Eads          @        @     @     @                                        @
Landon Cole @7 @08@Y@Landon Cole         @INF     @5'7" @165  @Wabash, IN                              @
Shay Hepler @9 @08@Y@Shay Hepler         @OF      @5'11"@165  @Warsaw, IN                              @
Jalon Linvil@10@16@Y@Jalon Linville      @INF     @6'0" @200  @Louisville, KY                          @
Thomas Kinne@11@16@Y@Thomas Kinney       @INF     @6'2" @210  @Indianapolis, IN                        @
Conor Millig@12@10@Y@Conor Milligan      @INF     @6'1" @210  @Kokomo, IN                              @
Bryan Avalos@13@08@Y@Bryan Avalos        @P/INF   @6'2" @185  @Hobart, IN                              @
Chase Hatfie@14@00@Y@Chase Hatfield      @        @     @     @                                        @
Luke Gaboury@16@08@Y@Luke Gaboury        @P/INF   @5'10 @165  @South Bend, IN                          @
Ryan Reese  @20@10@Y@Ryan Reese          @C       @6'1" @165  @Lebanon, IN                             @
Brad Rist   @21@00@Y@Brad Rist           @        @     @     @                                        @
Chase Smith @23@08@Y@Chase Smith         @P       @5'11"@170  @Frankton, IN                            @
Tom Snyder  @24@16@Y@Tom Snyder          @P       @6'0" @170  @Kingsford Heights, IN                   @
Demitrius Hu@28@00@Y@Demitrius Hurt      @        @     @     @                                        @
Clayton Adam@31@00@Y@Clayton Adamson     @        @     @     @                                        @
Jason Fergus@32@08@Y@Jason Ferguson      @OF/P    @6'0" @170  @Warsaw, IN                              @
Tyler Bradbu@33@08@Y@Tyler Bradburn      @INF     @5'8" @160  @Rockville, IN                           @
Damon Prater@34@11@Y@Damon Prater        @P       @6'0" @200  @Kokomo, IN                              @
Marvin Montg@36@00@Y@Marvin Montgomery   @        @     @     @                                        @
