Mason Loeger@2 @08@Y@Mason Loegering     @Outfield@     @     @Big Lake                                @
Tyler Weeks @5 @09@Y@Tyler Weeks         @Infield @     @     @Parma, Ohio                             @
Tucker Morre@7 @16@Y@Tucker Morrell      @Infield/@     @     @Elk River                               @
Mark Lundhol@9 @08@Y@Mark Lundholm       @Pitcher @     @     @Brooklyn Center                         @
Eric Klima  @12@08@Y@Eric Klima          @Catcher/@     @     @Silver Lake                             @
Richie Podvi@13@16@Y@Richie Podvin       @Outfield@     @     @Roseville                               @
Sam Krick   @14@17@Y@Sam Krick           @Outfield@     @     @Elk River                               @
Ev Gaddis   @16@20@Y@Ev Gaddis           @Catcher @     @     @Somerset, Wi.                           @
Mitch Munste@17@08@Y@Mitch Munsterman    @Pitcher @     @     @New Brighton                            @
Billy Herdzi@18@16@Y@Billy Herdzina      @Outfield@     @     @Ramsey                                  @
Thomas Kinse@19@16@Y@Thomas Kinsella     @Infield/@     @     @Blaine                                  @
Trevor Naslu@20@08@Y@Trevor Naslund      @Pitcher/@     @     @Champlin                                @
Boomer Johns@22@16@Y@Boomer Johnson      @Pitcher @     @     @Elk River                               @
Alex Green  @23@08@Y@Alex Green          @Pitcher @     @     @Coon Rapids                             @
Kevin Johnso@29@11@Y@Kevin Johnson       @Infield/@     @     @St. Cloud                               @
Blake Sherme@34@16@Y@Blake Shermer       @Pitcher @     @     @Rogers                                  @
Dustin Burfe@40@08@Y@Dustin Burfeind     @Pitcher @     @     @Blaine                                  @
DeShawn Will@42@08@Y@DeShawn Williams    @Outfield@     @     @Burnsville                              @
Matt Rotzien@51@11@Y@Matt Rotzien        @Pitcher @     @     @Blaine                                  @
