Matt Higgins@1 @08@Y@Matt Higgins        @RHP     @5'10"@170  @Yuma, AZ                                @
Irving Lopez@2 @12@Y@Irving Lopez        @UTL     @5'9" @157  @Yuma, AZ                                @
Anthony Agui@3 @08@Y@Anthony Aguila      @UTL:    @5'10"@185  @Highland, CA                            @
Ryan Schmidt@5 @09@Y@Ryan Schmidtbauer   @OF      @5'11"@175  @Ft. Collins, CO                         @
Antonio Mend@6 @16@Y@Antonio Mendoza     @INF     @5'10"@170  @San Luis, AZ                            @
Jesus Cerda @7 @08@Y@Jesus Cerda         @INF     @5'10"@172  @Ensenada, MX                            @
Nate Stepna @8 @08@Y@Nate Stepna         @OF      @5'11"@171  @Las Vegas, NV                           @
Joe Meyers  @9 @08@Y@Joe Meyers          @OF      @5'10"@173  @Surprise, AZ                            @
Daniel Gonza@10@16@Y@Daniel Gonzales     @OF      @6'1" @185  @Las Vegas, NV                           @
Travis Garci@11@19@Y@Travis Garcia-Perrei@UTL     @6'   @201  @Aiea, HI                                @
Steven Bisho@12@11@Y@Steven Bishop       @LHP     @5'10"@174  @Albuquerque, NM                         @
Jose Rosales@13@16@Y@Jose Rosales-Rodarte@RHP     @5'9" @197  @Las Vegas, NV                           @
Jerremyh Ang@15@11@Y@Jerremyh Angela     @LHP     @5'10"@178  @Amsterdam, The Netherlands              @
Ryan Escobar@16@16@Y@Ryan Escobar        @INF     @6'1" @225  @Chatsworth, CA                          @
Omar Celaya @17@16@Y@Omar Celaya         @RHP     @6'2" @191  @Yuma, AZ                                @
Wyatt Hull  @18@08@Y@Wyatt Hull          @INF     @6'   @207  @Buckeye, AZ                             @
Tanner McAni@19@08@Y@Tanner McAninch     @RHP     @6'4" @225  @Las Vegas, NV                           @
Austin Brown@20@08@Y@Austin Browning     @C       @5'10"@212  @Yuma, AZ                                @
Kenny Hanson@21@08@Y@Kenny Hanson        @RHP     @6'3" @185  @Pueblo, CO                              @
Teao Buehler@22@08@Y@Teao Buehler        @RHP     @6'2" @198  @Kailua-Kona, HI                         @
Beau Cebulsk@23@16@Y@Beau Cebulski       @C       @6'1" @204  @Las Animas, CO                          @
Trey Smith  @25@11@Y@Trey Smith          @LHP     @6'3" @213  @Kapaa, HI                               @
Michael Tinu@27@08@Y@Michael Tinucci     @RHP     @6'5" @241  @Goodyear, AZ                            @
Michael Rose@28@16@Y@Michael Rosenkrantz @RHP     @6'5" @234  @Las Vegas, NV                           @
Nick Day    @32@08@Y@Nick Day            @UTL     @6'2" @233  @Avondale, AZ                            @
Brandon Ande@52@16@Y@Brandon Anderson    @RHP     @6'6" @231  @Cheyenne, WY                            @
