Placido Torr@1 @19@Y@Placido Torres      @Pitcher @5'11 @163  @Brunswick, NJ                           @
Danauris Bae@2 @16@Y@Danauris Baez       @IF      @5'10 @175  @Bronx, NY                               @
Ryan Cabreja@3 @19@Y@Ryan Cabreja        @Pitcher @     @     @Boca Raton, Florida                     @
Eduin Valdez@6 @16@Y@Eduin Valdez        @3B/P    @6'0  @188  @Brooklyn, NY                            @
Kevin Victor@7 @16@Y@Kevin Victoriano    @OF      @5'8  @175  @Bronx                                   @
Alex Echevar@9 @16@Y@Alex Echevarria     @OF      @     @     @Deltona, Florida                        @
Julian Lanfr@10@20@Y@Julian Lanfranco    @IF      @     @     @Brooklyn,  NY                           @
Jeovanny Tol@11@16@Y@Jeovanny Tolentino  @IF      @     @     @Deltona, Florida                        @
Daniel Rodri@12@08@Y@Daniel Rodriguez    @IF/P    @     @     @Orlando, Florida                        @
Rene Barrien@16@08@Y@Rene Barrientos     @Pitcher @     @     @Bronx, NY                               @
Wander Germo@17@11@Y@Wander Germoso      @1B      @6'2  @210  @Santiago, Dominican Republic            @
Jeffrey Vale@18@08@Y@Jeffrey Valera      @IF      @6'0  @205  @Brooklyn, NY                            @
Eduardo Hira@19@16@Y@Eduardo Hiraldo     @Pitcher @5'10 @172  @Brooklyn, NY                            @
Hendry Rodri@20@08@Y@Hendry Rodriguez    @Pitcher @     @     @Brooklyn,  NY                           @
David Rodrig@21@17@Y@David Rodriguez     @OF      @     @     @Bronx< NY                               @
Joseph Ferna@22@16@Y@Joseph Fernandez    @Pitcher @5'10 @240  @Middle Village, NY                      @
Jonathan Flo@23@08@Y@Jonathan Flores     @OF      @     @     @Miramar, Florida                        @
Lewis Sanche@24@17@Y@Lewis Sanchez       @IF      @     @     @Bronx,  NY                              @
Miguel Pe&nt@25@11@Y@Miguel Pe&ntilde;a  @Pitcher @     @     @West Palm,  Florida                     @
Bryan Flores@27@08@Y@Bryan Flores        @IF      @5'10 @178  @Brooklyn, NY                            @
Franklyn Roj@28@08@Y@Franklyn Rojas      @C       @     @     @                                        @
Luis Perez  @29@16@Y@Luis Perez          @OF/C    @5'10 @195  @Miami, Florida                          @
Carlos Tejed@30@16@Y@Carlos Tejeda       @Pitcher @6'5  @190  @Santo Domingo, Dominican Republic       @
Emmanuel Cas@31@08@Y@Emmanuel Castro     @Pitcher @6'1  @161  @Providence, RI                          @
Rolman Cande@32@16@Y@Rolman Candelario   @Pitcher @6'2  @172  @New York, NY                            @
Junior Maldo@34@19@Y@Junior Maldonado    @OF      @5'9  @205  @Miramar, Florida                        @
Jesus Reyes @35@08@Y@Jesus Reyes         @Pitcher @6'2  @160  @Santo Domingo, Dominican Republic       @
Michael Mele@36@11@Y@Michael Melendez    @Pitcher @6'1  @185  @West Palm Beach, Florida                @
Jose Cirineo@39@08@Y@Jose Cirineo        @C       @     @     @Brooklyn, NY                            @
Steve Cuello@42@12@Y@Steve Cuello        @IF      @     @     @Bronx, NY                               @
Jim Tolle   @44@17@Y@Jim Tolle           @C       @6'1  @205  @Palm Bay, Florida                       @
Jose Reynoso@55@08@Y@Jose Reynoso        @Pitcher @     @     @Brooklyn, NY                            @
Gilberto Men@91@16@Y@Gilberto Mendoza    @IF      @5'10 @205  @Staten Island, NY                       @
Edward Mader@99@16@Y@Edward Madera       @OF      @6'2  @193  @Santo Domingo, Dominican Republic       @
