Eric Coyle  @5 @16@Y@Eric Coyle          @3B      @5-5  @150  @Absecon NJ                              @
Jon Bruccole@7 @08@Y@Jon Bruccoleri      @P       @5-6  @160  @Atlantic City NJ                        @
PJ Mussa    @15@16@Y@PJ Mussa            @P/OF    @5-7  @166  @Northfield NJ                           @
Nick Harring@18@16@Y@Nick Harring        @P/1B    @6-5  @190  @Mayslanding NJ                          @
Kurt Hamby  @19@16@Y@Kurt Hamby          @P/1B/3B @5-11 @176  @Absecon NJ                              @
Andrew Meyer@20@16@Y@Andrew Meyers       @P/SS/OF @5-10 @160  @Ocean City NJ                           @
Justin Ocasi@21@16@Y@Justin Ocasio       @OF      @5-10 @165  @Mayslanding NJ                          @
Brian Khoury@23@16@Y@Brian Khoury        @2B      @6-0  @175  @Linwood NJ                              @
Jon Saggese @24@16@Y@Jon Saggese         @C/3B    @5-9  @172  @Linwood NJ                              @
Jacob Smith @25@08@Y@Jacob Smith         @OF      @6-0  @170  @Mainland Regional                       @
Daniel Nicol@31@16@Y@Daniel Nicolaisen   @OF      @6-1  @200  @Denmark                                 @
Joseph Joyce@35@00@Y@Joseph Joyce        @        @6'1  @179  @Brigantine, NJ                          @
