Steven Gonza@1 @19@Y@Steven Gonzalez     @OF      @5'5  @160  @Union City                              @
Guillermo Cr@3 @16@Y@Guillermo Cruz      @OF      @5'8  @168  @Union City                              @
Matt Moschov@5 @16@Y@Matt Moschovas      @OF      @5'11 @180  @East Rutherford                         @
Dan O'Neill @7 @08@Y@Dan O'Neill         @SS      @6'3  @189  @Saddle Brook                            @
Kevin Brito @8 @08@Y@Kevin Brito         @3B      @6'1  @221  @Paterson                                @
Benjamin Poz@9 @08@Y@Benjamin Pozo       @P       @6'3  @199  @Bogota                                  @
James Donohu@14@16@Y@James Donohue       @MIF     @5'7  @179  @Ridgefield Park                         @
Danny Bielit@15@16@Y@Danny Bielitz       @C       @5'6  @163  @Clifton                                 @
Sam Ortiz   @16@08@Y@Sam Ortiz           @C       @5'7  @180  @New Milford                             @
Peter Siebel@17@08@Y@Peter Siebel        @P       @5'7  @209  @Bayonne                                 @
Louis Isern @18@08@Y@Louis Isern         @P       @6'5  @238  @Union City                              @
Ryan Ferguso@19@16@Y@Ryan Ferguson       @P       @6'1  @210  @Hasbrouck Heights                       @
Rafael Rivas@21@08@Y@Rafael Rivas        @MIF     @6'1  @179  @Teaneck                                 @
Mike Richter@23@16@Y@Mike Richter        @1B/C    @6'2  @197  @Dumont                                  @
Matthew Dawk@24@19@Y@Matthew Dawkins     @OF      @5'11 @190  @Englewood                               @
Joesph Santa@25@16@Y@Joesph Santana      @OF      @6'2  @194  @Union City                              @
Scott Hucke @27@08@Y@Scott Hucke         @P       @6'4  @181  @Emerson                                 @
Kevin Benjam@30@16@Y@Kevin Benjamin      @CIF/C   @6'0  @257  @Fairlawn                                @
Anthony Urda@31@08@Y@Anthony Urdaneta    @1B/P    @6'0  @242  @West New York                           @
Ezra Bye    @32@11@Y@Ezra Bye            @P       @6'3  @217  @Teaneck                                 @
Sean Deleo  @33@11@Y@Sean Deleo          @P       @5'9  @241  @Secaucus                                @
Coby Kerr   @34@16@Y@Coby Kerr           @P       @5'11 @217  @Fair Lawn                               @
Bryan Casset@35@16@Y@Bryan Cassetta      @P       @6'2  @176  @Lodi                                    @
Joe Barbiera@36@08@Y@Joe Barbiera        @C       @6'0  @207  @Wood-Ridge                              @
Matt Kearns @37@08@Y@Matt Kearns         @P       @6'3  @228  @River Vale                              @
John Grilo  @38@08@Y@John Grilo          @        @6'0  @167  @Hillsdale                               @
Matt Van Rip@39@08@Y@Matt Van Riper      @P       @6'2  @168  @Elmwood Park                            @
Matthew Stec@42@16@Y@Matthew Stec        @P       @6'3  @234  @Emerson                                 @
Matthew Dare@43@08@Y@Matthew Dare        @P       @6'5  @306.5@Elmwood Park                            @
Sean Robinso@99@11@Y@Sean Robinson       @P       @5'6  @209  @Edgewater                               @
