Travis Baumi@1 @11@Y@Travis Baumiller    @P/OF    @     @     @Hazelton, ND                            @
Kenny Haugen@2 @08@Y@Kenny Haugen        @U       @     @     @Mandan, ND                              @
Tyler Mongeo@3 @11@Y@Tyler Mongeon       @P/OF    @     @     @Bismarck, ND                            @
Griffin Beng@5 @08@Y@Griffin Bengochea   @2B      @     @     @Glasgow, MT                             @
Seth Lundber@6 @09@Y@Seth Lundberg       @OF/P    @     @     @Bismarck, ND                            @
Mike Mauer  @7 @08@Y@Mike Mauer          @OF      @     @     @Wahpeton, ND                            @
Cody Nelson @8 @08@Y@Cody Nelson         @P/OF    @     @     @Beulah, ND                              @
Daniel Skogl@9 @08@Y@Daniel Skoglund     @U       @     @     @Beach, ND                               @
Lane Huck   @10@08@Y@Lane Huck           @C       @     @     @Trenton, ND                             @
Kody Kalb   @15@16@Y@Kody Kalb           @P/C     @     @     @Sierra Vista, AZ                        @
Chris Vinson@17@18@Y@Chris Vinson        @P/1B    @     @     @Sturgis, SD                             @
Shane Wolf  @23@16@Y@Shane Wolf          @SS/P    @     @     @Bismarck, ND                            @
Nate Egeberg@25@08@Y@Nate Egeberg        @3B      @     @     @Watford City, ND                        @
