Nathaniel Ro@0 @00@Y@Nathaniel Rodriguez @        @     @     @                                        @
Bryan Cabrer@1 @04@Y@Bryan Cabrera       @2B      @     @     @                                        @
Jeremy Pegue@2 @00@Y@Jeremy Peguero      @IF      @     @     @                                        @
Joshua Smith@3 @16@Y@Joshua Smith        @2B      @     @     @                                        @
Miguel Maldo@4 @00@Y@Miguel Maldonado    @2B      @     @     @                                        @
Deshaun Doct@6 @00@Y@Deshaun Doctor      @IF      @     @     @                                        @
Julio Ramire@7 @00@Y@Julio Ramirez       @OF      @     @     @                                        @
Luis C. Bast@11@03@Y@Luis C. Bastista    @P       @     @     @                                        @
Luis Liz Cru@14@04@Y@Luis Liz Cruz       @IF      @     @     @                                        @
Darwin Lopez@15@00@Y@Darwin Lopez        @P       @     @     @                                        @
Michael Cast@16@00@Y@Michael Castillo    @IF      @     @     @                                        @
Terrance Bie@17@03@Y@Terrance Biel       @OF      @     @     @                                        @
Ignacio Bren@20@00@Y@Ignacio Brenes      @C       @     @     @                                        @
David Godoy @21@00@Y@David Godoy         @C       @     @     @                                        @
Luis Vargas @23@03@Y@Luis Vargas         @1B/P    @     @     @                                        @
Jordanis Sap@24@16@Y@Jordanis Sapuis     @OF      @     @     @                                        @
Jose Richard@25@03@Y@Jose Richardson     @1B      @     @     @                                        @
Jose Ochoa  @27@00@Y@Jose Ochoa          @OF      @     @     @                                        @
Adrian Rodri@31@00@Y@Adrian Rodriguez    @1B/C    @     @     @                                        @
Garson Perez@32@00@Y@Garson Perez        @OF      @     @     @                                        @
Alen Perelta@34@03@Y@Alen Perelta        @1B      @     @     @                                        @
Johan Reyes @40@00@Y@Johan Reyes         @P       @     @     @                                        @
Andrew Perez@41@00@Y@Andrew Perez        @P       @     @     @                                        @
Gerson Coca @45@00@Y@Gerson Coca         @SS      @     @     @                                        @
Camilo Pena @66@02@Y@Camilo Pena         @OF      @     @     @                                        @
Fausto Moise@77@00@Y@Fausto Moises       @OF      @     @     @                                        @
