Spencer Good@1 @08@Y@Spencer Goodwin     @INF     @5'10"@165  @Shreveport, LA                          @
Haden Hernan@2 @09@Y@Haden Hernandez     @INF     @5'7" @178  @Lake Charles, LA                        @
Hunter Wilch@3 @08@Y@Hunter Wilcher      @OF      @6'3" @220  @Atlanta, TX                             @
Taylor Roy  @4 @08@Y@Taylor Roy          @OF      @6'0" @180  @West Monroe, LA                         @
Robert Herre@5 @16@Y@Robert Herrera      @INF     @6'0" @180  @Union City, NJ                          @
Dalton Gould@6 @08@Y@Dalton Gould        @INF     @5'9" @160  @Bossier City, LA                        @
Matthew Mone@7 @16@Y@Matthew Monette     @OF      @5'7" @165  @Greenwood, LA                           @
Vaughn Shape@8 @16@Y@Vaughn Shapen       @C/UTL   @5'10"@185  @Shreveport, LA                          @
Daniel Tynes@9 @08@Y@Daniel Tynes        @RHP     @6'0" @183  @Robeline, LA                            @
Terry Esteve@10@08@Y@Terry Esteve        @C       @6'1" @177  @Belle Chase, LA                         @
Chris McGuir@11@08@Y@Chris McGuire       @1B      @6'1" @212  @Benton, LA                              @
Logan McHan @13@08@Y@Logan McHan         @RHP     @5'11"@170  @Haughton, LA                            @
Dillon Crain@14@16@Y@Dillon Crain        @RHP     @6'2" @190  @Converse, LA                            @
Matt Martin @15@19@Y@Matt Martin         @OF/LHP  @5'11"@178  @Gloster, LA                             @
Matthew Reev@16@14@Y@Matthew Reeves      @LHP/OF  @5'8" @170  @Monroe, LA                              @
Dylan Spearm@17@16@Y@Dylan Spearman      @3B      @6'0" @203  @Ruston, LA                              @
Nathan Lee  @19@08@Y@Nathan Lee          @RHP     @6'0" @171  @Lonville, LA                            @
Thomas Auger@20@11@Y@Thomas Auger        @LHP     @6'0" @183  @Oak Grove, LA                           @
Eric Goree  @22@16@Y@Eric Goree          @1B/3B   @5'11"@230  @Ruston, LA                              @
Javarias Ban@24@16@Y@Javarias Banks      @3B/RHP  @6'0" @205  @DeSoto, TX                              @
Ethan Easter@25@16@Y@Ethan Easterling    @RHP     @6'2" @219  @Oak Grove, LA                           @
Spencer McCl@26@08@Y@Spencer McClure     @1B/RHP  @6'4" @205  @Fort Smith, AR                          @
Colby Sherra@27@08@Y@Colby Sherrard      @RHP     @5'11"@220  @Minden, LA                              @
Lance Quebod@28@10@Y@Lance Quebodeaux    @LHP     @6'5" @205  @Moss Bluff, LA                          @
Reid VanBuss@29@17@Y@Reid VanBussum      @3B      @6'3" @220  @Lexington, KY                           @
Andrew Mashb@30@08@Y@Andrew Mashburn     @RHP     @6'2" @170  @Little Rock, AR                         @
Jonathan Bou@31@08@Y@Jonathan Boucher    @RHP     @6'2" @179  @Atlanta, TX                             @
Josie Chandl@32@16@Y@Josie Chandler      @RHP     @5'10"@190  @Arcadia, LA                             @
Blake Perrod@33@08@Y@Blake Perrodin      @3B      @5'8" @181  @Lake Charles, LA                        @
Teddy Hender@34@16@Y@Teddy Henderson     @RHP     @6'5" @212  @West Monroe, LA                         @
Harlan Richt@38@16@Y@Harlan Richter      @RHP     @6'6" @250  @Bossier City, LA                        @
