Claudio Deaz@3 @16@Y@Claudio Deaza       @2B      @5'6" @163  @New York, NY                            @
Alan Berrios@4 @08@Y@Alan Berrios        @SS      @5'8" @145  @Bronx, NJ                               @
Jose Marte  @5 @08@Y@Jose Marte          @C / IF  @5'10"@205  @Bronx, NY                               @
Ronald Ramos@6 @08@Y@Ronald Ramos        @SS      @6'   @161  @New York, NY                            @
Adolfy Javie@10@16@Y@Adolfy Javier       @P       @5'10"@165  @Bronx, NY                               @
Jonathan Sua@12@16@Y@Jonathan Suarez     @OF      @5"11"@165  @Bronx, NY                               @
Jorge Marque@13@16@Y@Jorge Marquez       @2B      @5'9" @170  @Bronx, NY                               @
Johan Merced@14@08@Y@Johan Mercedes      @P       @5'11"@165  @New York, NY                            @
Daniel Rojas@15@16@Y@Daniel Rojas        @C / 3B  @5'9" @190  @Boston, MA                              @
Franyi Santa@16@08@Y@Franyi Santana      @OF      @5'7" @145  @Bronx, NY                               @
Ruben Gomez @17@08@Y@Ruben Gomez         @P       @6'1" @150  @Bronx, NY                               @
Edwin Hidalg@18@08@Y@Edwin Hidalgo       @C       @6'   @150  @Bronx, NY                               @
Justin Soto @20@11@Y@Justin Soto         @1B / OF @5'9" @160  @Bronx, NY                               @
Luis Ortiz  @21@16@Y@Luis Ortiz          @P       @6'2" @185  @Bronx, NY                               @
Albany Disla@22@08@Y@Albany Disla        @P       @5'10"@199  @Bronx, NY                               @
Frauly Pauli@24@16@Y@Frauly Paulino      @1B / P  @5'11"@245  @New York, NY                            @
Victor Lerou@25@16@Y@Victor Leroux       @C / 1B  @5'11"@250  @New York, N Y                           @
Anthony Torr@26@11@Y@Anthony Torres      @OF / P  @173  @5'9" @New York, NY                            @
Freddy Garci@28@08@Y@Freddy Garcia       @OF      @6'   @190  @New York, NY                            @
Lutty Santia@29@08@Y@Lutty Santiago      @P       @5'11"@200  @New York, NY                            @
Joel Martine@30@08@Y@Joel Martinez       @P       @5'9" @180  @New York, NY                            @
Kendall Teja@31@08@Y@Kendall Tejada      @IF      @     @     @Bronx, NY                               @
