Joe Klenchik@1 @08@Y@Joe Klenchik        @OF      @5-11 @175  @Binghamton, NY                          @
Jaidorick Wo@2 @12@Y@Jaidorick Woods     @2nd     @5-7  @145  @Willemsted, Curacao                     @
Henry Pellic@3 @08@Y@Henry Pellicciotti  @IF      @5-10 @165  @Johnson City, NY                        @
Jowendrick S@4 @08@Y@Jowendrick Sillie   @P/OF    @5-11 @145  @Willemstad, Curacao                     @
Cody Burnett@5 @08@Y@Cody Burnett        @P/IF    @5-9  @145  @Binghamton, NY                          @
Rachid Marti@6 @08@Y@Rachid Martie       @P/IF    @5-11 @175  @Willemstad, Curacao                     @
Forrest Gilb@7 @16@Y@Forrest Gilbert     @IF/OF   @6-0  @185  @Syracuse, NY                            @
Matt DePalmo@8 @11@Y@Matt DePalmo        @P       @5-11 @180  @Endwell, NY                             @
Joe Wasko   @9 @09@Y@Joe Wasko           @OF/IF   @6-0  @155  @Binghamton, NY                          @
Jack Burns  @10@17@Y@Jack Burns          @C/OF    @5-8  @180  @Endicott, NY                            @
Trey Alvarad@11@08@Y@Trey Alvarado       @P/IF    @5-9  @190  @Port Lavaca, TX                         @
Cody Link   @12@08@Y@Cody Link           @P/IF    @6-1  @210  @Binghamton, NY                          @
Matthew Tort@13@16@Y@Matthew Torto       @IF      @6-1  @170  @Binghamton, NY                          @
Troy Scales @14@08@Y@Troy Scales         @IF/C    @5-11 @185  @Johnson City, NY                        @
Jared Decker@15@16@Y@Jared Decker        @P/IF    @5-9  @160  @Port Crane, NY                          @
Todd Cutting@16@16@Y@Todd Cutting        @P/IF    @6-7  @170  @Johnson City, NY                        @
Terrence Gar@19@11@Y@Terrence Garcia     @P/IF    @6-3  @195  @Willemstad, Curacao                     @
Jon Wingate @20@08@Y@Jon Wingate         @IF/OF   @5-10 @170  @Unadilla, NY                            @
Alex Drummon@21@19@Y@Alex Drummond       @OF      @6-0  @175  @Binghamton, NY                          @
Zachary Seco@22@08@Y@Zachary Secor       @IF      @6-3  @205  @Binghamton, NY                          @
Chris Ellers@23@08@Y@Chris Ellerson      @P       @5-10 @175  @Whitney Point, NY                       @
Thaylor Agui@24@08@Y@Thaylor Aguilera    @OF      @6-0  @175  @Caracas, Venezuela                      @
Adam Kettle @25@09@Y@Adam Kettle         @P/IF    @6-1  @200  @Johnson City, NY                        @
Erick Wortma@28@08@Y@Erick Wortman       @IF      @5-9  @165  @Vestal, NY                              @
Franklin Pin@30@08@Y@Franklin Pinto      @C       @5-10 @190  @Willemstad, Curacao                     @
