Harold Heste@1 @16@Y@Harold Hester       @OF      @     @     @                                        @
Josh Aromand@2 @08@Y@Josh Aromando       @OF      @5'11 @182  @Manasquan                               @
Nick Vitale @3 @19@Y@Nick Vitale         @OF      @6'0  @185  @Brick Twp                               @
Vin Tranchin@4 @16@Y@Vin Tranchina       @C       @6'2  @200  @Manasquan                               @
Spencer Youn@5 @08@Y@Spencer Young       @SS      @5'11 @175  @Jackson                                 @
Brandon Ruet@6 @08@Y@Brandon Ruetsch     @2B      @5'9  @165  @Allentown                               @
Ryan Ranieri@7 @08@Y@Ryan Ranieri        @OF      @5'10 @184  @Manalapan                               @
Ryan Kirman @8 @16@Y@Ryan Kirman         @3B      @6'2  @205  @Red Bank                                @
Jake Winston@9 @19@Y@Jake Winston        @LHP     @6'2  @205  @Millstone                               @
Troy Reynold@10@16@Y@Troy Reynolds       @2B      @5'7  @178  @Brick Twp                               @
Dominick Orl@11@16@Y@Dominick Orlando    @OF      @6'0  @190  @Manalapan                               @
Kyle Golla  @12@16@Y@Kyle Golla          @OF      @6'0  @170  @Allentown                               @
Cosmo Iacobe@13@16@Y@Cosmo Iacobellis    @2B      @5'10 @180  @Marlboro                                @
Tim Rogers  @14@16@Y@Tim Rogers          @RHP     @6'1  @183  @Manchester                              @
Aaron Kane  @16@08@Y@Aaron Kane          @C       @6'0  @210  @Manchester                              @
Matt Maher  @17@08@Y@Matt Maher          @RHP     @6'1  @187  @Howell                                  @
Mike Pepio  @18@11@Y@Mike Pepio          @LHP     @6'7  @230  @Colts Neck                              @
Travis Rudic@19@16@Y@Travis Rudic        @1B/RHP  @6'1  @200  @Freehold                                @
Walid Nassar@20@08@Y@Walid Nassar        @C       @6'0  @175  @Ocean Twp                               @
Zach Gorham @21@11@Y@Zach Gorham         @LHP     @6'0  @173  @Monroe                                  @
Billy Worswi@22@16@Y@Billy Worswick      @RHP     @6'0  @194  @Glen Ridge                              @
Luis Hidalgo@24@16@Y@Luis Hidalgo        @SS/RHP  @6'2  @195  @Ridgewood                               @
Tim Carney  @25@08@Y@Tim Carney          @1B      @5'10 @205  @Brick Twp                               @
Joe Purcaro @26@08@Y@Joe Purcaro         @RHP     @6'5  @215  @Howell                                  @
Mike Scagnel@27@08@Y@Mike Scagnelli      @3B      @5'10 @205  @Ocean Twp                               @
Justin Morga@28@09@Y@Justin Morgan       @3B      @5'11 @190  @Manasquan                               @
Matthew Jama@29@08@Y@Matthew Jamandron   @C       @5'9  @207  @Matawan                                 @
Aaron McCue @30@08@Y@Aaron McCue         @RHP     @6'0  @203  @Long Branch                             @
Ryan Kussmau@31@16@Y@Ryan Kussmaul       @RHP     @6'1  @190  @Ocean Twp                               @
Casey Cranme@32@08@Y@Casey Cranmer       @RHP     @6'2  @180  @Toms River                              @
Tommy Giunta@33@19@Y@Tommy Giunta        @LHP     @5'10 @189  @Marlboro                                @
Nick Panduri@34@08@Y@Nick Panduri        @RHP     @5'10 @195  @Ocean Twp                               @
Justin Harne@40@08@Y@Justin Harnett      @RHP     @5'9  @200  @Matawan                                 @
Mike Meola  @42@08@Y@Mike Meola          @RHP     @6'0  @200  @Union                                   @
Jon Roszel  @44@16@Y@Jon Roszel          @OF      @6'4  @230  @Manchester                              @
Mark Dramis @51@10@Y@Mark Dramis         @1B      @6'2  @205  @Howell                                  @
