Emanuel Sanc@1 @16@Y@Emanuel Sanchez     @2B      @5'4  @135  @Catano, PR                              @
Dalton Parks@2 @16@Y@Dalton Parks        @OF      @5'8  @140  @West Valley City, UT                    @
Dakota Thedf@3 @08@Y@Dakota Thedford     @INF/OF  @5'3  @150  @Colmesneil, TX                          @
Bently Corpo@4 @16@Y@Bently Corporan     @SS      @5'10 @160  @Lowell, MA                              @
Fransciso He@5 @16@Y@Fransciso Herrera   @OF      @5'10 @180  @Denver, CO                              @
Kelvin Guzma@6 @08@Y@Kelvin Guzman       @C       @5'11 @160  @Corona, NY                              @
Robert James@7 @08@Y@Robert James        @RHP     @6'1  @170  @Salina, KS                              @
Brandon Shel@8 @08@Y@Brandon Shelton     @INF/C   @5'6  @150  @Wichita, KS                             @
Aurelio Ruiz@9 @16@Y@Aurelio Ruiz        @INF     @5'11 @175  @Denver, CO                              @
Christian Ne@10@16@Y@Christian Newell    @RHP     @6'2  @160  @Clay Center, KS                         @
Brandy Shuma@11@08@Y@Brandy Shumate      @RHP     @6'3  @170  @Minneola, KS                            @
Kevin Dasenb@12@08@Y@Kevin Dasenbrock    @OF/RHP  @6'0  @170  @Lakin, KS                               @
Joseph Oyola@13@08@Y@Joseph Oyola        @OF      @5'9  @180  @Toa Baja, PR                            @
Zach Legleit@14@08@Y@Zach Legleiter      @3B/OF   @6'2  @195  @Hays, KS                                @
Logan Pool  @15@08@Y@Logan Pool          @1B      @5'10 @165  @Wichita, KS                             @
Freddy Nevar@16@08@Y@Freddy Nevarez      @INF     @5'8  @155  @Salina, KS                              @
Isiah Herron@17@19@Y@Isiah Herron        @LHP     @6'3  @175  @Kansas City, MO                         @
Aaron Woods @18@08@Y@Aaron Woods         @RHP     @6'0  @165  @Pineland, TX                            @
Max Biskey  @19@11@Y@Max Biskey          @LHP     @5'9  @170  @Chatham, ON                             @
Jamie Cronin@20@08@Y@Jamie Cronin        @RHP     @6'1  @160  @Houston, TX                             @
Blaise LeBla@21@08@Y@Blaise LeBlanc      @OF      @5'9  @185  @Lafayette, LA                           @
Alex Chavez @22@16@Y@Alex Chavez         @C       @5'11 @210  @Denver, CO                              @
Tanner Bouch@24@08@Y@Tanner Boucher      @INF     @5'11 @160  @Eskridge, KS                            @
Caleb Edward@25@08@Y@Caleb Edwards       @3B/1B   @6'1  @200  @Clever, MO                              @
Darren Haver@26@10@Y@Darren Haverty      @LHP     @5'8  @180  @Nubeiber, CA                            @
Alex Marquar@27@16@Y@Alex Marquardt      @RHP     @6'1  @240  @Winchester, CA                          @
Thomas Donog@29@11@Y@Thomas Donoghue     @LHP     @5'10 @185  @Mason, OH                               @
Colin Singer@30@08@Y@Colin Singer        @INF     @5'8  @195  @Arvada, CO                              @
Ben Suenram @31@16@Y@Ben Suenram         @1B/3B   @6'4  @210  @Salina, KS                              @
Tyler Robert@32@08@Y@Tyler Roberts       @RHP/C   @6'0  @235  @Augusta, KS                             @
Enrique Muri@34@16@Y@Enrique Murillo     @3B/1B   @6'2  @240  @Whittier, CA                            @
Trey James  @35@11@Y@Trey James          @LHP     @6'3  @280  @Derby, KS                               @
