Alex Roberts@2 @12@Y@Alex Roberts        @OF      @5-11 @175  @Boynton Beach, Fla.                     @
Tyler Fichte@3 @11@Y@Tyler Fichter       @OF      @5-7  @160  @Davie, Fla.                             @
Ronnie Healy@6 @09@Y@Ronnie Healy        @C/P     @6-0  @200  @Plantation, Fla.                        @
Austin Langh@7 @08@Y@Austin Langham      @INF     @5-11 @182  @Naples, Fla.                            @
Brandon Cook@8 @16@Y@Brandon Cook        @P       @5-11 @190  @Jacksonville, Fla.                      @
Chucky Vazqu@9 @16@Y@Chucky Vazquez      @C       @6-2  @215  @Plantation, Fla.                        @
Rey Ordonez @10@08@Y@Rey Ordonez         @UTL     @6-3  @195  @Doral, Fla.                             @
Daniel Garme@11@08@Y@Daniel Garmendia    @P       @6-3  @200  @Miami, Fla.                             @
Sly Edwards @12@16@Y@Sly Edwards         @OF      @5-10 @174  @Miami Lakes, Fla.                       @
Carlos Garme@13@16@Y@Carlos Garmendia    @INF     @6-1  @200  @Miami, Fla.                             @
Alex Seibold@14@16@Y@Alex Seibold        @P       @6-4  @215  @Lauderhill, Fla.                        @
Michael Agis@15@08@Y@Michael Agis        @P       @5-10 @175  @San Antonio, Texas                      @
Jorge Marrer@16@16@Y@Jorge Marrero       @P       @6-1  @180  @Pembroke Pines, Fla.                    @
Brandon Diaz@17@19@Y@Brandon Diaz        @P       @6-0  @203  @Pembroke Pines, Fla.                    @
Chris Walker@19@16@Y@Chris Walkerow      @P       @6-3  @225  @Pompano Beach, Fla.                     @
Kyle Vesnesk@20@08@Y@Kyle Vesnesky       @INF     @5-11 @150  @Lake Park, Fla.                         @
Justin Cummi@21@20@Y@Justin Cummings     @OF      @6-3  @170  @Lawtey, Fla.                            @
Daniel Dopic@22@16@Y@Daniel Dopico       @P       @6-2  @185  @Miami, Fla.                             @
Jordan Jacks@23@08@Y@Jordan Jackson      @C/INF   @6-2  @200  @Naples, Fla.                            @
Jaime Pozo  @24@16@Y@Jaime Pozo          @P       @5-10 @160  @Miami, Fla.                             @
Jose Suarez @25@08@Y@Jose Suarez         @INF     @5-11 @195  @Miami, Fla.                             @
Ryan Guerra @27@08@Y@Ryan Guerra         @P       @5-11 @225  @Miami, Fla.                             @
Alvie James @29@08@Y@Alvie James         @OF      @6-2  @210  @Hollywood, Fla.                         @
Jimmy Wright@30@19@Y@Jimmy Wright        @P       @6-3  @205  @Fort Lauderdale, Fla.                   @
Robert Canci@32@11@Y@Robert Cancio       @UTL     @6-2  @195  @Miami, Fla.                             @
Lorenzo Papa@33@16@Y@Lorenzo Papa        @INF     @6-4  @220  @Stoneham, Mass.                         @
