Cole Jossely@3 @08@Y@Cole Josselyn       @IF      @     @     @                                        @
Ryan Maksim @4 @17@Y@Ryan Maksim         @IF      @     @     @                                        @
Addison Futr@5 @08@Y@Addison Futrell     @IF      @     @     @                                        @
Will Odom   @6 @08@Y@Will Odom           @IF      @     @     @                                        @
Shawn Single@7 @16@Y@Shawn Singletary    @RHP     @     @     @                                        @
Bay Wright  @8 @08@Y@Bay Wright          @C/IF    @     @     @                                        @
TJ Brown    @9 @16@Y@TJ Brown            @C       @     @     @                                        @
Casey Fries @10@16@Y@Casey Fries         @IF/OF   @     @     @                                        @
Bradford Lai@11@08@Y@Bradford Lail       @OF      @     @     @                                        @
Willie McRae@12@08@Y@Willie McRae        @OF      @     @     @                                        @
Jimmy Boyd  @13@16@Y@Jimmy Boyd          @OF/RHP  @     @     @                                        @
Hunter Abshe@14@16@Y@Hunter Absher       @RHP     @     @     @                                        @
Andrew Knigh@15@08@Y@Andrew Knight       @C       @     @     @                                        @
Palmer Rice @16@10@Y@Palmer Rice         @OF/LHP  @     @     @                                        @
Jordan Whita@17@10@Y@Jordan Whitaker     @LHP     @     @     @                                        @
Ben Morris  @18@16@Y@Ben Morris          @OF      @     @     @                                        @
Nick Debo   @20@08@Y@Nick Debo           @OF/1B   @     @     @                                        @
Chase Gehrin@21@08@Y@Chase Gehringer     @1B      @     @     @                                        @
Alex Ministe@22@19@Y@Alex Ministeri      @LHP     @     @     @                                        @
Jordan Cummi@24@16@Y@Jordan Cummings     @RHP     @     @     @                                        @
Ben Kerner  @25@08@Y@Ben Kerner          @RHP     @     @     @                                        @
Allen Grullo@27@08@Y@Allen Grullon       @IF      @     @     @                                        @
Chase Goldbe@28@08@Y@Chase Goldberg      @IF      @     @     @                                        @
Patrick Grah@29@16@Y@Patrick Graham      @1B      @     @     @                                        @
Dylan Reed  @30@08@Y@Dylan Reed          @RHP     @     @     @                                        @
Andrew Chomi@33@08@Y@Andrew Chomiczewski @C/1B    @     @     @                                        @
Cameron Guyt@37@10@Y@Cameron Guyton      @LHP     @     @     @                                        @
Josh Walker @39@08@Y@Josh Walker         @RHP/IF  @     @     @                                        @
