Gilberto Seg@2 @08@Y@Gilberto Seguara    @2B, SS  @     @     @Philadelphia, PA                        @
Kyle Tepper @3 @08@Y@Kyle Tepper         @OF      @     @     @Levittown, PA                           @
Sean Horton @4 @08@Y@Sean Horton         @C       @     @     @Levittown, PA                           @
Brandon Tepp@5 @08@Y@Brandon Tepper      @SS, P   @     @     @Levittown, PA                           @
Richard Ciar@6 @08@Y@Richard Ciarlante   @P, 3B   @     @     @Furlong, PA                             @
Drew Sica   @7 @16@Y@Drew Sica           @OF, 2B  @     @     @Yardley, PA                             @
Ari Becker  @9 @08@Y@Ari Becker          @OF      @     @     @Huntington Valley, PA                   @
Nicholas Hel@11@08@Y@Nicholas Heller     @P, 3B   @     @     @Doylestown, PA                          @
Joseph Monag@12@08@Y@Joseph Monaghan     @1B, OF  @     @     @Doylestown, PA                          @
Kevin Ross  @14@08@Y@Kevin Ross          @OF      @     @     @Chalfont, PA                            @
Joshua Alvar@16@08@Y@Joshua Alvarez      @OF      @     @     @Langhorne, PA                           @
Ethan Dougla@17@08@Y@Ethan Douglas       @3B, C   @     @     @Telford, PA                             @
Tyler Mager @20@16@Y@Tyler Mager         @P, OF   @     @     @Chalfont, PA                            @
