Jordan Knox @1 @16@Y@Jordan Knox         @OF      @5-10 @185  @Wichita, KS                             @
Zach Baker  @2 @08@Y@Zach Baker          @MIF     @6-0  @170  @Andover, KS                             @
Ty Redington@3 @08@Y@Ty Redington        @C/MIF   @6-2  @175  @Derby, KS                               @
Jake Huscrof@4 @08@Y@Jake Huscroft       @MIF     @5-10 @175  @Omaha, NE                               @
Trever Ezell@6 @16@Y@Trever Ezell        @RHP/CIF @6-1  @165  @Elgin, OK                               @
Cameron Knig@7 @08@Y@Cameron Knight      @C       @6-0  @185  @Oklahoma City, OK                       @
Brennan Walk@8 @16@Y@Brennan Walker      @RHP     @5-8  @150  @Oklahoma City, KS                       @
Michael Ceru@9 @17@Y@Michael Cerullo     @C/IF    @6-1  @210  @Highlands Ranch, CO                     @
Grant Hamilt@10@16@Y@Grant Hamilton      @RHP     @6-0  @170  @Oklahoma City, OK                       @
Michael Bird@11@16@Y@Michael Bird        @IF      @5-9  @180  @Peck, KS                                @
Kyle Macy   @12@08@Y@Kyle Macy           @RHP/MIF @5-10 @155  @El Dorado, KS                           @
Cade Wager  @13@11@Y@Cade Wager          @LHP     @6-1  @150  @Canton, TX                              @
Evan Koehler@14@19@Y@Evan Koehler        @1B      @6-0  @200  @Wichita, KS                             @
Dalton Wheat@15@17@Y@Dalton Wheat        @OF      @6-2  @160  @Augusta, KS                             @
Carson Corff@16@19@Y@Carson Corff        @LHP/OF  @6-3  @225  @Leedey, OK                              @
Eliot King  @17@08@Y@Eliot King          @RHP     @6-7  @205  @Oklahoma City, OK                       @
Austin Dubsk@18@08@Y@Austin Dubsky       @RHP     @6-3  @165  @Omaha, NE                               @
Gibson Russ @19@11@Y@Gibson Russ         @LHP     @6-3  @200  @Grove, OK                               @
Max Chadsey @20@16@Y@Max Chadsey         @RHP     @6-2  @205  @Chilliwack, BC                          @
Alex Weiss  @21@08@Y@Alex Weiss          @MIF     @6-1  @175  @Wellington, KS                          @
Logan Beard @22@16@Y@Logan Beard         @OF      @5-9  @170  @Udall, KS                               @
Jeff Christe@24@08@Y@Jeff Christen       @MIF/C   @6-0  @170  @St. Mary's, KS                          @
Kyle Vogt   @25@16@Y@Kyle Vogt           @RHP     @6-3  @190  @El Dorado, KS                           @
Garrett Whit@26@16@Y@Garrett White       @C/OF    @5-10 @180  @El Dorado, KS                           @
Shane Bridge@28@17@Y@Shane Bridges       @OF      @5-9  @155  @Sand Springs, OK                        @
Greg Houser @29@19@Y@Greg Houser         @LHP     @6-6  @225  @Omaha, NE                               @
Miguel Vasqu@31@08@Y@Miguel Vasquez      @RHP     @5-10 @190  @Wichita, KS                             @
Jackson Rolf@32@16@Y@Jackson Rolfs       @RHP     @6-3  @210  @Salina, KS                              @
Brady Holcom@33@08@Y@Brady Holcomb       @RHP/CIF @6-1  @225  @Chandler, OK                            @
