Rigoberto Al@1 @16@Y@Rigoberto Alvarez   @INF     @5-5  @150  @Philadelphia, PA                        @
Nicholas Rut@2 @08@Y@Nicholas Rutter     @OF/INF  @5-6  @160  @Woodbury Hts, NJ                        @
Peter Piccol@3 @08@Y@Peter Piccoli       @INF     @5-9  @150  @Philadelphia, PA                        @
William Nune@4 @08@Y@William Nunez       @INF     @5-11 @159  @Camden, NJ                              @
Noel Rosario@7 @08@Y@Noel Rosario        @INF/OF  @5-11 @170  @Camden, NJ                              @
Nazareno Reg@8 @16@Y@Nazareno Regalbuto  @P       @5-10 @170  @Washington Twp., NJ                     @
Nicholas Def@9 @20@Y@Nicholas Defrank    @INF/P   @5-8  @165  @Mullica Hill, NJ                        @
Ryan Weaver @10@08@Y@Ryan Weaver         @C       @5-10 @160  @Mt. Laurel, NJ                          @
Cory Kreamer@11@08@Y@Cory Kreamer        @OF      @5-11 @188  @Philadelphia, PA                        @
Nathaniel Co@12@16@Y@Nathaniel Coronado  @INF     @6-3  @210  @Philadelphia, PA                        @
Nelson Coron@13@08@Y@Nelson Coronado     @3B      @6'2  @220  @Philadelphia, P.A.                      @
Christopher @14@18@Y@Christopher Fehr    @P       @6-0  @185  @Mt. Ephraim, NJ                         @
Esterlin Lag@15@16@Y@Esterlin Lagual     @INF     @5-10 @180  @Cherry Hill, NJ                         @
Daniel Reese@16@08@Y@Daniel Reese        @P       @6-0  @185  @Laurel Springs, NJ                      @
Brett Mealey@18@16@Y@Brett Mealey        @P/INF   @5-9  @160  @Stratford, NJ                           @
Kevin Cardin@19@08@Y@Kevin Cardinales-San@OF/P    @6-2  @190  @Coamo, PR                               @
Janiel Diez @20@08@Y@Janiel Diez         @INF     @5-0  @195  @Providence, RI                          @
Dennis O'Rei@21@16@Y@Dennis O'Reilly     @INF/OF  @5-10 @165  @Cherry Hill, NJ                         @
Francis DiRu@22@08@Y@Francis DiRubbo     @P       @6-3  @260  @Voorhees, NJ                            @
Garrett Crai@23@16@Y@Garrett Craig       @P       @6-0  @180  @Franklinville, NJ                       @
Joseph Innau@24@08@Y@Joseph Innaurato    @OF      @5-10 @160  @Sewell, NJ                              @
Ryan McCuin @25@16@Y@Ryan McCuin         @P       @5-10 @240  @Cherry Hill, NJ                         @
Zachary Lang@28@08@Y@Zachary Lang        @P       @6-4  @185  @Cherry Hill, NJ                         @
Ethan Mesey @29@08@Y@Ethan Mesey         @P       @5-10 @225  @Marlton, NJ                             @
