Micah Crensh@1 @16@Y@Micah Crenshaw      @SS      @5'9" @175  @Red Oak, OK                             @
Carter Cumbi@2 @16@Y@Carter Cumbie       @2B      @5'10"@170  @McAlester, OK                           @
Trey Lee    @3 @20@Y@Trey Lee            @CF      @5'9" @165  @Broken Bow, OK                          @
Austin Suter@4 @19@Y@Austin Suter        @LF/LHP  @5'10"@175  @Greenwood, AR                           @
Mason Girdle@5 @08@Y@Mason Girdley       @OF      @5'10"@190  @Ada, OK                                 @
Connor Wichm@6 @16@Y@Connor Wichmann     @RHP     @6'0" @190  @Owasso, OK                              @
Colby Turnip@7 @08@Y@Colby Turnipseed    @MIF     @5'10"@170  @Wister, OK                              @
Tristan Hubl@8 @19@Y@Tristan Hubler      @LHP     @6'1" @185  @Bartlesville, OK                        @
Logan Warren@9 @08@Y@Logan Warren        @OF      @5'9" @165  @Wister, OK                              @
Devan Crose @10@08@Y@Devan Crose         @OF      @5'10"@170  @Red Oak, OK                             @
Scoute Warre@11@16@Y@Scoute Warren       @OF      @5'10"@185  @Wister, OK                              @
Tyler Bowden@12@08@Y@Tyler Bowden        @MIF     @5'9" @165  @Muskogee, OK                            @
Joe Ross    @13@08@Y@Joe Ross            @C       @5'8" @170  @Spiro, OK                               @
Sean Patton @14@19@Y@Sean Patton         @LHP     @5'10"@190  @Jenks, OK                               @
Blake Roley @15@16@Y@Blake Roley         @RHP     @5'10"@185  @Poteau, OK                              @
Reggie Bombe@16@16@Y@Reggie Bomberg      @RHP     @6'3" @175  @The Hague, Netherland                   @
Alexis Quino@17@16@Y@Alexis Quinones     @MIF     @6'0" @185  @Manatii, Puerto Rico                    @
Bailey Nash @18@08@Y@Bailey Nash         @RHP     @6'1" @170  @Sallisaw, OK                            @
Wyatt Dodd  @19@11@Y@Wyatt Dodd          @LHP     @6'3" @175  @Sallisaw, OK                            @
Jason Glover@21@08@Y@Jason Glover        @RHP     @6'0" @180  @Sallisaw, OK                            @
Cody Luman  @22@16@Y@Cody Luman          @3B/RHP  @6'4" @200  @Wister, OK                              @
Halen George@23@08@Y@Halen George        @3B/1B   @6'1" @205  @Broken Bow, OK                          @
Scott Brinkl@24@08@Y@Scott Brinkley      @RHP     @6'0" @180  @Tushka, OK                              @
Jordan Illis@25@16@Y@Jordan Illis        @RF      @6'2" @215  @Amsterdam, Netherland                   @
Mason Kellet@26@19@Y@Mason Kellet        @LHP     @6'2" @200  @Henryetta, OK                           @
Shawn Troutm@27@08@Y@Shawn Troutman      @RHP     @6'3" @200  @Vian, OK                                @
Caleb Callah@28@08@Y@Caleb Callahan      @1B      @6'3" @215  @Sallisaw, OK                            @
Dan Weer    @29@08@Y@Dan Weer            @C       @5'9" @210  @Vian, OK                                @
Austin Stand@30@08@Y@Austin Standridge   @1B      @6'0" @230  @Cameron, OK                             @
Keyton James@31@19@Y@Keyton Jameson      @LHP     @6'3" @195  @Crowder, OK                             @
