Jordan Perry@1 @08@Y@Jordan Perry        @IF      @6-0  @185  @Knoxville, IL                           @
Brandon Smit@2 @10@Y@Brandon Smith       @OF      @5-11 @170  @Imperial, MO                            @
Michael Juds@3 @08@Y@Michael Judson      @IF      @6-1  @175  @Maryland Heights, MO                    @
Lucas Giertz@4 @16@Y@Lucas Giertz        @P/C     @5-9  @180  @Biggsville, IL                          @
Derek Raterm@5 @12@Y@Derek Ratermann     @OF/P    @6-0  @180  @Knoxville, IL                           @
Derek Raterm@7 @12@Y@Derek Ratermann     @OF/P    @6-0  @180  @Knoxville, IL                           @
Richie Boatm@8 @08@Y@Richie Boatman      @P       @6-0  @180  @Troy, IL                                @
Tyler Inselm@9 @08@Y@Tyler Inselmann     @IF      @5-9  @145  @Delavan, IL                             @
Brad Moody  @10@16@Y@Brad Moody          @P/IF    @6-0  @185  @Chatsworth, IL                          @
Adam Staggs @11@08@Y@Adam Staggs         @UT/P    @5-11 @185  @Farmington, IL                          @
Jeff Trokey @12@16@Y@Jeff Trokey         @6-0     @6-0  @160  @Troy, MO                                @
Tyler Johnso@16@08@Y@Tyler Johnson       @OF/P    @5-10 @170  @Abingdon, IL                            @
Connor Shaw @17@16@Y@Connor Shaw         @OF      @6-1  @165  @Moline, IL                              @
Jon Kupfert @18@16@Y@Jon Kupfert         @P       @6-2  @175  @Peoria, IL                              @
Blake Durfli@19@16@Y@Blake Durflinger    @P/1B    @6-5  @230  @Gladstone, IL                           @
Cam Wernenti@22@10@Y@Cam Wernentin       @OF/P    @6-5  @210  @Bettendorf, IA                          @
Ryan Wendt  @24@16@Y@Ryan Wendt          @1B      @6-3  @210  @Red Bud, IL                             @
Noble Hampto@25@08@Y@Noble Hampton       @SS/P    @6-1  @200  @Florissant, MO                          @
Travis Winds@26@16@Y@Travis Windsor      @C       @6-0  @190  @Cuba, IL                                @
Ryan Hickman@28@08@Y@Ryan Hickman        @1B      @5-11 @200  @Springfield, IL                         @
Dean Balleng@29@10@Y@Dean Ballenger      @1B/P    @5-11 @225  @O'Fallon, MO                            @
Zach Moss   @32@08@Y@Zach Moss           @IF/P    @6-0  @195  @Imperial, MO                            @
Brendan Burt@33@16@Y@Brendan Burtrimas   @P       @6-4  @215  @Mississauga, Ontario                    @
Ben Lauer   @35@08@Y@Ben Lauer           @P       @5-8  @205  @Springfield, IL                         @
Josh Josephs@36@16@Y@Josh Josephson      @IF      @5-8  @150  @Williamsfield, IL                       @
