Kurt Stabase@2 @16@Y@Kurt Stabasefski    @SS      @5'7  @145  @Cornelius                               @
Clay Hodges @3 @08@Y@Clay Hodges         @OF      @5'8  @150  @Denver, NC                              @
Orrin Moore @4 @08@Y@Orrin Moore         @INF     @5'4  @130  @Canton, NC                              @
Kyle Ramsey @6 @08@Y@Kyle Ramsey         @RHP     @6'1  @190  @Weaverville, NC                         @
Jacob Breakf@7 @08@Y@Jacob Breakfield    @RHP     @6'2  @190  @Bessemer City, NC                       @
Avery Sneed @8 @08@Y@Avery Sneed         @C       @5'10 @190  @Zirconia, NC                            @
Dustin Green@9 @16@Y@Dustin Green        @RHP     @5'9  @150  @Lawndale, NC                            @
Andrew Meado@10@08@Y@Andrew Meadows      @OF      @5'11 @180  @Mooresville, NC                         @
Ivan Acuna  @11@08@Y@Ivan Acuna          @INF     @5'8  @200  @Caracus, VE                             @
Bryson Bowma@12@16@Y@Bryson Bowman       @OF      @6'0  @195  @Baton, NC                               @
Dustin Batso@13@16@Y@Dustin Batson       @RHP     @6'2  @200  @Pisgah Forest, NC                       @
Phillip Blac@14@08@Y@Phillip Black       @RHP     @6'1  @190  @Shelby, NC                              @
Trip Dunn   @15@08@Y@Trip Dunn           @C       @6'1  @210  @Greensboro, NC                          @
Alex Embler @16@16@Y@Alex Embler         @RHP     @6'1  @160  @Greensboro, NC                          @
Chase Poplin@17@08@Y@Chase Poplin        @INF     @6'0  @175  @Norwood, NC                             @
Danny Sulliv@18@08@Y@Danny Sullivan      @3B      @6'3  @188  @Denver, NC                              @
Shane Denton@19@11@Y@Shane Denton        @LHP     @5'11 @180  @Denver, NC                              @
Thomas Wadde@20@08@Y@Thomas Waddell      @OF      @5'9  @210  @Zircinia, NC                            @
Joey Royko  @21@16@Y@Joey Royko          @RHP     @6'1  @170  @Denver, NC                              @
Stefan Susi @22@16@Y@Stefan Susi         @C/3B    @5'9  @195  @Wilkesboro, NC                          @
Jacob Hoover@23@08@Y@Jacob Hoover        @OF      @5'9  @185  @Lincolnton, NC                          @
Justin Norto@24@08@Y@Justin Norton       @RHP     @6'1  @175  @Denver, NC                              @
Alex Minton @25@08@Y@Alex Minton         @C       @6'2  @235  @Wilkesboro, NC                          @
Roby Holmes @26@08@Y@Roby Holmes         @OF      @5'10 @175  @Rockwell, NC                            @
Lou Matarazz@27@08@Y@Lou Matarazzo       @INF     @6'3  @235  @Rockville, NY                           @
Josh Bottenf@28@08@Y@Josh Bottenfield    @RHP     @6'2  @155  @Concord, NC                             @
Dallas Conne@29@16@Y@Dallas Conner       @RHP     @6'0  @215  @Kings Mountain, NC                      @
Landon Frale@30@11@Y@Landon Fraley       @LHP     @6'2  @200  @Norwood, NC                             @
Brandyn Nort@31@08@Y@Brandyn Norton      @RHP     @6'3  @170  @Asheville, NC                           @
Dalton Shaw @32@11@Y@Dalton Shaw         @Lhp     @6    @165  @Charlotte,nc                            @
Patrick Laga@33@16@Y@Patrick Laganke     @Rhp     @6'2" @180  @Raleigh,nc                              @
Colby Dishmo@34@16@Y@Colby Dishmond      @C/P     @6'3  @220  @Statesville, NC                         @
Nick Horning@35@08@Y@Nick Horning        @RHP     @6'0  @175  @Granite Falls, NC                       @
Hunter King @36@16@Y@Hunter King         @RHP     @6'0  @230  @Hickory, NC                             @
Skyler Stric@37@08@Y@Skyler Strickland   @OF      @6'5  @195  @Garner, NC                              @
Ryan Smith  @38@16@Y@Ryan Smith          @1B      @6'0  @220  @Indian Trail, NC                        @
Gavin Huffma@40@08@Y@Gavin Huffman       @RHP     @6'8  @295  @Hickory, NC                             @
