Brent Huber @2 @08@Y@Brent Huber         @RHP     @6' 2"@194  @Aloma H.S.                              @
Xavier Barri@3 @16@Y@Xavier Barriere     @2B/3B   @5' 8"@175  @South Miami H.S.                        @
Robert Goodr@4 @16@Y@Robert Goodroe      @RHP     @5' 9"@150  @Paxon H.S.                              @
Brandon Hart@5 @18@Y@Brandon Hartman     @LHP/OF  @5' 11@170  @Sparrows Point H.S.                     @
John Manser @6 @08@Y@John Manser         @RHP     @5' 11@150  @Patterson Mill H.S.                     @
Rick Warble @7 @08@Y@Rick Warble         @SS      @5' 9"@175  @Archbishop Curley                       @
Brandon Urru@8 @08@Y@Brandon Urrutia     @OF      @6' 0"@170  @Washington Lee H.S.                     @
Shawn Pass  @9 @08@Y@Shawn Pass          @RHP/OF  @6' 2"@190  @Perry Hall H.S.                         @
William Youn@10@16@Y@William Youngblood  @SS/1B   @5' 8"@140  @Loyola Bakersfield                      @
Ryan Irwin  @11@08@Y@Ryan Irwin          @1B      @5' 9"@195  @Archbishop Curley H.S.                  @
Rob Blizzard@13@08@Y@Rob Blizzard        @C       @5' 9"@165  @Friends School                          @
Kodl Beckwit@15@16@Y@Kodl Beckwith       @OF      @6' 0"@180  @Perry Hall H.S.                         @
Andrew Shinn@18@16@Y@Andrew Shinnick     @C       @5' 11@185  @Archbishop Curley                       @
Juilian Bilo@19@16@Y@Juilian Bilodeau    @OF      @6' 0"@178  @Holy Cross H.S.                         @
Matt Biscoe @20@08@Y@Matt Biscoe         @RHP     @5' 10@160  @Mount Carmel H.S.                       @
Tyler Gorsuc@21@16@Y@Tyler Gorsuch       @RHP/OF  @6' 0"@170  @Perry Hall H.S.                         @
Cornelius Bo@22@08@Y@Cornelius Boykins   @OF      @6' 0"@145  @St. Francis Academy                     @
Brandon Hove@23@08@Y@Brandon Hovel       @RHP/UT  @5' 9"@175  @Kenwood                                 @
Vanard Willi@24@08@Y@Vanard Williams     @1B      @5' 9"@230  @Cocoa H.S.                              @
Joe Boling  @44@08@Y@Joe Boling          @RHP/3B  @5' 8"@245  @Archbishop Curley                       @
