James Weber @2 @08@Y@James Weber         @OF / P  @5' 8 @155  @West Mifflin, PA                        @
Justin Spade@3 @16@Y@Justin Spade        @OF / P  @5' 10@160  @West Mifflin, PA                        @
Daniel McLau@4 @11@Y@Daniel McLaughlin   @OF / C  @     @     @Tidoute, PA                             @
Sean Lyons  @6 @16@Y@Sean Lyons          @OF / P  @6' 2 @175  @Munhall, PA                             @
Miles Gibson@7 @19@Y@Miles Gibson        @1B / P  @     @     @Pittsburgh, PA                          @
Alexander Ri@8 @19@Y@Alexander Riley     @OF      @5' 9 @160  @Pittsburgh, PA                          @
Brandon Etzl@11@08@Y@Brandon Etzler      @2B / P  @5' 10@185  @Hanover, PA                             @
Anthony Colo@12@08@Y@Anthony Colondrea   @SS      @6' 1 @202  @Pittsburgh, PA                          @
Shawn Dorsek@14@12@Y@Shawn Dorsek        @OF      @6' 1 @190  @McKees Rocks, PA                        @
Ryan Robinso@18@08@Y@Ryan Robinson       @2B / P  @6' 1 @175  @Monaca, PA                              @
Adam Ziemian@21@16@Y@Adam Ziemianski     @3B / P  @6' 3 @225  @Bethel Park, PA                         @
Edgar Lopez @22@16@Y@Edgar Lopez         @C       @5' 10@192  @                                        @
