Jorge Peralt@1 @08@Y@Jorge Peralta       @OF      @5'9" @160  @Oakland, NJ                             @
Charlie O'Br@2 @16@Y@Charlie O'Brien     @C       @5'10"@170  @Elkton, MD                              @
Gary Bauer  @3 @08@Y@Gary Bauer          @INF     @5'7" @160  @Rising Sun, MD                          @
Mike Defeo  @4 @16@Y@Mike Defeo          @INF     @5'11"@180  @Wilmington, DE                          @
Wardy Polanc@5 @20@Y@Wardy Polanco       @INF     @5'11"@185  @Haverstraw, NY                          @
Brad Garrant@6 @08@Y@Brad Garrant        @OF      @5'10"@200  @Rising Sun, MD                          @
Max Emery   @7 @08@Y@Max Emery           @OF      @5'11"@180  @Newark, DE                              @
Trevor Behre@8 @09@Y@Trevor Behrent      @OF      @6'0" @195  @Catiwissa, PA                           @
Matt Murray @9 @16@Y@Matt Murray         @INF     @5'11"@180  @Nottingham, PA                          @
Izzack Albri@10@17@Y@Izzack Albright     @INF     @5'10"@175  @Birdsboro                               @
Tyler Delp  @12@08@Y@Tyler Delp          @RHP     @6'4" @205  @Oxford, PA                              @
Tyler Mikell@13@16@Y@Tyler Mikell        @OF/RHP  @6'2" @180  @Gilbertsville, PA                       @
Kyle Weller @14@08@Y@Kyle Weller         @C       @5'10"@185  @Boyertown, PA                           @
Connor Derri@15@16@Y@Connor Derrickson   @RHP     @6'3" @195  @Chincoteague, VA                        @
Pete DeLand @17@08@Y@Pete DeLand         @RHP     @6'1" @220  @Bethlehem, PA                           @
Sadiq Burkho@19@11@Y@Sadiq Burkholder    @LHP     @6'2" @210  @Hughesville, PA                         @
John Thompso@21@08@Y@John Thompson       @RHP     @6'1" @185  @Mechanicsburg, PA                       @
Seth LeFever@22@19@Y@Seth LeFever        @LHP     @6'2" @210  @Columbia, PA                            @
Sam Rogers  @23@08@Y@Sam Rogers          @RHP     @6'0" @175  @Elkton, MD                              @
Peter Pena  @24@08@Y@Peter Pena          @C       @6'5" @240  @Tarrytown, NY                           @
Kurtis Hultz@27@08@Y@Kurtis Hultz        @RHP     @6'2" @190  @Birdboro, PA                            @
Junior Bauti@28@08@Y@Junior Bautista     @OF      @6'1" @215  @Christiana, DE                          @
Tyler Schimt@29@19@Y@Tyler Schimtt       @LHP     @6'3" @195  @Gap, PA                                 @
Justin Hecke@30@08@Y@Justin Heckert      @RHP     @6'4" @215  @Camp Hill, PA                           @
Chris Moran @31@19@Y@Chris Moran         @LHP     @6'6" @170  @Killingworth, CT                        @
Brian Cherri@33@18@Y@Brian Cherrington   @LHP     @6'1" @190  @Lancaster, PA                           @
Chris Dohert@35@17@Y@Chris Doherty       @OF      @6'3" @220  @Bear, DE                                @
Oscar Ogando@36@16@Y@Oscar Ogando        @RHP     @5'11"@205  @Elkton, MD                              @
Paxton Smith@37@11@Y@Paxton Smith        @LHP     @6'1" @180  @Camp Hill, PA                           @
Matt Armour @39@16@Y@Matt Armour         @INF     @6'2" @275  @Elkton, MD                              @
