Brandon Kiel@1 @17@Y@Brandon Kiel        @P/IF    @     @     @                                        @
Travis Linn @2 @08@Y@Travis Linn         @P/IF    @     @     @                                        @
Travis Peter@3 @08@Y@Travis Peterson     @P/IF/OF @     @     @                                        @
Brad Meyer  @4 @08@Y@Brad Meyer          @P/IF    @     @     @                                        @
Alex Galvan @5 @08@Y@Alex Galvan         @P/OF    @     @     @                                        @
Steve Hoff  @6 @16@Y@Steve Hoff          @P/IF    @     @     @                                        @
Andrew Leonh@9 @08@Y@Andrew Leonhardt    @P/IF    @     @     @                                        @
Elston Rymer@12@08@Y@Elston Rymer        @IF/OF   @     @     @                                        @
David Bialka@13@16@Y@David Bialka        @P/C     @     @     @                                        @
Russell Burg@16@16@Y@Russell Burgoyne    @IF/OF   @     @     @                                        @
Tyler Reverm@22@08@Y@Tyler Revermann     @IF      @     @     @                                        @
Trevor Sawye@23@08@Y@Trevor Sawyer       @C/OF    @     @     @                                        @
Hunter Lesli@24@08@Y@Hunter Leslie       @IF      @     @     @                                        @
Brett Jenkin@27@16@Y@Brett Jenkins       @P/IF    @     @     @                                        @
