Jalin Lawson@2 @16@Y@Jalin Lawson        @SS/ 2B  @     @     @Troy, AL                                @
Ryan Raspino@4 @16@Y@Ryan Raspino        @SS      @     @     @Vestavia Hills, AL                      @
Ryan Smith  @5 @16@Y@Ryan Smith          @OF/ 2B  @     @     @Vestavia Hills, AL                      @
Chase Domino@6 @16@Y@Chase Domino        @OF      @     @     @Fairhope, AL                            @
Chandler Guy@7 @17@Y@Chandler Guy        @OF      @     @     @Beauregard, AL                          @
A.J. Reynold@8 @16@Y@A.J. Reynolds       @2B      @     @     @Prattville, AL                          @
Hayden Forbu@10@08@Y@Hayden Forbus       @RHP     @     @     @Alexander City, AL                      @
Derek Deates@11@16@Y@Derek Deates        @RHP     @     @     @Prattville, AL                          @
Shaun Smirno@12@19@Y@Shaun Smirnoff      @LHP     @     @     @Eclectic, AL                            @
Gabe Dees   @13@16@Y@Gabe Dees           @RHP     @     @     @Franklin, AL                            @
Cody Kremer @14@16@Y@Cody Kremer         @RHP     @     @     @Adairsville, GA                         @
Rod Owens   @15@08@Y@Rod Owens           @OF      @     @     @Montgomery, AL                          @
Jack Folmar @17@08@Y@Jack Folmar         @OF      @     @     @Auburn, AL                              @
Matt Norton @18@16@Y@Matt Norton         @RHP     @     @     @Muscadine, AL                           @
Ethan Hunt  @19@16@Y@Ethan Hunt          @RHP     @     @     @Fairhope, AL                            @
Wilson Adams@20@16@Y@Wilson Adams        @RHP     @     @     @Montgomery, AL                          @
Will Davis  @21@17@Y@Will Davis          @OF      @     @     @Oxford, AL                              @
Kyler Deese @22@09@Y@Kyler Deese         @C/ INF  @     @     @Auburn, AL                              @
Jess Smith  @24@16@Y@Jess Smith          @C       @     @     @Fort Payne, AL                          @
Tripp Whatle@25@16@Y@Tripp Whatley       @3B      @     @     @Montgomery, AL                          @
John Michael@26@16@Y@John Michael Knighto@RHP     @     @     @Jasper, AL                              @
Nick Griggs @27@09@Y@Nick Griggs         @OF      @     @     @Phenix City, AL                         @
Spencer Ivey@28@08@Y@Spencer Ivey        @3B      @     @     @Skipperville, AL                        @
Zach Mayhew @30@16@Y@Zach Mayhew         @C/ RHP  @     @     @Montgomery, AL                          @
Alex Lee    @32@17@Y@Alex Lee            @1B/ RHP @     @     @Heflin, AL                              @
Hunter Skipp@34@11@Y@Hunter Skipper      @LHP/ 1B @     @     @Rehobeth, AL                            @
