Spencer Appl@1 @16@Y@Spencer Applebach   @RHP     @     @     @                                        @
Kyle Campbel@2 @08@Y@Kyle Campbell       @C       @     @     @                                        @
Angel Guerre@3 @08@Y@Angel Guerrero      @INF     @     @     @                                        @
Jake Dunn   @4 @11@Y@Jake Dunn           @LHP     @     @     @                                        @
Cooper Burto@5 @09@Y@Cooper Burton       @OF      @     @     @                                        @
Wyatt Pattys@6 @08@Y@Wyatt Pattyson      @INF     @     @     @                                        @
Nelson Quark@7 @16@Y@Nelson Quark        @RHP     @     @     @                                        @
Jordan Peter@8 @16@Y@Jordan Peterson     @OF      @     @     @                                        @
James Ziegle@9 @11@Y@James Ziegler       @UT      @     @     @                                        @
Anthony Davi@10@08@Y@Anthony Davison     @INF     @     @     @                                        @
Omar Porras @11@16@Y@Omar Porras         @RHP     @     @     @                                        @
Jon Ferrende@12@16@Y@Jon Ferrendelli     @OF/RHP  @     @     @                                        @
Parker Galle@13@16@Y@Parker Gallegos     @RHP     @     @     @                                        @
Austin Lunde@14@11@Y@Austin Lundeen      @UT/LHP  @     @     @                                        @
Tyler Boxwel@15@17@Y@Tyler Boxwell       @C       @     @     @                                        @
Doug Clapper@16@08@Y@Doug Clapperton     @OF      @     @     @                                        @
Tanner Herdt@17@08@Y@Tanner Herdt        @RHP     @     @     @                                        @
Alex Lambers@18@11@Y@Alex Lamberson      @LHP     @     @     @                                        @
Erick Quesad@19@16@Y@Erick Quesada       @OF      @     @     @                                        @
David Carr  @20@16@Y@David Carr          @RHP     @     @     @                                        @
Charles Bahn@22@19@Y@Charles Bahn        @LHP     @     @     @                                        @
Chris Gammon@23@16@Y@Chris Gammon        @RHP     @     @     @                                        @
Austin Hoffm@24@16@Y@Austin Hoffman      @INF/RHP @     @     @                                        @
Nick Story  @25@08@Y@Nick Story          @OF/LHP  @     @     @                                        @
Colton Rice @27@11@Y@Colton Rice         @UT      @     @     @                                        @
Gerhig Hudso@28@08@Y@Gerhig Hudson       @RHP     @     @     @                                        @
Conner Kelly@29@16@Y@Conner Kelly        @RHP     @     @     @                                        @
Travis Goodw@30@08@Y@Travis Goodwin      @INF     @     @     @                                        @
Taylor Sande@31@16@Y@Taylor Sanders      @C       @     @     @                                        @
Dominic Foti@32@08@Y@Dominic Fotino      @C       @     @     @                                        @
Sean Dannenb@33@08@Y@Sean Dannenbaum     @RHP     @     @     @                                        @
Jorge Jimeni@34@08@Y@Jorge Jimeniez      @INF     @     @     @                                        @
Mike Marshal@35@16@Y@Mike Marshall       @RHP     @     @     @                                        @
