Chris Cuzzor@1 @08@Y@Chris Cuzzort       @2B      @5'10"@145  @Cartersville, GA                        @
Tre Lawrence@2 @11@Y@Tre Lawrence        @OF      @5'9" @150  @Atlanta, GA                             @
Alec Meadows@3 @08@Y@Alec Meadows        @OF      @5'8" @170  @Gallatin, TN                            @
Brandon Day @5 @16@Y@Brandon Day         @2B      @5'9" @170  @Nease, FL                               @
Stefan Remus@6 @08@Y@Stefan Remus        @Pitcher @5'11"@170  @Nashville, TN                           @
Jerad Wilson@7 @16@Y@Jerad Wilson        @OF      @5'8" @178  @                                        @
Ben Young   @8 @09@Y@Ben Young           @OF      @5'11"@175  @                                        @
Andy Clay   @9 @08@Y@Andy Clay           @3B / Pit@5'8" @165  @Loganville, GA                          @
Chaz Vesser @10@16@Y@Chaz Vesser         @Catcher @5'11"@188  @Alcoa, TN                               @
Tyler Hendle@11@17@Y@Tyler Hendley       @Shortsto@6'1" @195  @Durant, OK                              @
Ryan Whitt  @12@16@Y@Ryan Whitt          @OF      @6'0" @190  @Brentwood, TN                           @
Tyler Troutt@13@19@Y@Tyler Troutt        @Pitcher @6'2" @192  @Alcoa, TN                               @
Daniel Raby @14@08@Y@Daniel Raby         @Pitcher @6'0" @200  @Maryville, TN                           @
Alex Brown  @15@08@Y@Alex Brown          @Catcher @5'9" @180  @                                        @
Collin Phill@16@08@Y@Collin Phillips     @Pitcher @6'2" @168  @Waverly, TN                             @
Colt Henders@17@08@Y@Colt Henderson      @OF      @6'0" @190  @Gilmer, GA                              @
Michael Goss@18@08@Y@Michael Goss        @1B      @6'1" @195  @Cartersville, GA                        @
Sheldon Brog@21@08@Y@Sheldon Brogden     @OF      @6'2" @200  @Chattanooga, TN                         @
John Flading@22@09@Y@John Flading        @3B      @6'0" @185  @Atlanta, GA                             @
Brennan Swin@23@11@Y@Brennan Swindoll    @Pitcher @6'4" @205  @Nashville, TN                           @
Lane Bloom  @25@08@Y@Lane Bloom          @Catcher @6'2" @200  @Maryville, TN                           @
Jean Paul Ro@26@08@Y@Jean Paul Rodriguez @Catcher @5'11"@190  @Dominican Republic                      @
Scout Plott @27@08@Y@Scout Plott         @Catcher @6'1" @190  @Dalton, GA                              @
Brandon Smit@28@08@Y@Brandon Smith       @Pitcher @6'3" @185  @Mt. Juliet, TN                          @
Clayton Maso@29@08@Y@Clayton Mason       @Pitcher @6'5" @210  @                                        @
Austin Godwi@30@08@Y@Austin Godwin       @Pitcher @6'1" @210  @Nashville, TN                           @
Zach Thompso@32@08@Y@Zach Thompson       @Pitcher @6'0" @210  @Chattanooga, TN                         @
Jay Rhoten  @33@08@Y@Jay Rhoten          @1B      @6'1" @240  @Nashville, TN                           @
