Jesse Strick@2 @08@Y@Jesse Strickland    @IN      @5'10 @165  @Gainesville, GA                         @
Taylor Lewis@3 @16@Y@Taylor Lewis        @RHP     @6'1  @170  @Claxton, GA                             @
Jacky Miles,@4 @08@Y@Jacky Miles, Jr.    @C       @6'0  @185  @Graceville, FL                          @
Bert Givens @5 @16@Y@Bert Givens         @INF     @6'2  @205  @Tallahassee, FL                         @
Cody Lanford@6 @16@Y@Cody Lanford        @MIF/OF  @6'0  @195  @Macon, GA                               @
Danny Mars  @7 @20@Y@Danny Mars          @OF      @6'0  @185  @Sarasota, FL                            @
Jo Jo Durden@9 @11@Y@Jo Jo Durden        @LHP     @6'1  @193  @Hosford, FL                             @
Kyle Moore  @10@16@Y@Kyle Moore          @OF      @5'11 @193  @Suffolk, VA                             @
Kevin Santa @11@09@Y@Kevin Santa         @MIF     @5'10 @160  @Yabucoa, PR                             @
Michael Mina@12@08@Y@Michael Minacci     @RHP     @6'1  @175  @Tallahassee, FL                         @
Chris Mosley@13@11@Y@Chris Mosley        @LHP     @6'1  @160  @Leesburg, GA                            @
Ian Rice    @14@16@Y@Ian Rice            @C       @6'1  @190  @Huntsville, AL                          @
Michael Made@15@19@Y@Michael Mader       @LHP     @6'2  @200  @Marianna, FL                            @
Taylor Mauck@17@08@Y@Taylor Mauck        @UTIL    @6'0  @165  @Tallahassee, FL                         @
Adonis Herna@18@08@Y@Adonis Hernandez    @RHP     @5'9  @180  @Keasbey, NJ                             @
Josh Merriga@20@17@Y@Josh Merrigan       @OF      @6'2  @175  @Marietta, GA                            @
Palmer Betts@21@16@Y@Palmer Betts        @RHP     @6'3  @195  @Adel, GA                                @
Chase Scott @22@16@Y@Chase Scott         @INF     @6'0  @190  @Hampton, GA                             @
Blake Vasque@23@08@Y@Blake Vasquez       @OF      @6'0  @175  @Naples, FL                              @
Jason Sierra@24@08@Y@Jason Sierra        @1B      @6'3  @215  @Sarasota, FL                            @
Jose Brito  @25@08@Y@Jose Brito          @C       @6'0  @190  @Miami, FL                               @
Franklin Van@26@08@Y@Franklin Van Gurp   @C       @6'0  @190  @West Palm Beach, FL                     @
Tucker Simps@27@16@Y@Tucker Simpson      @RHP     @6'6  @225  @Oxford, AL                              @
David Black @29@08@Y@David Black         @RHP     @5'11 @210  @Marianna, FL                            @
Tom Watson  @31@11@Y@Tom Watson          @LHP     @5'11 @170  @Tallahassee, FL                         @
Thompson Ger@32@16@Y@Thompson Geron      @RHP     @6'1  @170  @Durham, NC                              @
