Randal Torib@1 @16@Y@Randal Toribio      @MIF     @6'   @180  @Orlando, FL                             @
Elijah Rodri@2 @08@Y@Elijah Rodriguez    @MIF     @5'11 @180  @Brooklyn, NY                            @
Aaron Abrego@3 @11@Y@Aaron Abrego        @OF      @5'11 @180  @Round Rock, TX                          @
Zack Allen  @4 @08@Y@Zack Allen          @C       @5'10 @195  @Crowley, TX                             @
Aaron Collin@5 @16@Y@Aaron Collins       @OF/P    @5'9  @180  @Georgetown, TX                          @
Alec Vice   @6 @08@Y@Alec Vice           @RHP     @6'1  @200  @Rowlett, TX                             @
Dustin Beasl@7 @16@Y@Dustin Beasley      @OF      @6'1  @205  @Round Rock, TX                          @
Zach Metzger@8 @16@Y@Zach Metzger        @C       @5'11 @210  @Sunnyvale, TX                           @
Andrew Hendr@9 @08@Y@Andrew Hendrick     @OF      @5'11 @195  @Oklahoma City, OK                       @
Alec Isaac  @10@08@Y@Alec Isaac          @OF      @6'   @190  @Lewisville, TX                          @
Konner Kyser@11@08@Y@Konner Kyser        @RHP     @6'3  @185  @Rowlett, TX                             @
Jace Reese  @12@16@Y@Jace Reese          @1B/OF   @6'4  @235  @Forney, TX                              @
Mason Baker @13@08@Y@Mason Baker         @MIF     @6'   @185  @Rhome, TX                               @
Zach Heard  @14@16@Y@Zach Heard          @RHP     @5'11 @185  @Conroe, TX                              @
Richard Alam@15@12@Y@Richard Alamo       @Everythi@5'7  @150  @Richmond, TX                            @
Kiki Menende@16@08@Y@Kiki Menendez       @C       @6'2  @200  @Round Rock, TX                          @
Steven Dress@17@11@Y@Steven Dressler     @LHP     @6'2  @200  @Burlington, Ontario                     @
Alex Gagne  @18@08@Y@Alex Gagne          @RHP     @6'   @195  @Ottawa, ON                              @
Nick Dovalis@19@16@Y@Nick Dovalis        @RHP     @6'3  @180  @San Antonio, TX                         @
O'Shea Dumas@20@16@Y@O'Shea Dumas        @RHP     @6'1  @245  @Corpus Christi, TX                      @
Brian Deaver@21@11@Y@Brian Deaver        @OF      @6'   @190  @Lewisville, TX                          @
Michael Hung@22@08@Y@Michael Hungate     @MIF     @6'1  @160  @Katy, TX                                @
Blake Rogers@23@16@Y@Blake Rogers        @RHP     @6'1  @195  @Lewisville, TX                          @
Cody Clarke @24@16@Y@Cody Clarke         @3B/1B   @6'1  @200  @Rogersford, PA                          @
Alex Montero@25@16@Y@Alex Montero        @3B/1B   @6'2  @225  @Bethany, LA                             @
Jake Roberts@26@08@Y@Jake Roberts        @C/IF    @6'   @185  @Plainfield, IL                          @
Michael Mert@27@16@Y@Michael Mertz       @RHP     @6'3  @210  @Pflugerville, TX                        @
Drew Polk   @28@16@Y@Drew Polk           @RHP     @5'10 @215  @Hico, TX                                @
Robert Dugge@29@08@Y@Robert Dugger       @RHP/UT  @6'2  @165  @Magnolia, TX                            @
Bastien Dagn@30@08@Y@Bastien Dagneau     @1B/OF   @6'3  @215  @France                                  @
Beau Dahlman@31@16@Y@Beau Dahlman        @RHP     @6'1  @160  @Sugar Land, TX                          @
Hunter Houst@32@08@Y@Hunter Houston      @RHP     @6'   @180  @Belton, TX                              @
Patrick Dela@34@08@Y@Patrick Delano      @RHP     @6'7  @225  @Braintree, MA                           @
Ryan Cawthon@35@16@Y@Ryan Cawthon        @RHP     @6'4  @215  @Waxahachie, TX                          @
Casey Sulliv@38@08@Y@Casey Sullivan      @RHP     @6'6  @190  @Boston, MA                              @
