Zack Janes  @1 @19@Y@Zack Janes          @OF      @     @     @                                        @
Michael Alle@2 @16@Y@Michael Allen       @MIF     @     @     @                                        @
Wright Hacke@3 @08@Y@Wright Hackett      @OF      @     @     @                                        @
Janson Rober@4 @08@Y@Janson Roberson     @MIF     @     @     @                                        @
Evan Speiche@5 @16@Y@Evan Speicher       @MIF     @     @     @                                        @
Matt Allen  @6 @11@Y@Matt Allen          @P       @     @     @                                        @
Chris Caffre@7 @08@Y@Chris Caffrey       @CIF     @     @     @                                        @
Anthony Hunt@8 @08@Y@Anthony Hunt        @C       @     @     @                                        @
Jake Wright @9 @19@Y@Jake Wright         @LHP/OF  @     @     @                                        @
Jared Davis @12@17@Y@Jared Davis         @C       @     @     @                                        @
Bobby Towne @13@16@Y@Bobby Towne         @RHP     @     @     @                                        @
Dalton Roger@14@17@Y@Dalton Rogers       @1B      @     @     @                                        @
Keith Buckha@15@16@Y@Keith Buckhault     @3B      @     @     @                                        @
Gabe Rich   @16@08@Y@Gabe Rich           @RHP     @     @     @                                        @
Matt Roueche@17@08@Y@Matt Roueche'       @RHP     @     @     @                                        @
Raunel Perez@18@08@Y@Raunel Perez        @RHP     @     @     @                                        @
Jordan Whitm@19@16@Y@Jordan Whitmire     @RHP     @     @     @                                        @
Cameron Stri@20@08@Y@Cameron Strickland  @OF      @     @     @                                        @
Clay Hetland@21@09@Y@Clay Hetland        @IF      @     @     @                                        @
Brock Johnso@22@17@Y@Brock Johnson       @MIF     @     @     @                                        @
Brandon Leon@23@08@Y@Brandon Leonard     @RHP     @     @     @                                        @
Cole Baxley @26@08@Y@Cole Baxley         @C       @     @     @                                        @
Chase Shaw  @27@08@Y@Chase Shaw          @OF      @     @     @                                        @
Kevin Carr  @28@16@Y@Kevin Carr          @RHP     @     @     @                                        @
Josh Morgan @32@16@Y@Josh Morgan         @RHP     @     @     @                                        @
Kegan Freder@34@08@Y@Kegan Frederick     @RHP     @     @     @                                        @
Chase Marsh @35@09@Y@Chase Marsh         @INF     @     @     @                                        @
Caleb Pippen@36@08@Y@Caleb Pippenger     @C       @6'   @190  @Cleveland, TN                           @
