Quavante McG@1 @11@Y@Quavante McGregory  @1st/P   @6'2  @210  @Clarksdale, MS                          @
Caleb Lindse@2 @08@Y@Caleb Lindsey       @LF      @6'0  @170  @New Augusta, MS                         @
Oni Robertso@4 @08@Y@Oni Robertson       @2nd/P   @5'11 @165  @Baton Rouge, LA                         @
CJ King     @5 @08@Y@CJ King             @P       @5'11 @185  @Pelahatchie, MS                         @
Justin Powel@6 @08@Y@Justin Powell       @SS      @6'1  @180  @Long Beach, MS                          @
Jederek Hard@7 @16@Y@Jederek Hardy       @LF      @5'10 @170  @Shaw, MS                                @
TJ Knowles  @8 @12@Y@TJ Knowles          @RF/P    @5'10 @170  @Jackson                                 @
Faraji Robin@10@16@Y@Faraji Robinson     @CF      @6'0  @160  @Shaw, MS                                @
Hunter Necai@11@08@Y@Hunter Necaise      @C       @6'0  @180  @Gulfport                                @
Ray Williams@12@16@Y@Ray Williams        @P       @6'1  @190  @D'Lo, MS                                @
Damario Brow@14@17@Y@Damario Brown       @SS/2nd  @5'11 @170  @Laurel, MS                              @
Matt Rappa  @15@08@Y@Matt Rappa          @3rd     @6'1  @190  @Holly Springs, MS                       @
Jimi Boyd   @16@08@Y@Jimi Boyd           @P       @6'0  @170  @Pearl, MS                               @
Caleb Kile  @18@11@Y@Caleb Kile          @P       @6'0  @185  @Independence, MS                        @
Luis Colon  @19@08@Y@Luis Colon          @CF      @5'9  @160  @Gulfport, MS                            @
Corey O'Brie@20@08@Y@Corey O'Brien       @SS/P    @5'11 @160  @Boca Raton, FL                          @
Brandon Grah@21@08@Y@Brandon Graham      @C       @6'0  @215  @Laurel, MS                              @
Jonathan Ogl@22@08@Y@Jonathan Oglesby    @P       @6'2  @185  @Senatobia, MS                           @
Rob Brigham @23@16@Y@Rob Brigham         @P       @6'3  @250  @Oakland, CA                             @
Spence Howel@25@08@Y@Spence Howell       @3rd     @6'0  @175  @Madison, MS                             @
Josh Johnson@26@08@Y@Josh Johnson        @2nd/P   @5'9  @150  @Clarksdale, MS                          @
Landon Bray @27@08@Y@Landon Bray         @1st     @5'10 @180  @Long Beach, MS                          @
Talis Ulmer @29@08@Y@Talis Ulmer         @P       @6'5  @200  @Laurel, MS                              @
Daniel Rawls@38@11@Y@Daniel Rawls        @OF      @5'10 @160  @Greenville, MS                          @
Hudson Ross @44@08@Y@Hudson Ross         @C       @5'10 @180  @Southaven, MS                           @
