Rayce Gatlin@1 @09@Y@Rayce Gatlin        @OF      @5'11"@178  @Orange Grove, TX.                       @
Jason Franco@2 @08@Y@Jason Franco        @OF      @6ft. @195  @Corpus Christi, TX.                     @
Austin Gibso@3 @08@Y@Austin Gibson       @2B      @5'8" @165  @Rockport, TX.                           @
Chris Solano@5 @08@Y@Chris Solano        @RHP     @5'10"@200  @Orange Grove, TX.                       @
Adam Esquive@6 @08@Y@Adam Esquivel       @2B      @5'9" @175  @Corpus Christi, TX.                     @
Jeremy Olivo@7 @16@Y@Jeremy Olivo        @CF      @5'10 @175  @Corpus Christ, TX                       @
Justin Sanch@8 @08@Y@Justin Sanchez      @SS      @5'10"@170  @Corpus Christi, TX.                     @
Josh Cruz   @9 @08@Y@Josh Cruz           @3B      @5'9" @180  @Corpus Christi, TX.                     @
Chris Castil@10@08@Y@Chris Castillo      @RHP     @5'9" @165  @Falfurrias, TX.                         @
Andrew Soto @11@08@Y@Andrew Soto         @RHP     @5'10"@170  @Corpus Christi, TX.                     @
John Ramirez@12@08@Y@John Ramirez        @C       @5'11"@185  @Robstown, TX.                           @
Aaron Watts @14@08@Y@Aaron Watts         @C/P     @6'2" @215  @Corpus Christi, TX.                     @
Austin Baraj@15@08@Y@Austin Barajas      @C/INF   @5'10"@175  @Ingleside, TX.                          @
Aaron Duplan@16@08@Y@Aaron Duplantis     @3B      @5'9" @183  @Alice, TX.                              @
Benny Zamudi@17@08@Y@Benny Zamudio       @RHP/1B  @5'11"@195  @Corpus Christi, TX.                     @
Kyle Mungia @18@08@Y@Kyle Mungia         @1B      @6'1" @225  @Corpus Christi                          @
J.D. Garcia @19@11@Y@J.D. Garcia         @OF      @5'11"@175  @Corpus Christi, TX.                     @
Rex Hoyt    @22@08@Y@Rex Hoyt            @RHP     @6ft  @215  @Rockport, TX.                           @
Jonathan Aco@23@08@Y@Jonathan Acosta     @RHP     @5'11"@190  @Taft, TX.                               @
Cody Perez  @24@16@Y@Cody Perez          @RF/SS   @5'10"@180lb@Corpus Christi, TX.                     @
Rony Chavarr@27@08@Y@Rony Chavarria      @RHP     @6'2" @190  @Alice, TX.                              @
Ross Carter @28@09@Y@Ross Carter         @RHP/DH  @6'5" @200  @Portland, TX.                           @
Adrian Acost@30@08@Y@Adrian Acosta       @RHP/OF  @5'11"@185  @Buda, TX.                               @
Dylan Fernan@31@08@Y@Dylan Fernandez     @OF      @5'9" @165  @Pearsall, TX                            @
Alex Grosecl@32@08@Y@Alex Groseclose     @1B      @6'3" @185  @Port Aransas, TX.                       @
Ariel Elizon@42@08@Y@Ariel Elizondo      @3B/1B   @5'10"@215  @San Diego, TX.                          @
