Nick Jones  @1 @08@Y@Nick Jones          @RHP     @5'10 @155  @Kansas City, MO                         @
Rodolfo Olet@2 @12@Y@Rodolfo Oleta       @INF     @5'9  @180  @Puerto la Cruz, Venezuela               @
Holden Klamm@3 @16@Y@Holden Klamm        @RHP     @5'10 @145  @DeSoto, KS                              @
Colton Krokr@4 @11@Y@Colton Krokroskia   @OF      @5'7  @165  @Baxter Springs, KS                      @
Tyler Moore @5 @16@Y@Tyler Moore         @C       @6'1  @190  @Shawnee, KS                             @
Matt Salamon@6 @08@Y@Matt Salamon        @INF     @6'3  @175  @Owasso, Ok                              @
C.J Faddis  @7 @16@Y@C.J Faddis          @INF     @5'11 @165  @DeSoto, KS                              @
Jordon Hauge@8 @08@Y@Jordon Haugen       @INF/OF  @5'10 @185  @Topeka                                  @
Sean Laughli@10@08@Y@Sean Laughlin       @RHP     @6'3  @175  @Overland Park, KS                       @
Grant Bachur@11@19@Y@Grant Bachura       @LHP     @6    @175  @Council Grove, KS                       @
Carlos D'Arm@12@16@Y@Carlos D'Armas      @RHP     @6'2  @190  @La Victoria, Venezuela                  @
Chase Rader @13@16@Y@Chase Rader         @INF     @6'1  @205  @Shawnee, KS                             @
Andy Muelber@14@09@Y@Andy Muelberger     @C       @6'2  @220  @Olathe, KS                              @
Taylor Davis@15@08@Y@Taylor Davis        @OF      @5'10 @160  @Olathe, KS                              @
Matt Petelin@16@08@Y@Matt Petelin        @INF     @5'7  @170  @Paola, KS                               @
Tyler Buss  @17@19@Y@Tyler Buss          @LHP     @6'4  @200  @Jay, OK                                 @
Karter Kerst@19@08@Y@Karter Kersten      @RHP     @6'4  @175  @Edmond, OK                              @
Austin Ingra@20@17@Y@Austin Ingram       @OF      @5'10 @180  @DeSoto, KS                              @
Jacob Spring@21@16@Y@Jacob Spring        @OF      @5'10 @180  @Shawnee, KS                             @
Trae Smith  @22@09@Y@Trae Smith          @INF     @6'3  @220  @Sedan, KS                               @
Terry Tatum @23@08@Y@Terry Tatum         @OF      @6'1  @185  @Collierville, TN                        @
Lucas Lindes@24@08@Y@Lucas Lindesmith    @OF      @6'1  @190  @Coffeyville, KS                         @
Kade Larson @25@08@Y@Kade Larson         @INF     @6'3  @275  @Louisburg, KS                           @
Carlos Enriq@27@19@Y@Carlos Enrique Aldan@LHP     @5'10 @185  @Portuguesa, Venezuela                   @
Alejandro He@28@08@Y@Alejandro Hernandez @OF      @6    @185  @Maracay, Venezuela                      @
Ryan McCourt@29@08@Y@Ryan McCourt        @RHP     @5'9  @185  @Shawnee, KS                             @
Bret Harris @30@08@Y@Bret Harris         @RHP     @6'1  @195  @Topeka, KS                              @
Neal Winter @31@08@Y@Neal Winter         @RHP     @6'5  @215  @Norfolk, NE                             @
Dalton Chris@33@08@Y@Dalton Christian    @RHP     @6'5  @255  @Sedalia, MO                             @
Kyle Dale   @34@08@Y@Kyle Dale           @RHP     @6'7  @180  @Moore, OK                               @
Conner Taylo@36@08@Y@Conner Taylor       @RHP     @6'5  @190  @Olathe, KS                              @
