Bennett     @1 @08@Y@Bennett             @        @     @     @                                        @
McGuire     @2 @16@Y@McGuire             @        @     @     @                                        @
Santiwan    @3 @16@Y@Santiwan            @        @     @     @                                        @
Scott       @5 @16@Y@Scott               @        @     @     @                                        @
Cain        @7 @08@Y@Cain                @        @     @     @                                        @
Goldsack    @8 @16@Y@Goldsack            @        @     @     @                                        @
T Brown     @9 @08@Y@T Brown             @        @     @     @                                        @
Lucero      @11@16@Y@Lucero              @        @     @     @                                        @
Herrera     @12@16@Y@Herrera             @        @     @     @                                        @
Waldren     @14@08@Y@Waldren             @        @     @     @                                        @
Hold        @15@08@Y@Hold                @        @     @     @                                        @
Young       @16@16@Y@Young               @        @     @     @                                        @
Hunter      @17@16@Y@Hunter              @        @     @     @                                        @
Nuernberg   @19@08@Y@Nuernberg           @        @     @     @                                        @
Grass       @20@16@Y@Grass               @        @     @     @                                        @
K Brown     @21@11@Y@K Brown             @        @     @     @                                        @
Pletsch     @22@16@Y@Pletsch             @        @     @     @                                        @
Heyman      @23@16@Y@Heyman              @        @     @     @                                        @
McCaskey    @24@08@Y@McCaskey            @        @     @     @                                        @
Tomassetti  @25@16@Y@Tomassetti          @        @     @     @                                        @
Bovee       @26@08@Y@Bovee               @        @     @     @                                        @
Schul       @27@08@Y@Schul               @        @     @     @                                        @
Kuzma       @32@08@Y@Kuzma               @        @     @     @                                        @
Potterf     @33@16@Y@Potterf             @        @     @     @                                        @
Condie      @37@16@Y@Condie              @        @     @     @                                        @
Myers       @38@08@Y@Myers               @        @     @     @                                        @
Martine     @41@11@Y@Martine             @        @     @     @                                        @
Robins      @42@08@Y@Robins              @        @     @     @                                        @
