Trevor Theis@1 @16@Y@Trevor Theissen     @SS      @5'11"@160  @                                        @
Jordan Weigo@2 @16@Y@Jordan Weigold      @OF/IN   @5'10"@168  @                                        @
Aaron Kastin@4 @08@Y@Aaron Kasting       @2B      @5'10"@185  @Waukegan                                @
Sterling Dix@5 @11@Y@Sterling Dixon      @OF      @5'11"@170  @                                        @
Chris Hoffma@6 @16@Y@Chris Hoffman       @CF/P    @6'1" @165  @                                        @
Jake Costabi@7 @08@Y@Jake Costabile      @C/OF    @5'11"@180  @                                        @
Nick Seketa @8 @08@Y@Nick Seketa         @P       @6'0" @160  @                                        @
Dan Jackson @9 @08@Y@Dan Jackson         @C       @6'0" @180  @                                        @
Joey Kass   @10@09@Y@Joey Kass           @C       @5'9" @165  @                                        @
Anthony Garz@12@16@Y@Anthony Garza       @OF      @5'10"@185  @                                        @
Blake Bucsa @15@16@Y@Blake Bucsa         @2B      @5'8" @170  @                                        @
Ryan Dones  @19@08@Y@Ryan Dones          @P       @5'8" @145  @                                        @
Gerard Ponta@20@08@Y@Gerard Pontareilla  @IN/P    @5'11"@175  @                                        @
Chris DeRue @22@18@Y@Chris DeRue         @P       @6'0" @170  @                                        @
Trent Taylor@23@16@Y@Trent Taylor        @3B      @6'2" @180  @                                        @
Zack Pawlows@24@16@Y@Zack Pawlowski      @P       @6'5" @210  @                                        @
Jared Helmic@26@16@Y@Jared Helmich       @P/1B    @6'2" @190  @                                        @
Kyle Cibrari@29@16@Y@Kyle Cibrario       @P       @6'0" @215  @Libertyville                            @
Justin Deman@33@11@Y@Justin Demand       @P       @6'5" @205  @                                        @
DJ Engle    @34@18@Y@DJ Engle            @P       @5'9" @180  @                                        @
David Meade @36@08@Y@David Meade         @P       @6'2" @195  @                                        @
Alex Letto  @38@16@Y@Alex Letto          @OF/1B   @6'0" @190  @                                        @
James Sheldo@39@08@Y@James Sheldon       @OF      @5'11"@170  @                                        @
Brandon Hrdl@45@18@Y@Brandon Hrdlicka    @P       @6'5" @220  @                                        @
Luke Samson @57@08@Y@Luke Samson         @P       @6'4" @185  @Mundelein                               @
