N.J. William@1 @08@Y@N.J. Williamson     @2B      @5'9  @171  @Bartow, Fl                              @
Kenny McDona@2 @16@Y@Kenny McDonald      @RHP     @5'8  @179  @Ocala, Fl                               @
Ricky Page  @3 @20@Y@Ricky Page          @LHP     @5'10 @175  @Ocala, Fl                               @
Dalton Marti@4 @08@Y@Dalton Martinez     @OF      @5'9  @165  @Clearwater, Fl                          @
Robby Jolley@6 @16@Y@Robby Jolley        @OF/C    @5'8  @162  @Ocala, Fl                               @
Colby Brown @7 @09@Y@Colby Brown         @C       @5'9  @179  @Lakeland, Fl                            @
Trevor Phill@8 @08@Y@Trevor Phillips     @RHP     @6'2  @180  @Dunnellon, Fl                           @
Jake Gangelh@9 @16@Y@Jake Gangelhoff     @RHP     @6'3  @179  @Ocala, Fl                               @
A.J Elkins  @10@16@Y@A.J Elkins          @INF     @5'10 @153  @Ocala, Fl                               @
Ryan Kopensk@11@19@Y@Ryan Kopenski       @LHP     @6'1  @146  @Wesley Chapel, Fl                       @
Weston Pope @12@16@Y@Weston Pope         @RHP     @5'11 @170  @Crystal River, Fl                       @
Enderson Vel@13@16@Y@Enderson Velasquez  @INF     @6'0  @187  @Venezuela                               @
Robby Frantz@14@08@Y@Robby Frantzis      @RHP     @5'11 @154  @Lakeland, Fl                            @
Ben Ellzey  @16@08@Y@Ben Ellzey          @3B      @5'10 @191  @Ocala, Fl                               @
Hunter Halse@17@08@Y@Hunter Halsey       @RHP     @5'8  @147  @Jupiter, Fl                             @
Josh Ellzey @19@16@Y@Josh Ellzey         @1B      @6'1  @204  @Ocala, Fl                               @
Connor Crile@20@09@Y@Connor Crile        @C/OF    @5'10 @170  @Ocala, Fl                               @
Collin Woody@22@16@Y@Collin Woody        @3B/RHP  @6'0  @196  @Tampa, Fl                               @
Ryan Smith  @23@17@Y@Ryan Smith          @OF      @6'3  @204  @Ocala, Fl                               @
Boomer Biega@24@08@Y@Boomer Biegalski    @RHP     @6'1  @157  @Tallahassee, Fl                         @
Christian Kh@26@08@Y@Christian Khawam    @OF      @5'9  @193  @Miami, Fl                               @
Mike Cetta  @28@16@Y@Mike Cetta          @RHP     @6'0  @195  @Miami, Fl                               @
Fowler Brown@29@08@Y@Fowler Brown        @RHP     @5'7  @194  @Gainesville, Fl                         @
Ryan Crile  @30@09@Y@Ryan Crile          @2B/SS   @5'9  @166  @Ocala, Fl                               @
David Lugo  @31@19@Y@David Lugo          @OF      @5'9  @179  @Homestead, Fl                           @
Justin Ambro@32@08@Y@Justin Ambrosino    @1B      @6'3  @254  @Tampa, Fl                               @
