Jordan Twifo@1 @08@Y@Jordan Twiford      @OF/P    @5'11 @161  @Charlotte Hall                          @
Matt Bjoro  @2 @08@Y@Matt Bjoro          @OF/P    @6'0  @186  @Sykesville                              @
Dominic Zupi@3 @08@Y@Dominic Zupito      @OF      @5'7  @138  @PA                                      @
Ryan Hardy  @5 @08@Y@Ryan Hardy          @C       @5'8  @149  @La Plata                                @
Troy Konzen @6 @08@Y@Troy Konzen         @MIF     @5'11 @153  @La Plata                                @
Jordan Barne@7 @08@Y@Jordan Barnes       @OF      @5'8  @150  @Waldorf                                 @
Hunter Mohle@8 @16@Y@Hunter Mohler       @MIF     @5'8  @163  @La Plata                                @
Connor Welch@9 @08@Y@Connor Welch        @RF/P    @6'0  @     @                                        @
Jay Freschi @10@08@Y@Jay Freschi         @MIF     @5'8  @148  @Dunkirk                                 @
Aaron Michae@11@00@Y@Aaron Michael       @Coach   @     @     @                                        @
John (Andrew@12@08@Y@John (Andrew) Fenwic@3B      @6'9  @134  @Leonardtown                             @
Kenneth Rhoa@13@08@Y@Kenneth Rhoads      @1B      @6'2  @231  @Waldorf                                 @
Robert (Tyle@14@08@Y@Robert (Tyler) Bond @MIF     @6'0  @157  @Upper Marlboro                          @
Garrett Deen@15@10@Y@Garrett Deen        @1B/P    @5'7  @150  @White Plains                            @
Corey Hewitt@16@16@Y@Corey Hewitt        @3B      @5'10 @220  @Waldorf                                 @
Scott Middle@17@00@Y@Scott Middleton     @Coach   @     @     @                                        @
Garrett Mohl@18@08@Y@Garrett Mohler      @1B/P    @6'2  @161  @Saint Leonard                           @
Wayde (Andre@19@08@Y@Wayde (Andrew) Cyr  @P       @6'4  @204  @Virginia Beach, VA                      @
Adam Spadafo@20@00@Y@Adam Spadafora      @Coach   @     @     @                                        @
Cameron Haym@21@08@Y@Cameron Haymans     @C/P     @6'2  @187  @Grasonville                             @
Zachary Snel@22@08@Y@Zachary Snell       @OF      @5'9  @178  @Charlotte Hall                          @
Noah Daniels@23@08@Y@Noah Daniels        @P       @6'2  @228  @La Plata                                @
Hayden Ferin@24@16@Y@Hayden Ferington    @C       @5'6  @213  @                                        @
Jeremy Remal@25@16@Y@Jeremy Remalia      @1B      @6'2  @243  @Waldorf                                 @
Martin Bonif@27@08@Y@Martin Bonifant     @OF/P    @5'9  @158  @Coltons Point                           @
Jack Cheseld@31@00@Y@Jack Cheseldine     @Coach   @     @     @                                        @
Eric Stamp  @32@11@Y@Eric Stamp          @P       @5'6  @220  @Waldorf                                 @
