Cruz Vigil  @1 @08@Y@Cruz Vigil          @MIF     @5'9  @150  @                                        @
Matt Mannens@3 @08@Y@Matt Mannens        @MIF/RHP @5'9  @155  @                                        @
Jake Morgan @4 @16@Y@Jake Morgan         @MIF     @5'10 @160  @                                        @
Eric Allen  @5 @08@Y@Eric Allen          @OF      @5'10 @165  @                                        @
John Silvis @6 @08@Y@John Silvis         @UTL/RHP @5'11 @185  @                                        @
Ben Wright  @7 @16@Y@Ben Wright          @RHP     @6'1  @180  @                                        @
Evan Hartfie@8 @08@Y@Evan Hartfiel       @MIF/RHP @5'7  @150  @Elsinore, Ca                            @
Brittan Wren@9 @16@Y@Brittan Wren        @RHP     @6'0  @175  @                                        @
Toben Gutkes@10@00@Y@Toben Gutkes        @RHP     @     @     @                                        @
Taylor Bogge@11@08@Y@Taylor Boggess      @RHP     @6'3  @185  @                                        @
Treven McPhe@12@16@Y@Treven McPherron    @RHP     @5'11 @185  @                                        @
Jeremy Lewal@13@00@Y@Jeremy Lewallen     @RHP     @     @     @                                        @
Oscar Gamboa@14@00@Y@Oscar Gamboa        @MIF/RHP @     @     @                                        @
Greg Reynold@15@08@Y@Greg Reynolds       @MIF     @6'1  @180  @                                        @
Efran Garcia@16@00@Y@Efran Garcia        @RHP     @     @     @                                        @
Christopher @17@00@Y@Christopher Lewallen@RHP     @     @     @                                        @
Ricky Dorant@18@08@Y@Ricky Dorantes      @C       @5'10 @210  @Las Vegas                               @
Avery Miller@19@17@Y@Avery Miller        @RHP     @6'2  @190  @                                        @
Max Cruz    @20@08@Y@Max Cruz            @RHP     @6'3  @210  @Las Vegas                               @
Luke Maher  @21@08@Y@Luke Maher          @OF/1B   @6'4  @245  @                                        @
Gavin Brady @22@19@Y@Gavin Brady         @OF      @6'1  @185  @                                        @
Josh Schulle@23@16@Y@Josh Schuller       @RHP     @6'4  @210  @                                        @
Bryce Lich  @24@16@Y@Bryce Lich          @OF      @6'2  @200  @                                        @
Garrett Zark@25@08@Y@Garrett Zarkis      @RHP/1B  @6'4  @200  @                                        @
Ryan Mitchel@27@16@Y@Ryan Mitchell       @OF      @5'10 @175  @                                        @
Zach McCollu@28@17@Y@Zach McCollum       @C       @5'11 @200  @                                        @
Justin Tuttl@29@08@Y@Justin Tuttle       @RHP     @6'2  @205  @                                        @
Bailey McCle@30@08@Y@Bailey McClellan    @RHP     @5'10 @205  @                                        @
Jonah Raugut@31@16@Y@Jonah Rauguth       @RHP     @6'5  @210  @                                        @
Andrew Stone@32@08@Y@Andrew Stone        @C       @6'3  @180  @                                        @
Brennan Bahr@33@11@Y@Brennan Bahr        @LHP     @6'4  @200  @                                        @
Robert (Bobb@34@16@Y@Robert (Bobby) Minat@RHP     @5'10 @180  @                                        @
Walker Rochl@35@08@Y@Walker Rochlin      @1B/3B   @6'0  @200  @                                        @
