Caleb Patter@2 @17@Y@Caleb Patterson     @INF     @5"10"@160  @Pleasant View, Tn                       @
Will Snider @3 @08@Y@Will Snider         @RHP     @6'0" @180  @Murfreesboro, TN                        @
Hayden Holt @5 @08@Y@Hayden Holt         @INF     @5'9" @165  @Columbia, TN                            @
Tyler Fuller@6 @16@Y@Tyler Fullerton     @INF     @5'10"@180  @Murfreesboro, TN                        @
Ronnie Jebav@7 @16@Y@Ronnie Jebavy       @OF      @6'2" @175  @Murfreesboro, TN                        @
Alex Aguila @8 @08@Y@Alex Aguila         @INF     @5'7" @162  @Miami, FL                               @
Jordan Hinsh@9 @09@Y@Jordan Hinshaw      @INF     @5'8" @160  @Elizabethton, TN                        @
Chase Howell@10@16@Y@Chase Howell        @C       @6'2" @175  @Hendersonville, TN                      @
Spencer Wise@11@09@Y@Spencer Wise        @C       @5'10"@180  @Cookeville, TN                          @
Cole Barksda@13@11@Y@Cole Barksdale      @LHP     @6'0" @190  @Spring Hill, TN                         @
Arinson Mart@14@08@Y@Arinson Martinez    @RHP     @6'2" @215  @Providence, RI                          @
Kierce Kimbe@15@16@Y@Kierce Kimbel       @RHP     @5'10"@180  @Franklin, TN                            @
Jake McDouga@16@08@Y@Jake McDougal       @RHP     @6'2" @175  @Murfreesboro, TN                        @
Josh Wilson @17@19@Y@Josh Wilson         @OF/LHP  @6'0" @190  @Clarksville, TN                         @
Austin Atwel@18@16@Y@Austin Atwell       @OF      @6'1" @183  @Adams, TN                               @
Riley Delgad@19@08@Y@Riley Delgado       @INF     @5'7" @172  @Miami, FL                               @
Kevin Salews@20@16@Y@Kevin Salewsky      @RHP     @5'10"@180  @Dickson, TN                             @
Paul Kirby  @21@08@Y@Paul Kirby          @1B/OF   @6'1" @198  @Goodlettsville, TN                      @
Zach Gentry @22@08@Y@Zach Gentry         @C       @5'10"@180  @Pleasant View, TN                       @
Andrew Barkl@23@19@Y@Andrew Barkley      @LHP     @6'0" @170  @Knoxville, TN                           @
Desi Ammons @25@16@Y@Desi Ammons         @C       @5'9" @205  @Hohenwald, TN                           @
Dylan Stewar@26@08@Y@Dylan Stewart       @RHP     @6'1" @150  @Columbia, TN                            @
Austin Rice @27@16@Y@Austin Rice         @RHP     @6'2" @200  @Waynesboro, TN                          @
Scooter High@30@08@Y@Scooter Hightower   @RHP     @6'5" @205  @Clarksville, TN                         @
Cody Puckett@31@11@Y@Cody Puckett        @LHP     @6'2" @190  @Smithville, TN                          @
Sam Few     @32@16@Y@Sam Few             @1B/DH   @6'6" @225  @Augusta, GA                             @
Tyler Stewar@33@19@Y@Tyler Stewart       @LHP     @6'1" @190  @Clarksville, TN                         @
Isaiah Aluko@34@11@Y@Isaiah Aluko        @OF      @6'5" @215  @Acworth, GA                             @
Wes Neiderla@35@11@Y@Wes Neiderland      @OF      @6'2" @175  @Thompson Station, TN                    @
Hunter Graha@37@08@Y@Hunter Graham       @RHP     @6'3" @200  @Smithville, TN                          @
