Stew Braman @3 @08@Y@Stew Braman         @P       @5'11"@181  @Middletown, RI                          @
Ryan Faria  @4 @08@Y@Ryan Faria          @P       @5'7" @170  @Cranston, RI                            @
Casey Mack  @5 @08@Y@Casey Mack          @3b      @5'10"@191  @Trumbull, CT                            @
TJ Boyajian @6 @08@Y@TJ Boyajian         @2b,OF   @5'6" @175  @Warwick, RI                             @
Ed Apice    @7 @11@Y@Ed Apice            @P,OF    @5'11'@192  @North Kingstown, RI                     @
Jake Tillman@8 @19@Y@Jake Tillman        @P,OF    @6'0" @195  @Scituate, RI                            @
Jake Saley  @9 @17@Y@Jake Saley          @OF      @5'9" @168  @Milford, CT                             @
Joe Yankee  @10@19@Y@Joe Yankee          @P,OF    @6'1" @189  @Lincoln, RI                             @
Ryan Odell  @11@16@Y@Ryan Odell          @SS,P    @6'2" @195  @Lincoln,RI                              @
Ben Duarte  @12@08@Y@Ben Duarte          @P       @6'2" @220  @Pawtucket, RI                           @
Rob DeCosta @13@16@Y@Rob DeCosta         @SS,2b   @6'1" @171  @Cranston, RI                            @
Zack Wood   @15@16@Y@Zack Wood           @3b,OF   @6'2" @215  @Griswold, CT                            @
Mike Evans  @16@11@Y@Mike Evans          @1b      @6'1" @165  @Warwick, RI                             @
Ryan Wordell@17@16@Y@Ryan Wordell        @C       @5'10"@208  @Little Compton, RI                      @
Jon Vazquez @19@19@Y@Jon Vazquez         @1b      @6'5" @200  @Bridgeport, CT                          @
Steve Adams @21@08@Y@Steve Adams         @C,DH    @5'11"@211  @Jacksonville, FL                        @
Evan Bertone@23@08@Y@Evan Bertone        @P       @6'2" @195  @Douglas, MA                             @
Jake Waldren@24@16@Y@Jake Waldren        @2b/SS   @5'11"@180  @Phoenix,AZ                              @
Austin Barry@25@08@Y@Austin Barry        @P,3b,OF @6'2" @200  @North Kingstown, RI                     @
Pat Okeefe  @26@16@Y@Pat Okeefe          @C       @5'11"@186  @East Greenwich, RI                      @
PJ Watson   @29@08@Y@PJ Watson           @P       @6'0  @175  @Cheshire, CT                            @
James Garnet@30@08@Y@James Garnett       @P       @6'3" @180  @Newport, RI                             @
Tyler Brown @31@08@Y@Tyler Brown         @P       @5'6" @185  @Jacksonville, FL                        @
Rich Reo    @33@16@Y@Rich Reo            @P       @5'11"@170  @Cranston, RI                            @
Kory Lawrenc@34@16@Y@Kory Lawrence       @P       @6'1" @215  @Woonsocket,RI                           @
