Dominic Sava@1 @20@Y@Dominic Savage      @OF      @5'10"@185  @Port Gibson, MS                         @
Branden Cann@3 @08@Y@Branden Canny       @P       @5'10"@140  @Brookhaven, MS                          @
Stephen Barn@4 @11@Y@Stephen Barnett     @P       @5'9" @175  @Terry, MS                               @
Wesley Watts@6 @08@Y@Wesley Watts        @INF/P   @5'9" @170  @Brandon, MS                             @
Jonathan Hay@7 @08@Y@Jonathan Haydel     @P       @5'10"@170  @Houma, LA                               @
Philip Lott @8 @17@Y@Philip Lott         @OF      @5'9" @170  @Purvis, MS                              @
Dylan Anglin@9 @16@Y@Dylan Anglin        @INF/OF  @6'0" @210  @Sumrall, MS                             @
Adrian Brown@10@08@Y@Adrian Brown        @OF      @6'3" @175  @McComb, MS                              @
Alex Smith  @11@08@Y@Alex Smith          @P       @5'11"@170  @Wesson, MS                              @
Ryan Young  @14@16@Y@Ryan Young          @INF     @5'11"@175  @Baton Rouge, LA                         @
Blake Talbot@16@08@Y@Blake Talbot        @C/P     @5'10"@175  @Houma, LA                               @
Matthew Evan@17@08@Y@Matthew Evans       @INF/P   @6'0" @160  @Brookhaven, MS                          @
Gregory Tier@18@08@Y@Gregory Tierce      @C       @6'0" @175  @Ridgeland, MS                           @
Konner Burke@19@16@Y@Konner Burke        @INF     @6'0" @175  @Ruth, MS                                @
Jeremy Moore@20@08@Y@Jeremy Moore        @OF      @6'0" @190  @Florence, MS                            @
Stevie Hubba@24@09@Y@Stevie Hubbard      @OF      @5'11"@185  @Mendenhall, MS                          @
Logan Smith @25@08@Y@Logan Smith         @C       @5'11"@210  @Brookhaven, MS                          @
Colby Whitfi@26@08@Y@Colby Whitfield     @INF/P   @6'1" @175  @Brandon, MS                             @
Corey Funk  @27@16@Y@Corey Funk          @P       @6'2" @170  @Brookhaven, MS                          @
Steven Chiso@28@08@Y@Steven Chisolm      @P       @5'11"@190  @Magee, MS                               @
Tanner Parvi@30@08@Y@Tanner Parvin       @P       @5'10"@170  @Brookhaven, MS                          @
Newt Brown  @31@08@Y@Newt Brown          @P       @6'1" @200  @Gautier, MS                             @
Mitch Little@33@16@Y@Mitch Little        @INF     @6'1" @190  @Georgetown, MS                          @
Casey Hurley@36@16@Y@Casey Hurley        @P       @6'0" @190  @Brandon, MS                             @
Shane Brown @40@08@Y@Shane Brown         @P       @5'11"@200  @Braxton, MS                             @
