Justin Burba@2 @19@Y@Justin Burba        @OF      @5'8" @185  @Haysville, KS                           @
Zack Mills  @3 @16@Y@Zack Mills          @OF      @5' 11@185  @Broken Arrow, OK                        @
A.J. Shaw   @5 @19@Y@A.J. Shaw           @OF      @5'10"@175  @Wichita, KS                             @
Dylan Kuhn  @6 @08@Y@Dylan Kuhn          @INF     @5'11"@180  @Wichita, KS                             @
Dillon White@7 @08@Y@Dillon White        @C       @6'2" @205  @Sterling,OK                             @
Brennen Roll@8 @08@Y@Brennen Rollin      @RHP     @6'   @190  @Olathe,KS                               @
Ryan McBroom@9 @17@Y@Ryan McBroom        @INF     @5'10"@180  @Wichita, KS                             @
Maverick Mac@10@08@Y@Maverick Macy       @RHP     @5'10"@180  @Brenbrook, TX                           @
Levi Skinner@11@17@Y@Levi Skinner        @RHP     @6'4" @210  @Springfield, MO                         @
Nathan Giebe@12@11@Y@Nathan Gieber       @LHP     @6'2" @175  @Concordia, KS                           @
Bobby Bassle@13@08@Y@Bobby Bassler       @INF     @5'11"@190  @Middleburg,FL                           @
Chad Reibens@14@09@Y@Chad Reibenspies    @C       @6'2" @205  @Clearwater, KS                          @
Parker Rigle@15@11@Y@Parker Rigler       @LHP     @6'   @175  @Edmond,Ok                               @
Tyler Day   @17@16@Y@Tyler Day           @RHP     @6'   @180  @Olathe, KS                              @
John Armstro@18@08@Y@John Armstrong      @INF     @5'9" @170  @Wichita, KS                             @
Matt Elliot @20@09@Y@Matt Elliot         @OF      @6'1" @185  @Olathe,KS                               @
Cameron Pale@21@08@Y@Cameron Paley       @RHP     @6'2" @200  @Jacksonville, FL                        @
Butch Rea   @22@08@Y@Butch Rea           @INF     @5'11"@180  @Topeka,KS                               @
Ryan Jenkins@23@16@Y@Ryan Jenkins        @RHP     @6'4" @200  @Wellington,KS                           @
Gage Grant  @24@16@Y@Gage Grant          @C/1B    @6'1" @215  @Rose Hill,KS                            @
Conner Murra@25@16@Y@Conner Murray       @RHP     @6'1" @185  @Olathe,KS                               @
Seth Holman @26@16@Y@Seth Holman         @RHP     @6'4" @200  @Wichita,KS                              @
Alex Graham @28@16@Y@Alex Graham         @OF      @6'1" @200  @Broken Barrow,Ok                        @
Storm Rynard@29@08@Y@Storm Rynard        @RHP     @6'1" @185  @Raymore,MO                              @
Bradley Gree@32@08@Y@Bradley Green       @RHP     @6'3" @200  @Wagoner,OK                              @
Kris Molter @33@16@Y@Kris Molter         @INF     @6'2" @190  @Jacksonville,FL                         @
Austin Sande@34@19@Y@Austin Sanders      @LHP     @6'2" @180  @Olathe,KS                               @
Bryce Whitch@35@08@Y@Bryce Whitchurch    @OF      @5'9" @190  @Wichita,KS                              @
