Garrett Mays@1 @08@Y@Garrett Mays        @3B      @     @     @                                        @
Brett Price @02@08@Y@Brett Price         @RHP     @     @     @                                        @
Chris Scrogg@2 @16@Y@Chris Scroggins     @CF      @     @     @                                        @
Ryan Lazo   @3 @16@Y@Ryan Lazo           @2B      @     @     @                                        @
Frank Chioli@4 @08@Y@Frank Chiolino      @SS      @     @     @                                        @
Mak Monckton@5 @16@Y@Mak Monckton        @CF      @     @     @                                        @
Corey Campbe@6 @08@Y@Corey Campbell      @3B      @     @     @                                        @
Blake Wilfon@7 @09@Y@Blake Wilfong       @C       @     @     @                                        @
Ty White    @8 @17@Y@Ty White            @LF      @     @     @                                        @
Jordan Dey  @9 @16@Y@Jordan Dey          @1B      @     @     @                                        @
Clayton Boot@10@08@Y@Clayton Booth       @RF      @     @     @                                        @
Lathan McFad@11@16@Y@Lathan McFadden     @RF      @     @     @                                        @
Tyler Mckinz@12@16@Y@Tyler Mckinzie      @SS      @     @     @                                        @
Mark Reyes  @13@18@Y@Mark Reyes          @LHP     @     @     @                                        @
Robert Smith@14@16@Y@Robert Smith        @RHP     @     @     @                                        @
Connor Eller@15@16@Y@Connor Eller        @RHP     @     @     @                                        @
Adam Steffen@16@08@Y@Adam Steffenson     @C       @     @     @                                        @
Richie Peopl@17@08@Y@Richie People       @RHP     @     @     @                                        @
Marcus Cross@18@16@Y@Marcus Cross        @RHP     @     @     @                                        @
Jake Barnes @19@16@Y@Jake Barnes         @RHP     @     @     @                                        @
Derek Padie @20@09@Y@Derek Padie         @        @     @     @                                        @
Cody Jones  @21@18@Y@Cody Jones          @LHP     @     @     @                                        @
Cody Whiting@22@08@Y@Cody Whiting        @RHP     @     @     @                                        @
Bryant Haral@24@08@Y@Bryant Haralson     @RHP     @     @     @                                        @
Drew Pearson@25@08@Y@Drew Pearson        @C       @     @     @                                        @
Branden Bohu@26@08@Y@Branden Bohuslav    @RHP     @     @     @                                        @
JD Miller   @27@08@Y@JD Miller           @RHP     @     @     @                                        @
Ethan Clark @28@08@Y@Ethan Clark         @RHP     @     @     @                                        @
Sam Hilliard@29@11@Y@Sam Hilliard        @1B/LHP  @     @     @                                        @
Marcos Hinoj@33@16@Y@Marcos Hinojosa     @RHP     @     @     @                                        @
Casey Vaugha@34@08@Y@Casey Vaughan       @LF/RHP  @     @     @                                        @
Bobby St. Pi@35@08@Y@Bobby St. Pierre    @1B      @     @     @                                        @
Cody Holzer @43@16@Y@Cody Holzer         @RHP     @     @     @                                        @
Aaron Patton@44@10@Y@Aaron Patton        @LHP     @     @     @                                        @
Justus Boeve@61@08@Y@Justus Boever       @RHP     @     @     @                                        @
