Niko Celia  @1 @08@Y@Niko Celia          @OF      @     @     @Mount Laurel, NJ                        @
Anthony Lope@2 @16@Y@Anthony Lopez       @SS      @     @     @Buena, NJ                               @
Jordan Glove@3 @16@Y@Jordan Glover       @CF      @     @     @Marlton, NJ                             @
Taylor Cheli@4 @08@Y@Taylor Cheli        @OF      @     @     @Buena, NJ                               @
Tyler Mixon @5 @08@Y@Tyler Mixon         @2B      @     @     @Mount Laurel, NJ                        @
Doug Bell   @6 @08@Y@Doug Bell           @INF     @     @     @Pennsville, NJ                          @
Stephen Siko@8 @16@Y@Stephen Sikoutris   @OF      @     @     @Woodstown, NJ                           @
Ridge Herrma@9 @19@Y@Ridge Herrman       @LHP/1B  @     @     @Pennsville, NJ                          @
Nic Pace    @10@16@Y@Nic Pace            @RHP     @     @     @Bridgeton, NJ                           @
Cris Matos  @11@17@Y@Cris Matos          @2B      @     @     @Hammonton, NJ                           @
Tim Gallaghe@12@16@Y@Tim Gallagher       @OF      @     @     @Atco, NJ                                @
Cody Stashak@14@16@Y@Cody Stashak        @RHP/1B  @     @     @Mays Landing, NJ                        @
Chris Caprio@15@08@Y@Chris Capriotti     @RHP     @     @     @Buena, NJ                               @
Justin Geri @16@08@Y@Justin Geri         @RHP/3B  @     @     @Vineland, NJ                            @
George Read @17@19@Y@George Read         @LHP     @     @     @Atco, NJ                                @
Tyler Cateri@18@16@Y@Tyler Caterina      @OF      @     @     @Vineland, NJ                            @
Zachary Larg@19@08@Y@Zachary Large       @P       @     @     @Bridgeton, NJ                           @
Carlos Sepul@20@16@Y@Carlos Sepulveda    @3B/RHP  @     @     @Millville, NJ                           @
Gio Casiano @21@16@Y@Gio Casiano         @RHP     @     @     @Egg Harbor Twp., NJ                     @
Josh O'Neill@23@16@Y@Josh O'Neill        @RHP     @     @     @Millville, NJ                           @
Chris Seiber@25@09@Y@Chris Seibert       @RHP     @     @     @Pitman, NJ                              @
Devin McCann@27@16@Y@Devin McCann        @C/1B    @     @     @                                        @
Matthew Enni@29@08@Y@Matthew Ennis       @RHP     @     @     @Pitman, NJ                              @
Arturo Ocasi@30@08@Y@Arturo Ocasio       @RHP/OF  @     @     @Atlantic City, NJ                       @
Ryan Solari @31@08@Y@Ryan Solari         @LF      @     @     @Brigantine, NJ                          @
Robert Bunto@34@08@Y@Robert Bunton       @OF      @     @     @Buena, NJ                               @
Jose Martine@35@16@Y@Jose Martinez       @C       @     @     @Pemberton, NJ                           @
James Marich@44@08@Y@James Marich        @RHP     @6'2''@230  @Salem, NJ                               @
