Spencer Broo@2 @16@Y@Spencer Brooks      @RF, 2B  @5'10"@185  @Mendota Heights                         @
Victor Marin@3 @08@Y@Victor Marin        @Catcher @5'8" @185  @Miami                                   @
Chris Gaynor@4 @16@Y@Chris Gaynor        @2B      @5'10"@180  @Longwood, FL                            @
Joel Klinkha@5 @16@Y@Joel Klinkhammer    @RHP     @5'10"@190  @Lakeville                               @
Kyle Banyard@7 @16@Y@Kyle Banyard        @LF      @5'10 @175  @Burnsville                              @
Cody Lowe   @8 @16@Y@Cody Lowe           @C       @5'10"@185  @Plymouth, MN                            @
Bobby Bennet@10@16@Y@Bobby Bennett       @LF      @5'10"@170  @Orlando, FL                             @
Joe Wood    @11@09@Y@Joe Wood            @RHP, OF @6'0" @185  @Woodbury                                @
Josh PIerce @12@18@Y@Josh PIerce         @LHP     @6'1" @175  @Minneapolis                             @
Chase Coon  @13@16@Y@Chase Coon          @3B      @5'10"@180  @Winter Have, FL                         @
Luke Seminar@14@08@Y@Luke Seminara       @RHP     @6'1" @195  @London, NH                              @
Ryne McNary @15@16@Y@Ryne McNary         @RHP     @5'10"@175  @St louis park, MN                       @
Tyler Klopp @16@16@Y@Tyler Klopp         @3B, LF  @6'1" @185  @Ridgefield, MN                          @
Roy Hotvedt @17@16@Y@Roy Hotvedt         @RHP     @6'1"'@170  @Perth, Australia                        @
Jake MIller @18@08@Y@Jake MIller         @SS      @6'3" @180  @Lakeville                               @
Nick Lacina @19@11@Y@Nick Lacina         @1B, OF  @6'3" @195  @Eagan, MN                               @
Joe Ellison @20@10@Y@Joe Ellison         @LHP     @6'5" @235  @Bloomington                             @
Nestor Caliz@21@19@Y@Nestor Calizto      @CF      @6'1" @175  @Carolina, PR                            @
Tate Erickso@23@17@Y@Tate Erickson       @1B, RHP,@5'10"@200  @Apple Valley                            @
Chase Lonett@24@16@Y@Chase Lonetti       @CF, RHP @6'1" @190  @Woodbury                                @
Brett Lindse@25@16@Y@Brett Lindsey       @SS      @6'0" @180  @Eagan, MN                               @
Matt Sichak @26@16@Y@Matt Sichak         @RHP     @6'1" @210  @Brooklyn Park                           @
Tyler Smith @28@18@Y@Tyler Smith         @LHP     @6'4" @185  @Brooklyn Park                           @
Corey Smith @29@16@Y@Corey Smith         @RHP     @6'2" @2210 @Brooklyn Park                           @
Alex Haas   @30@10@Y@Alex Haas           @LHP     @6'6" @200  @Stilwater                               @
Alfred Rodre@34@08@Y@Alfred Rodreguez    @3B      @5'11"@190  @MIami                                   @
Austin Wilso@35@08@Y@Austin Wilson       @RHP     @6'3" @210  @Qual Creek, AZ                          @
Brendan Engl@36@19@Y@Brendan Englund     @1B      @6'5" @240  @Woodbury                                @
