Adam Denny  @1 @16@Y@Adam Denny          @OF      @5'10 @140  @Wolf Point Mt                           @
Greg Thompso@2 @16@Y@Greg Thompson       @P, OF   @6'2  @190  @Hatton, ND                              @
Blayd Sander@3 @08@Y@Blayd Sanders       @3B P    @5'11 @250  @Glagow MT                               @
Nick Riglin @5 @08@Y@Nick Riglin         @2B P    @5'9  @205  @Cartwright, MB                          @
Cody Brooks @8 @16@Y@Cody Brooks         @INF P   @6'2  @195  @Bottineau, ND                           @
Connor Drewr@9 @16@Y@Connor Drewry       @1B      @6'0  @185  @Cartwright                              @
Cody Bronson@10@08@Y@Cody Bronson        @OF      @5'10 @190  @Wahpeton,ND                             @
Cody Newberr@11@08@Y@Cody Newberry       @2B P    @6'1  @195  @Victoria, BC                            @
Kirpal Singh@16@08@Y@Kirpal Singh        @OF, P   @5'11 @165  @Victoria, BC                            @
Cody Millike@17@08@Y@Cody Milliken       @INF OF P@6'1  @180  @Holmfield, MB                           @
Jesse Turner@18@08@Y@Jesse Turner        @C, INF  @5'11 @150  @Victoria BC                             @
Brett Hebel @19@08@Y@Brett Hebel         @SS P    @6'2  @230  @Warroad, MN                             @
Connor Hicks@21@08@Y@Connor Hicks        @OF, 2B  @5'11 @200  @Golden, CO                              @
Ethan Hicks @22@08@Y@Ethan Hicks         @OF, C   @5'11 @200  @Golden, CO                              @
Alphonzo Rig@24@08@Y@Alphonzo Rigby      @3B 1B   @6'2  @225  @Bimini, Bahamas                         @
