Tyler Minogu@3 @16@Y@Tyler Minogue       @INF     @5'11"@190  @Louisville, KY                          @
Logan Barnes@4 @08@Y@Logan Barnes        @INF     @5'7" @160  @Kokomo, IN                              @
Brock Sokolo@5 @16@Y@Brock Sokolowski    @OF      @6'1" @175  @Greenwood, IN                           @
Austin Hayes@6 @16@Y@Austin Hayes        @OF      @6'0" @175  @Effingham, IL                           @
Brandon Call@7 @11@Y@Brandon Calleja     @LHP     @6'0" @165  @Terre Haute, IN                         @
Nick Barrien@8 @18@Y@Nick Barrientos     @OF      @5'11"@185  @Zionsville, IN                          @
Brazon Wheel@9 @08@Y@Brazon Wheeler      @INF     @5'9''@170  @Ottawa, IL                              @
Tylor Martin@10@08@Y@Tylor Martin        @RHP     @5'9''@170  @Greenwood, IN                           @
Alec Neal   @12@16@Y@Alec Neal           @RHP     @6'0''@150  @Danville, IL                            @
Trevor Jenni@13@16@Y@Trevor Jennings     @C       @6'0''@190  @Pendleton, IN                           @
A.J. Childer@14@16@Y@A.J. Childerson     @RHP     @6'1''@230  @Greenville, IL                          @
Austin Calho@15@11@Y@Austin Calhoun      @OF      @6'1''@170  @Danville,  IL                           @
Cody Frazier@16@08@Y@Cody Frazier        @UTIL    @5'11'@170  @Huntington, IN                          @
Aaron Woller@17@08@Y@Aaron Woller        @OF      @5'11'@160  @St. Joseph, IL                          @
Terry Deavil@18@08@Y@Terry Deaville      @RHP     @6'0''@190  @Rantoul, IL                             @
Jake England@19@08@Y@Jake England        @RHP     @5'10'@165  @Oakwood, IL                             @
Zach Anderso@20@16@Y@Zach Anderson       @RHP     @6'1''@160  @Greenwood, IN                           @
Daniel Wise @22@19@Y@Daniel Wise         @LHP     @6'0''@200  @Danville, IL                            @
Evan Block  @23@16@Y@Evan Block          @OF      @6'2''@195  @St. Louis, MO                           @
Skyler Reis @24@16@Y@Skyler Reis         @RHP     @5'11"@180  @Anderson, IN                            @
Evan Brown  @25@08@Y@Evan Brown          @1B      @6'1''@225  @Roanoke, IN                             @
Kyle Coburn @26@11@Y@Kyle Coburn         @LHP     @6'6''@185  @Georgetown, IL                          @
Jeff Woods  @27@09@Y@Jeff Woods          @INF/C   @6'0''@175  @Tangier, IN                             @
Aaron Kuper @28@16@Y@Aaron Kuper         @C       @6'3''@205  @Highland, IL                            @
Curtis Wilso@33@11@Y@Curtis Wilson       @LHP/1B  @6'3''@210  @Anderson, IN                            @
David Anders@34@16@Y@David Anderson      @RHP     @6'2''@175  @Jonesboro, IN                           @
Noe Arteaga @35@16@Y@Noe Arteaga         @RHP     @5'11'@215  @Chicago, IL                             @
James Doubet@44@08@Y@James Doubet        @RHP     @6'3''@185  @Williamsfield, IL                       @
