Tavin Thomps@1 @08@Y@Tavin Thompson      @IF      @5'10"@165  @Hogansville, Ga                         @
Riliani Fami@3 @16@Y@Riliani Familia     @OF      @6'3" @210  @Santo Domingo, DR                       @
Brandon Shar@4 @17@Y@Brandon Sharpe      @OF      @6'1" @200  @St. Simons Island, Ga                   @
Payton Mann @5 @08@Y@Payton Mann         @C       @6'1" @185  @Tifton, Ga                              @
Christian Ca@6 @08@Y@Christian Cabral    @IF      @6'2" @195  @Santo Domingo, DR                       @
Davis Adkins@7 @16@Y@Davis Adkins        @RHP     @6'2" @165  @Cordele, Ga                             @
Brandon Gold@8 @17@Y@Brandon Goldsmith   @RHP     @6'5" @170  @Hamilton, Ga                            @
Hill Thomas @9 @17@Y@Hill Thomas         @C       @5'11"@195  @Blakely, Ga                             @
Trey Haygood@10@16@Y@Trey Haygood        @OF      @5'9" @165  @Valdosta, Ga                            @
Eric Henders@11@08@Y@Eric Henderson      @RHP     @6'1" @190  @Marietta, Ga                            @
Rashad Billu@13@16@Y@Rashad Billups      @IF      @5'11"@220  @Newnan, Ga                              @
Max Thomas  @15@11@Y@Max Thomas          @LHP/1B  @5'11"@200  @Eastonollee, Ga                         @
Ryan LaPoint@16@16@Y@Ryan LaPointe       @IF      @6'0" @185  @Kingsland, Ga                           @
Zack McCurry@17@08@Y@Zack McCurry        @RHP     @6'2" @215  @Newnan, Ga                              @
Jarius Rhode@19@16@Y@Jarius Rhodes       @RHP     @6'0" @190  @Newnan, Ga                              @
Alex Bolling@20@11@Y@Alex Bollinger      @LHP     @6'0" @195  @Sharpsburg, Ga                          @
William Gold@21@08@Y@William Golden      @OF      @5'10'@220  @Waycross, Ga                            @
John Harman @22@19@Y@John Harman         @LHP     @6'2" @180  @Carrollton, Ga                          @
Ventavis Jer@23@16@Y@Ventavis Jerger     @SS      @6'2" @185  @Tallahassee, FL                         @
Luis Salas  @24@08@Y@Luis Salas          @IF      @5'8" @165  @Santo Domingo, DR                       @
Anthony Padr@25@09@Y@Anthony Padron      @OF      @6'3" @195  @Columbus, Ga                            @
Luis Florent@26@16@Y@Luis Florentino     @RHP     @6'4" @195  @Santo Domingo, DR                       @
Cole Amtmann@27@08@Y@Cole Amtmann        @RHP     @5'9" @170  @Newnan, Ga                              @
Grant Antwin@29@11@Y@Grant Antwine       @LHP     @5'10"@180  @Watkinsville, Ga                        @
Drew Gowen  @31@08@Y@Drew Gowen          @C       @5'11"@200  @Folkston, GA                            @
Douglas Nobl@32@08@Y@Douglas Nobles      @RHP     @6'2" @225  @Camilla, Ga                             @
