Scotty Sturg@2 @16@Y@Scotty Sturgis      @2B/RHP  @5'7  @150  @Sidney, MT                              @
Cam Lenzen  @4 @08@Y@Cam Lenzen          @2B      @5'7  @160  @Hankinson, ND                           @
Jacob Young @9 @16@Y@Jacob Young         @2B      @6'0  @185  @Ronan, MT                               @
Steve PIcket@10@08@Y@Steve PIckett       @OF      @5'10 @175  @Lovell, WY                              @
Bradley Pich@11@08@Y@Bradley Pichler     @RHP/OF  @5'10 @150  @Polson, MT                              @
Kyle Keith  @12@09@Y@Kyle Keith          @RHP/OF  @6'1  @170  @Casper, WY                              @
Brett Kautzm@13@08@Y@Brett Kautzman      @SS/RHP  @6'0  @170  @Casper, WY                              @
Tanner Fisch@14@09@Y@Tanner Fischer      @OF/RHP  @6'0  @150  @Casper,WY                               @
Chase Burgan@15@11@Y@Chase Burgan        @LHP/OF  @6'0  @170  @Roberts, MT                             @
Dakota Buckw@16@08@Y@Dakota Buckway      @3B/RHP  @6'1  @160  @Ogden, UT                               @
Tucker Hoch @17@16@Y@Tucker Hoch         @OF      @5'8  @160  @Spokane, WA                             @
Miles Mercer@21@16@Y@Miles Mercer        @RHP     @6'3  @205  @Denver,, CO                             @
Rupert House@23@16@Y@Rupert House        @C       @6'3  @215  @Spokane, WA                             @
Mike Misrasi@24@16@Y@Mike Misrasi        @RHP/1B  @6'1  @200  @West Valley, UT                         @
JC Bird     @25@16@Y@JC Bird             @RHP/1B  @6'4  @225  @West Jordan, UT                         @
Kellen Hoyt @26@08@Y@Kellen Hoyt         @RHP     @5'9  @160  @Polson, MT                              @
Austin Bean @28@08@Y@Austin Bean         @RHP/1B  @6'3  @205  @West Valley, UT                         @
Josh Rustad @30@19@Y@Josh Rustad         @LHP     @6'0  @215  @Polson, MT                              @
Jeremiah Cra@32@08@Y@Jeremiah Crawford   @1B/RHP  @6'1  @235  @Plains, MT                              @
