Phoenix Sand@1 @08@Y@Phoenix Sanders     @RHP     @5-10 @165  @Gainesville, FL                         @
Sam Bates   @2 @17@Y@Sam Bates           @INF     @6-1  @175  @Oviedo, FL                              @
Clayton Payn@3 @16@Y@Clayton Payne       @RHP     @6-4  @185  @Ft. Meyers, FL                          @
Blake Summer@4 @08@Y@Blake Summers       @INF     @6-0  @170  @Palatka, FL                             @
Jonny Ortiz @5 @19@Y@Jonny Ortiz         @LHP     @6-3  @180  @Coral Springs, FL                       @
John Smith  @6 @19@Y@John Smith          @OF      @5-9  @185  @Inverness, FL                           @
Connor Kolby@7 @16@Y@Connor Kolby        @OF      @5-11 @180  @Winter Springs, FL                      @
Anthony Camp@8 @08@Y@Anthony Campanella  @OF      @6-1  @180  @Ormond Beach, FL                        @
Austin Marrs@9 @08@Y@Austin Marrs        @INF     @5-10 @160  @Palm Beach Gardens, FL                  @
Erik Dowse  @10@08@Y@Erik Dowse          @RHP     @6-1  @195  @Valrico, FL                             @
Ezequiel San@11@00@Y@Ezequiel Sanchez    @OF/C    @5-8  @175  @Orlando, FL                             @
Kyle Cunning@12@08@Y@Kyle Cunningham     @C       @6-1  @180  @Jupiter, FL                             @
Joe Shue    @13@08@Y@Joe Shue            @C       @6-0  @185  @Lake Worth, FL                          @
Matt Naylor @14@16@Y@Matt Naylor         @RHP     @6-3  @189  @Orlando, FL                             @
John Pacheco@15@10@Y@John Pacheco        @LHP     @5-11 @190  @Winter Garden, FL                       @
Mitchell Bar@16@08@Y@Mitchell Barati     @C       @5-9  @165  @Belle Isle, FL                          @
Brad Emery  @18@19@Y@Brad Emery          @LHP     @6-1  @185  @Palm Beach Gardens, FL                  @
Chuck Vander@19@08@Y@Chuck VanderVenter  @RHP     @5-10 @194  @Middleburg, FL                          @
John Padich @20@11@Y@John Padich         @LHP     @6-0  @178  @Lake Worth, FL                          @
Nathan Bond @21@20@Y@Nathan Bond         @OF      @6-1  @190  @Orlando, FL                             @
Matt Saliba @23@08@Y@Matt Saliba         @INF     @5-6  @150  @Winter Haven, FL                        @
Luke Johnsto@24@08@Y@Luke Johnston       @INF     @6-2  @185  @Winter Haven, FL                        @
Jake Walker @25@08@Y@Jake Walker         @RHP     @5-10 @187  @Crawfordville, FL                       @
Shane Swanso@26@11@Y@Shane Swanson       @OF/1B   @5-11 @216  @Lake Worth, FL                          @
Dylan Stokes@28@08@Y@Dylan Stokes        @OF      @6-2  @175  @Middleburg, FL                          @
