Brett Wilson@1 @08@Y@Brett Wilson        @IF      @5'6" @150  @Chichester                              @
James Peabod@2 @08@Y@James Peabody       @IF      @5'9" @190  @Ardmore                                 @
Wooseong Yoo@4 @16@Y@Wooseong Yoo        @IF      @5'5" @143  @Broomall                                @
Michael Cart@5 @16@Y@Michael Carter      @IF      @5'5" @145  @Cochranville                            @
Brandon Orti@6 @12@Y@Brandon Ortiz       @P       @6'0" @155  @Sharon Hill                             @
Eli Ramirez @7 @08@Y@Eli Ramirez         @IN      @5'8" @170  @Folcroft                                @
Tyler DiMatt@8 @08@Y@Tyler DiMatteo      @IF      @5'6" @166  @Springfield                             @
Joseph Carr @10@09@Y@Joseph Carr         @IF      @5'9" @185  @Paoli                                   @
Jawuan Ross @11@14@Y@Jawuan Ross         @OF      @5'6" @220  @Darby                                   @
Tim Longen  @12@08@Y@Tim Longen          @IN/ C   @5'9" @185  @Newtown Square                          @
Brian Wehmey@15@16@Y@Brian Wehmeyer      @OF      @5'11"@190  @West Chester                            @
Zack Shows  @17@11@Y@Zack Shows          @P       @6'2" @200  @Ridley                                  @
Dan Hughes  @20@08@Y@Dan Hughes          @P       @6'0" @175  @West Chester                            @
Jorge Rentas@21@08@Y@Jorge Rentas        @OF      @5'11"@200  @Chester                                 @
Joe Kirby   @22@08@Y@Joe Kirby           @IN      @5'7" @196  @Media                                   @
Aaron Aldric@24@08@Y@Aaron Aldrich       @IF      @5'10"@178  @Chester Springs                         @
Jonathon Car@25@08@Y@Jonathon Carthorne  @IN      @5'10"@220  @Glenolden                               @
John Thomson@33@16@Y@John Thomson        @OF/ P   @6'5" @185  @Media                                   @
