Zak Kruskie @2 @16@Y@Zak Kruskie         @SS      @5'11 @155  @Pellston                                @
Greg Kazmier@3 @11@Y@Greg Kazmierski     @OF      @5'8  @150  @Shepherd                                @
Travis Tarre@4 @08@Y@Travis Tarrence     @P       @5'11 @180  @Ogemaw Heights                          @
Jesse Wilber@5 @08@Y@Jesse Wilbert       @OF      @5'10 @180  @Rogers City                             @
Ryan Hendric@6 @16@Y@Ryan Hendricks      @OF      @5'8  @160  @Alpena                                  @
Billy Bittne@7 @19@Y@Billy Bittner       @P       @6'0  @175  @Gladwin                                 @
Tyler Provow@8 @17@Y@Tyler Provow        @SS      @6'0  @180  @Bay City Western                        @
Thomas Smith@9 @09@Y@Thomas Smith        @2B      @6'0  @170  @Midland                                 @
Steel O'Boyl@10@08@Y@Steel O'Boyle       @SS      @5'9  @145  @Bullock Creek                           @
Miguel Champ@11@16@Y@Miguel Champagne    @P       @5'11 @175  @Algonquin, ON                           @
Sean Reinig @12@16@Y@Sean Reinig         @P       @5'11 @160  @Birch Run                               @
Aaron Ciupak@13@19@Y@Aaron Ciupak        @P       @5'10 @175  @Freeland                                @
Mic Petre   @15@16@Y@Mic Petre           @OF      @5'8  @175  @Sanford Meridian                        @
Chris Briggs@16@08@Y@Chris Briggs        @P       @6'0  @170  @Westland                                @
Jake Tarbell@17@08@Y@Jake Tarbell        @P       @5'11 @170  @Chippewa Hills                          @
Tyler Sabuda@18@16@Y@Tyler Sabuda        @C       @6'0  @175  @Mt. Pleasant Sacred Heart               @
Drew King   @19@11@Y@Drew King           @P       @6'4  @215  @Saginaw Nouvel                          @
Nick Hire   @20@08@Y@Nick Hire           @1B      @6'0  @185  @Mt. Pleasant Sacred Heart               @
Luke Epple  @21@16@Y@Luke Epple          @OF      @6'0  @170  @Mt. Pleasant                            @
Ty Schafer  @22@08@Y@Ty Schafer          @2B      @5'9  @170  @Chippewa Hills                          @
Briton Ott  @23@08@Y@Briton Ott          @OF      @5'8  @155  @Bay City Western                        @
Dugan Roosa @24@16@Y@Dugan Roosa         @3B      @5'10 @175  @St. Charles                             @
Mike Berlin @25@16@Y@Mike Berlin         @P       @6'0  @185  @North Branch                            @
James Baer  @26@08@Y@James Baer          @C       @5'11 @215  @Clare                                   @
Ryan Marshal@27@08@Y@Ryan Marshall       @P       @5'9  @160  @Beal City                               @
Clayton Spik@31@16@Y@Clayton Spiker      @P       @5'10 @170  @Oxford                                  @
Corey Rich  @32@08@Y@Corey Rich          @C       @6'0  @170  @Millington                              @
AJ McInnis  @34@16@Y@AJ McInnis          @P       @6'3  @182  @Saginaw                                 @
Brendan Harr@36@08@Y@Brendan Harrison    @1B      @6'1  @230  @Bay City Western                        @
Hunter Ruby @37@08@Y@Hunter Ruby         @P       @6'8  @205  @Clare                                   @
