Michael Font@1 @11@Y@Michael Fontanez    @P       @     @     @                                        @
Mike Schoonm@2 @16@Y@Mike Schoonmaker    @INF     @     @     @                                        @
Alex Baglier@3 @17@Y@Alex Baglieri       @OF      @     @     @                                        @
Adam Hermann@5 @08@Y@Adam Hermann        @P       @     @     @                                        @
Alex Rivera @6 @16@Y@Alex Rivera         @Inf     @     @     @                                        @
Brandon Card@7 @08@Y@Brandon Cardona     @P       @     @     @                                        @
James Moline@8 @00@Y@James Molineri      @Inf     @     @     @                                        @
Matthew Mars@9 @00@Y@Matthew Marshall    @P       @     @     @                                        @
Matthew Wink@10@00@Y@Matthew Winkler     @OF      @     @     @                                        @
Deondre Pier@14@00@Y@Deondre Pierce      @Of      @     @     @                                        @
Nolan Harpp @15@00@Y@Nolan Harpp         @Utl     @     @     @                                        @
Joe Saetta  @16@00@Y@Joe Saetta          @C       @     @     @                                        @
Jorge Lopez @17@00@Y@Jorge Lopez         @P       @     @     @                                        @
Josh Wizwer @18@00@Y@Josh Wizwer         @Inf     @     @     @                                        @
Jordan Brant@20@00@Y@Jordan Brantley     @Inf     @     @     @                                        @
Thomas Bocch@21@00@Y@Thomas Bocchino     @P       @     @     @                                        @
Rick Paesano@22@00@Y@Rick Paesano        @C       @     @     @                                        @
Andrew Ford @23@00@Y@Andrew Ford         @        @     @     @                                        @
Henry's Blan@24@00@Y@Henry's Blanco      @Inf     @     @     @                                        @
William Boyl@25@00@Y@William Boyle       @P       @     @     @                                        @
Gavin Hauspu@27@00@Y@Gavin Hauspurg      @        @     @     @                                        @
Martin Gomez@29@00@Y@Martin Gomez        @        @     @     @                                        @
John Milano @30@00@Y@John Milano         @P       @     @     @                                        @
Tyler Choate@31@00@Y@Tyler Choate        @P       @     @     @                                        @
Chris Wolfe @32@00@Y@Chris Wolfe         @P       @     @     @                                        @
Dan Paesano @33@00@Y@Dan Paesano         @Of      @     @     @                                        @
Chaz DelBene@37@00@Y@Chaz DelBene        @Inf     @     @     @                                        @
Neal Bolster@38@00@Y@Neal Bolster        @P       @     @     @                                        @
Henry Blanco@50@00@Y@Henry Blanco        @Inf     @     @     @                                        @
