Zach Fowler @0 @08@Y@Zach Fowler         @RHP/OF  @5'9" @170  @Asher, OK                               @
Landon Coon @1 @20@Y@Landon Coon         @OF      @5"10 @190  @Dale, OK                                @
Joey Zurawik@2 @08@Y@Joey Zurawik        @RHP/INF @5'10"@185  @Bixby, OK                               @
Reggie Wrigh@3 @08@Y@Reggie Wright       @OF      @5'11"@200  @Choctaw, OK                             @
Seth Hix    @4 @19@Y@Seth Hix            @OF      @6'2" @166  @Mannford, OK                            @
Cody Robinso@5 @09@Y@Cody Robinson       @OF      @5'9" @165  @Moss, OK                                @
Payton Scarb@7 @16@Y@Payton Scarbrough   @C       @5'11"@220  @Maryville, MO                           @
Kaleb Matthe@8 @17@Y@Kaleb Matthews      @1B      @6'2" @215  @Wellston, OK                            @
Dalton Barne@9 @08@Y@Dalton Barnes       @INF     @6'0" @150  @Oolagah, OK                             @
Kylar Robert@11@08@Y@Kylar Robertson     @C       @6'3" @206  @Sand Springs, OK                        @
Kyle Knight @12@08@Y@Kyle Knight         @RHP     @6'3" @228  @Ochelata, OK                            @
Chase Willia@13@08@Y@Chase Williams      @RHP     @6'5" @222  @Broken Arrow, OK                        @
Brady Colber@14@16@Y@Brady Colbert       @RHP     @5'10"@200  @Eufaula, OK                             @
Jake Collins@15@08@Y@Jake Collins        @3B      @6'2" @211  @Latta, OK                               @
Stijn Van de@16@17@Y@Stijn Van der Meer  @SS      @6'3" @170  @Rosmalen, Netherlands                   @
Clay Fitzger@17@08@Y@Clay Fitzgerald     @RHP     @6'0" @154  @Buffalo Valley, OK                      @
Jacob Jones @18@16@Y@Jacob Jones         @RHP     @6'3" @178  @Wichita, KS                             @
Dusty Hauete@19@08@Y@Dusty Haueter       @2B      @5'10"@145  @Catoosa, OK                             @
Troy Meadows@20@08@Y@Troy Meadows        @C       @5'11"@230  @McAlester, OK                           @
Talen Miller@21@08@Y@Talen Miller        @RHP     @6'1" @169  @Norman, OK                              @
Evan Sanders@22@19@Y@Evan Sanders        @LHP     @6'2" @193  @Hartshorne, OK                          @
Adam Meyer  @23@11@Y@Adam Meyer          @LHP     @6'2" @205  @Azle, TX                                @
Hunter Neal @24@08@Y@Hunter Neal         @RHP     @6'3" @216  @Broken Bow, OK                          @
Cullen Hudso@27@08@Y@Cullen Hudson       @OF      @6'3" @185  @Rattan, OK                              @
Matt Mitchel@29@08@Y@Matt Mitchell       @RHP     @6'0" @196  @Wilburton, OK                           @
Preston Olms@30@08@Y@Preston Olmstead    @RHP     @6'3" @267  @Owasso, OK                              @
Nick Walker @31@17@Y@Nick Walker         @C/OF    @6'0" @218  @Sallisaw, OK                            @
Dylan Linke @32@16@Y@Dylan Linke         @RHP     @6'4" @209  @Duncan, OK                              @
Koda Glover @33@16@Y@Koda Glover         @RHP     @6'4" @194  @Heavner, OK                             @
Derek Justic@34@08@Y@Derek Justice       @RHP     @6'8" @246  @Tulsa, OK                               @
Daniel Young@35@17@Y@Daniel Young        @INF     @6'4" @214  @Fort Smith, AR                          @
Jacob Lawren@36@16@Y@Jacob Lawrence      @RHP     @6'5" @185  @Nixa, MO                                @
Clay McAlest@42@16@Y@Clay McAlester      @1B      @5'11"@232  @Wilburton, OK                           @
Nathan Melto@44@08@Y@Nathan Melton       @RHP     @6'3" @200  @Glencoe, OK                             @
