LeDarious Cl@1 @16@Y@LeDarious Clark     @OF/P    @5-10 @185  @Meridian, MS                            @
Chase Nyman @2 @17@Y@Chase Nyman         @INF     @6-0  @190  @Pascagoula, MS                          @
Blake Key   @3 @08@Y@Blake Key           @OF      @5-11 @180  @Meridian, MS                            @
Tyler Odom  @4 @16@Y@Tyler Odom          @INF/P   @6-0  @205  @Hattiesburg, MS                         @
Drew Standla@6 @16@Y@Drew Standland      @INF     @5-10 @160  @Hattiesburg, MS                         @
Kyle Liberto@7 @08@Y@Kyle Liberto        @INF/P   @6-0  @155  @Gulfport, MS                            @
Dylan Vuncan@8 @08@Y@Dylan Vuncannon     @C       @5-10 @180  @Tupelo, MS                              @
Brock McKnig@10@16@Y@Brock McKnight      @P       @6-2  @160  @Kosciusko, MS                           @
Trent Waddel@11@19@Y@Trent Waddell       @INF/P   @6-3  @210  @Tuscaloosa, AL                          @
Hunter Swart@12@16@Y@Hunter Swart        @P       @6-1  @220  @Louisville, MS                          @
Hunter Gasaw@13@08@Y@Hunter Gasaway      @C       @6-0  @175  @Pascagoula, MS                          @
Brad Swede  @15@16@Y@Brad Swede          @INF     @5-11 @200  @Olive Branch, MS                        @
Hunter Floyd@16@18@Y@Hunter Floyd        @P       @5-11 @170  @Hattiesburg, MS                         @
Joshua Griff@17@19@Y@Joshua Griffis      @P       @6-0  @190  @Jacksonville, FL                        @
Da'Keith Bur@18@16@Y@Da'Keith Burton     @P       @6-5  @180  @Picayune, MS                            @
J'Daylin Jac@19@11@Y@J'Daylin Jackson    @P       @5-9  @200  @Greenville, MS                          @
Ryan McKeown@20@11@Y@Ryan McKeown        @P       @6-0  @185  @Starke, FL                              @
Hunter Graha@21@19@Y@Hunter Graham       @P       @6-0  @220  @Meridian, MS                            @
Chase Reeves@22@19@Y@Chase Reeves        @OF      @6-0  @195  @Hamilton, MS                            @
Andrew Crane@23@09@Y@Andrew Crane        @P       @6-4  @190  @Pascagoula, MS                          @
Chase Camero@24@16@Y@Chase Cameron       @P       @6-2  @220  @Demopolis, AL                           @
Conner Burto@25@16@Y@Conner Burton       @P       @6-0  @200  @Mantee, MS                              @
Cody Allsup @26@08@Y@Cody Allsup         @P       @5-10 @200  @Caledonia, MS                           @
Brandon Rigd@27@08@Y@Brandon Rigdon      @P       @5-10 @170  @Louisville, MS                          @
Fredrico Moo@28@17@Y@Fredrico Moody      @OF      @5-11 @240  @Artesia, MS                             @
Colton Caver@29@16@Y@Colton Caver        @OF      @6-1  @210  @Gulfport, MS                            @
Tyler Young @30@11@Y@Tyler Young         @P       @5-6  @165  @Hattiesburg, MS                         @
Codie Silver@31@08@Y@Codie Silver        @C       @5-11 @215  @Pheba, MS                               @
Brandon Acke@32@11@Y@Brandon Acker       @OF/P    @6-1  @180  @Hattiesburg, MS                         @
Colby Ramey @35@16@Y@Colby Ramey         @INF     @6-0  @230  @Meridian, MS                            @
