Brad Nassaur@01@08@Y@Brad Nassaur        @INF     @     @     @                                        @
Connor Doyle@02@09@Y@Connor Doyle        @OF      @     @     @                                        @
Timmy Roszel@04@16@Y@Timmy Roszell       @INF     @     @     @                                        @
Stephen Fern@05@08@Y@Stephen Ferntheil   @C       @     @     @                                        @
Blake Miller@06@08@Y@Blake Miller        @P       @     @     @                                        @
Andrew Marti@07@16@Y@Andrew Martin       @P       @     @     @                                        @
Nick Rau    @09@16@Y@Nick Rau            @INF     @     @     @                                        @
Javec King  @10@08@Y@Javec King          @OF      @     @     @                                        @
Auston Peel @11@16@Y@Auston Peel         @C       @     @     @                                        @
Drew Powers @12@08@Y@Drew Powers         @P       @     @     @                                        @
Jones Farrib@14@19@Y@Jones Farriba       @OF      @     @     @                                        @
Eric Lloyd  @15@11@Y@Eric Lloyd          @INF     @     @     @                                        @
Josh Roye   @16@08@Y@Josh Roye           @P       @     @     @                                        @
Zach Cearley@17@16@Y@Zach Cearley        @P       @     @     @                                        @
Red Montgome@19@08@Y@Red Montgomery      @P       @     @     @                                        @
Judah Wollen@22@08@Y@Judah Wollenburg    @INF     @     @     @                                        @
Eric Boss   @23@08@Y@Eric Boss           @C       @     @     @                                        @
Colton Kerse@24@08@Y@Colton Kersey       @P       @     @     @                                        @
Mitch Weddin@25@17@Y@Mitch Wedding       @INF     @     @     @                                        @
Michael Oldh@26@08@Y@Michael Oldham      @OF      @     @     @                                        @
Blake Pullia@27@09@Y@Blake Pulliam       @OF      @     @     @                                        @
Deury Ventur@28@08@Y@Deury Ventura       @INF/P   @     @     @                                        @
Chris Rouse @29@08@Y@Chris Rouse         @P       @     @     @                                        @
Richard Love@31@11@Y@Richard Lovelady    @P       @     @     @                                        @
Phillip Ande@33@16@Y@Phillip Anderson    @P/DH    @     @     @                                        @
Austin Thoma@34@08@Y@Austin Thomas       @P       @     @     @                                        @
Josh Kicklig@35@16@Y@Josh Kicklighter    @1B      @     @     @                                        @
