Jonathan Bau@1 @17@Y@Jonathan Bauer      @Pitcher @5'8" @215  @Maple Ridge, BC                         @
Luis Griego @2 @19@Y@Luis Griego         @Outfield@5'3" @145  @El Paso, TX                             @
Gilbert Rued@3 @16@Y@Gilbert Ruedas      @Infield @5'8" @170  @El Paso, TX                             @
Jose Galindo@4 @08@Y@Jose Galindo        @Infield @5'6" @150  @El Paso, TX                             @
Beau Barnes @5 @08@Y@Beau Barnes         @Infield @5'10"@185  @Dallas, TX                              @
Steven Rober@6 @17@Y@Steven Robertson    @Infield @5'8" @170  @Haslet, TX                              @
Gregory Popy@7 @08@Y@Gregory Popylisen   @Outfield@6'0" @160  @Lone Tree, CO                           @
Angel Avalos@8 @17@Y@Angel Avalos        @Infield @5'11"@200  @El Paso, TX                             @
Jeremy River@10@12@Y@Jeremy Rivera       @Infield @5'10"@170  @Florida, PR                             @
Gerardo Chav@11@16@Y@Gerardo Chavez      @Infield @6'1" @205  @El Paso, TX                             @
Gerald Cebal@12@08@Y@Gerald Ceballos     @Catcher @5'11"@215  @Rio Grande, PR                          @
James Widman@13@08@Y@James Widman        @Pitcher @6'6" @245  @Lenexa, KS                              @
Eduardo Torr@14@16@Y@Eduardo Torres      @Pitcher @5'11"@180  @El Paso, TX                             @
Albert Aveyt@15@16@Y@Albert Aveytia      @Pitcher @5'10"@200  @El Paso, TX                             @
Colburn Wade@16@08@Y@Colburn Wade        @C       @6'1" @215  @Boise, ID                               @
Adrian Lucer@17@08@Y@Adrian Lucero       @Infield @5'7" @160  @La Mesa, NM                             @
Jan Matias  @18@08@Y@Jan Matias          @Outfield@5'7" @150  @San Juan, PR                            @
Aarone Monte@19@16@Y@Aarone Montes       @Pitcher @5'11"@205  @El Paso, TX                             @
Darius Charb@20@08@Y@Darius Charbonneau  @Pitcher @5'10"@205  @Houston, TX                             @
Mathew Olson@22@08@Y@Mathew Olson        @Pitcher @6'0" @180  @Baulkham Hills, AUS                     @
Brendan Some@24@08@Y@Brendan Somers      @Outfield@6'3" @185  @Victoria, BC                            @
Kailer Smith@25@08@Y@Kailer Smith        @Catcher @5'10"@170  @Port Orchard, WA                        @
Alejandro Ga@26@08@Y@Alejandro Garcia    @Pitcher @5'10"@235  @El Paso, TX                             @
Brandon Pars@28@08@Y@Brandon Parsons     @Infield @6'1" @195  @El Paso, TX                             @
Eudor Garcia@29@16@Y@Eudor Garcia        @Infield @6'0" @225  @El Paso, TX                             @
Travis Dotso@30@08@Y@Travis Dotson       @Pitcher @6'0" @200  @Leesburg, FL                            @
Russell Rebe@31@08@Y@Russell Reber       @Pitcher @6'3" @220  @Boise, ID                               @
Austin New  @32@11@Y@Austin New          @Pitcher @5'8" @145  @El Paso, TX                             @
Lorenzo Mele@33@19@Y@Lorenzo Melendez    @Infield @6'0" @232  @El Paso, TX                             @
Jose Galaviz@34@08@Y@Jose Galaviz        @Pitcher @6'6" @200  @El Paso, TX                             @
Anthony Gome@35@08@Y@Anthony Gomez       @Infield @5'6" @155  @El Paso, TX                             @
Derek Thomps@36@09@Y@Derek Thompson      @Outfield@6'0" @220  @Boise, ID                               @
Adam Cordova@44@08@Y@Adam Cordova        @Infield @5'11"@190  @El Paso, TX                             @
