Tyler Black @1 @08@Y@Tyler Black         @OF / P  @6'2  @180  @Eclectic, Al                            @
Tyler Stump @2 @16@Y@Tyler Stump         @2B / OF @5'10 @180  @Enterprise, Al                          @
Coby Adkinso@3 @19@Y@Coby Adkinson       @LHP     @6    @190  @Dothan, Al                              @
Brandon Carp@4 @16@Y@Brandon Carpenter   @2B      @5'9  @171  @Enterprise, al                          @
Patrick Cart@5 @16@Y@Patrick Carter      @SS      @5'8  @175  @Columbia, Al                            @
Taylor Grigs@6 @16@Y@Taylor Grigsby      @RHP     @5'11 @195  @Opelika, Al                             @
Lake Genard @7 @16@Y@Lake Genard         @RHP     @6'1  @185  @Newton, Al                              @
Hunter Aplin@8 @08@Y@Hunter Aplin        @C / 1B  @5'11 @225  @Samson, Al                              @
Michael Thom@10@17@Y@Michael Thomas      @OF      @6'1  @190  @Troy, Al                                @
Brandon Burc@11@08@Y@Brandon Burch       @2B      @5'8  @160  @Marianna, Fl                            @
Dalton Pritc@12@09@Y@Dalton Pritchett    @SS      @6'1  @180  @Opelika, Al                             @
James Elliot@13@08@Y@James Elliott       @RHP     @6    @175  @Marianna, Fl                            @
James Touhey@14@08@Y@James Touhey        @RHP     @6'3  @205  @Sebastian, Fl                           @
Colton Howel@15@09@Y@Colton Howell       @OF      @6'3  @180  @Hueytown, Al                            @
Zach Walls  @17@08@Y@Zach Walls          @OF      @6'2  @180  @Opelika, Al                             @
Matt Touhey @19@09@Y@Matt Touhey         @LHP     @6'3  @205  @Sebastian, Fl                           @
Chad Peters @20@08@Y@Chad Peters         @C       @6'4  @220  @Mobile, Al                              @
Kegan Speed @21@08@Y@Kegan Speed         @3B      @6    @180  @Dothan, Al                              @
Daniel Bedso@22@16@Y@Daniel Bedsole      @RHP     @6'2  @200  @Dothan, Al                              @
TJ Register @23@08@Y@TJ Register         @1B      @6'1  @215  @Opp, Al                                 @
Chip White  @24@16@Y@Chip White          @RHP     @6'3  @200  @Pansey, Al                              @
Zach Sims   @25@08@Y@Zach Sims           @3B      @6    @220  @Jacksonville, Al                        @
Preston Brow@26@16@Y@Preston Brown       @3b / OF @5'9  @190  @Dothan, Al                              @
James Ponder@27@08@Y@James Ponder        @OF / P  @6'2  @220  @Auburn, Al                              @
Kahlil Gilch@29@08@Y@Kahlil Gilchrist    @RHP     @6    @165  @Atlanta, Ga                             @
Harrison Col@30@08@Y@Harrison Collier    @OF / P  @6'1  @200  @Ozark, Al                               @
Zack Turvin @31@08@Y@Zack Turvin         @C       @5'9  @175  @Andalusia, Al                           @
Levi King   @32@11@Y@Levi King           @LHP     @6'3  @205  @Wicksburg, Al                           @
Jeremy Melto@33@19@Y@Jeremy Melton       @LHP/ OF @6'3  @190  @Fayetteville, Al                        @
