Josh Brosius@1 @00@Y@Josh Brosius        @        @     @     @                                        @
Brett Bauth @2 @00@Y@Brett Bauth         @        @     @     @                                        @
Evan Ryan   @3 @00@Y@Evan Ryan           @        @     @     @                                        @
Dane Cala   @4 @00@Y@Dane Cala           @        @     @     @                                        @
Marc Dileo  @5 @00@Y@Marc Dileo          @        @     @     @                                        @
Kyle Sherman@6 @00@Y@Kyle Sherman        @        @     @     @                                        @
Mike D'elett@7 @00@Y@Mike D'eletto       @        @     @     @                                        @
Sam Mccumske@8 @00@Y@Sam Mccumskey       @        @     @     @                                        @
Brendan O'Fl@9 @00@Y@Brendan O'Flynn     @        @     @     @                                        @
Dan Todoschu@10@00@Y@Dan Todoschuk       @        @     @     @                                        @
Austin Spind@11@00@Y@Austin Spindler     @        @     @     @                                        @
Nick Plant  @12@00@Y@Nick Plant          @        @     @     @                                        @
Jurry Hanson@13@00@Y@Jurry Hanson        @        @     @     @                                        @
Matt Lahn   @14@00@Y@Matt Lahn           @        @     @     @                                        @
Nick Caboot @15@00@Y@Nick Caboot         @        @     @     @                                        @
Lee Condon  @16@00@Y@Lee Condon          @        @     @     @                                        @
Tyler Hoffhi@17@00@Y@Tyler Hoffhines     @        @     @     @                                        @
Chris Newman@18@00@Y@Chris Newman        @        @     @     @                                        @
Jacob Weiser@19@00@Y@Jacob Weiser        @        @     @     @                                        @
Bobby Graczy@20@00@Y@Bobby Graczyk       @        @     @     @                                        @
Blair Lakso @21@00@Y@Blair Lakso         @        @     @     @                                        @
Alexio Medin@24@00@Y@Alexio Medina       @        @     @     @                                        @
Dustin Paul @26@00@Y@Dustin Paul         @        @     @     @                                        @
Ryan Douse  @28@00@Y@Ryan Douse          @        @     @     @                                        @
Phil Huang  @30@00@Y@Phil Huang          @        @     @     @                                        @
James Krolik@32@00@Y@James Krolikowski   @        @     @     @                                        @
Zach Wood   @33@00@Y@Zach Wood           @        @     @     @                                        @
Mike Schnurr@35@00@Y@Mike Schnurr        @        @     @     @                                        @
Cory Fohrd  @39@00@Y@Cory Fohrd          @        @     @     @                                        @
Bill Brancat@42@00@Y@Bill Brancatella    @        @     @     @                                        @
Reggie Jorge@55@00@Y@Reggie Jorge        @        @     @     @                                        @
