Alec Raley  @2 @19@Y@Alec Raley          @OF      @5'7  @150  @Dothan AL                               @
J.T. Peddric@3 @16@Y@J.T. Peddrick       @OF      @5'11 @170  @Foley AL                                @
Marshall Rol@4 @16@Y@Marshall Rolin      @INF     @5'8  @150  @Atmore AL                               @
Chance Randa@5 @08@Y@Chance Randall      @OF      @6'1  @250  @Scottsdale AZ                           @
Pete McKee  @6 @16@Y@Pete McKee          @OF      @6'0  @180  @Prattville AL                           @
James Dean  @7 @19@Y@James Dean          @P       @5'11 @188  @Atmore AL                               @
Caleb Lopes @8 @12@Y@Caleb Lopes         @INF     @5'7  @198  @Mobile AL                               @
Justin Ware @9 @08@Y@Justin Ware         @OF      @5'10 @170  @Mobile AL                               @
Jamie Smith @10@16@Y@Jamie Smith         @OF      @6'2  @200  @Pensacola FL                            @
Aaron Haynes@11@16@Y@Aaron Haynes        @P       @6'1  @210  @Grand Bay AL                            @
Omar Smith  @12@16@Y@Omar Smith          @INF     @5'10 @185  @Mobile AL                               @
Hayden Lott @13@08@Y@Hayden Lott         @INF     @6'4  @210  @Deatsville AL                           @
Lucas Hodges@14@08@Y@Lucas Hodges        @INF     @5'11 @190  @Vancleve MS                             @
Mason Brooks@15@08@Y@Mason Brooks        @p       @5'11 @192  @Bay Minette Al                          @
David Cromer@16@16@Y@David Cromer        @p       @5'11 @180  @Theodore Al                             @
Ivey Starlin@17@16@Y@Ivey Starling       @P       @6'1  @197  @Brentwood TN                            @
David Mosely@18@16@Y@David Mosely        @P       @6'0  @181  @Grand Bay AL                            @
Dalton Becke@19@08@Y@Dalton Becker       @INF     @6'0  @180  @Mobile AL                               @
Dylan Thomas@20@08@Y@Dylan Thomas        @P       @6-1  @190  @                                        @
Troy Andrews@21@16@Y@Troy Andrews        @P       @5'11 @180  @Theodore AL                             @
Garrett Kirk@22@16@Y@Garrett Kirkland    @P       @5'11 @165  @Irvington AL                            @
Damion Willi@23@08@Y@Damion Williams     @OF      @5'8  @199  @East Brewton AL                         @
Christian Sn@25@08@Y@Christian Snow      @INF     @6'5  @230  @Mcintosh AL                             @
Matt Holderf@26@11@Y@Matt Holderfield    @P       @5'11 @190  @Mobile AL                               @
Connor Alban@29@08@Y@Connor Albano       @C       @5'10 @175  @Mobile AL                               @
Heith Brown @30@19@Y@Heith Brown         @p       @6'0  @235  @Daphne Al                               @
Luis Corrale@32@08@Y@Luis Corrales       @C       @6'0  @204  @Hialeah FL                              @
E.J. Leto   @33@08@Y@E.J. Leto           @P       @5'11 @185  @                                        @
Chance Mancu@34@16@Y@Chance Mancuso      @P       @6'2  @198  @Fort Payne AL                           @
Garrett Wate@35@16@Y@Garrett Waters      @p       @6'0  @180  @Theodore Al                             @
Jacob Sweari@36@16@Y@Jacob Swearingen    @C       @5'11 @203  @Bay Minette AL                          @
Micha Blount@37@16@Y@Micha Blount        @INF     @6'0  @220  @Birmingham AL                           @
Tanner Willi@39@08@Y@Tanner Williams     @INF     @6'0  @170  @Tampa FL                                @
Austin Crook@40@19@Y@Austin Crook        @P       @6'3  @193  @Ft. Deposit AL                          @
Dennis Singl@41@11@Y@Dennis Singleterry  @P       @5'10 @155  @Waynesboro MS                           @
Brett Glover@45@08@Y@Brett Glover        @OF      @5'10 @175  @Mobile AL                               @
Dionny Moral@49@08@Y@Dionny Morales      @INF     @5'7  @160  @Jersey City NJ                          @
Crimson Lewi@51@08@Y@Crimson Lewis       @P       @6'0  @170  @Butler AL                               @
Thomas Hearn@52@08@Y@Thomas Hearn        @P       @5'10 @183  @Mobile AL                               @
Corey Wheato@54@12@Y@Corey Wheaton       @OF      @6'0  @160  @Scottsdale AZ                           @
