Michael Lipa@1 @16@Y@Michael Lipani      @C       @5' 8"@150  @Rochester, NY                           @
Matt Ashley @2 @08@Y@Matt Ashley         @INF     @5' 11@170  @Gouverneur, NY                          @
Danny D'Elet@3 @16@Y@Danny D'Eletto      @INF     @5' 10@185  @Walworth, NY                            @
Cameron Heas@4 @08@Y@Cameron Heasley     @INF     @5' 10@160  @Adams Center, NY                        @
Jay Perry   @5 @08@Y@Jay Perry           @C       @6'   @185  @Spencerport, NY                         @
Derick Fera @6 @16@Y@Derick Fera         @RHP     @6'   @180  @Lyons, NY                               @
Evan Santiag@7 @08@Y@Evan Santiago       @INF     @5' 5"@140  @East Irondequoit, NY                    @
Nick Petrant@8 @16@Y@Nick Petrantoni     @INF     @6' 4"@225  @Tarpon Springs, FL                      @
Brandon Ande@9 @19@Y@Brandon Anderson    @LHP     @6' 3"@190  @Port Byron, NY                          @
Tyler Keear @10@09@Y@Tyler Keear         @OF      @6'   @185  @Geneva, NY                              @
Sean Nudd   @11@11@Y@Sean Nudd           @P       @6' 2"@200  @East Rochester, NY                      @
Kane Shaw   @12@08@Y@Kane Shaw           @RHP     @5' 9"@145  @Pittsford, NY                           @
Alan Rombkow@13@16@Y@Alan Rombkowski     @RHP     @6' 2"@185  @Maumee, OH                              @
Nick Dolbear@14@16@Y@Nick Dolbear        @RHP     @6'   @175  @Mexico, NY                              @
Marc Peterso@15@08@Y@Marc Peterson       @OF      @6' 3"@185  @East Amherst, NY                        @
Ryan Landers@16@08@Y@Ryan Landers        @RHP     @6'   @170  @Fairport, NY                            @
Ryan Juergen@17@09@Y@Ryan Juergens       @INF     @6' 1"@220  @Rochester, NY                           @
Matt Horne  @19@16@Y@Matt Horne          @INF     @5' 8"@170  @Oneonta, NY                             @
Hunter Hey  @20@16@Y@Hunter Hey          @INF     @5' 10@165  @Penn Yan, NY                            @
Kenny Urbani@21@16@Y@Kenny Urbanik       @OF      @6' 4"@195  @Lyndonville, NY                         @
Zach Lyman  @22@16@Y@Zach Lyman          @RHP     @6'   @170  @Belmont, NY                             @
Kevin Carpen@23@16@Y@Kevin Carpentier    @RHP     @6' 4"@220  @Oswego, NY                              @
Braxton Wils@24@08@Y@Braxton Wilson      @OF      @6' 3"@200  @Rochester, NY                           @
Max Franzone@28@09@Y@Max Franzone        @INF     @6'   @200  @Nanuet, NY                              @
Elliot Austi@30@08@Y@Elliot Austin       @INF     @6'   @190  @Fillmore, NY                            @
Kevin Close @32@16@Y@Kevin Close         @RHP     @6' 4"@190  @Lodi, NY                                @
Austin Mille@33@08@Y@Austin Miller       @RHP     @6' 4"@175  @Geneva, NY                              @
Dalton Murra@34@08@Y@Dalton Murray       @RHP     @6' 1"@195  @Savannah, NY                            @
Matt Weinber@44@09@Y@Matt Weinberg       @C       @6' 2"@220  @East Amherst, NY                        @
