Chris Ford  @2 @09@Y@Chris Ford          @OF      @5'8  @155  @Dillon, SC                              @
Angel Garced@4 @08@Y@Angel Garced        @SS/2B   @5'10 @160  @Jackson, NJ                             @
Luke Westerb@5 @08@Y@Luke Westerberg     @C/OF    @6'1  @195  @Hamilton, NJ                            @
Trevor Hutto@6 @16@Y@Trevor Hutto        @RHP     @6'1  @185  @North Augusta, SC                       @
Tallon Turne@7 @09@Y@Tallon Turner       @2B      @5'6  @145  @Effingham, SC                           @
Hayden Buffk@8 @08@Y@Hayden Buffkin      @UTL     @6'3  @190  @Laurinburg, NC                          @
Nick Leffrid@9 @16@Y@Nick Leffridge      @RHP     @5'10 @180  @Jackson, TN                             @
Chris Stewar@10@08@Y@Chris Stewart       @C       @6'1  @194  @Boiling Springs, SC                     @
Daniel Huske@11@18@Y@Daniel Huskey       @LHP     @5'11 @180  @Goose Creek, SC                         @
Austin Labou@12@16@Y@Austin Labounty     @SS      @6'1  @195  @Leesville, SC                           @
Shane Dixon @13@16@Y@Shane Dixon         @RHP     @6'3  @190  @Beaufort, SC                            @
Josh Moore  @14@09@Y@Josh Moore          @3B/1B   @6'4  @210  @Newport News, VA                        @
Evan Raynor @15@16@Y@Evan Raynor         @RHP     @6'6  @220  @Florence, SC                            @
Taylor Fenne@16@19@Y@Taylor Fennewald    @1B      @6'3  @215  @Spotsylvania, VA                        @
Blake Winans@17@08@Y@Blake Winans        @RHP     @6'   @210  @Manning, SC                             @
Mike Doran  @18@16@Y@Mike Doran          @RHP     @6'3  @205  @Asbury, NJ                              @
Tyler Chappe@20@20@Y@Tyler Chappell      @RHP     @6'   @170  @Mudgeorab, Australia                    @
Jordan Picin@22@16@Y@Jordan Picini       @RHP     @6'1  @185  @N. Attleboro, MA                        @
Jack Fairclo@23@09@Y@Jack Faircloth      @3B/OF   @6'   @180  @Wilmington, NC                          @
Javoni Thoma@25@09@Y@Javoni Thomas       @1B      @6'   @220  @Brooklyn, NY                            @
Matt Godlesk@26@08@Y@Matt Godleski       @RHP     @6'3  @190  @Lexington, SC                           @
Alex Murphy @27@08@Y@Alex Murphy         @OF      @6'3  @215  @Clements, MD                            @
Kyle Bynum  @28@08@Y@Kyle Bynum          @OF      @6'3  @195  @Portsmouth, VA                          @
Quinton Cabl@29@11@Y@Quinton Cable       @OF      @6'   @185  @Summerville, SC                         @
Patrick Ward@30@11@Y@Patrick Ward        @LHP     @6'1  @195  @Georgetown, SC                          @
Brandon Hest@31@08@Y@Brandon Hester      @RHP     @6'7  @195  @Goose Creek, SC                         @
Zach Wimmer @34@08@Y@Zach Wimmer         @RHP     @6'2  @230  @Ladson, SC                              @
Willie Nasta@35@16@Y@Willie Nastasi      @RHP     @6'7  @220  @Centerville, MA                         @
Tyler Smith @36@19@Y@Tyler Smith         @LHP     @6'4  @200  @Sumter, SC                              @
Brant Willia@37@08@Y@Brant Williams      @OF      @6'5  @220  @Greensboro, NC                          @
Shane Donnel@39@08@Y@Shane Donnelly      @C       @6'2  @210  @Media, PA                               @
Nick Jobst  @40@08@Y@Nick Jobst          @RHP     @6'2  @250  @Lexington, SC                           @
