Ben Seigel  @1 @20@Y@Ben Seigel          @INF/OF  @5'10 @170  @Ft. Lauderdale                          @
Brandon Swas@2 @08@Y@Brandon Swass       @INF     @5'8  @165  @Wellington                              @
Tyler Lawren@3 @10@Y@Tyler Lawrence      @LHP     @6'3  @160  @Deltona                                 @
JR Cruess   @4 @16@Y@JR Cruess           @C/OF    @5'10 @180  @Jacksonville                            @
Scott Wright@5 @08@Y@Scott Wright        @INF     @6'1  @170  @Vero Beach                              @
Jeremy Taylo@7 @09@Y@Jeremy Taylor       @INF     @5'11 @195  @Fernandina Beach                        @
Brett Poling@8 @08@Y@Brett Poling        @INF     @5'11 @175  @Jacksonville                            @
Peter Rivera@9 @16@Y@Peter Rivera        @INF     @5'10 @200  @Wellington                              @
Kellan Baile@10@19@Y@Kellan Bailey       @LHP     @6'1  @190  @Lake City                               @
Kellan Baile@10@19@Y@Kellan Bailey       @LHP     @6'1  @190  @Lake City                               @
Nelson Mende@11@09@Y@Nelson Mendez       @RHP/C   @5'9  @160  @Debary                                  @
Jake Hellweg@12@09@Y@Jake Hellweg        @OF      @6'2  @175  @St. Charles                             @
Jaylen Woull@13@09@Y@Jaylen Woullard     @OF      @5'11 @180  @Biloxi                                  @
Hunter Filli@14@08@Y@Hunter Fillingim    @RHP     @5'9  @185  @Tallahassee                             @
CJ Eytel    @15@10@Y@CJ Eytel            @LHP/ UTL@5'10 @200  @Beavertown                              @
Gabriel Aurr@16@17@Y@Gabriel Aurrecoechia@OF      @5'10 @170  @Mirimar                                 @
Nick Gonzale@17@19@Y@Nick Gonzalez       @LHP     @5'9  @170  @Clermont                                @
Josh Knies  @18@08@Y@Josh Knies          @RHP     @6'1  @175  @Sarasota                                @
Tyler Reker @19@16@Y@Tyler Reker         @RHP     @6'6  @230  @Miami                                   @
Paul Schrier@20@16@Y@Paul Schrier        @INF     @6'1  @200  @Jacksonville                            @
Ethan Wilker@22@08@Y@Ethan Wilkerson     @C       @6    @230  @Glen St Mary                            @
Aaron Kincai@23@08@Y@Aaron Kincaid       @RHP     @6'1  @180  @Prairie Grove                           @
Zach Pinchot@24@16@Y@Zach Pinchot        @RHP     @6'1  @210  @JACKSONVILLE                            @
Sean Reicher@25@08@Y@Sean Reichert       @RHP     @6'5  @175  @Panama City Beach                       @
TJ Bradley  @26@11@Y@TJ Bradley          @LHP     @6    @160  @Ormand Beach                            @
Jesse Kiefer@27@08@Y@Jesse Kiefer        @OF      @5'9  @165  @Delray Beach                            @
Donnie Lovel@33@08@Y@Donnie Lovelady     @RHP     @5'10 @165  @St. Charles                             @
