Cody Tolbert@1 @08@Y@Cody Tolbert        @RHP     @5'10 @180  @Tulsa, OK                               @
Kaden Shaffe@2 @08@Y@Kaden Shaffer       @INF     @6'0  @185  @Ottawa,KS                               @
Alex Copelan@3 @16@Y@Alex Copeland       @C       @5'9  @185  @Tulsa, OK                               @
John Lynch  @4 @16@Y@John Lynch          @RHP     @6'0  @168  @Tulsa, OK                               @
Miles Wagner@5 @08@Y@Miles Wagner        @RHP     @6'1  @170  @Granberry, TX                           @
Lance Barkle@7 @16@Y@Lance Barkley       @OF      @6'2  @190  @Topeka,KS                               @
Matt Peterso@8 @08@Y@Matt Peterson       @RHP     @6'0  @180  @Shawnee, KS                             @
Zach Taylor @9 @17@Y@Zach Taylor         @INF     @6'1  @170  @Denver, CO                              @
Doug Jenkins@10@16@Y@Doug Jenkins        @INF     @5'11 @185  @Wichita,KS                              @
Parker O'Del@11@16@Y@Parker O'Dell       @OF      @5'11 @190  @Branson, MO                             @
Kolby Greens@12@08@Y@Kolby Greenslade    @INF     @6'1  @175  @Norwalk, IA                             @
Dalton Rook @13@08@Y@Dalton Rook         @INF     @6'0  @175  @Olathe, KS                              @
Danny Garret@14@10@Y@Danny Garrett       @LHP     @5'11 @160  @Dallas,TX                               @
Austin Oakes@15@16@Y@Austin Oakes        @OF      @6'1  @190  @Fort Worth, TX                          @
Sam Gilbert @16@17@Y@Sam Gilbert         @OF      @5'11 @175  @Pittsburg, KS                           @
Ethan Peacoc@19@18@Y@Ethan Peacock       @LHP     @6'3  @170  @Lees Summitt, MO                        @
Nate Westfah@20@10@Y@Nate Westfahl       @LHP     @6'3  @210  @Olathe, KS                              @
Aaron Mason @21@18@Y@Aaron Mason         @LHP     @5'9  @200  @Tulsa, OK                               @
Bobby Pierce@23@10@Y@Bobby Pierce        @LHP     @6'2  @175  @Tulsa, OK                               @
Josh Griffit@24@16@Y@Josh Griffith       @INF/RHP @6'4  @195  @Pleasant Hill, MO                       @
Jake Harvey @26@08@Y@Jake Harvey         @C       @6'3  @210  @Overland Park, KS                       @
Mike Sielins@27@08@Y@Mike Sielinski      @C       @6'4  @200  @Saginaw, MI                             @
Landon Holif@30@16@Y@Landon Holifield    @RHP     @6'5  @200  @Dallas, TX                              @
Jacob Boling@33@08@Y@Jacob Boling        @INF/RHP @6'4  @190  @St. Joseph, MO                          @
Brendan Jane@34@08@Y@Brendan Janes       @RHP     @6'3  @203  @Stilwell, KS                            @
