Kale Ward   @1 @08@Y@Kale Ward           @INF     @5'9" @150  @Mansfield, TX                           @
Ben McKenzie@2 @16@Y@Ben McKenzie        @INF/OF  @6'0" @185  @Dallas, TX                              @
Taylor Grady@3 @08@Y@Taylor Grady        @INF     @5'9" @140  @Amarillo, TX                            @
Nick Campagn@4 @08@Y@Nick Campagna       @RHP     @6'0" @165  @Dallas, TX                              @
John Baiada @5 @08@Y@John Baiada         @C       @5'11"@200  @Port St. Lucie, FL                      @
Trenton Pear@6 @08@Y@Trenton Pearson     @C       @6'1" @165  @Lubbock, TX                             @
Ricky Carril@7 @08@Y@Ricky Carrillo      @INF     @5'7" @160  @Seguin, TX                              @
William Hair@8 @08@Y@William Hairston    @UTL     @5'11"@190  @Dallas, TX                              @
Wesley Harri@9 @16@Y@Wesley Harris       @INF     @5'8" @170  @Ft. Worth, TX                           @
Walker Whart@10@11@Y@Walker Wharton      @LHP     @6'1" @190  @Ben Franklin, TX                        @
Joshua Spenc@11@19@Y@Joshua Spence       @LHP     @6'2" @175  @Cairns, Queensland                      @
Grant Hatzma@12@08@Y@Grant Hatzman       @OF      @6'0" @200  @Dallas, TX                              @
Dylan Norris@14@11@Y@Dylan Norris        @LHP     @6'0" @160  @Cypress, TX                             @
Trevor Settl@15@11@Y@Trevor Settles      @LHP     @5'11"@190  @Grapevine, TX                           @
Addison Russ@18@08@Y@Addison Russ        @RHP     @6'1" @150  @Amarillo, TX                            @
Josh Razo   @19@16@Y@Josh Razo           @INF     @6'0" @220  @Pearland, TX                            @
Nicholas San@20@08@Y@Nicholas Sanchez    @OF      @5'10"@195  @Amarillo, TX                            @
Wade Regas  @21@16@Y@Wade Regas          @RHP     @6'1" @190  @Red Oak, TX                             @
Larren Artis@22@16@Y@Larren Artis        @INF     @6'1" @245  @Amarillo, TX                            @
Trevor Rowle@23@16@Y@Trevor Rowlett      @Rhp     @6'3" @210  @Sweeny, TX                              @
German Herna@25@16@Y@German Hernandez    @RHP     @6'3" @210  @Cleburne, TX                            @
Chad Brown  @26@08@Y@Chad Brown          @INF     @6'0" @200  @Amarillo, TX                            @
Clayton Bake@28@11@Y@Clayton Baker       @LHP     @5'11 @210  @Lubbock, TX                             @
Marc-Andre H@29@16@Y@Marc-Andre Habeck   @RHP     @6'3  @200  @Winnipeg, Canada                        @
Charles Cunn@31@08@Y@Charles Cunningham  @RHP     @6'3" @225  @Grand Prarie, TX                        @
Jarryd Klemm@33@16@Y@Jarryd Klemm        @C/OF    @5'10"@205  @Adelade, Australia                      @
Conrad Wozni@34@16@Y@Conrad Wozniak      @RHP     @6'2" @240  @Cypress, TX                             @
