Casey Clauss@1 @17@Y@Casey Clauss        @OF      @2'10'@180  @Hatfield, PA                            @
Brian Wirth @2 @16@Y@Brian Wirth         @OF      @5'11'@165  @Woodbridge, VA                          @
Chris Mattis@4 @08@Y@Chris Mattison      @C       @6'4''@190  @Mount Joy, PA                           @
John Capwell@5 @16@Y@John Capwell        @OF/DH   @5'11'@190  @Vestal, NY                              @
Joe Gagliard@6 @08@Y@Joe Gagliardi       @INF     @5'10'@175  @Mechanicsburg, PA                       @
Marco Cardon@7 @16@Y@Marco Cardone       @RHP     @5'11'@170  @Hagerstown, MD                          @
Cole Boozel @8 @08@Y@Cole Boozel         @RHP/INF @5'11'@190  @Mount Union, PA                         @
Logan Johnso@10@19@Y@Logan Johnson       @LHP     @6'0''@160  @Charles Town, WV                        @
Nate Harmon @11@08@Y@Nate Harmon         @RHP     @5'9''@135  @Manassas, VA                            @
Cody Harman @12@16@Y@Cody Harman         @C       @6'0''@165  @Westminster, MD                         @
Chris Moylan@13@16@Y@Chris Moylan        @INF     @5'6''@155  @Haymarket, VA                           @
Jessie McAll@14@16@Y@Jessie McAllister   @INF     @5'10'@215  @Enola, PA                               @
Chris Collet@15@16@Y@Chris Colletti      @RHP     @6'1''@165  @Manassas, VA                            @
Matt Kurelja@16@16@Y@Matt Kurelja        @INF     @6'3''@220  @Mifflinburg, PA                         @
Ben Eppley  @17@19@Y@Ben Eppley          @OF/LHP  @5'11'@170  @Mechanicsburg, PA                       @
Logan Funk  @18@08@Y@Logan Funk          @INF     @5'11'@140  @Fort Loudon                             @
Austin Buckl@19@11@Y@Austin Buckley      @OF      @5'10'@165  @Gettysburg, PA                          @
Getz Garrett@20@08@Y@Getz Garrett        @INF     @5'9''@170  @Lebanon, PA                             @
Collin Mills@21@16@Y@Collin Mills        @RHP     @6'3''@210  @Union Bridge, MD                        @
Andrew Shrei@22@11@Y@Andrew Shreiner     @LHP/INF @5'11'@190  @Chambersburg, PA                        @
Adam Reed   @24@08@Y@Adam Reed           @RHP     @6'4''@220  @Purcellville, VA                        @
Logan Appel @28@10@Y@Logan Appel         @OF/LHP  @6'2''@190  @Hagerstown, MD                          @
Brian Laurit@30@08@Y@Brian Laurito       @C       @5'9''@190  @Northern Cambria                        @
Ryan Miller @35@16@Y@Ryan Miller         @INF/RHP @6'1''@210  @Sterling, VA                            @
Jared Knoll @42@16@Y@Jared Knoll         @RHP     @6'2''@210  @Oakton, VA                              @
