Michael Grav@1 @16@Y@Michael Gravel      @P       @5' 11@150  @Sidney, NY                              @
Gregory Mose@2 @16@Y@Gregory Mosetti     @OF, P   @5' 8"@155  @Gloversville, NY                        @
Joseph Deso @3 @08@Y@Joseph Deso         @RF      @6' 0"@165  @Colonie, NY                             @
Christopher @4 @11@Y@Christopher Rockefel@P, CF   @6' 3"@180  @Gloversville, NY                        @
Gregory Rudd@5 @17@Y@Gregory Ruddy       @SS      @6' 1"@170  @Troy, NY                                @
Andrew House@6 @08@Y@Andrew Houser       @C, 1B   @6' 0"@210  @Wynantskill, NY                         @
Tyler Becker@7 @09@Y@Tyler Becker        @2B, C   @6' 0"@150  @Cohoes, NY                              @
Zeb Gaston  @8 @16@Y@Zeb Gaston          @2B, P   @5' 5"@150  @Troy, NY                                @
Kevin Chrism@9 @08@Y@Kevin Chrisman      @C       @6' 2"@220  @Little Falls, NY                        @
Cullen Beaur@10@16@Y@Cullen Beauregard   @2B      @5' 5"@190  @Fort Plain, NY                          @
Anthony Visc@11@08@Y@Anthony Visco       @P, RF, S@5' 10@160  @                                        @
Matt Hecht  @12@08@Y@Matt Hecht          @C       @5' 10@160  @Johnstown, NY                           @
Shawn Strong@13@16@Y@Shawn Strong        @Utility @5' 10@225  @Oriskany Falls, NY                      @
William Hewi@15@08@Y@William Hewitt      @P       @6' 0"@207  @Clifton Park, NY                        @
Kristian Mak@17@08@Y@Kristian Maksuti    @3B, SS  @6' 1"@195  @Delmar, NY                              @
Jason Roth  @18@16@Y@Jason Roth          @CF, LF  @6' 1"@160  @Johnstown, NY                           @
Jason Aglest@19@08@Y@Jason Aglesta       @3B, P   @5' 10@172  @Amsterdam, NY                           @
James Waters@21@08@Y@James Waters        @3B, 1B  @6' 0"@205  @Troy, NY                                @
Christian Ma@22@08@Y@Christian Maldonado @P       @6' 0"@195  @Troy, NY                                @
Alex Vickery@23@16@Y@Alex Vickery        @LF, RF  @5' 9"@180  @Gloversville, NY                        @
Sam Flood   @24@10@Y@Sam Flood           @P       @5' 11@152  @Rotterdam, NY                           @
Joe Nellis  @27@11@Y@Joe Nellis          @P       @6' 0"@205  @Johnstown, NY                           @
Avery Ford  @31@16@Y@Avery Ford          @P, C, DH@6' 0"@205  @Fairfield, CT                           @
Tim Gordon  @32@16@Y@Tim Gordon          @C, OF   @5' 6"@210  @Galway, NY                              @
James Holmes@33@16@Y@James Holmes        @P       @6' 5"@210  @Niskayuna, NY                           @
Dennis Buckl@34@16@Y@Dennis Buckley      @P       @5' 11@195  @Colonie, NY                             @
Brian De los@42@08@Y@Brian De los Santos @RF, 1B  @6' 0"@234  @Brooklyn, NY                            @
