Nathan Turne@2 @16@Y@Nathan Turner       @CF      @5'8" @155  @Pflugerville, TX                        @
Joshua Santo@5 @08@Y@Joshua Santos-Torres@SS      @5'10"@165  @San Juan, PR                            @
Eric Perez  @6 @08@Y@Eric Perez          @OF      @6'0" @175  @Corpus Christi, TX                      @
Kevin Macias@7 @08@Y@Kevin Macias        @2B      @5'7" @160  @Pearland, TX                            @
Zach Drouill@9 @08@Y@Zach Drouillard     @RF      @6'3" @200  @Orange, TX                              @
Laiky Uribe @10@16@Y@Laiky Uribe         @C       @5'11"@210  @Bronx, NY                               @
Ross McWhort@11@17@Y@Ross McWhorter      @1B      @6'2" @210  @Pearland, TX                            @
Austin Baron@13@17@Y@Austin Baron        @LF      @5'11"@185  @Bryan, TX                               @
Josh Stokman@14@16@Y@Josh Stokmans       @C       @5'11"@180  @POearland, TX                           @
Taylor Beene@15@08@Y@Taylor Beene        @2B/SS   @6'0" @180  @Humble, TX                              @
Ethan Stremm@16@16@Y@Ethan Stremmel      @RHP     @6'0" @175  @Lake Jackson, TX                        @
Brian Baker @17@16@Y@Brian Baker         @RHP     @6'3" @220  @Round Rock, TX                          @
Jonathan Hen@18@11@Y@Jonathan Hennigan   @LHP     @6'3" @160  @Center, TX                              @
Kyle Leggett@19@16@Y@Kyle Leggett        @RHP     @5'11"@170  @Mont Belvieu, TX                        @
Guillaume Bl@20@19@Y@Guillaume Blanchette@LHP     @6'1" @175  @St. Constant, QC                        @
Shelby Colli@21@08@Y@Shelby Collier      @RHP     @5'10"@165  @Houston, TX                             @
Jeremy Sylve@22@08@Y@Jeremy Sylvester    @RHP     @5'11"@175  @Regina, SK                              @
Ben Cone    @23@16@Y@Ben Cone            @RHP     @6'2" @175  @Glenwood, NSW                           @
Zach Cruz   @24@08@Y@Zach Cruz           @RHP     @5'11"@165  @Port Lavaca, TX                         @
Jose Garcia @25@08@Y@Jose Garcia         @C       @6'0" @205  @San Diego, CA                           @
Jose Rendon @28@16@Y@Jose Rendon         @RHP     @6'3" @220  @Eagle Pass, TX                          @
Raphael Glad@29@09@Y@Raphael Gladu       @3B      @6'1" @185  @Trois Rivieres, QC                      @
Ryan Larison@30@08@Y@Ryan Larison        @RHP     @6'3" @180  @Luling, TX                              @
Gabriel Klob@31@08@Y@Gabriel Klobosits   @RHP     @6'6" @275  @Katy, TX                                @
Cutter McDow@32@16@Y@Cutter McDowell     @RF      @6'3" @200  @Friendswood, TX                         @
Jorge Davila@33@08@Y@Jorge Davila        @1B      @6'0" @195  @Saltillo, MX                            @
Zac Vasek   @34@08@Y@Zac Vasek           @RHP     @6'1" @190  @Rosenberg, TX                           @
Michael Tann@35@11@Y@Michael Tanner      @LHP     @6'3" @175  @Spring, TX                              @
