Tyler Tucker@1 @11@Y@Tyler Tucker        @OF/LHP  @6-1  @170  @Wheat Ridge, CO                         @
Kadin Hydric@2 @11@Y@Kadin Hydrick       @OF      @5-9  @170  @Jonesboro, AR                           @
Tyler Alitz @3 @16@Y@Tyler Alitz         @SS      @5-10 @185  @                                        @
Brandon Zipp@4 @16@Y@Brandon Zipper      @C       @5-10 @175  @Lenexa, KS                              @
Chris Lobato@5 @16@Y@Chris Lobato        @C       @5-10 @160  @Albuquerque, NM                         @
Zach Barton @7 @17@Y@Zach Barton         @INF     @6-0  @180  @Omaha, NE                               @
CJ Krainock @8 @08@Y@CJ Krainock         @INF     @6-0  @175  @Colorado Springs, CO                    @
Cale Dineen @9 @08@Y@Cale Dineen         @INF     @6-1  @185  @Omaha, NE                               @
Brooks Truji@10@16@Y@Brooks Trujillo     @RHP     @6-1  @175  @Parker, CO                              @
Bradley Spir@11@16@Y@Bradley Spires      @RHP     @6-1  @195  @Evans, GA                               @
Nolan Barrie@12@16@Y@Nolan Barrientos    @1B      @6-1  @210  @Wichita, KS                             @
Kaleb Zimmer@14@16@Y@Kaleb Zimmer        @OF      @5-11 @180  @Omaha, NE                               @
Dalton Cook @15@08@Y@Dalton Cook         @INF/RHP @5-11 @175  @Great Falls, MT                         @
JJ Benes    @16@09@Y@JJ Benes            @RHP     @6-1  @190  @Omaha, NE                               @
Austin Aspeg@17@16@Y@Austin Aspegren     @RHP     @6-0  @170  @Omaha, NE                               @
Triffon Tata@18@09@Y@Triffon Tatarin     @OF      @6-1  @200  @Vegreville, AB                          @
Tyler Clappe@19@16@Y@Tyler Clapper       @RHP     @6-1  @165  @Broomfield, CO                          @
Francisco Al@20@08@Y@Francisco Alvarez   @C       @6-1  @185  @Woodward, OK                            @
Josh Heifner@21@16@Y@Josh Heifner        @RHP     @6-1  @190  @Hays, KS                                @
Chris Bonk  @22@16@Y@Chris Bonk          @RHP     @6-4  @210  @Fort Collins, CO                        @
Marcus McKin@23@08@Y@Marcus McKinney     @RHP     @6-1  @205  @Fort Collins, CO                        @
Tyler Franek@24@08@Y@Tyler Franek        @RHP     @6-3  @175  @Grand Lake, CO                          @
Tony Yacovet@26@08@Y@Tony Yacovetta      @RHP     @6-3  @175  @Denver, CO                              @
Rocky Desant@28@19@Y@Rocky Desantis      @1B      @5-11 @205  @Broomfield, CO                          @
Anthony Kaas@29@08@Y@Anthony Kaasch      @RHP     @6-0  @180  @Parker, CO                              @
Dalton Shalb@30@08@Y@Dalton Shalberg     @RHP     @6-4  @175  @Lakin, KS                               @
Braden Sager@31@08@Y@Braden Sager        @RHP     @6-3  @245  @RHP                                     @
Josh Thomas @32@16@Y@Josh Thomas         @RHP     @6-3  @215  @Parker, CO                              @
Madison Spen@33@16@Y@Madison Spencer     @RHP     @6-1  @195  @Aurora, CO                              @
Jaxon Mohr  @34@16@Y@Jaxon Mohr          @C       @5-11 @200  @Littleton, CO                           @
Jake Eiklebe@39@19@Y@Jake Eikleberry     @LHP     @6-3  @220  @Byers, CO                               @
