Logan Comphe@1 @16@Y@Logan Comphel       @        @     @     @                                        @
Evan McFarla@2 @08@Y@Evan McFarland      @        @     @     @                                        @
Brice Longan@3 @10@Y@Brice Longanecker   @        @     @     @                                        @
Jed Brockbra@4 @16@Y@Jed Brockbrader     @        @     @     @                                        @
Gavin Hall  @5 @08@Y@Gavin Hall          @        @     @     @                                        @
Gary Sheffie@6 @08@Y@Gary Sheffield      @        @     @     @                                        @
Ernie Santa @7 @20@Y@Ernie Santa Cruz    @        @     @     @                                        @
Dante Grisso@8 @08@Y@Dante Grissom       @        @     @     @                                        @
Ryan Cooper @9 @16@Y@Ryan Cooper         @        @     @     @                                        @
Luke Christi@10@08@Y@Luke Christianson   @        @     @     @                                        @
Torgen Soder@11@08@Y@Torgen Soderlund    @        @     @     @                                        @
Tyler Clancy@12@19@Y@Tyler Clancy        @        @     @     @                                        @
Billy Clemen@13@08@Y@Billy Clemens       @        @     @     @                                        @
Casey Thomas@14@16@Y@Casey Thomas        @        @     @     @                                        @
Zach Rehmer @15@08@Y@Zach Rehmer         @        @     @     @                                        @
Ryan Tomita @16@16@Y@Ryan Tomita         @        @     @     @                                        @
Rick Riley  @18@09@Y@Rick Riley          @        @     @     @                                        @
Keaton Boyse@19@19@Y@Keaton Boysen       @        @     @     @                                        @
Freddie Jime@20@16@Y@Freddie Jimenez     @        @     @     @                                        @
Cayman Capta@21@19@Y@Cayman Captain      @        @     @     @                                        @
Brett Clark @22@22@Y@Brett Clark         @        @     @     @                                        @
Randy Dalrym@23@16@Y@Randy Dalrymple     @        @     @     @                                        @
Billy Clappe@24@08@Y@Billy Clapperton    @        @     @     @                                        @
Xavier Truji@25@09@Y@Xavier Trujillo     @        @     @     @                                        @
Kyle Rowe   @27@16@Y@Kyle Rowe           @        @     @     @                                        @
Ryan Riley  @28@09@Y@Ryan Riley          @        @     @     @                                        @
Tommy Hardin@29@08@Y@Tommy Harding       @        @     @     @                                        @
Nolan Whittl@34@16@Y@Nolan Whittlesey    @        @     @     @                                        @
Patrick O'Re@40@16@Y@Patrick O'Reilly    @        @     @     @                                        @
