Christopher @1 @08@Y@Christopher Soto    @INF     @5'10 @180  @Orlando, FL                             @
Chris Ossa  @3 @08@Y@Chris Ossa          @P       @6'2  @170  @Clarence, NY                            @
Eric Alcanta@5 @16@Y@Eric Alcantara      @OF      @6'2  @180  @New York, NY                            @
Eliecer Carr@6 @00@Y@Eliecer Carrera     @OF      @5'11 @190  @Rochester                               @
Earl Blackmo@7 @08@Y@Earl Blackmon       @OF      @6'0  @185  @Rochester, NY                           @
Meruenty Lou@8 @08@Y@Meruenty Lourens    @OF/P    @6'1  @175  @Curacao                                 @
Bobby Colant@9 @16@Y@Bobby Colanturono   @OF      @5'9  @170  @Lansing, IL                             @
Nick Ranta  @10@08@Y@Nick Ranta          @OF/P    @6'2  @190  @Canada                                  @
Joel Ettridg@11@08@Y@Joel Ettridge       @3B/1B   @6'2  @180  @Adelaide, AUS                           @
Josh Maier  @12@16@Y@Josh Maier          @OF      @5'10 @175  @Brockport, NY                           @
Alex Lyons  @13@16@Y@Alex Lyons          @INF     @6'3  @210  @Syare, PA                               @
Adam Pratt  @14@19@Y@Adam Pratt          @P       @6'1  @175  @Batavia                                 @
Rafael Lozad@15@17@Y@Rafael Lozada       @1B      @6'2  @200  @Dominican Republic                      @
Randy Mutt  @16@16@Y@Randy Mutt          @RHP     @6'4  @175  @Puerto Rico                             @
Ryan DiMarti@17@16@Y@Ryan DiMartino      @P, 1B   @6'3  @225  @Batavia, NY                             @
Kyyle McClea@18@08@Y@Kyyle McClean       @C       @5'11 @215  @Mississauga, ONT                        @
Phillie Guzm@20@08@Y@Phillie Guzman      @3B      @5'11 @190  @New York, NY                            @
Colin Vogt  @21@08@Y@Colin Vogt          @C       @6'3  @180  @Dansville, NY                           @
David Clarke@22@08@Y@David Clarke        @P       @6'4  @200  @Attica, NY                              @
