Kyle Anulao @1 @08@Y@Kyle Anulao         @OF      @5'9  @170  @                                        @
Shane Soria @2 @19@Y@Shane Soria         @OF      @5'8  @165  @                                        @
Brandon LeBo@3 @08@Y@Brandon LeBoeuf     @OF      @5'8  @155  @                                        @
Adam Webb   @4 @16@Y@Adam Webb           @C       @5'9  @185  @                                        @
Ryan Schwarz@6 @11@Y@Ryan Schwarz        @P       @5'9  @145  @                                        @
Jon Meyer   @7 @09@Y@Jon Meyer           @IF      @6'   @180  @                                        @
Dylan Begley@8 @11@Y@Dylan Begley        @P       @5'9  @150  @                                        @
Stanley Gawe@9 @08@Y@Stanley Gawelko     @IF      @5'11 @160  @                                        @
Roger Amador@10@16@Y@Roger Amador        @IF      @5'10 @155  @                                        @
Ivan Alvarez@11@16@Y@Ivan Alvarez        @P       @5'10 @165  @                                        @
Marcos Gomez@12@17@Y@Marcos Gomez        @IF      @5'7  @170  @                                        @
Ryan Benedic@13@16@Y@Ryan Benedict       @IF      @5'10 @190  @                                        @
Jake Harner @14@08@Y@Jake Harner         @P       @6'1  @165  @                                        @
Alex Colegro@15@16@Y@Alex Colegrove      @IF      @6'   @175  @                                        @
Jade Bilbrey@16@08@Y@Jade Bilbrey        @IF/P    @6'   @165  @                                        @
Ethan Percel@17@16@Y@Ethan Percell       @OF      @6'3  @180  @                                        @
Alex Buya   @18@20@Y@Alex Buya           @OF      @6'2' @195  @                                        @
Houston Samu@19@16@Y@Houston Samuel      @P       @6'3  @175  @                                        @
Casey Kenned@20@16@Y@Casey Kennedy       @P       @6'5  @190  @                                        @
Matt Haro   @21@18@Y@Matt Haro           @P       @6'   @215  @                                        @
Cameron Bren@22@16@Y@Cameron Brendel     @P       @6'2  @190  @                                        @
Adam Alvarez@24@08@Y@Adam Alvarez        @C       @6'1  @175  @                                        @
Austin Arias@25@17@Y@Austin Arias        @1B      @6'   @215  @                                        @
Hayden Hill @26@08@Y@Hayden Hill         @P       @6'   @185  @                                        @
Tyler Abrego@27@08@Y@Tyler Abrego        @P       @6'3  @190  @                                        @
Max Schober @28@08@Y@Max Schober         @C       @5'10 @205  @                                        @
Michael Jaco@29@16@Y@Michael Jacobo      @P       @6'3  @180  @                                        @
Payton Deite@31@08@Y@Payton Deiters      @1B      @6'1  @210  @                                        @
Cooper Gray @32@08@Y@Cooper Gray         @OF      @6'   @175  @                                        @
Tony Blanfor@33@16@Y@Tony Blanford       @P/1B    @6'3  @200  @                                        @
