Jorge Castro@2 @12@Y@Jorge Castro        @INF     @6'0  @160  @Yonkers, NY                             @
Joshua Hilar@4 @19@Y@Joshua Hilario      @1B      @5'11 @205  @Santo Domingo, DR                       @
Cesar Valdez@5 @16@Y@Cesar Valdez        @C/3B    @5'11 @185  @Santiago, DR                            @
Jose Rosado @6 @16@Y@Jose Rosado         @2B/SS   @5'7  @160  @Bronx, NY                               @
Jean Olivera@7 @08@Y@Jean Oliveras       @INF     @5'10 @175  @Juana Diaz, PR                          @
Edel Luaces-@10@08@Y@Edel Luaces-Alvarez @OF      @6'5  @200  @Miami, FL                               @
Lerone Lashl@12@16@Y@Lerone Lashley      @SS      @5'9  @155  @Queens, NY                              @
Roosevelt Ca@13@08@Y@Roosevelt Casado    @OF      @6'0  @185  @Elizabeth, NJ                           @
Jonathan Riv@15@08@Y@Jonathan Rivera     @P       @5'11 @165  @Orlando, FL                             @
Hugo Lantigu@17@16@Y@Hugo Lantigua       @Utl.    @5'11 @190  @Manhattan, NY                           @
Hailyn Salce@18@08@Y@Hailyn Salcedo      @OF      @6'0  @215  @Brooklyn, NY                            @
Hansel Felix@19@08@Y@Hansel Felix        @P       @6'3  @190  @Manhattan, NY                           @
Harold Salce@20@08@Y@Harold Salce        @Utl.    @5'10 @210  @Jersey City, NJ                         @
Nicolas Cont@21@09@Y@Nicolas Contreras   @INF     @5'9  @180  @Caracas, Ven                            @
Edwin Saint-@22@08@Y@Edwin Saint-Hilaire @OF      @6'0  @190  @Yonkers,NY                              @
Jehan Delgad@23@08@Y@Jehan Delgado       @1B/C    @6'2  @210  @Sao Paulo, Brazil                       @
Elmer Rosari@24@08@Y@Elmer Rosario       @INF     @5'10 @200  @Orlando, FL                             @
Gabriel Jasp@25@16@Y@Gabriel Jaspe       @C       @5'10 @180  @Caracas, Ven                            @
Francisco Be@26@08@Y@Francisco Berrios   @P       @6'1  @230  @Altamonte Springs, FL                   @
Manuel Diese@27@09@Y@Manuel Diese        @OF      @6'1  @155  @Manhattan, NY                           @
Jordan Contr@28@08@Y@Jordan Contreras    @C       @6'0  @210  @Jersey City, NJ                         @
Juan Perez  @29@08@Y@Juan Perez          @3B      @6'0  @195  @Bronx, NY                               @
Jose Torres @33@16@Y@Jose Torres         @P       @5'11 @190  @Santiago, DR                            @
Adrian River@37@08@Y@Adrian Rivera       @P       @6'1  @215  @Port St. Lucie, FL                      @
Junior Reyes@38@08@Y@Junior Reyes        @P       @6'2  @230  @Santo Domingo, DR                       @
Harvy Henriq@42@08@Y@Harvy Henriquez     @P       @5'10 @155  @La Vega, DR                             @
