Pat Kane    @1 @16@Y@Pat Kane            @Inf/LF  @5'9  @175  @Sewell                                  @
Andrew Biggs@2 @08@Y@Andrew Biggs        @P       @6'2  @190  @Millville                               @
Seth Dorety @3 @16@Y@Seth Dorety         @INF     @6'0  @1890 @Woodstown                               @
Alex Sankey @4 @08@Y@Alex Sankey         @Inf/P   @6'0  @170  @Delran                                  @
Tom Hildebra@5 @08@Y@Tom Hildebrand      @Inf     @6'0  @190  @Washington Twp                          @
Shane Willia@6 @09@Y@Shane Williams      @1B      @6'1  @200  @Philadelphia                            @
John Brucker@7 @17@Y@John Brucker        @INF     @6'0  @180  @Sparta                                  @
Shane Brown @8 @03@Y@Shane Brown         @OF      @5'11 @180  @Annandale                               @
Emil Zorrill@9 @08@Y@Emil Zorrilla       @C       @6'1  @215  @Harrison                                @
Matt Lang   @12@08@Y@Matt Lang           @INF     @5'11 @170  @Williamstown                            @
Eli Garcia  @13@16@Y@Eli Garcia          @P       @6'0  @180  @Trenton                                 @
Jake Regina @14@08@Y@Jake Regina         @3b/P    @6'2  @185  @Rutherford                              @
Bryan Melend@16@20@Y@Bryan Melendez      @OF      @6'0  @185  @Lansdale, PA                            @
Shane Garret@17@17@Y@Shane Garrett       @INF     @6'3  @185  @Marlton                                 @
Cody German @19@08@Y@Cody German         @P       @6'2  @190  @Washington Twp                          @
Jon Young   @20@08@Y@Jon Young           @P       @6'0  @195  @Berlin                                  @
Jon Gonzales@21@08@Y@Jon Gonzales        @C       @6'2  @200  @Winslow                                 @
Andrew Schor@23@11@Y@Andrew Schorr       @P       @6'1  @190  @Audobon                                 @
Corey Capald@24@08@Y@Corey Capaldi       @OF      @6'2  @215  @Souderton                               @
Corey Lerche@25@16@Y@Corey Lerche        @1b      @6'4  @225  @New Rochelle, NY                        @
George Monse@26@16@Y@George Monsen       @OF      @6'2  @190  @Waynes                                  @
Ben Hoffman @29@08@Y@Ben Hoffman         @P       @6'1  @175  @Voorhees                                @
Andrew Cohen@30@08@Y@Andrew Cohen        @P       @6'3  @165  @Monroe                                  @
Ned Kerr    @31@18@Y@Ned Kerr            @C       @6'0  @180  @Clementon                               @
Mike Melende@33@08@Y@Mike Melendez       @INF     @6'2  @180  @Lansdale, PA                            @
Conner Walsh@35@11@Y@Conner Walsh        @P       @6'2  @190  @Magnolia                                @
Billy Riches@36@08@Y@Billy Riches        @C       @6'0  @200  @Staten Island                           @
Ian MacQueen@37@08@Y@Ian MacQueen        @P       @6'5  @170  @West Deptford                           @
Mike Sulliva@41@19@Y@Mike Sullivan       @P       @6'2  @200  @Staten Island                           @
Kyle Taylor @42@11@Y@Kyle Taylor         @R       @6'3  @190  @Sicklerville                            @
Christian Wa@51@02@Y@Christian Wals      @1b      @6'4  @245  @Magnolia                                @
