Kameron Whit@1 @17@Y@Kameron Whitaker    @IF      @6'0  @164  @Colquitt, GA                            @
Jesus Monser@2 @08@Y@Jesus Monserrat     @IF      @5'11 @145  @Warner Robins, GA                       @
Nick Andrews@3 @11@Y@Nick Andrews        @P       @5'10 @178  @Powder Springs, GA                      @
Dylan Dore  @4 @16@Y@Dylan Dore          @OF      @5'11 @175  @Cumming, GA                             @
Zane Conlon @5 @08@Y@Zane Conlon         @OF      @5'8  @165  @Bonaire, GA                             @
Logan Smith @6 @11@Y@Logan Smith         @OF      @5'11 @157  @McDonough, GA                           @
Tyler Hutch @7 @16@Y@Tyler Hutch         @OF      @5'8  @146  @Braselton, GA                           @
Cody Mazzate@8 @16@Y@Cody Mazzatenta     @P       @6'0  @176  @Woodstock, GA                           @
Bryce Todd  @9 @08@Y@Bryce Todd          @IF      @5'6  @142  @LaGrange, GA                            @
LaDeavon Mat@11@08@Y@LaDeavon Matthews   @IF      @5'11 @188  @Dallas, GA                              @
Jake Jones  @12@08@Y@Jake Jones          @P       @6'2  @161  @Covington, GA                           @
Tyler Robert@13@08@Y@Tyler Roberts       @P       @5'11 @180  @Grovetown, GA                           @
Dylan Pepper@14@16@Y@Dylan Peppers       @P       @6'0  @190  @Good Hope, GA                           @
Nobel Severi@15@11@Y@Nobel Severino      @P       @5'11 @150  @Dalton, GA                              @
Garry Gwaltn@17@09@Y@Garry Gwaltney      @IF      @6'3  @160  @Lawrenceville, GA                       @
Nick High   @18@08@Y@Nick High           @OF      @5'11 @187  @East Point, GA                          @
Cole Oliver @19@08@Y@Cole Oliver         @P       @6'2  @181  @Rome, GA                                @
Tyler Clark @20@16@Y@Tyler Clark         @IF      @6'0  @173  @Fayetteville, GA                        @
Bill Hendric@21@11@Y@Bill Hendricks      @P       @6'0  @158  @Homerville, GA                          @
Kane Keith  @22@11@Y@Kane Keith          @P       @6'0  @172  @Hogansville, GA                         @
Zach Ross   @23@16@Y@Zach Ross           @OF      @5'10 @162  @Cartersville, GA                        @
Tony Dalpont@24@08@Y@Tony Dalponte       @IF      @6'1  @194  @Columbus, GA                            @
Chase Johnso@25@08@Y@Chase Johnson       @C       @6'0  @189  @Anniston, AL                            @
Nick Martens@27@08@Y@Nick Martens        @P       @6'4  @212  @Kathleen, GA                            @
Coleman Butl@28@08@Y@Coleman Butler      @P       @6'3  @210  @Albany, GA                              @
Jordan Dwyer@30@17@Y@Jordan Dwyer        @IF      @6'0  @225  @Woodstock, GA                           @
Hunter Thorn@33@08@Y@Hunter Thornton     @C       @6'1  @210  @Lilburn, GA                             @
Peyton Kell @34@09@Y@Peyton Kell         @C       @5'11 @198  @Macon, GA                               @
Anthony Paes@35@11@Y@Anthony Paesano     @P       @6'4  @156  @Canton, GA                              @
