Matt McLean @4 @17@Y@Matt McLean         @OF      @5'11 @185  @Plano                                   @
Luke Hamblin@5 @11@Y@Luke Hamblin        @OF      @6'2  @175  @Rowlett                                 @
Trey Rodrigu@6 @16@Y@Trey Rodriguez      @INF     @5'9  @185  @Corpus Christi                          @
Zack Files  @7 @09@Y@Zack Files          @INF     @6'2  @210  @Ft. Worth                               @
Jordan Jacks@8 @11@Y@Jordan Jackson      @P       @6'1  @180  @Sulphur Springs                         @
Willie Schwa@9 @17@Y@Willie Schwanke     @INF/P   @6'1  @195  @Frisco                                  @
Mason Eng   @11@08@Y@Mason Eng           @INF     @6'1  @180  @Plainview, NY                           @
Cory Scheibn@13@08@Y@Cory Scheibner      @P       @6'1  @175  @Allen                                   @
Austin Krajn@15@16@Y@Austin Krajnak      @OF      @6'3  @225  @Little Elm                              @
Weston Pitts@17@16@Y@Weston Pitts        @C       @5'8  @170  @Flower Mound                            @
Grayson Huff@19@11@Y@Grayson Huffman     @P       @6'2  @190  @Weatherford                             @
Ronald Jacks@20@19@Y@Ronald Jackson      @OF      @6'0  @160  @Desoto                                  @
Zack Reding @21@19@Y@Zack Reding         @OF      @6'2  @215  @Dallas                                  @
Brad Adams  @22@16@Y@Brad Adams          @P       @6'3  @225  @Hurst                                   @
James Gillea@23@16@Y@James Gillean       @INF     @6'3  @190  @Denton                                  @
Trey Marker @24@11@Y@Trey Marker         @P       @6'1  @185  @Bixby                                   @
Taylor Becer@26@08@Y@Taylor Becerra      @INF     @6'1  @210  @Coppell                                 @
Jean Ramirez@27@16@Y@Jean Ramirez        @C       @6'1  @225  @Ft. Worth                               @
Chris Gitten@29@16@Y@Chris Gittens       @INF/P   @6'4  @255  @Sherman                                 @
Aaron Rhodes@32@08@Y@Aaron Rhodes        @P       @6'1  @170  @McKinney                                @
Mike Wade   @33@08@Y@Mike Wade           @P       @6'1  @200  @Pottsboro                               @
Luke Jones  @34@16@Y@Luke Jones          @P       @6'3  @185  @Joshua                                  @
Landon Wilso@36@11@Y@Landon Wilson       @P       @5'11 @185  @Melissa                                 @
Joseph Lansf@44@11@Y@Joseph Lansford     @OF      @6'2  @210  @Lufkin                                  @
