Kyle Miller @1 @19@Y@Kyle Miller         @outfield@5'7  @150  @High Point, NC                          @
Tyler Gainey@2 @16@Y@Tyler Gainey        @infield @5'9  @185  @Mt. Olive, NC                           @
Tiger Miller@3 @16@Y@Tiger Miller        @infield @5'9  @170  @Pleasant Garden, NC                     @
Kegan Mahaff@4 @08@Y@Kegan Mahaffey      @pitcher/@5'8  @160  @Winston-Salem, NC                       @
Carlyle Beat@5 @16@Y@Carlyle Beatty      @infield @5'8  @175  @Winston-Salem, NC                       @
Jamie Dove  @6 @16@Y@Jamie Dove          @outfield@5'9  @180  @Mt. Olive, NC                           @
Nino Marrero@7 @08@Y@Nino Marrero        @outfield@5'8  @160  @Greensboro, NC                          @
Ben Temple  @8 @08@Y@Ben Temple          @infield @6'1  @195  @East Bend, NC                           @
Matt Berrier@9 @09@Y@Matt Berrier        @outfield@6'0  @200  @Lexington, NC                           @
Kody Jones  @10@12@Y@Kody Jones          @outfield@6'0  @195  @Cooper City, FL                         @
Matt Kaplan @11@11@Y@Matt Kaplan         @pitcher @6'2  @195  @Summerfield, NC                         @
Nick Auger  @12@08@Y@Nick Auger          @catcher/@6'0  @190  @Chattanooga, TN                         @
Kevin Murphy@13@11@Y@Kevin Murphy        @pitcher @6'0  @165  @Greensboro, NC                          @
Matt Huneycu@14@16@Y@Matt Huneycutt      @pitcher @5'11 @165  @New London, NC                          @
Troy Burr   @15@16@Y@Troy Burr           @pitcher/@5'10 @175  @Asheboro, NC                            @
Colby Besset@16@08@Y@Colby Bessette      @outfield@5'11 @195  @Lexington, NC                           @
Sam Ferrell @17@16@Y@Sam Ferrell         @pitcher @6'1  @170  @Mt. Olive, NC                           @
Dalton Smith@19@08@Y@Dalton Smith        @infield @5'8  @175  @Ramseur, NC                             @
Kanoa Hirona@20@08@Y@Kanoa Hironaka      @pitcher @6'1  @165  @Mililani, HI                            @
Brandon Burk@21@16@Y@Brandon Burkes      @infield @6'2  @230  @Greensboro, NC                          @
Bobby Lewis @23@16@Y@Bobby Lewis         @outfield@6'3  @185  @                                        @
Jeremy Taylo@24@16@Y@Jeremy Taylor       @pitcher @5'10 @210  @Mt. Olive, NC                           @
Jack Metcalf@25@16@Y@Jack Metcalf        @pitcher @6'2  @210  @Mebane, NC                              @
Ty Turner   @26@08@Y@Ty Turner           @infield @5'8  @180  @Deltona, FL                             @
Christian Sm@29@08@Y@Christian Smith     @first ba@6'4  @220  @Clemmons, NC                            @
Ray Malone  @31@08@Y@Ray Malone          @catcher @5'8  @170  @Wallace, NC                             @
Cody Killon @33@08@Y@Cody Killon         @pitcher/@6'2  @235  @Deltona, FL                             @
Adam Pike   @34@08@Y@Adam Pike           @catcher @6'0  @195  @Kinston, NC                             @
Austin Cole @35@19@Y@Austin Cole         @pitcher @6'1  @190  @High Point, NC                          @
Andrew Rothf@37@19@Y@Andrew Rothfuss     @pitcher @6'3  @215  @Winston-Salem, NC                       @
MJ Morgan   @40@08@Y@MJ Morgan           @outfield@5'6  @160  @Goldsboro, NC                           @
