Max Bartlett@2 @08@Y@Max Bartlett        @SS      @6'0  @160  @Starkville MS                           @
C.J. Butts  @3 @12@Y@C.J. Butts          @SS/2B   @5'7  @170  @Port St. Joe FL                         @
Cameron Rags@4 @08@Y@Cameron Ragsdale    @C/P     @6'1  @195  @McDonough GA                            @
Dondrayas Ha@5 @08@Y@Dondrayas Harris    @OF      @5'10 @175  @Panama City FL                          @
West Covingt@6 @08@Y@West Covington      @P       @6'1  @165  @Lakeland TN                             @
Brian Lamboy@7 @16@Y@Brian Lamboy        @2B      @5'9  @170  @Manalapan NJ                            @
Nick Flair  @8 @16@Y@Nick Flair          @3B/OF   @6'3  @195  @Belle Chase LA                          @
Dalton Kelle@10@20@Y@Dalton Kelley       @OF/IF/P @5'11 @175  @Pratteville AL                          @
Ryan Koziol @11@17@Y@Ryan Koziol         @IF/P    @6'3  @180  @Orland Park IL                          @
Woody Edward@12@08@Y@Woody Edwards       @CF      @5'9  @155  @Dublin GA                               @
Brenden Leac@13@16@Y@Brenden Leach       @P       @6'2  @195  @Defuniak Springs FL                     @
Matt Foster @14@08@Y@Matt Foster         @P       @5'11 @195  @Valley AL                               @
Trevor Davis@15@08@Y@Trevor Davis        @OF/IF   @6'0  @170  @Fort Mitchell AL                        @
Jordan Worth@16@08@Y@Jordan Worthing     @P       @5'10 @165  @Bonifay FL                              @
Dalton Dugge@18@08@Y@Dalton Dugger       @C       @5'10 @205  @Crawfordville FL                        @
Austin Howze@19@08@Y@Austin Howze        @P       @6'1  @195  @Port St. Joe FL                         @
Aaron Thomps@21@08@Y@Aaron Thompson      @P       @6,2  @210  @Panama city Fl                          @
Chandler Dur@22@16@Y@Chandler Durham     @C       @5'8  @205  @Phenix City Al                          @
Christian Wi@24@09@Y@Christian Williams  @1B/3B   @6'3  @205  @Vero Beach FL                           @
Brandon Perg@25@16@Y@Brandon Pergantis   @P       @6'1  @195  @Loganville GA                           @
Joe McCarthy@26@17@Y@Joe McCarthy        @P       @5'11 @190  @Stoughton MA                            @
Tevin Johnso@27@16@Y@Tevin Johnson       @OF      @6'4  @210  @McDonough GA                            @
Juan Ulloa  @29@09@Y@Juan Ulloa          @3B      @6'1  @210  @Panama City Beach FL                    @
