Phil Pietro @1 @09@Y@Phil Pietro         @OF      @6-1  @190  @Hagerstown, MD                          @
Cooper Ayres@2 @16@Y@Cooper Ayres        @RHP / OF@6-0  @175  @Hanover, PA                             @
Bradley Enfi@3 @11@Y@Bradley Enfield     @LHP / 1B@6-0  @150  @Keedysville, MD                         @
Alex Dellacr@4 @08@Y@Alex Dellacruz-Rodri@Inf     @5-10 @180  @Freeport, NY                            @
Matt Daley  @5 @08@Y@Matt Daley          @Inf     @5-11 @165  @Hagerstown, MD                          @
Christian Ro@6 @08@Y@Christian Rosario   @OF      @6-0  @145  @Rockville Ctr, NY                       @
Hunter McKin@8 @08@Y@Hunter McKinley     @RHP / In@5-10 @160  @Hancock, MD                             @
CJ Owings   @9 @16@Y@CJ Owings           @OF      @5-9  @185  @Hagerstown, MD                          @
Brayden Litt@10@08@Y@Brayden Litton      @RHP     @6-2  @170  @Big Cove, PA                            @
Tyler Nally @11@16@Y@Tyler Nally         @OF      @5-9  @165  @Williamsport, MD                        @
Bret Olson  @12@08@Y@Bret Olson          @OF      @5-9  @190  @Bainbridge, PA                          @
Robert Delga@13@08@Y@Robert Delgado      @C       @5-10 @230  @Bellmore, NY                            @
Tyler Walter@14@16@Y@Tyler Walter        @1B      @6-1  @195  @Fairmont, WV                            @
Ryan Boward @16@08@Y@Ryan Boward         @RHP     @6-1  @180  @Williamsport, MD                        @
Louis Favett@17@08@Y@Louis Favetti       @Inf     @5-10 @225  @Amwell, PA                              @
Connor Cool @18@08@Y@Connor Cool         @RHP     @6-2  @170  @Thurmont, MD                            @
Nick Rabat  @19@08@Y@Nick Rabat          @C       @6-3  @210  @Middletown, MD                          @
Garrett Spra@20@16@Y@Garrett Sprankle    @OF      @5-10 @190  @Emmitsburg, MD                          @
Ben Pittman @22@08@Y@Ben Pittman         @C       @6-0  @190  @Elkwood, VA                             @
Chris Huffma@23@08@Y@Chris Huffman       @RHP     @5-11 @140  @Middletown, MD                          @
Scott Bennet@24@08@Y@Scott Bennett       @Inf     @6-2  @170  @Hagerstown, MD                          @
Tanner Partl@25@16@Y@Tanner Partlow      @RHP     @5-10 @160  @Inwood, WV                              @
John Rinehar@32@08@Y@John Rinehart       @RHP     @5-11 @150  @Smithsburg, MD                          @
Tyler Martin@33@11@Y@Tyler Martin        @LHP     @5-9  @180  @Sharpsburg, MD                          @
Jared Brant @34@11@Y@Jared Brant         @LHP     @5-11 @185  @Clear Spring, MD                        @
Luke Lingle @35@08@Y@Luke Lingle         @RHP     @6-3  @190  @Grantville, PA                          @
Ricardo Coll@36@11@Y@Ricardo Collado-Pena@LHP     @5-9  @175  @Freeport, NY                            @
