Anthony Beal@2 @08@Y@Anthony Beale       @2B      @5-9  @160  @Chicago, Ill.                           @
Matt Ittersa@4 @08@Y@Matt Ittersagen     @RHP     @6-2  @190  @Wheeler, Ind.                           @
Chuck Terron@6 @08@Y@Chuck Terron        @OF      @5-11 @172  @Tyrone, Ga.                             @
Chris Elliot@7 @16@Y@Chris Elliott       @OF      @5-10 @200  @Chicago Ridge, Ill.                     @
Lee Breitzma@8 @19@Y@Lee Breitzman       @LHP/1B  @6-0  @190  @Palatine, Ill.                          @
Josh Hillman@9 @08@Y@Josh Hillmann       @OF      @6-0  @180  @Chicago, Ill.                           @
Chris Simon @10@19@Y@Chris Simon         @LHP     @6-2  @195  @La Grange, Ill.                         @
Theo Yfantis@11@16@Y@Theo Yfantis        @SS      @5-10 @180  @Prospect Heights, Ill.                  @
Brent Kiesel@15@16@Y@Brent Kiesel        @2B/P    @5-10 @140  @Streamwood, Ill.                        @
Andrew Haney@16@08@Y@Andrew Haney        @C       @5-11 @205  @Milton, Wis.                            @
James Ioriat@17@16@Y@James Ioriatti      @P/2B/3B @6-0  @185  @                                        @
Jeremy Merin@18@08@Y@Jeremy Merino       @RHP/1B  @6-3  @195  @Orland Park, Ill.                       @
Steven Yfant@22@17@Y@Steven Yfantis      @RHP     @6-3  @215  @Prospect Heights, Ill.                  @
Dave Rzewnic@23@08@Y@Dave Rzewnicki      @RHP     @6-2  @195  @Antioch, Ill.                           @
Mickey Wazor@24@08@Y@Mickey Wazorick     @RHP/IF  @     @     @Rolling Meadows, Ill.                   @
Zach Jones  @26@08@Y@Zach Jones          @C       @5-11 @190  @                                        @
Kurt Becker @31@17@Y@Kurt Becker         @3B      @6-0  @185  @Palatine, Ill.                          @
Kevin Conrad@32@08@Y@Kevin Conrad        @1B      @6-2  @215  @Twin Lakes, Wis.                        @
Austin Eliad@33@08@Y@Austin Eliades      @OF      @5-10 @170  @Palatine, Ill.                          @
Eric Orozco @34@08@Y@Eric Orozco         @RHP     @5-11 @195  @Melrose Park, Ill.                      @
Neal Ori    @35@08@Y@Neal Ori            @IF      @5-8  @180  @Palatine, Ill.                          @
Angelo Curti@36@08@Y@Angelo Curtis       @OF      @5-11 @190  @Chicago Heights, Ill.                   @
Jason Oberma@37@11@Y@Jason Obermaier     @LHP     @     @     @Elk Grove Village, Ill.                 @
Tyler Crusse@41@09@Y@Tyler Crussen       @2B/OF   @5-8  @160  @Wheeler, Ind.                           @
Ken Cervenka@42@08@Y@Ken Cervenka        @RHP     @6-2  @185  @                                        @
Dan Pultorak@44@11@Y@Dan Pultorak        @LHP     @     @     @Dixon, Ill.                             @
Dan Schlitte@45@16@Y@Dan Schlitter       @RHP/1B  @6-4  @190  @Bartlett, Ill.                          @
Jim Gockenba@46@19@Y@Jim Gockenbach      @LHP     @5-10 @200  @North Barrington, Ill.                  @
