Marcus Pingl@2 @08@Y@Marcus Pingleton    @OF      @5-10 @190  @Kokomo Indiana                          @
Frank Walicz@4 @18@Y@Frank Waliczek      @P       @6-0  @175  @Barrington Illinois                     @
AJ Fink     @5 @16@Y@AJ Fink             @C       @5-11 @190  @Carbondale Illinois                     @
Evan Bloomfi@6 @17@Y@Evan Bloomfield     @IF      @6-0  @160  @Frankfort Illinois                      @
Nolan Lodden@7 @17@Y@Nolan Lodden        @IF      @5-11 @185  @West Des Moines Iowa                    @
Tanner Hudso@8 @08@Y@Tanner Hudson       @3B      @6-2  @205  @Rochelle Illinois                       @
Trevor Stori@9 @16@Y@Trevor Storie       @P       @6-2  @190  @Hunington Indiana                       @
Jared Hendre@11@16@Y@Jared Hendren       @IF      @6-0  @170  @Leroy Illinois                          @
Joe Gregory @12@16@Y@Joe Gregory         @C       @6-0  @215  @Antioch Illinois                        @
Pat Cashman @13@16@Y@Pat Cashman         @P       @6-0  @185  @Plainfield Illinois                     @
Eric Fight  @14@16@Y@Eric Fight          @OF      @6-0  @185  @Bloomington Illinois                    @
Drew Clark  @15@16@Y@Drew Clark          @OF      @5-11 @200  @Fishers Indiana                         @
Aaron Cook  @16@08@Y@Aaron Cook          @IF      @6-3  @180  @Littleton Colorado                      @
Colin Nowak @17@08@Y@Colin Nowak         @P       @6-2  @185  @Carol Stream Illinois                   @
Jack McLaugh@18@08@Y@Jack McLaughlin     @P       @6-4  @195  @Lane Tech                               @
Charlie Jerg@19@19@Y@Charlie Jerger      @P       @6-1  @190  @Niles Illinois                          @
Jonathan Jon@20@11@Y@Jonathan Jones      @P       @6-1  @190  @Hickman Missouri                        @
Corbin Woods@21@08@Y@Corbin Woods        @MIF     @6-1  @195  @Cedar Rapids Iowa                       @
Brennan Hamm@23@11@Y@Brennan Hammer      @OF/P    @6-0  @185  @Cedar Rapids Iowa                       @
Matt Byars  @24@08@Y@Matt Byars          @C/UTIL  @6-2  @180  @Lodi Wisconsin                          @
Jacob Hendre@25@19@Y@Jacob Hendren       @P/1B    @6-2  @190  @Leroy Illinois                          @
Pat Martin  @26@11@Y@Pat Martin          @P       @6-2  @210  @Arlington Heights Illinois              @
Dan Saskowsk@27@08@Y@Dan Saskowski       @P       @6-2  @210  @Moline Illinois                         @
Matt Miller @29@08@Y@Matt Miller         @P       @5-10 @170  @Aurora Illinois                         @
Liam Teevens@30@08@Y@Liam Teevens        @OF      @6-4  @225  @South Lyon Michigan                     @
Justin Shewa@31@09@Y@Justin Sheward      @IF      @6-0  @195  @Fort Aumwalt North Missouri             @
Chad Gendron@32@16@Y@Chad Gendron        @P       @5-9  @170  @St. Louis Missouri                      @
Derek Banger@33@08@Y@Derek Bangert       @C/1B    @6-4  @220  @Lockport Illinois                       @
Sean Hudson @34@16@Y@Sean Hudson         @P       @6-2  @205  @Rochelle Illinois                       @
Justin Curry@35@08@Y@Justin Curry        @P       @5-10 @195  @West Point Indiana                      @
Joe Ceja    @38@16@Y@Joe Ceja            @P       @6-4  @240  @Ottawa Illinois                         @
John Kaimaki@40@08@Y@John Kaimakis       @1B      @6-3  @260  @Wauconda Illinois                       @
Keith Mahler@44@08@Y@Keith Mahler        @P       @6-6  @215  @Highland Indiana                        @
