Damian Quarl@1 @11@Y@Damian Quarles      @OF      @6-0  @161  @Detroit, MI                             @
Jacob Makows@2 @08@Y@Jacob Makowski      @SS/RHP  @6-0  @180  @Allen Park, MI                          @
Jose Salinas@3 @08@Y@Jose Salinas        @2B      @5-6  @175  @Lincoln Park, MI                        @
Alex Oleszko@4 @16@Y@Alex Oleszkowicz    @C       @5-11 @195  @                                        @
Greg Gallett@6 @08@Y@Greg Galletto       @RHP/U   @6-1  @185  @Allen Park, MI                          @
Tyler Keeter@7 @16@Y@Tyler Keeter        @OF/RHP  @6-2  @185  @Livonia, MI                             @
Daniel Camer@8 @08@Y@Daniel Cameron      @C       @5-5  @175  @Livonia, MI                             @
Kyle Mckinzi@10@19@Y@Kyle Mckinzie       @OF/LHP  @5-11 @210  @Detroit, MI                             @
Jalen Summer@11@11@Y@Jalen Summers       @OF      @6-1  @180  @Southfield, MI                          @
Marcus Dough@14@08@Y@Marcus Doughten     @RHP     @5-9  @165  @Taylor, MI                              @
Kyle Collet @15@08@Y@Kyle Collet         @OF      @5-6  @145  @Taylor, MI                              @
Travis Harve@17@12@Y@Travis Harvey       @RHP/U   @6-0  @175  @Livonia, MI                             @
Shayd Richey@18@08@Y@Shayd Richey        @C       @6-0  @180  @Woodhaven, MI                           @
Eric Harris @19@09@Y@Eric Harris         @OF      @6-2  @205  @Farmington, MI                          @
Tyler Weed  @20@08@Y@Tyler Weed          @OF      @5-11 @170  @Redford, MI                             @
Kevin Nisun @21@11@Y@Kevin Nisun         @OF/LHP  @5-8  @150  @Livonia, MI                             @
Dugan Fernan@23@09@Y@Dugan Fernandez     @1B      @6-1  @230  @Berkley, MI                             @
James Targus@28@08@Y@James Targus        @RHP     @6-1  @200  @Livonia, MI                             @
Jacob Miller@31@08@Y@Jacob Miller        @RHP     @6-1  @195  @Canton, MI                              @
Joshua Lockw@33@08@Y@Joshua Lockwood     @RHP     @6-2  @175  @Southgate, MI                           @
Mitchell Lon@34@08@Y@Mitchell Long       @2B      @5-8  @165  @Carleton, MI                            @
Ryan Aaro   @37@08@Y@Ryan Aaro           @RHP     @6-3  @210  @Redford, MI                             @
Donald Taylo@39@08@Y@Donald Taylor       @3B      @5-10 @205  @South Lyon, MI                          @
