Harley Rimon@2 @00@Y@Harley Rimon        @        @     @     @                                        @
Brian Anthon@3 @00@Y@Brian Anthonia      @        @     @     @                                        @
Devin Bell  @7 @00@Y@Devin Bell          @        @     @     @                                        @
Devin Best  @9 @00@Y@Devin Best          @        @     @     @                                        @
Shaquille La@10@00@Y@Shaquille Lacroes   @        @     @     @                                        @
Phillip Byrd@11@00@Y@Phillip Byrd        @        @     @     @                                        @
Rodney Herma@13@00@Y@Rodney Herman       @        @     @     @                                        @
Jake Olberdi@16@00@Y@Jake Olberding      @        @     @     @                                        @
Aaron Shaffe@17@00@Y@Aaron Shaffer       @        @     @     @                                        @
Connor Flemi@18@00@Y@Connor Fleming      @        @     @     @                                        @
Brett Brown @20@00@Y@Brett Brown         @        @     @     @                                        @
JC Sabo     @21@00@Y@JC Sabo             @        @     @     @                                        @
Darshan Virg@22@00@Y@Darshan Virginia    @        @     @     @                                        @
Jack Miller @23@00@Y@Jack Miller         @        @     @     @                                        @
Evan Schrade@24@00@Y@Evan Schrader       @        @     @     @                                        @
Tyler Giedd @30@00@Y@Tyler Giedd         @        @     @     @                                        @
Jonathan Edu@33@00@Y@Jonathan Eduarda    @        @     @     @                                        @
Keagan Blasi@41@00@Y@Keagan Blasing      @        @     @     @                                        @
Justin Hopso@42@00@Y@Justin Hopson       @        @     @     @                                        @
