Dillon True @1 @08@Y@Dillon True         @Infield @5'09 @150  @Haarlem, Netherlands                    @
Michael Abre@2 @16@Y@Michael Abreu, Jr   @Infield @6'00 @170  @Key West                                @
Tylor Key   @3 @08@Y@Tylor Key           @Infield @5'11 @155  @Middleburg, Florida                     @
Christopher @4 @19@Y@Christopher Miranda-@Pitcher @5'08 @155  @Tampa, Florida                          @
Christopher @5 @08@Y@Christopher Garcia, @Pitcher/@5'10 @180  @Key West, Florida                       @
Brycen Gladb@7 @16@Y@Brycen Gladbach     @Outfield@6"00 @170  @Valrico, Florida                        @
Joshua Falk @8 @08@Y@Joshua Falk         @Pitcher/@6'02 @210  @Tampa, Florida                          @
John Coglian@9 @16@Y@John Coglianese     @Catcher @5'10 @150  @Valrico, Florida                        @
David Shives@10@16@Y@David Shives        @Pitcher @6'01 @155  @Tampa, Florida                          @
Trevor Malon@11@08@Y@Trevor Maloney      @Pitcher @6"00 @200  @Boca Raton, Florida                     @
Kyle Godwin @12@16@Y@Kyle Godwin         @Pitcher @6"00 @175  @St Augustine, Florida                   @
Dylan Drawdy@13@08@Y@Dylan Drawdy        @Utility @5'11 @160  @Riverview, Florida                      @
Ryan Caporic@14@16@Y@Ryan Caporice       @Pitcher @5'11 @205  @Tampa, Florida                          @
Justin Rose @15@16@Y@Justin Rose         @Outfield@5'08 @170  @Riverview, Florida                      @
Nelson Torre@16@08@Y@Nelson Torres-Ybarra@Catcher @5'09 @210  @Caracas, Venezuela                      @
Kevin Covill@17@08@Y@Kevin Coville       @Pitcher @6'02 @175  @Rickney, Michigan                       @
Chase Ingram@18@08@Y@Chase Ingram        @Pitcher @6'02 @200  @Wesley Chapel, Florida                  @
Miguel Adame@19@16@Y@Miguel Adames-Cornie@Pitcher @6'03 @205  @San Juan de la Maguana, Dominican Republ@
Jonathan Spa@20@09@Y@Jonathan Spada      @Infield @5'10 @175  @Boca Raton, Florida                     @
Shane Castro@21@08@Y@Shane Castro        @Catcher/@5'11 @220  @Homestead, Florida                      @
Jr Seay, IV @22@08@Y@Jr Seay, IV         @Outfield@5'10 @175  @Calera, Alabama                         @
Nickolaus No@23@08@Y@Nickolaus Nolan     @Pitcher @6'02 @210  @Seminole, Florida                       @
Jesus Villal@24@16@Y@Jesus Villalobos    @Infield @6'00 @180  @                                        @
Tino Mention@25@08@Y@Tino Mention        @Outfield@6'01 @185  @Tampa, Florida                          @
Dexture McCa@27@16@Y@Dexture McCall      @Infield @6"02 @240  @Tampa, Florida                          @
Maxwell Watt@28@16@Y@Maxwell Watt        @Pitcher @6"08 @265  @Babylon, New York                       @
