Brandon Whit@1 @08@Y@Brandon White       @P       @6'2''@210  @                                        @
Justin Arrin@2 @17@Y@Justin Arrington    @SS      @5'11'@175  @                                        @
Cameron Pinc@3 @12@Y@Cameron Pinchback   @SS/2B   @5'9''@160  @                                        @
Trace Frick @4 @16@Y@Trace Frick         @OF/3B   @5'9''@155  @                                        @
Garrett Bruc@5 @16@Y@Garrett Bruce       @P       @6'2''@195  @                                        @
Josh Foster @6 @08@Y@Josh Foster         @C       @6'3''@175  @                                        @
Cameron Linc@7 @08@Y@Cameron Linck       @P       @6'3''@175  @                                        @
Logan Howell@8 @08@Y@Logan Howell        @OF      @5'11'@180  @                                        @
Brandon Gonz@9 @08@Y@Brandon Gonzalez    @C       @5'11'@195  @                                        @
Bryce Stark @10@20@Y@Bryce Stark         @SS/OF   @5'11'@190  @                                        @
Nate Kent   @11@08@Y@Nate Kent           @P       @5'9''@155  @                                        @
Davis Oliver@12@08@Y@Davis Oliver        @P       @6'0''@165  @                                        @
Cameron Warn@14@08@Y@Cameron Warner      @SS/2B   @6'2''@185  @                                        @
Nik Castille@15@16@Y@Nik Castilleja      @SS/2B   @5'11'@185  @                                        @
Mason Paxton@16@16@Y@Mason Paxton        @3B      @6'1''@190  @                                        @
Quincy Cleme@17@08@Y@Quincy Clements     @P       @6'3''@210  @                                        @
Zach Brewer @19@08@Y@Zach Brewer         @P       @6'5''@220  @                                        @
Nate Harris @20@08@Y@Nate Harris         @P       @5'11'@180  @                                        @
Hunter Mayo @21@16@Y@Hunter Mayo         @P       @6'0''@205  @                                        @
Ben Hollas  @22@11@Y@Ben Hollas          @OF      @6'0''@190  @                                        @
Keaton Brewe@23@16@Y@Keaton Brewer       @P       @6'3''@165  @                                        @
Connor Reed @24@19@Y@Connor Reed         @P       @6'2''@200  @                                        @
Drew Grimes @25@08@Y@Drew Grimes         @P       @6'4''@220  @                                        @
Billy Germai@26@16@Y@Billy Germaine      @C/OF    @6'3''@225  @                                        @
Justin Walto@27@16@Y@Justin Walton       @P       @6'5''@215  @                                        @
Tyler Jaynes@28@08@Y@Tyler Jaynes        @P       @6'3''@210  @                                        @
Graham Ackal@29@17@Y@Graham Ackal        @1B/OF   @6'1''@200  @                                        @
Christian Ba@30@08@Y@Christian Bambrook  @P       @6'7''@215  @                                        @
Ryan Roderic@32@09@Y@Ryan Roderick       @3B      @5'11'@180  @                                        @
Kyle Loson  @33@08@Y@Kyle Loson          @1B      @6'4''@220  @                                        @
Waldemar Ram@34@12@Y@Waldemar Ramos      @OF      @5'9''@185  @                                        @
Isaiah Rojas@35@08@Y@Isaiah Rojas        @P       @5'10'@180  @                                        @
Tony Flores @36@12@Y@Tony Flores         @OF      @5'10'@180  @                                        @
Cory Farr   @37@16@Y@Cory Farr           @P       @6'3''@220  @                                        @
Garrett Kais@39@08@Y@Garrett Kaiser      @P/1B    @6'5''@240  @                                        @
