LaDerik Will@1 @00@Y@LaDerik Williams    @        @     @     @                                        @
Clyde Kendri@2 @00@Y@Clyde Kendrick      @        @     @     @                                        @
Jaylan Bleds@3 @00@Y@Jaylan Bledsoe      @        @     @     @                                        @
Cole Feazell@4 @00@Y@Cole Feazell        @        @     @     @                                        @
Hunter Bull @5 @00@Y@Hunter Bull         @        @     @     @                                        @
Deion Ulmer @6 @00@Y@Deion Ulmer         @        @     @     @                                        @
Trey Goff   @7 @00@Y@Trey Goff           @        @     @     @                                        @
Jared Bailey@8 @00@Y@Jared Bailey        @        @     @     @                                        @
Chad McNeil @9 @00@Y@Chad McNeil         @        @     @     @                                        @
Connor Hill @10@00@Y@Connor Hill         @        @     @     @                                        @
Cody Sartin @11@00@Y@Cody Sartin         @        @     @     @                                        @
Brister Dupo@12@00@Y@Brister Dupont      @        @     @     @                                        @
Cole McBride@13@00@Y@Cole McBride        @        @     @     @                                        @
Terrell Hodg@14@00@Y@Terrell Hodges      @        @     @     @                                        @
J.R. Hall   @15@00@Y@J.R. Hall           @        @     @     @                                        @
Lucas Kirkla@17@00@Y@Lucas Kirkland      @        @     @     @                                        @
J.P. Zeigler@19@00@Y@J.P. Zeigler        @        @     @     @                                        @
Chase Chance@21@00@Y@Chase Chancellor    @        @     @     @                                        @
Kyle Washing@22@00@Y@Kyle Washington     @        @     @     @                                        @
Jason Hursey@25@00@Y@Jason Hursey        @        @     @     @                                        @
Kevin Barber@29@00@Y@Kevin Barber        @        @     @     @                                        @
