Dan Brunetti@1 @08@Y@Dan Brunetti        @C       @5'6" @150  @Enfield, CT                             @
Ray Estrada @3 @08@Y@Ray Estrada         @OF      @5'6" @140  @Springfield, MA                         @
Sam Blake   @5 @08@Y@Sam Blake           @C       @5'0" @153  @Westfield, MA                           @
Leonard Dene@6 @08@Y@Leonard Denette     @2B      @6'6" @140  @Springfield, MA                         @
Jonathan Man@7 @16@Y@Jonathan Mancha     @SS      @6'3" @185  @Northfield, MA                          @
Greg Pobiegl@8 @16@Y@Greg Pobieglo       @P/OF    @5'11"@175  @Palmer, MA                              @
Tom Danhay  @9 @08@Y@Tom Danhay          @2B/P    @5'11"@175  @Springfield, MA                         @
Mike Lavell @10@08@Y@Mike Lavell         @2B/3B   @6'   @195  @Ludlow, MA                              @
Tim Siddle  @11@08@Y@Tim Siddle          @SS/P    @6'2" @195  @Palmer, MA                              @
Drew Foster @14@08@Y@Drew Foster         @P       @6'3" @180  @Bolton, MA                              @
Andrew Smith@15@08@Y@Andrew Smith        @P/OF    @6'4" @215  @Agawam, MA                              @
Chris Delisl@16@08@Y@Chris Delisle       @P/OF    @5'9" @165  @Monson, MA                              @
Tyler Quiter@17@08@Y@Tyler Quitero       @OF      @5'9" @162  @Ludlow, MA                              @
Cam Beaulieu@18@17@Y@Cam Beaulieu        @3B/P    @6'   @200  @Ludlow, MA                              @
Bryan Borges@21@16@Y@Bryan Borges-Vega   @P       @5'11"@187  @Northhampton, MA                        @
Tyler Dowd  @22@08@Y@Tyler Dowd          @P       @6'   @180  @Springfield, MA                         @
DJ Black    @23@19@Y@DJ Black            @1B/P    @6'3" @240  @West Springfield, MA                    @
Carlos Ortiz@24@08@Y@Carlos Ortiz        @1B/OF   @5'10"@220  @Springfield, MA                         @
Joshua DeSou@25@16@Y@Joshua DeSouza      @1B/P    @5'10"@218  @Springfield, MA                         @
Nick Frost  @26@08@Y@Nick Frost          @3B/OF   @6'2" @230  @Ludlow, MA                              @
Frank Mnich @27@08@Y@Frank Mnich         @C       @6'   @270  @Suffield, CT                            @
Kyle Platner@28@19@Y@Kyle Platner        @1B/P    @6'2" @200  @Bernardston, MA                         @
