Chris Boettc@1 @08@Y@Chris Boettcher     @RHP     @     @     @Metamora, IL                            @
Jared McCunn@2 @08@Y@Jared McCunn        @C/3B    @     @     @Eureka, IL                              @
Skyler Arnbe@3 @08@Y@Skyler Arnberger    @RHP     @     @     @Williamsville, IL                       @
Mason McCoy @4 @08@Y@Mason McCoy         @MIF     @     @     @Washington, IL                          @
Jared Light @5 @16@Y@Jared Light         @RHP     @     @     @Bartonville, IL                         @
Jaren Linton@6 @17@Y@Jaren Linton        @MIF     @     @     @Bethalto, IL                            @
Jake Ketcham@7 @08@Y@Jake Ketcham        @C/OF    @     @     @Canton, IL                              @
Mike Hainlin@8 @08@Y@Mike Hainline       @RHP/3B  @     @     @Minier, IL                              @
Morgan DePew@9 @16@Y@Morgan DePew        @MIF     @     @     @Normal, IL                              @
Brad Burton @10@16@Y@Brad Burton         @OF/RHP  @     @     @Mapleton, IL                            @
Braden McInt@12@16@Y@Braden McIntyre     @RHP     @     @     @Chillicothe, IL                         @
Brogan Fisch@13@08@Y@Brogan Fischer      @RHP/OF  @     @     @Godfrey, IL                             @
Matt Farring@15@19@Y@Matt Farrington     @LHP     @     @     @                                        @
Alex Shake  @16@11@Y@Alex Shake          @LHP     @     @     @Canton, IL                              @
Matt Hallida@17@08@Y@Matt Halliday       @2B      @     @     @Alton, IL                               @
Jason Priest@20@08@Y@Jason Priest        @C/3B    @     @     @Pontiac, IL                             @
Kyle Mathews@21@08@Y@Kyle Mathews        @RHP     @     @     @Winchester, IL                          @
Tyler Hilton@22@11@Y@Tyler Hilton        @OF      @     @     @East Peoria, IL                         @
Jake Hargis @23@11@Y@Jake Hargis         @1B/OF   @     @     @Metamora, IL                            @
Luke Stewart@24@16@Y@Luke Stewart        @3B/1B   @     @     @Caseyville, IL                          @
Patrick Jarv@26@11@Y@Patrick Jarvis      @1B/OF   @     @     @Aurora, IL                              @
J.P. Meyer  @27@16@Y@J.P. Meyer          @OF      @     @     @Sherman, IL                             @
Levi Slawta @28@08@Y@Levi Slawta         @RHP     @     @     @Brownsburg, IN                          @
Steven Mitts@29@08@Y@Steven Mitts        @RHP     @     @     @Peoria, IL                              @
Andrew Chris@30@08@Y@Andrew Christensen  @RHP     @     @     @Metamora, IL                            @
Jared Hollom@31@19@Y@Jared Holloman      @LHP     @     @     @Washington, IL                          @
Nick Schranc@32@08@Y@Nick Schranck       @C/OF    @     @     @Alton, IL                               @
Brandon Hols@33@11@Y@Brandon Holst       @LHP     @     @     @Minonk, IL                              @
Rick Sulliva@34@16@Y@Rick Sullivan       @RHP     @     @     @O'Fallon, MO                            @
Ray Bailey  @35@08@Y@Ray Bailey          @RHP     @     @     @Alton, IL                               @
Joel Taylor @38@08@Y@Joel Taylor         @RHP     @     @     @Pekin, IL                               @
Ryan Givens @40@08@Y@Ryan Givens         @RHP     @     @     @Sunrise, FL                             @
Blake Uhlman@41@16@Y@Blake Uhlman        @OF/RHP  @     @     @Tremont, IL                             @
