Logan Pifer @1 @08@Y@Logan Pifer         @OF      @     @     @Seneca, IL                              @
Nick Harsted@2 @08@Y@Nick Harsted        @IF/P    @     @     @Ottawa, IL                              @
Jimmy Park  @3 @08@Y@Jimmy Park          @IF/P    @     @     @Streator, IL                            @
Tabor Grigli@4 @08@Y@Tabor Griglione     @OF/P    @     @     @Ottawa, IL                              @
Jonny Meints@5 @08@Y@Jonny Meints        @P       @     @     @Lexington, IL                           @
Tyler Willia@7 @08@Y@Tyler Williams      @P       @     @     @Putnam County, IL                       @
Rodrigo Alme@8 @16@Y@Rodrigo Almeraz     @C       @     @     @Palo Verdez, AZ                         @
John Heister@9 @16@Y@John Heister        @C/IF    @     @     @Peru, IL                                @
Brandon Piet@10@08@Y@Brandon Pietrowski  @IF/P    @     @     @Spring Valley, IL                       @
Teke Scudder@11@16@Y@Teke Scudder        @P/DH    @     @     @Streator, IL                            @
Ryan Newby  @12@11@Y@Ryan Newby          @P       @     @     @Bloomington, IL                         @
Ethan Ringle@13@08@Y@Ethan Ringle        @P       @     @     @Bureau Valley, IL                       @
Casey Huebbe@15@17@Y@Casey Huebbe        @OF/P    @     @     @Peru, IL                                @
Garrett Grue@16@16@Y@Garrett Gruenewald  @P       @     @     @Warsaw, IN                              @
Alex Karban @17@16@Y@Alex Karban         @C       @     @     @Darien, IL                              @
Brandon Urba@18@16@Y@Brandon Urbance     @P       @     @     @Streator, IL                            @
Buddy Ahlstr@19@16@Y@Buddy Ahlstrom      @IF/P    @     @     @Ottawa, IL                              @
Justin Petti@20@08@Y@Justin Pettit       @3B      @     @     @Putnam County, IL                       @
McKinley Kru@21@12@Y@McKinley Kruger     @P/IF    @     @     @Bureau Valley, IL                       @
Damin Smith @22@08@Y@Damin Smith         @P       @     @     @Spring Valley, IL                       @
Sergio Almer@24@16@Y@Sergio Almeraz      @P       @     @     @Palo Verde, AZ                          @
Micheal Bake@25@11@Y@Micheal Baker       @OF/P    @     @     @Lexington, IL                           @
Logan Bima  @27@09@Y@Logan Bima          @OF/C    @     @     @Spring Valley, IL                       @
Levi Ericson@33@16@Y@Levi Ericson        @1B/P    @     @     @Peru, IL                                @
Austin Schwa@34@08@Y@Austin Schwab       @IF      @     @     @Spring Valley, IL                       @
