Jacob Bryant@1 @16@Y@Jacob Bryant        @INF     @     @     @                                        @
Shane Boyer @2 @08@Y@Shane Boyer         @UTL/RHP @     @     @                                        @
Daniel Lewis@3 @08@Y@Daniel Lewis        @INF     @     @     @                                        @
Clay Aery   @4 @08@Y@Clay Aery           @OF      @     @     @                                        @
John Kamies @6 @08@Y@John Kamies         @INF     @     @     @                                        @
Laramie Kirk@7 @17@Y@Laramie Kirkwood    @INF     @     @     @                                        @
Ethan Becket@8 @17@Y@Ethan Beckett       @OF      @     @     @                                        @
Michael Hinn@9 @08@Y@Michael Hinnen      @RHP     @     @     @                                        @
Blake Daviso@10@08@Y@Blake Davison       @RHP     @     @     @                                        @
Dustin Olive@11@16@Y@Dustin Oliver       @UTL     @     @     @                                        @
Lawson King @12@16@Y@Lawson King         @RHP     @     @     @                                        @
Matt Henning@13@08@Y@Matt Henning        @RHP     @     @     @                                        @
Tyler Hulse @14@16@Y@Tyler Hulse         @RHP     @     @     @                                        @
Denahm Morto@15@16@Y@Denahm Morton       @INF/OF  @     @     @                                        @
Tyler Lockle@16@09@Y@Tyler Lockler       @INF     @     @     @                                        @
Joey Reeves @17@11@Y@Joey Reeves         @LHP     @     @     @                                        @
Garett Webbe@18@08@Y@Garett Webber       @OF      @     @     @                                        @
Brenton Wash@19@16@Y@Brenton Washausen   @INF     @     @     @                                        @
Tyler Morril@20@16@Y@Tyler Morrill       @RHP     @     @     @                                        @
Corey Bayles@21@19@Y@Corey Bayles        @LHP     @     @     @                                        @
Jarett Hack @22@08@Y@Jarett Hack         @RHP     @     @     @                                        @
Matt Higginb@23@16@Y@Matt Higginbotham   @C       @     @     @                                        @
Kevin Valera@24@16@Y@Kevin Valera        @C       @     @     @                                        @
Rolando Sago@25@11@Y@Rolando Sagovia     @LHP     @     @     @                                        @
Tanner Smith@26@08@Y@Tanner Smith        @OF      @     @     @                                        @
James Hinnen@27@16@Y@James Hinnen        @RHP     @     @     @                                        @
Jay Wiseman @28@19@Y@Jay Wiseman         @LHP     @     @     @                                        @
Braden Larke@29@08@Y@Braden Larkey       @RHP     @     @     @                                        @
Bryce Walker@30@11@Y@Bryce Walker        @INF     @     @     @                                        @
Matt Wasche @31@08@Y@Matt Wasche         @RHP     @     @     @                                        @
Jared Irelan@34@19@Y@Jared Ireland       @INF     @     @     @                                        @
