Alex Estreme@1 @08@Y@Alex Estremera      @MIF     @5'8" @164  @Okeechobee                              @
Randy Batist@2 @12@Y@Randy Batista       @MIF     @5'10"@175  @Kissimmee, FL                           @
Taylor McCue@3 @16@Y@Taylor McCuen       @3B/OF   @6'0" @195  @Travelers' Rest SC                      @
Bobby Dodd  @5 @09@Y@Bobby Dodd          @OF      @5'11"@175  @Port St. Lucie                          @
Marcus Sigmo@6 @16@Y@Marcus Sigmon       @INF     @5'11"@185  @Fort Pierce, FL                         @
George Isken@7 @16@Y@George Iskenderian  @SS      @6'1" @195  @Englewood Cliffs, NJ                    @
Dalton Murra@9 @08@Y@Dalton Murray       @C       @5'9" @185  @Okeechobee, FL                          @
Steven Pared@10@16@Y@Steven Paredes      @CF      @6'0" @175  @Miami, FL                               @
Billy Nelson@11@08@Y@Billy Nelson        @RHP/OF  @5'10"@175  @Moscow, PA                              @
Joe Gomez   @12@12@Y@Joe Gomez           @C       @5'10"@175  @Wellington, FL                          @
Zack Miednik@13@11@Y@Zack Miednik        @LHP     @6'2" @170  @Pompano Beach, FL                       @
Reece Green @14@08@Y@Reece Green         @RHP     @6'4" @190  @Vero Beach, FL                          @
Mike Rodrigu@15@08@Y@Mike Rodriguez      @RHP     @5'10"@170  @Wellington, FL                          @
Danny Ayala @16@11@Y@Danny Ayala         @LHP     @5'8" @165  @Port St. Lucie, FL                      @
Tyler Homer @17@17@Y@Tyler Homer         @C/OF    @5'10"@185  @Orlando, FL                             @
Brendan Long@18@16@Y@Brendan Long        @RHP/OF  @6'3" @195  @Naples, FL                              @
Jake Gowen  @19@16@Y@Jake Gowen          @C       @6'1" @180  @Tampa, FL                               @
Shaquille Ro@20@16@Y@Shaquille Rolle     @RF      @6'1" @205  @Nassau, Bahamas                         @
Dustin McAlp@21@08@Y@Dustin McAlpin      @OF      @6'2" @195  @Tifton, GA                              @
Ryan Ripken @23@19@Y@Ryan Ripken         @1B      @6'6" @230  @Hunt Valley, MD                         @
Austin Glori@24@16@Y@Austin Glorius      @RHP     @6'3" @195  @Winter Garden, FL                       @
Jarrod Cresc@26@08@Y@Jarrod Crescentini  @RHP     @6'4" @220  @Wesley Chapel, FL                       @
Juan Pimente@27@08@Y@Juan Pimentel       @RHP     @6'3" @210  @Miami, FL                               @
Ryne Saxner @28@17@Y@Ryne Saxner         @1B/RHP  @6'3" @210  @Plantation, FL                          @
Jason Schaum@29@08@Y@Jason Schaum        @RHP     @6'2" @215  @Boca Raton, FL                          @
