Ben Reznicek@2 @08@Y@Ben Reznicek        @2B      @5'10 @165  @Sioux Falls, SD                         @
Bobby Griffi@4 @08@Y@Bobby Griffin       @C       @6'1  @200  @Sterling Heights, MI                    @
Joel Fuentes@5 @09@Y@Joel Fuentes        @SS      @5'10 @150  @San Juan, PR                            @
Nick Green  @6 @08@Y@Nick Green          @P       @6'1  @175  @Fountain, CO                            @
Jake Klancin@8 @08@Y@Jake Klancinik      @P       @6'2  @195  @Buffalo Grove, IL                       @
Joelfi Arias@9 @16@Y@Joelfi Arias        @P       @5'10 @200  @Springfield, MA                         @
Ramon Torres@10@08@Y@Ramon Torres        @P       @5'10 @140  @Juana Diaz, PR                          @
Dario Polanc@11@17@Y@Dario Polanco       @SS      @5'10 @170  @Santo Domingo, DR                       @
Edgar Lebron@12@16@Y@Edgar Lebron        @OF      @6    @195  @Richmond Hill, NY                       @
Pedro Genao @14@08@Y@Pedro Genao         @P       @6'1  @180  @Queens, NY                              @
Sean Cruz   @15@08@Y@Sean Cruz           @P       @6    @195  @Santa Rita, Guam                        @
Krystien Joh@17@08@Y@Krystien Johnson-Bat@P       @6    @165  @Hamilton, Ontario                       @
Daniel River@18@11@Y@Daniel Rivera       @P       @5'11 @190  @Carolina, PR                            @
Alsis Herrre@20@19@Y@Alsis Herrrera      @P       @5'10 @175  @Santo Domingo, DR                       @
Johno Rodrig@21@08@Y@Johno Rodriguez     @P       @6'2  @180  @Sterling Heights, MI                    @
Junior Santo@22@16@Y@Junior Santos       @2B      @5'10 @180  @Lynn, MA                                @
Luis Estevez@23@16@Y@Luis Estevez        @C       @6    @170  @Corona, NY                              @
Jose Marin  @25@19@Y@Jose Marin          @P       @6'1  @220  @Maturin, Venezuela                      @
Joel Booker @26@16@Y@Joel Booker         @OF      @6'2  @180  @Columbus, NC                            @
Kyle Keck   @27@11@Y@Kyle Keck           @OF      @5'10 @165  @Ottumwa, IA                             @
Paulo Montez@28@08@Y@Paulo Montezuma     @C       @6'1  @200  @Caracus, Venezuela                      @
Aaron Dought@30@16@Y@Aaron Doughty       @P       @6'6  @225  @Greenwood, IN                           @
Jacob Dilks @31@08@Y@Jacob Dilks         @P       @6'4  @230  @Mt. Pleasant, IA                        @
Jordan Mager@32@11@Y@Jordan Magers       @P       @6    @215  @Kirksville, MO                          @
Cody Hinson @33@11@Y@Cody Hinson         @P       @6'1  @185  @Taylor Ridge, IL                        @
Derek Kawlew@34@16@Y@Derek Kawlewski     @P       @6'2  @215  @Stevens Point, WI                       @
Mike Levar  @35@08@Y@Mike Levar          @3B      @6'2  @225  @Colorado Springs, CO                    @
Mitch Langer@36@08@Y@Mitch Langer        @1B      @6'4  @225  @Fountain, CO                            @
Caleb Ratzma@39@17@Y@Caleb Ratzman       @OF      @5'10 @175  @Winneconne, WI                          @
Jose Valdez @40@08@Y@Jose Valdez         @OF      @6'2  @200  @Santo Domingo, DR                       @
Jesse Anders@41@08@Y@Jesse Anderson      @P       @6'2  @200  @Brantford, Ontario                      @
Jake Lewis  @43@09@Y@Jake Lewis          @C       @6    @195  @Council Bluffs, IA                      @
Christian To@49@19@Y@Christian Torres    @P       @5'11 @160  @Canovanos, PR                           @
Colton Chris@54@16@Y@Colton Christensen  @C       @5'11 @200  @Spanish Fork, UT                        @
Travis Bandt@59@16@Y@Travis Bandt        @OF      @5'11 @170  @Gaylord, MI                             @
