Colton Jourd@0 @00@Y@Colton Jourdan      @C       @     @     @                                        @
Nate Steger @1 @00@Y@Nate Steger         @INF     @     @     @                                        @
Will Gormall@2 @03@Y@Will Gormally       @OF      @     @     @                                        @
Bailey Scott@4 @00@Y@Bailey Scott        @P       @     @     @                                        @
Tanner Buent@5 @00@Y@Tanner Buenting     @INF     @     @     @                                        @
Tyler Franko@6 @00@Y@Tyler Franko        @OF      @     @     @                                        @
Conner Phill@7 @00@Y@Conner Phillips     @OF      @     @     @                                        @
Justin Smith@8 @00@Y@Justin Smith        @C       @     @     @                                        @
Luke Vanderm@10@00@Y@Luke Vandermaten    @P       @     @     @                                        @
Alex Hayden @12@00@Y@Alex Hayden         @P       @     @     @                                        @
Jordan Jacob@13@03@Y@Jordan Jacobson     @P       @     @     @                                        @
Tyler Vaughn@15@00@Y@Tyler Vaughn        @P       @     @     @                                        @
Michael Kinn@16@00@Y@Michael Kinning     @INF     @     @     @                                        @
Joe Hawks   @18@01@Y@Joe Hawks           @P       @     @     @                                        @
Damian Ruthe@19@00@Y@Damian Rutherford   @OF      @     @     @                                        @
Hunter Kruse@20@00@Y@Hunter Kruse        @INF     @     @     @                                        @
Connor Johns@21@00@Y@Connor Johnston     @INF     @     @     @                                        @
Andy DeJesus@22@04@Y@Andy DeJesus        @INF     @     @     @                                        @
Christian Mo@24@00@Y@Christian Montero   @C       @     @     @                                        @
Zach Easter @26@00@Y@Zach Easter         @INF     @     @     @                                        @
Noah Pickard@27@00@Y@Noah Pickard        @OF      @     @     @                                        @
Jason Galean@29@00@Y@Jason Galeano       @INF     @     @     @                                        @
Doni Perdomo@30@00@Y@Doni Perdomo        @P       @     @     @Santo Domingo, DR                       @
Kirk McLeod @32@01@Y@Kirk McLeod         @C       @     @     @                                        @
Trey Kehoe  @33@03@Y@Trey Kehoe          @P       @     @     @                                        @
Ian Ross    @38@01@Y@Ian Ross            @INF     @     @     @                                        @
Weston Glien@40@00@Y@Weston Glienke      @P       @     @     @                                        @
Juan Berger @42@03@Y@Juan Berger         @P       @     @     @                                        @
Austin Vaske@44@00@Y@Austin Vaske        @P       @     @     @                                        @
Abrahan Flet@45@00@Y@Abrahan Flete       @P       @     @     @                                        @
Tom Jerle   @47@03@Y@Tom Jerle           @P       @     @     @                                        @
Ryan Boelter@51@03@Y@Ryan Boelter        @P       @     @     @                                        @
