Hecmart Niev@1 @08@Y@Hecmart Nieves      @OF      @5'11 @175  @Juncos, PR                              @
Luke Henkels@2 @16@Y@Luke Henkels        @IF      @5'11 @150  @Heron Lake, MN                          @
Ryan Mose   @3 @11@Y@Ryan Mose           @LHP     @6'4  @170  @Vancouver, BC                           @
Andrew Sands@4 @08@Y@Andrew Sandstrom    @IF      @5'9  @180  @Red Wing, MN                            @
Luis Sterlin@5 @08@Y@Luis Sterling       @IF      @6'0  @200  @Bronx, NY                               @
Matt Woods  @6 @16@Y@Matt Woods          @C       @5'11 @175  @Canton, SD                              @
Jesus Brito @7 @16@Y@Jesus Brito         @RHP     @5'10 @165  @Bronx, NY                               @
Luis Gonzale@8 @16@Y@Luis Gonzalez       @C       @5'11 @180  @Toa Alta, PR                            @
Elvin Nunez @9 @16@Y@Elvin Nunez         @C       @5'10 @195  @Orlando, FL                             @
Tanner Johns@10@16@Y@Tanner Johnson      @IF      @6'0  @185  @Oak Creek, WI                           @
Austin Smith@11@16@Y@Austin Smith        @RHP     @6'0  @170  @Sioux Falls, SD                         @
Luis Maldona@12@08@Y@Luis Maldonado      @RHP     @5'9  @185  @Caguas, PR                              @
Austin Orvis@13@08@Y@Austin Orvis        @RHP     @6'4  @210  @Waukee, IA                              @
Paul Howarth@14@08@Y@Paul Howarth        @IF      @5'6  @185  @Burlington, ON                          @
Sean Alp    @15@08@Y@Sean Alp            @IF      @5'9  @155  @Mississauga, ON                         @
Blake Rogers@16@08@Y@Blake Rogers        @C/P     @6'0  @220  @Reading, MN                             @
Pat Gough   @17@08@Y@Pat Gough           @OF      @6'0  @170  @Georgetown, ON                          @
Mitch Egan  @18@11@Y@Mitch Egan          @LHP     @5'11 @140  @Green Bay, WI                           @
Kris Johnson@19@08@Y@Kris Johnson        @RHP     @5'9  @190  @Omaha, NE                               @
Griffin Cole@20@16@Y@Griffin Cole        @C       @5'10 @170  @Fish Creek, WI                          @
Kyle Thomas @21@08@Y@Kyle Thomas         @RHP     @6'3  @185  @Mississauga, ON                         @
Michael De L@22@19@Y@Michael De Los Santo@LHP     @5'8  @160  @New York, NY                            @
Matthew Vazq@23@11@Y@Matthew Vazquez     @LHP     @6'0  @220  @Bronx, NY                               @
Juan Perez  @24@16@Y@Juan Perez          @OF/P    @6'0  @185  @Bronx, NY                               @
Alex Cristob@25@08@Y@Alex Cristobal      @RHP     @5'10 @150  @Florida, PR                             @
Manny Deleon@28@17@Y@Manny Deleon        @OF/P    @6'0  @175  @Bronx, NY                               @
Jack Middlet@29@08@Y@Jack Middleton      @OF      @6'2  @215  @Canberra, AUS                           @
