Bryce Willia@2 @08@Y@Bryce Williams      @MIF     @     @     @                                        @
Gable Butler@3 @08@Y@Gable Butler        @OF/RHP  @     @     @                                        @
Luke Gibbs  @4 @08@Y@Luke Gibbs          @MIF     @     @     @                                        @
Drew Carter @6 @08@Y@Drew Carter         @3B/RHP  @     @     @                                        @
Tanner Poole@7 @08@Y@Tanner Poole        @OF/RHP  @     @     @                                        @
Brayden Owen@8 @16@Y@Brayden Owen        @MIF/RHP @     @     @                                        @
Destin Hahn @9 @08@Y@Destin Hahn         @MIF/RHP @     @     @                                        @
Nick Brooks @10@16@Y@Nick Brooks         @UTL/RHP @     @     @                                        @
Chris Conard@14@16@Y@Chris Conard        @OF      @     @     @                                        @
Ethan Gill  @15@16@Y@Ethan Gill          @3B/1B   @     @     @                                        @
Russ Johnson@16@08@Y@Russ Johnson        @MIF/RHP @     @     @                                        @
Andy Bowman @17@08@Y@Andy Bowman         @1B/OF   @     @     @                                        @
Brady Chambl@18@10@Y@Brady Chambley      @LHP     @     @     @                                        @
Drew Wheeler@19@16@Y@Drew Wheeler        @3B/OF   @     @     @                                        @
Hayden Willi@20@08@Y@Hayden Williams     @C       @     @     @                                        @
CJ Hodges   @21@16@Y@CJ Hodges           @3B/RHP  @     @     @                                        @
Zack Carpent@23@08@Y@Zack Carpenter      @MIF/RHP @     @     @                                        @
Ben Aldridge@24@16@Y@Ben Aldridge        @1B/RHP  @     @     @                                        @
Austin Welch@26@16@Y@Austin Welch        @1B      @     @     @                                        @
TJ Watson   @27@08@Y@TJ Watson           @RHP     @     @     @                                        @
Cameron Coke@30@16@Y@Cameron Coker       @C/OF    @     @     @                                        @
Tucker Akin @31@08@Y@Tucker Akin         @LHP     @     @     @                                        @
Anthony Mall@33@16@Y@Anthony Mallard     @OF/INF  @     @     @                                        @
Michael Hens@35@08@Y@Michael Hensley     @C       @     @     @                                        @
