Kody Robinso@2 @16@Y@Kody Robinson       @C       @5'9" @160  @Adrian, MI                              @
Josh Knorr  @3 @16@Y@Josh Knorr          @OF      @5'10"@185  @Sand Creek, MI                          @
Nate Blackwe@4 @10@Y@Nate Blackwell      @OF      @5'10"@180  @Clinton Twp, MI                         @
Pat Gaudard @5 @08@Y@Pat Gaudard         @IF      @5'10"@200  @Hickory Corners, MI                     @
Connor Alexa@6 @16@Y@Connor Alexander    @IF      @6'2" @196  @Jackson, MI                             @
Gage Lolley @7 @08@Y@Gage Lolley         @P       @5'11"@175  @Adrian, MI                              @
Jorge Mendez@8 @08@Y@Jorge Mendez        @OF      @6'1" @190  @Howell, MI                              @
Austin Plast@9 @16@Y@Austin Plasterer    @IF      @5'9" @180  @Fort Wayne, IN                          @
Todd Phelps @10@20@Y@Todd Phelps         @OF      @6'2" @185  @Detroit, MI                             @
Tyler Reed  @11@08@Y@Tyler Reed          @OF      @6'"0 @200  @Brooklyn, MI                            @
Boyer Fowler@12@17@Y@Boyer Fowler        @IF      @6'0" @175  @Jackson, MI                             @
Jose Morales@13@12@Y@Jose Morales        @IF      @6'2" @170  @Detroit, MI                             @
Jimmy Chase @14@08@Y@Jimmy Chase         @P/IF    @6'3" @175  @Hillsdale, MI                           @
Jake Pachols@15@08@Y@Jake Pacholski      @P/IF    @6'4" @215  @Dearborn, MI                            @
Brian Reits @16@09@Y@Brian Reits         @IF      @6'0" @190  @Kalamazoo                               @
Cole Knaup  @17@16@Y@Cole Knaup          @P/IF    @6'2" @185  @Brooklyn, MI                            @
Tyler Baker @18@16@Y@Tyler Baker         @C       @5'10"@200  @Grand Ledge, MI                         @
Adrian Moral@20@08@Y@Adrian Morales      @C       @5'11"@185  @Detroit, MI                             @
John Mulread@21@16@Y@John Mulready       @IF      @5'9" @155  @Clinton, MI                             @
Brad Allen  @22@08@Y@Brad Allen          @P       @5'10 @180  @Manchester, MI                          @
Mike Hodgins@23@09@Y@Mike Hodgins        @IF      @5'11"@190  @West Bloomfield, MI                     @
Cullen Zimme@25@08@Y@Cullen Zimmerman    @OF      @6'0" @185  @Clinton, MI                             @
Andrew Shepa@26@09@Y@Andrew Shepard      @P       @5'11 @210  @Wabash, IN                              @
Josh Moody  @27@08@Y@Josh Moody          @P       @6'0" @175  @Alma, MI                                @
Marlon Harri@28@08@Y@Marlon Harris       @OF      @6'3  @210  @Lansing, IL                             @
MacKay Littl@29@08@Y@MacKay Little       @P       @6'1" @220  @Dexter, MI                              @
Brendan DeCl@30@17@Y@Brendan DeClark     @IF      @5'11"@205  @London, OT                              @
Rick James  @31@08@Y@Rick James          @C       @5'10"@175  @Toronto                                 @
Billy Turvo @32@16@Y@Billy Turvo         @OF      @5'11"@200  @Clinton, MI                             @
Caleb Baraga@33@19@Y@Caleb Baragar       @P       @6'3" @200  @Jenison, MI                             @
Mitch Goodwi@34@16@Y@Mitch Goodwin       @DH      @6'5" @295  @Paw Paw, MI                             @
Austin Shepa@35@08@Y@Austin Shepard      @P       @6'2" @225  @Vicksburg, MI                           @
Jonathon Hal@37@08@Y@Jonathon Hall       @P       @6'0" @185  @Byron Center, MI                        @
Justin Barne@38@19@Y@Justin Barnes       @P/OF    @6'0" @225  @Ann Arbor, MI                           @
Alex Arringt@42@11@Y@Alex Arrington      @P       @6'2" @235  @Eaton Rapids, MI                        @
