Seth Campbel@1 @08@Y@Seth Campbell       @MINF    @5'7" @150  @Old Hickory, TN                         @
Clayton Smit@2 @16@Y@Clayton Smithson    @SS      @6'1" @170  @Hopkinsville, KY                        @
Ben Drudy   @4 @11@Y@Ben Drudy           @OF/LHP  @5'11"@175  @Clarksville, TN                         @
Chris Patter@5 @08@Y@Chris Patterson     @OF      @6'0" @190  @Clarksville, TN                         @
Colton Harri@7 @19@Y@Colton Harris       @LHP     @5'11"@180  @Halls, TN                               @
Josh Tubbs  @8 @16@Y@Josh Tubbs          @RHP     @6'1" @180  @Camden, TN                              @
Taylor Mahow@9 @08@Y@Taylor Mahowald     @RHP     @6'2" @160  @Clarksville, TN                         @
Zach Phillip@10@08@Y@Zach Phillips       @OF      @6'1" @205  @Memphis, TN                             @
Trevor McGee@11@09@Y@Trevor McGee        @LHP     @5'9" @170  @Parsons, TN                             @
Kyle Blackbu@12@16@Y@Kyle Blackburn      @OF      @6'2" @200  @Camden, TN                              @
Dylan McKnig@15@08@Y@Dylan McKnight      @RHP     @6'0" @180  @Lewisburg, TN                           @
Ben Sanderso@17@16@Y@Ben Sanderson       @RHP     @5'11"@175  @Murfreesboro, TN                        @
Ryan Madewel@18@08@Y@Ryan Madewell       @RHP/INF @6'0" @200  @Priceville, AL                          @
Matthew Bask@19@08@Y@Matthew Baskette    @RHP     @6'5" @170  @Winchester, TN                          @
JT Farmer   @20@08@Y@JT Farmer           @C       @6'3" @195  @Columbia, TN                            @
Tommy Weiler@21@11@Y@Tommy Weiler        @LHP     @5'9" @145  @Knoxville, TN                           @
Zach Tompkin@22@16@Y@Zach Tompkins       @C       @6'0" @205  @Mt. Juliet, TN                          @
Devin Presle@24@16@Y@Devin Presley       @RHP     @6'1" @185  @Kingston Springs, TN                    @
Blake Rowlet@25@09@Y@Blake Rowlett       @2B      @5'10"@180  @Clarksville, TN                         @
Kody Doron  @27@08@Y@Kody Doron          @RHP     @6'4" @210  @Clarksville, TN                         @
Trey Moyer  @28@08@Y@Trey Moyer          @RHP     @5'11"@170  @Nashville, TN                           @
Austin Schub@30@16@Y@Austin Schubert     @RHP/1B  @6'0" @190  @Columbia, TN                            @
Ryan Helgren@31@08@Y@Ryan Helgren        @3B      @6'0" @180  @Columbia, TN                            @
Taylor Walke@32@16@Y@Taylor Walker       @1B      @6'4" @225  @Murfreesboro, TN                        @
Zack VanDenb@33@16@Y@Zack VanDenburg     @3B/C    @6'0" @210  @Wynantskill, NY                         @
James Smith @34@11@Y@James Smith         @LHP     @5'10"@185  @Jackson, TN                             @
Blake Goodgi@36@08@Y@Blake Goodgine      @OF      @6'1" @185  @Paris, TN                               @
