Richard Alle@1 @16@Y@Richard Allen       @P/OF    @5'10"@150  @Falconer                                @
David Vander@2 @09@Y@David Vanderby      @IF/P    @5"8" @150  @Hamilton                                @
Christian Va@3 @16@Y@Christian VanNote   @IF/P    @5'10"@180  @Gowanda                                 @
Cody Matheso@4 @08@Y@Cody Matheson       @C       @5'11"@170  @Listowel                                @
Josh Allan  @6 @16@Y@Josh Allan          @IF      @5'11"@170  @Manlius                                 @
Greg Marco  @7 @16@Y@Greg Marco          @C       @5'10"@150  @Waterdown                               @
Jeff Andruli@8 @08@Y@Jeff Andrulis       @OF      @5'10"@175  @Thorold                                 @
Bram Johnson@9 @08@Y@Bram Johnson        @IF      @5'11"@160  @Jamestown                               @
Brandon Habi@10@10@Y@Brandon Habibibulah @OF      @5'10"@170  @Brampton                                @
Luke Macakan@11@09@Y@Luke Macakanja      @P       @6"   @180  @Catteraguas                             @
Joseph Morel@12@14@Y@Joseph Morel        @OF      @5'4" @160  @NYC                                     @
Jon Coe     @15@09@Y@Jon Coe             @P/UTLY  @6'1" @185  @Westfield                               @
Kenneth Mill@16@12@Y@Kenneth Millan      @OF      @5'10"@155  @Carolina                                @
Brett Lutz  @17@16@Y@Brett Lutz          @C       @5'7" @180  @Fredonia                                @
Dan Williams@19@08@Y@Dan Williamson      @P       @5'9" @210  @Falconer                                @
Lyle Howard @20@16@Y@Lyle Howard         @P       @6'4" @200  @So Dayton                               @
Hunter Zimme@21@08@Y@Hunter Zimmer       @P       @5'9" @165  @Haneoye                                 @
Ed Dorunda  @22@16@Y@Ed Dorunda          @P/1B    @6'2" @180  @Warren                                  @
Connor Farnh@23@08@Y@Connor Farnham      @P/CI    @6'2" @190  @Fredonia                                @
Nekyle Taylo@24@16@Y@Nekyle Taylor       @P       @6'1" @205  @Jamestown                               @
Nathan Stark@25@08@Y@Nathan Starkes      @P       @6'4" @210  @Dundas                                  @
Marcelo Park@26@08@Y@Marcelo Parker      @P/DH    @6'1" @190  @San Salvador                            @
Jose Corrale@27@08@Y@Jose Corrales       @P       @6'3" @210  @Guatamala City                          @
Steven Sattz@29@16@Y@Steven Sattz        @1B/P    @6'5" @230  @Pickering                               @
Adam Reece  @30@08@Y@Adam Reece          @1B/OF   @6'   @215  @Stratford                               @
