Adam Hanks  @1 @09@Y@Adam Hanks          @2B      @5'10"@175  @House Springs, MO                       @
Justin Blech@3 @17@Y@Justin Blechle      @2B      @5'11"@170  @Wentzville, MO                          @
Nate Green  @4 @08@Y@Nate Green          @3B      @5'10"@175  @St. Charles, MO                         @
Nolan Sponsl@5 @16@Y@Nolan Sponsler      @SS      @6'2" @175  @Weldon Spring, MO                       @
Blake Womack@6 @16@Y@Blake Womacks       @C       @6'2" @200  @Pevely, MO                              @
Ryan Rippee @7 @16@Y@Ryan Rippee         @OF      @6'4" @225  @Springfield, MO                         @
Connor Faron@8 @16@Y@Connor Faron        @2B      @5'10"@175  @St. Louis, MO                           @
Kyle Carroll@9 @16@Y@Kyle Carroll        @SS      @6'2" @190  @Richmond, MO                            @
Matt Feldt  @10@17@Y@Matt Feldt          @OF      @6'1" @195  @St. Louis, MO                           @
Chase Simmon@11@08@Y@Chase Simmons       @C       @6'2" @210  @Kelso, MO                               @
Patrick Schn@12@08@Y@Patrick Schnieders  @P       @6'2" @180  @Westphalia, MO                          @
Justin Pauls@13@09@Y@Justin Paulsen      @1B      @6'0" @200  @Ballwin, MO                             @
Zach Faulkne@15@16@Y@Zach Faulkner       @3B      @6'2" @210  @Festus, MO                              @
Mike Patters@17@16@Y@Mike Patterson      @P       @5'9" @180  @St. Louis, MO                           @
Trent Leimku@19@16@Y@Trent Leimkuehler   @OF      @6'1" @180  @Washington, MO                          @
Mitchell Lov@21@08@Y@Mitchell Lovelace   @OF      @6'2" @190  @Festus, MO                              @
Ryan Agnitsc@22@16@Y@Ryan Agnitsch       @P       @6'0" @200  @Overland Park, KS                       @
Jared Fosdic@23@11@Y@Jared Fosdick       @P       @6'0" @170  @Hazelwood, MO                           @
Gerrion Grim@25@08@Y@Gerrion Grim III    @P/OF    @6'2" @190  @St. Peters, MO                          @
Brendon Alle@26@16@Y@Brendon Allen       @P       @6'4" @190  @Moscow Mills, MO                        @
DJ Hickey   @28@10@Y@DJ Hickey           @P       @6'1" @180  @Wentzville, MO                          @
Brady Womack@29@08@Y@Brady Womacks       @P       @6'4" @200  @Pevely, MO                              @
Jeff Smugala@30@08@Y@Jeff Smugala        @C       @5'11"@190  @St. Peters, MO                          @
Brian Read  @31@20@Y@Brian Read          @P       @6'0" @185  @Independence, MO                        @
Andrew Curry@32@11@Y@Andrew Curry        @P       @6'4" @195  @Waverly, MO                             @
Nathan Lambe@33@08@Y@Nathan Lambert      @P       @6'1" @185  @Festus, MO                              @
Colten Selve@36@16@Y@Colten Selvey       @P       @6'0" @205  @Liberal, MO                             @
Chandler Wol@43@08@Y@Chandler Wolf       @P       @6'4" @200  @Russellville, MO                        @
Mitch Weis  @45@16@Y@Mitch Weis          @P       @6'5" @210  @Wildwood, MO                            @
Aaron Fuller@47@08@Y@Aaron Fuller        @P       @6'3" @200  @Pevely, MO                              @
