Caleb Dickey@1 @17@Y@Caleb Dickey        @INF/OF  @6'1  @165  @Brewton, AL                             @
Hunter Myric@2 @16@Y@Hunter Myrick       @OF      @5'11 @165  @Millbrook, AL                           @
Brandon Davi@3 @08@Y@Brandon Davis       @INF/OF  @6'2  @180  @Gulf Shores, AL                         @
Michael Fox @4 @16@Y@Michael Fox         @INF/OF  @5'10 @175  @Troy, AL                                @
Taylor Fough@5 @08@Y@Taylor Fought       @INF     @5'8  @170  @Choctawhatchee, FL                      @
Cameron Davi@6 @08@Y@Cameron Davis       @OF      @6'1  @210  @Theodore, AL                            @
Ryan Roberts@7 @08@Y@Ryan Roberts        @P       @6'1  @155  @Spanish Fort, AL                        @
Matthew Holm@8 @17@Y@Matthew Holmes      @INF     @5'9  @190  @Brantley, AL                            @
Roman Donofr@9 @08@Y@Roman Donofro       @P       @5'8  @165  @Crestview, FL                           @
Mitchell Pet@10@16@Y@Mitchell Peterson   @P       @6'1  @170  @Miramar, FL                             @
Logan Hill  @11@16@Y@Logan Hill          @OF      @6'3  @215  @Pensacola, FL                           @
Dylan Johnso@12@08@Y@Dylan Johnson       @P       @6'2  @165  @Oxford, AL                              @
Trey Marshal@14@16@Y@Trey Marshall       @P       @6'2  @225  @Destin, FL                              @
Tanner Zant @15@08@Y@Tanner Zant         @INF     @6'0  @200  @Niceville, FL                           @
Brandon Goin@16@08@Y@Brandon Goins       @OF      @5'8  @170  @Bay Minette, AL                         @
Scott Robert@19@19@Y@Scott Robertson     @P       @6'0  @185  @Pensacola, FL                           @
Jacob Fillmo@20@08@Y@Jacob Fillmore      @INF/P   @6'0  @190  @Brewton, AL                             @
Reid Johnson@21@16@Y@Reid Johnson        @INF     @5'8  @180  @Brewton, AL                             @
Craig Headle@22@08@Y@Craig Headley       @C       @6'0  @200  @Clanton, AL                             @
John-Mark Co@23@08@Y@John-Mark Cosby     @INF     @5'9  @190  @Millbrook, AL                           @
Jonathan Moo@24@16@Y@Jonathan Moore      @INF     @6'2  @180  @Cairo, GA                               @
Dake Rivers @25@09@Y@Dake Rivers         @INF     @6'0  @215  @Opelika, AL                             @
Alex Jones  @27@16@Y@Alex Jones          @C       @6'2  @215  @Pensacola, FL                           @
Greg Ciangio@28@09@Y@Greg Ciangiotto     @OF      @5'10 @170  @Pensacola, FL                           @
Tyler Henry @29@16@Y@Tyler Henry         @P       @6'1  @210  @Pensacola, FL                           @
Taylor Bayne@30@08@Y@Taylor Baynes       @INF     @5'10 @180  @Pensacola Beach, FL                     @
Davis Champi@31@08@Y@Davis Champion      @P       @6'3  @205  @Crestview, FL                           @
Garrett Davi@32@08@Y@Garrett Davis       @P       @6'0  @250  @Skipperville, AL                        @
Nick Helton @40@08@Y@Nick Helton         @P       @5'10 @220  @Pensacola, FL                           @
