Kyle Simmons@1 @16@Y@Kyle Simmons        @SS/RHP  @6"   @175 l@Watertown, NY                           @
Calder Roggi@2 @16@Y@Calder Roggie       @2B      @5'9" @165  @Lowville, NY                            @
Alexander Sa@3 @08@Y@Alexander Sanchez   @RHP     @6'3" @200  @Bronx, NY                               @
Terrence Bel@4 @16@Y@Terrence Belec      @1B      @6'2" @210  @Rochester, NY                           @
Bradley McQu@5 @08@Y@Bradley McQuinn     @OF      @5'11"@180  @Midland, Ontario                        @
Elliot Marti@6 @16@Y@Elliot Martin       @C/RHP   @6'1" @190  @South Lewis                             @
Eury Villalo@7 @16@Y@Eury Villalona      @LHP     @5'11"@160  @Brooklyn, NY                            @
James Matthe@8 @16@Y@James Matthews III  @RHP     @5'11"@205  @Camden, NY                              @
Alvin Valdez@9 @08@Y@Alvin Valdez        @OF      @5'10"@165  @Bronx, NY                               @
Jorge Mera  @11@16@Y@Jorge Mera          @OF      @5'10"@170  @Queens, NY                              @
Brandon Nobl@12@08@Y@Brandon Noble       @1B      @6'1" @180  @Potsdam, NY                             @
Jason Hardie@14@16@Y@Jason Hardie        @C       @6"   @200  @Ajax, Ontario                           @
Michael Wood@15@08@Y@Michael Wood        @3B      @5'11"@180  @Seneca Falls, NY                        @
Cameron Robb@16@08@Y@Cameron Robbins     @LHP     @5'11"@185  @Clayton, NY                             @
Dustin Pond @17@08@Y@Dustin Pond         @RHP     @6'5" @215  @Watertown, NY                           @
Mac Edwards @20@08@Y@Mac Edwards         @C       @6"   @200  @Kingston, Ontario                       @
Rolando Rinc@21@08@Y@Rolando Rincon      @RHP     @6"   @200  @Queens, NY                              @
Christopher @22@16@Y@Christopher Balleste@3B      @6'1" @195  @Santo Domingo, DR                       @
Emerson Gros@23@08@Y@Emerson Gross       @3B      @6"   @180  @Selden, NY                              @
Shavict Lora@24@08@Y@Shavict Lora        @1B      @6"   @210  @Bronx, NY                               @
Arman Lakhan@29@08@Y@Arman Lakhani       @RHP     @5'11"@185  @Brampton, Ontario                       @
James Smith @30@08@Y@James Smith         @OF      @6"   @205  @Brooklyn, NY                            @
James Snelgr@31@08@Y@James Snelgrove     @RHP     @6'2" @215  @Aclelaide, Australia                    @
Braden Weir @32@08@Y@Braden Weir         @C       @5'9" @175  @Whitby, Ontario                         @
James Adydan@33@16@Y@James Adydan        @RHP     @6"   @190  @Pulaski, NY                             @
Danny Grange@34@08@Y@Danny Granger       @RHP     @6"   @210  @Carthage, NY                            @
Justin Gaude@35@08@Y@Justin Gaudet       @2B      @5'10"@170  @Whitby, Ontario                         @
Billy Newcom@37@08@Y@Billy Newcombe      @RHP     @5'11"@180  @Sackets Harbor, NY                      @
Bryant Wentw@38@08@Y@Bryant Wentworth    @2B      @5'11"@165  @Canton, NY                              @
TJ Montalban@40@08@Y@TJ Montalbano       @OF/RHP  @6"   @175  @Dix Hills, NY                           @
CJ Loomis   @41@08@Y@CJ Loomis           @SS      @6"   @170  @Mexico, NY                              @
