Michael Yack@4 @08@Y@Michael Yacko       @P       @6'1" @210  @                                        @
Zach Ditto  @5 @08@Y@Zach Ditto          @INF     @5'9" @170  @                                        @
Joba Ferrell@6 @16@Y@Joba Ferrell        @OF      @6'1" @185  @                                        @
Tanner Scott@8 @16@Y@Tanner Scott        @INF     @5'11"@200  @                                        @
Jacob Carpen@9 @09@Y@Jacob Carpenter     @C       @5'11"@180  @                                        @
Jake Herron @10@08@Y@Jake Herron         @P       @6'1" @210  @                                        @
Jamal Fletch@11@16@Y@Jamal Fletcher      @INF     @6'3" @205  @                                        @
Aaron Gabrie@12@08@Y@Aaron Gabriel       @INF     @6'0" @195  @                                        @
Trey Waldrop@14@08@Y@Trey Waldrop        @P       @6'2" @165  @                                        @
Kyle Schneid@16@08@Y@Kyle Schneider      @P       @6'2" @175  @                                        @
Culver Plant@18@08@Y@Culver Plant        @INF     @6'3" @195  @                                        @
Mark Self   @19@17@Y@Mark Self           @C       @6'3" @220  @                                        @
Brandon Radm@21@11@Y@Brandon Radmacher   @P       @6'3" @200  @                                        @
John Schram @22@08@Y@John Schram         @P       @6'5" @220  @                                        @
Konner Lutz @23@17@Y@Konner Lutz         @C       @6'3" @200  @                                        @
Ryan Dunne  @24@08@Y@Ryan Dunne          @P       @6'3" @225  @                                        @
Walker Owens@25@08@Y@Walker Owens        @INF     @6'3" @210  @                                        @
John Tollive@26@16@Y@John Tolliver       @P       @6'3" @220  @                                        @
Tyler McGowa@27@16@Y@Tyler McGowan       @P       @6'2" @190  @                                        @
Joey Marcian@28@11@Y@Joey Marciano       @P       @6'4" @235  @                                        @
