Bret Hollowa@0 @16@Y@Bret Holloway       @OF      @     @     @                                        @
Brad Marx   @1 @08@Y@Brad Marx           @OF      @     @     @                                        @
Ryan Fischer@2 @16@Y@Ryan Fischer        @SS      @     @     @                                        @
Matt Priest @3 @11@Y@Matt Priest         @OF / P  @     @     @                                        @
Dylan Nance @5 @08@Y@Dylan Nance         @C       @     @     @                                        @
Nate Lamp   @7 @16@Y@Nate Lamp           @Inf.    @     @     @                                        @
Brennen Hurl@8 @16@Y@Brennen Hurley      @Inf.    @     @     @                                        @
Aldo Adamus @10@16@Y@Aldo Adamus         @C / P / @     @     @                                        @
Brock Best  @12@16@Y@Brock Best          @P       @     @     @                                        @
Ari Fabian  @14@11@Y@Ari Fabian          @1B      @     @     @                                        @
Oscar Gordil@15@08@Y@Oscar Gordillo      @P / Inf.@     @     @                                        @
Preston Mill@18@08@Y@Preston Miller      @P       @     @     @                                        @
Dalton Entwi@19@16@Y@Dalton Entwistle    @3B      @     @     @                                        @
Jalen Poinde@22@08@Y@Jalen Poindexter    @C       @     @     @                                        @
Zach Bishop @23@09@Y@Zach Bishop         @1B / C  @     @     @                                        @
Tyler Johnso@25@17@Y@Tyler Johnson       @OF / P  @     @     @                                        @
Justin Lande@27@08@Y@Justin Landewee     @P / Inf.@     @     @                                        @
Miguel Egea @28@11@Y@Miguel Egea         @P / OF  @     @     @                                        @
Garrad Marti@31@08@Y@Garrad Martinez     @P       @     @     @                                        @
Brandon Gene@33@19@Y@Brandon Genenbacher @P       @     @     @                                        @
Eliu Baez   @42@08@Y@Eliu Baez           @P       @     @     @                                        @
Sal Martoran@46@11@Y@Sal Martorano       @P       @     @     @                                        @
