CJ Stuever  @1 @08@Y@CJ Stuever          @OF / INF@5'9  @150  @Lawrence, KS                            @
Ben Calvano @2 @08@Y@Ben Calvano         @OF      @6'0  @175  @Kansas City, MO                         @
Dakota Stone@3 @08@Y@Dakota Stone        @RHP     @6'1  @140  @Lee's Summit, MO                        @
Dalton Gulic@4 @08@Y@Dalton Gulick       @RHP     @6'2  @170  @Miller, MO                              @
Jacob Scribn@5 @08@Y@Jacob Scribner      @1B      @6'1  @195  @Raymore, MO                             @
Riley Landuy@6 @08@Y@Riley Landuyt       @OF      @6'0  @195  @Topeka                                  @
Alec Alvarez@7 @12@Y@Alec Alvarez        @INF     @5'11 @170  @Overland Park, KS                       @
John Fairchi@8 @08@Y@John Fairchild      @C       @6'1  @180  @Lee's Summit, MO                        @
Luis Gardea @9 @09@Y@Luis Gardea         @OF      @5'6  @140  @Kansas City, KS                         @
Connor Mille@10@16@Y@Connor Miller       @RHP     @5'10 @185  @Omaha, NE                               @
LJ Hatch    @11@08@Y@LJ Hatch            @SS / RHP@5'11 @175  @Shawnee, KS                             @
Jacob Rateli@12@11@Y@Jacob Rateliff      @LHP     @6'0  @160  @Mustang, OK                             @
Matt Olsen  @13@16@Y@Matt Olsen          @OF      @5'10 @185  @Lee's Summitt                           @
Shea Stine  @14@09@Y@Shea Stine          @INF     @6'0  @190  @Dallas, TX                              @
Brian Burasc@16@16@Y@Brian Burasco       @INF     @6'3  @180  @Blue Springs, MO                        @
Derek Hurt  @18@11@Y@Derek Hurt          @LHP     @6'0  @175  @Overland Park, KS                       @
Sam Mrstik  @19@08@Y@Sam Mrstik          @INF / OF@6'0  @190  @Iowa City, IA                           @
Aaron Schnur@20@19@Y@Aaron Schnurbusch   @OF / LHP@6'5  @215  @Eureka, MO                              @
David White @21@08@Y@David White         @C       @6'2  @200  @Kansas City, MO                         @
Justin Wyant@22@08@Y@Justin Wyant        @RHP     @6'0  @200  @Marion, IA                              @
Derek Beier @23@16@Y@Derek Beier         @RHP     @5'9  @170  @Oklahoma City, OK                       @
Zach Isham  @24@16@Y@Zach Isham          @OF / INF@6'1  @180  @St. Charles, MO                         @
Anthony Mill@25@09@Y@Anthony Miller      @INF / RH@6'4  @240  @Overland Park, KS                       @
Jacob Patzne@26@08@Y@Jacob Patzner       @RHP     @6'9  @240  @Desoto, MO                              @
Ricky Ward  @27@08@Y@Ricky Ward          @OF      @6'2  @190  @Branson, MO                             @
Brennan Huff@28@08@Y@Brennan Huffman     @C       @6'0  @170  @Louisburg, KS                           @
Hayden Steel@29@16@Y@Hayden Steele       @INF     @6'2  @205  @St. Joseph, MO                          @
Michael Hayw@31@08@Y@Michael Hayworth    @C       @6'0  @200  @Stillwell, KS                           @
Lucas Knehan@33@16@Y@Lucas Knehans       @RHP     @5'11 @145  @Shawnee, KS                             @
Jacob Nelson@34@16@Y@Jacob Nelson        @RHP     @6'1  @245  @Coweta, OK                              @
Quintin Doug@35@08@Y@Quintin Dougherty   @RHP     @6'6  @240  @Goddard, KS                             @
