Kenny Miloso@1 @16@Y@Kenny Milosovic     @INF     @5'9" @160  @Morris, IL                              @
Nick Fleisch@3 @16@Y@Nick Fleischauer    @INF     @6'3" @230  @Shorewood, IL                           @
TJ Condon   @4 @08@Y@TJ Condon           @C       @6'1" @200  @Minooka, IL                             @
Alex Bebar  @5 @16@Y@Alex Bebar          @OF      @6'0" @175  @Shorewood, IL                           @
David Hill  @6 @08@Y@David Hill          @OF      @6'2" @185  @Shorewood, IL                           @
Matt DeGraw @7 @16@Y@Matt DeGraw         @P       @6'3" @200  @Lockport, IL                            @
Ryan Clavenn@8 @16@Y@Ryan Clavenna       @INF     @5'9" @160  @New Lenox, IL                           @
Nick Andrade@9 @08@Y@Nick Andrade        @OF      @5'10"@170  @New Lenox, IL                           @
Tyler Thorso@10@16@Y@Tyler Thorson       @INF     @5'11"@170  @Minooka, IL                             @
Kevin Ruff  @12@08@Y@Kevin Ruff          @P       @6'0" @180  @Minooka, IL                             @
Ben Kirchler@13@16@Y@Ben Kirchler        @INF     @5'9" @160  @Joliet, IL                              @
Jonathan Bol@14@16@Y@Jonathan Bolton     @OF      @5'11"@180  @Crest Hill, IL                          @
David Rico  @15@16@Y@David Rico          @OF      @5'6" @155  @Manhattan, IL                           @
Jose Mendoza@18@16@Y@Jose Mendoza        @P       @6'4" @195  @New Lenox, IL                           @
Jake Kozlows@19@16@Y@Jake Kozlowski      @P       @6'0" @190  @New Lenox, IL                           @
Josh Wojnaro@20@16@Y@Josh Wojnarowski    @P       @6'4" @210  @                                        @
Nick Lindema@21@08@Y@Nick Lindemann      @P       @6'1" @170  @Lockport, IL                            @
Matt Filkins@22@17@Y@Matt Filkins        @OF      @6'2" @190  @Manhattan, IL                           @
Kevin Hatche@23@08@Y@Kevin Hatcher       @INF/P   @5'11"@180  @Cassopolis, MI                          @
Jeff Duschen@24@08@Y@Jeff Duschene       @INF     @6'0" @150  @Lockport, IL                            @
Kevin Ganzer@25@08@Y@Kevin Ganzer        @C       @5'10"@175  @Joliet, IL                              @
Colten Trage@27@08@Y@Colten Trager       @C       @6'2" @205  @Grand Ridge, IL                         @
Josh Jimenez@28@19@Y@Josh Jimenez        @P       @6'0" @190  @Channahon, IL                           @
Steve Wittka@29@11@Y@Steve Wittkamp      @INF     @6'2" @185  @Channahon, IL                           @
Jacob Braeun@30@16@Y@Jacob Braeunig      @P       @5'11"@175  @Mokena, IL                              @
Joe Pursel  @31@19@Y@Joe Pursel          @P       @6'3" @180  @Plainfield, IL                          @
Jeff Pattiso@32@08@Y@Jeff Pattison       @OF      @5'9" @160  @Homer Glen, IL                          @
Ron Sessler @33@10@Y@Ron Sessler         @OF      @6'1" @165  @Lockport, IL                            @
Darrell Coll@34@16@Y@Darrell Collins     @INF     @5'7" @165  @Plainfield, IL                          @
Cameron Bass@35@08@Y@Cameron Bass        @INF     @5'6" @170  @Crete, IL                               @
Thomas Goody@45@08@Y@Thomas Goodyear     @P       @6'1" @150  @Romeoville, IL                          @
