Tyler Raymon@1 @09@Y@Tyler Raymond       @2B      @     @     @Brandon, FL                             @
Lucas Norton@3 @18@Y@Lucas Norton        @OF      @     @     @Liberty, MO                             @
Wilfredo Riv@4 @08@Y@Wilfredo Rivera     @RHP     @6'1  @195  @Yabucoa, PR                             @
Sam Baxter  @5 @08@Y@Sam Baxter          @2B/3B/SS@     @     @Platte City, MO                         @
Garrett McKi@6 @16@Y@Garrett McKinzie    @C       @     @     @Raymore, MO                             @
Danny Kralic@7 @08@Y@Danny Kralicek      @OF      @     @     @Overland Park, KS                       @
Kyle Stonest@8 @08@Y@Kyle Stonestreet    @2B      @     @     @Lenexa, KS                              @
Tanner Foers@10@08@Y@Tanner Foerschler   @SS/1B/3B@     @     @Harrisonville, MO                       @
EJ Merlo    @11@16@Y@EJ Merlo            @RHP     @     @     @Blue Springs, MO                        @
Hunter Phill@13@10@Y@Hunter Phillips     @LHP     @     @     @Raymore, MO                             @
Daniel LaMun@14@08@Y@Daniel LaMunyon     @3B/RHP  @     @     @Leawood, KS                             @
Zane Mapes  @16@16@Y@Zane Mapes          @SS/2B   @     @     @Lincoln, NE                             @
Brenndon Tin@18@08@Y@Brenndon Tindall    @C/OF    @     @     @O'Fallon, IL                            @
Alex Thrower@19@09@Y@Alex Thrower        @OF      @     @     @Toronto, ON                             @
Eli Keppler @20@08@Y@Eli Keppler         @C/OF    @     @     @Leavenworth, KS                         @
Easton Edmon@21@11@Y@Easton Edmond       @OF      @     @     @Lincoln, NE                             @
Geoffrey Bir@22@08@Y@Geoffrey Birkemeier @RHP     @     @     @Papillion, NE                           @
Derek Watkin@23@08@Y@Derek Watkins       @RHP     @     @     @Brentwood, TN                           @
Cole Frakes @24@18@Y@Cole Frakes         @LHP     @     @     @Peculiar, MO                            @
Trevor Norbu@25@09@Y@Trevor Norbury      @C       @     @     @Rich Hill, MO                           @
Preston Bail@26@08@Y@Preston Bailey      @RHP     @     @     @Savanna, MO                             @
Christian Ar@27@08@Y@Christian Arnold    @OF      @     @     @Raymore, MO                             @
Spencer Niel@28@08@Y@Spencer Nielsen     @RHP     @     @     @Keller, TX                              @
Adam Rea    @29@08@Y@Adam Rea            @RHP     @     @     @Lawrence, KS                            @
Tanner Thibo@30@09@Y@Tanner Thibodeau    @OF/1B   @     @     @Omaha, NE                               @
Jonathan Boy@32@08@Y@Jonathan Boyer      @RHP     @6'6  @230  @Wasilla, AK                             @
Eric Hinostr@33@08@Y@Eric Hinostroza     @OF/1B/RH@     @     @Brandon, FL                             @
Mitchell Gle@34@16@Y@Mitchell Glessner   @OF/1B   @     @     @Overland Park, KS                       @
Hunter Walsh@35@08@Y@Hunter Walsh        @1B/3B   @     @     @Bismarck, ND                            @
Jonathan May@44@08@Y@Jonathan May        @RHP     @     @     @LaPorte, TX                             @
