Xavier Warre@1 @08@Y@Xavier Warren       @OF      @5'8" @165  @Granville, IL                           @
Ryan Cates  @2 @08@Y@Ryan Cates          @IF/RHP  @5'10"@175  @Yorktown, IN                            @
Cameron Cumm@4 @16@Y@Cameron Cummins     @IF      @5'8" @170  @Harrisburg, IL                          @
Dillon Hoel @5 @16@Y@Dillon Hoel         @IF      @6'0" @165  @Tuscola, IL                             @
Chase Fieldh@6 @16@Y@Chase Fieldhouse    @OF      @5'10"@190  @St. John, IN                            @
Daniel Valde@7 @16@Y@Daniel Valdez       @IF      @6'0" @175  @Orlando, FL                             @
Chris Steven@8 @16@Y@Chris Stevens       @IF      @6'3" @220  @Bolingbrook, IL                         @
Josh Galvan @10@20@Y@Josh Galvan         @C       @5'11"@190  @Cicero, IL                              @
Brandon Hemm@11@16@Y@Brandon Hemmen      @C       @6'1" @195  @Teutopolis, IL                          @
Steven Reyno@12@16@Y@Steven Reynolds     @RHP     @6'3" @185  @Decatur, IL                             @
Austen Wagon@14@08@Y@Austen Wagoner      @IF/RHP  @6'0" @170  @Valparasio, IN                          @
Chase Klein @17@08@Y@Chase Klein         @OF      @6'2" @190  @Trenton, IL                             @
Jayden Jacks@18@08@Y@Jayden Jackson      @C       @6'0" @180  @Shirley, IN                             @
Jared Waldho@20@08@Y@Jared Waldhoff      @RHP/OF  @6'2" @190  @Teutopolis, IL                          @
CJ Schildt  @21@19@Y@CJ Schildt          @LHP     @6'0" @170  @Hauppauge, NY                           @
Conner Oberm@23@11@Y@Conner Obermeier    @OF      @6'0" @165  @Okawville, IL                           @
Willie Estra@24@08@Y@Willie Estrada      @C       @6'0" @200  @Kissimmee, FL                           @
Joey Coonrod@25@17@Y@Joey Coonrod        @RHP     @6'2" @210  @Carrollton, IL                          @
Colton Calho@26@08@Y@Colton Calhoun      @OF      @6'0" @185  @Mt. Zion, IL                            @
Daniel Arroy@28@16@Y@Daniel Arroyo       @RHP     @5'9" @150  @Guayanilla, PR                          @
Clark Pence @30@16@Y@Clark Pence         @RHP/IF  @6'1" @215  @Greenfield, IN                          @
Dylan Carr  @31@16@Y@Dylan Carr          @OF      @6'0" @180  @Greenville, IL                          @
Angel Cortes@32@11@Y@Angel Cortes        @LHP     @5'9" @145  @Miami, FL                               @
Richard Soto@34@08@Y@Richard Sotolongo   @RHP     @6'0" @190  @Miami, FL                               @
Jevon Boyd  @40@16@Y@Jevon Boyd          @RHP     @6'3" @225  @Edwardsville, IL                        @
Fabian Depab@42@19@Y@Fabian Depablos     @LHP     @6'0" @175  @Miami, FL                               @
