Cam Hansen  @1 @08@Y@Cam Hansen          @C       @5'11"@188  @Gobles                                  @
Alex Holley @2 @08@Y@Alex Holley         @INF     @5'11"@187  @Vicksburg                               @
Tanner McCar@3 @16@Y@Tanner McCarn       @OF      @6'0" @199  @Olivet                                  @
Max Drenth  @4 @16@Y@Max Drenth          @C       @6'2" @205  @Decatur                                 @
Connor Owen @5 @08@Y@Connor Owen         @OF      @5'11"@168  @Richland                                @
Hayden Robbi@6 @08@Y@Hayden Robbins      @RHP     @5'10"@199  @St. Clair                               @
Chad Carson @7 @08@Y@Chad Carson         @INF     @5'10"@187  @Attica                                  @
Benny Clark @8 @08@Y@Benny Clark         @OF      @5'6" @150  @Schoolcraft                             @
Alex Goodwin@9 @08@Y@Alex Goodwin        @C/OF    @5'10"@173  @Midland                                 @
Tyler Kirkla@10@16@Y@Tyler Kirkland      @RHP     @6'1" @175  @Sault Ste. Marie                        @
Dayne San Mi@11@16@Y@Dayne San Miguel    @INF     @6'0" @197  @Wheeler                                 @
Garret Soule@12@08@Y@Garret Soule        @INF/OF  @5'9" @173  @Dansville                               @
Scott Snow  @13@08@Y@Scott Snow          @RHP     @6'1" @173  @Otsego                                  @
Kyle Smith  @14@16@Y@Kyle Smith          @RHP     @6'4" @228  @Battle Creek                            @
Caleb Frein @15@11@Y@Caleb Frein         @LHP     @5'10"@165  @Battle Creek                            @
Cadis Chase @17@11@Y@Cadis Chase         @INF/OF  @6'3" @205  @Belgrade                                @
Keith Philli@20@19@Y@Keith Phillips      @LHP/UTL @6'1" @170  @Holland                                 @
Kameron Joos@21@16@Y@Kameron Joostberns  @RHP     @5'10"@197  @Battle Creek                            @
Kyle Mallwit@22@08@Y@Kyle Mallwitz       @RHP     @6'1" @207  @Galesburg                               @
Matt Bloombe@23@11@Y@Matt Bloomberg      @LHP     @6'3" @178  @Augusta                                 @
Aaron Dehn  @24@08@Y@Aaron Dehn          @RHP     @5'10"@219  @South Haven                             @
Travis Bolin@25@08@Y@Travis Bolin        @INF     @5'10"@205  @Watervliet                              @
Tyler Bradne@27@08@Y@Tyler Bradner       @P/UTL   @6'0" @183  @Howell                                  @
Joel Ledford@28@08@Y@Joel Ledford        @OF      @5'11"@201  @Buckley                                 @
Logan Holwer@29@08@Y@Logan Holwerda      @INF/C   @6'0" @210  @Richland                                @
Ben Spielden@30@17@Y@Ben Spieldenner     @UT/RHP  @6'0" @189  @Vicksburg                               @
Steve Remesn@34@19@Y@Steve Remesnik      @LHP/1B  @6'1" @220  @Fort Wayne                              @
