Joseph Liott@2 @16@Y@Joseph Liotta       @IF      @6'1" @     @Staten Island, NY                       @
Joseph Capar@3 @16@Y@Joseph Caparelli    @OF      @5'5" @     @Staten Island                           @
Josuel Dicen@4 @16@Y@Josuel Dicen        @C       @5'7" @     @Brooklyn, NY                            @
Michael Cass@5 @19@Y@Michael Cassavella  @P       @5'11'@     @Brooklyn, NY                            @
Louis Libert@6 @08@Y@Louis Liberta       @3B      @5'10"@     @Brooklyn, NY                            @
Eyosyas Tade@7 @08@Y@Eyosyas Tadesse     @LF      @5'11"@     @Ethiopia                                @
Jonathan Bia@8 @08@Y@Jonathan Bianchino  @SS      @5'6" @     @                                        @
Justin Baier@11@17@Y@Justin Baierlein    @OF      @6'1" @     @Richmondhill, NY                        @
Michael Allo@12@16@Y@Michael Alloggio    @P       @6'0  @     @Brooklyn, NY                            @
Nicholas Man@13@08@Y@Nicholas Manzione   @OF      @5'11"@     @                                        @
Dominic Mora@14@08@Y@Dominic Morano      @C       @5'10"@     @                                        @
Gary Anderse@15@08@Y@Gary Andersen       @OF      @5'10"@     @Staten Island, NY                       @
Paul Blondo @16@08@Y@Paul Blondo         @OF      @6'6" @     @Brooklyn, NY                            @
Christopher @17@08@Y@Christopher Garguilo@C       @5'7  @     @Brooklyn, NY                            @
Mark Marrero@23@16@Y@Mark Marrero        @IF      @5'7" @     @Brooklyn, NY                            @
Frank Vasque@31@08@Y@Frank Vasquez       @OF      @6'2" @     @Valley Stream, NY                       @
Jospeh Burgu@33@10@Y@Jospeh Burgund      @OF      @6'3" @     @Staten island, NY                       @
Andy Torres @50@08@Y@Andy Torres         @OF      @6'0" @     @Brooklyn, NY                            @
Christian Bu@51@16@Y@Christian Buckman   @1B      @6'1" @     @Brooklyn, NY                            @
Brian Doyle @52@16@Y@Brian Doyle         @LF      @5'10"@     @Breezy Point, NY                        @
