Kevin Lopez @1 @10@Y@Kevin Lopez         @2B      @5'8" @145  @Rio Grande, PR                          @
Joe Drage   @2 @19@Y@Joe Drage           @OF      @5'8" @165  @Muncie, IN                              @
Jermar Walto@3 @08@Y@Jermar Walton       @OF      @6'1" @175  @Union City, GA                          @
Kyle Massie @4 @16@Y@Kyle Massie         @2B      @5'9" @165  @Summitville, IN                         @
Craig Cleave@5 @10@Y@Craig Cleaver       @P       @5'10"@155  @Scottsboro, AL                          @
Nick Brandt @6 @16@Y@Nick Brandt         @OF      @5'10"@155  @Homewood, Il                            @
Alberto Izar@7 @08@Y@Alberto Izarrary    @C       @5'8" @175  @Guayanilla, PR                          @
Trenton Sopk@9 @20@Y@Trenton Sopko       @C       @5'9" @190  @Cortland, IL                            @
Corey Demos @10@08@Y@Corey Demos         @P       @6'0" @175  @East Dundee, IL                         @
Kevin Tirado@11@08@Y@Kevin Tirado        @3B      @5'9" @180  @Carolina, PR                            @
Jose Villar @12@16@Y@Jose Villar         @P       @6'2" @195  @Brooklyn, NY                            @
Kyle Lawson @13@16@Y@Kyle Lawson         @P       @6'3" @170  @Davis Junction, IL                      @
Isaac Pina  @14@08@Y@Isaac Pina          @SS      @6'0" @190  @Goodyear, AZ                            @
Jermey Karas@15@19@Y@Jermey Karasewski   @P       @5'10"@175  @Cortland, IL                            @
Brad Speek  @16@16@Y@Brad Speek          @SS      @6'3" @180  @Noblesville, IL                         @
Cody Varga  @17@18@Y@Cody Varga          @P       @6'0" @170  @DeKalb, IL                              @
Heath Davids@21@16@Y@Heath Davidson      @C       @5'10"@230  @Alexandria, IN                          @
Devon Branch@22@08@Y@Devon Branch        @P       @6'2" @180  @Chicago, IL                             @
Justen Smith@23@08@Y@Justen Smith        @P       @6'1" @200  @Homewood, IL                            @
Mike Lucero @24@11@Y@Mike Lucero         @1B      @5'10"@190  @Laredo, TX                              @
JonMichael W@26@16@Y@JonMichael Weaver   @1B      @6'3" @215  @Fortville, IN                           @
Jake Chavez @28@08@Y@Jake Chavez         @1B      @6'2" @220  @Mokena, IL                              @
Mike Trefil @29@16@Y@Mike Trefil         @OF      @6'3" @195  @Lagrange, IL                            @
Elon Chaimbe@32@17@Y@Elon Chaimberlain   @1B      @6'3" @225  @Homewood, IL                            @
Donney Perdu@33@08@Y@Donney Perdue       @P       @6'5" @230  @Tuczon, AZ                              @
Jeremy McCar@34@08@Y@Jeremy McCarty      @OF      @6'4" @215  @Waupon, WI                              @
Corey Nelson@36@08@Y@Corey Nelson        @P       @6'2" @215  @DeKalb, IL                              @
