Travis Traye@00@00@Y@Travis Trayer       @P       @5'11 @165  @Mccune, KS                              @
MIchael Lope@1 @08@Y@MIchael Lopez       @OF      @5'6  @148  @Houston, TX                             @
Ryan Minton @2 @08@Y@Ryan Minton         @OF      @5'10 @170  @Winfield, KS                            @
Michael Heff@3 @16@Y@Michael Hefferan    @P       @6'2  @185  @Tulsa, OK                               @
Will Crossla@4 @11@Y@Will Crossland      @P       @5'7  @145  @Little Rock, AR                         @
Dalton Powel@5 @17@Y@Dalton Powell       @C       @6'2  @190  @Cherokee, KS                            @
Austin Bass @7 @16@Y@Austin Bass         @OF      @6'0  @195  @Sugar Land, TX                          @
Zach Cordell@8 @16@Y@Zach Cordell        @P       @6'2  @185  @Tulsa, OK                               @
Jacob Kelly @9 @11@Y@Jacob Kelly         @P       @5'6  @160  @Pollok, TX                              @
George Gugin@10@20@Y@George Gugino       @INF     @6'3  @190  @Midwest City, OK                        @
Luis Alvarad@11@08@Y@Luis Alvarado       @INF     @5'8  @160  @Morovis, PR                             @
Wakely Bergn@12@08@Y@Wakely Bergner      @P       @5'10 @190  @Marlow, Ok                              @
Francisco Pe@13@08@Y@Francisco Perez     @INF     @5'11 @160  @Houston, TX                             @
Jerry Jones @14@16@Y@Jerry Jones         @INF     @6'0  @185  @Inola, OK                               @
Tyler Brite @15@08@Y@Tyler Brite         @P       @6'3  @190  @Marlow, OK                              @
Dallas Peter@17@08@Y@Dallas Peterson     @OF      @6'0  @200  @Aurora, MO                              @
Riley Obrien@18@08@Y@Riley Obrien        @P       @5'11 @170  @St. Paul, KS                            @
Trevor Thoma@19@08@Y@Trevor Thomas       @INF     @5'8  @160  @Longview, TX                            @
Bradley Clay@21@08@Y@Bradley Clayton     @INF     @5'9  @225  @Longview, TX                            @
Cory Duckwor@22@16@Y@Cory Duckworth      @P       @6'2  @215  @Pembroke Pines, FL                      @
Tanner Grant@23@16@Y@Tanner Grant        @INF     @5'7  @155  @Scammon, KS                             @
Kevin Nievel@24@08@Y@Kevin Nieveld       @OF      @5'11 @180  @Rijswijk, Netherlands                   @
Taylor Marin@25@08@Y@Taylor Marin        @P       @5'11 @195  @Houston, TX                             @
Jeremy Smith@26@08@Y@Jeremy Smith        @P       @6'0  @210  @Houston, TX                             @
Steven De Le@27@08@Y@Steven De Leon      @C       @5'9  @200  @Humacao, PR                             @
Jimmy Marsh @28@08@Y@Jimmy Marsh         @P       @5'11 @180  @Bartlesville, OK                        @
Garrett Tott@29@08@Y@Garrett Totty       @C       @6'2  @195  @Henryetta, OK                           @
Kyle Edwards@30@08@Y@Kyle Edwards        @P       @5'10 @170  @Louisburg, KS                           @
Garrett Garn@31@08@Y@Garrett Garner      @P       @5'10 @180  @Hot Springs, AR                         @
Hunter Decka@32@08@Y@Hunter Deckard      @P       @5'10 @160  @Galena, KS                              @
Clayton Kuhn@33@08@Y@Clayton Kuhn        @P       @5'10 @205  @Gypsum, KS                              @
Kevin Martin@34@16@Y@Kevin Martin        @INF     @6'0  @210  @Stockton, MO                            @
Mike Wiesman@35@08@Y@Mike Wiesman        @P       @6'6  @225  @Moorhead, MN                            @
