Eric Grabows@1 @08@Y@Eric Grabowski      @INF/RHP @5'10 @170  @Lakeland,PA                             @
Bernard Brit@2 @08@Y@Bernard Brito       @INF     @6'0  @190  @Fair Lawn, NJ                           @
Evan Grimes @3 @08@Y@Evan Grimes         @INF     @6'0  @170  @Norristown, PA                          @
Ron Sherman @4 @16@Y@Ron Sherman         @INF     @6'4  @185  @Brien McMahon, CT                       @
Erik Ferrera@5 @08@Y@Erik Ferreras       @INF     @6'1  @210  @Clifton, NJ                             @
Rich Condeel@6 @16@Y@Rich Condeelis      @1B/RHP  @6'4  @205  @Tunkhannock, PA                         @
Ian Conwell @7 @08@Y@Ian Conwell         @INF     @5'10 @160  @Lansdale Catholic, PA                   @
Lazaro Duver@9 @09@Y@Lazaro Duvergel     @INF     @5'10 @180  @J.P. McCaskey, PA                       @
Phil Stokes @10@11@Y@Phil Stokes         @LHP     @6'1  @225  @Stroudsburg, PA                         @
Rasheed Nobl@11@09@Y@Rasheed Noble       @1B      @6'3  @225  @Taft, NY                                @
Dan Repshis @12@17@Y@Dan Repshis         @OF      @6'0  @170  @West Scranton, PA                       @
Dave Argust @13@16@Y@Dave Argust         @OF      @6'0  @195  @Old Forge, PA                           @
Arbely Soto @14@08@Y@Arbely Soto         @OF      @5'10 @180  @South Bronx, NY                         @
Nate Marks  @15@08@Y@Nate Marks          @OF      @5'11 @180  @Carlisle, PA                            @
Jordan Thivi@16@08@Y@Jordan Thivierge    @OF      @5'9  @180  @Central Columbia, PA                    @
Mike Abrunzo@17@16@Y@Mike Abrunzo        @OF      @6'3  @205  @Horseheads, NY                          @
JD Marks    @18@18@Y@JD Marks            @OF      @6'0  @210  @St. Mark Catholic, Canada               @
DJ Navocynsk@19@16@Y@DJ Navocynski       @OF      @6'1  @195  @Scranton, PA                            @
Jonathan Ces@20@16@Y@Jonathan Cespedes   @C       @5'10 @190  @Bathgate, NY                            @
Jorge Gonzal@22@08@Y@Jorge Gonzalez      @C       @6'2  @225  @Reading, PA                             @
Kenny Guicha@23@08@Y@Kenny Guichardo     @C       @6'2  @180  @Norman, NY                              @
Kyle Miller @24@08@Y@Kyle Miller         @RHP     @6'1  @205  @Berwick, PA                             @
Dylan Malone@25@19@Y@Dylan Maloney       @LHP     @5'11 @195  @Wyoming Area, PA                        @
Christain Ce@26@19@Y@Christain Cerbervill@LHP     @6'1  @180  @Deleware Valley, PA                     @
Luke Miller @27@08@Y@Luke Miller         @RHP     @6'1  @170  @Emmaus, PA                              @
Brian Vidal @28@16@Y@Brian Vidal         @RHP     @6'0  @175  @Dreamyard Prep, NY                      @
Garrett Wram@29@16@Y@Garrett Wrambel     @RHP     @6'1  @190  @Marple Newtown, PA                      @
Trevor Bridg@30@08@Y@Trevor Bridgen      @RHP     @6'2  @180  @Senator O'Conner, ON                    @
Jonathan Mot@31@19@Y@Jonathan Motts      @LHP     @6'1  @195  @Lansdale Catholic, PA                   @
Edwin Lopez @32@08@Y@Edwin Lopez         @RHP     @5'9  @165  @Sleepy Hollow, NY                       @
Jordan Meyer@33@16@Y@Jordan Meyer        @RHP     @6'3  @190  @Honesdale, PA                           @
Anthony Hunt@34@08@Y@Anthony Hunter      @RHP     @5'11 @190  @St.Lucie West, FL                       @
Jeffrey Lede@35@17@Y@Jeffrey Ledesma     @RHP     @6'2  @205  @Norman Thomas, NY                       @
Jordan Brins@36@16@Y@Jordan Brinson      @RHP     @6'3  @200  @Palm Beach Central, FL                  @
