Anthony Strn@5 @08@Y@Anthony Strnad      @OF      @5-10 @170  @Eastlake, Ohio                          @
Kyle Tucker @8 @08@Y@Kyle Tucker         @RHP     @6-6  @170  @Lorain, Ohio                            @
Trevor Adams@9 @08@Y@Trevor Adams        @RHP     @5-9  @190  @West Palm Beach, Fla.                   @
Ryan Osko   @10@08@Y@Ryan Osko           @2B/SS   @5-8  @171  @Lorain, Ohio                            @
Sayge Woodha@11@10@Y@Sayge Woodham       @OF      @5-10 @170  @Lakeland, Fla.                          @
Mike Izzarel@12@08@Y@Mike Izzarelli      @2B/SS   @5-11 @175  @Elyria, Ohio                            @
Miguel Flowe@13@08@Y@Miguel Flowers II   @2B/SS   @5-8  @150  @Canton, Ohio                            @
Jose Povea  @14@08@Y@Jose Povea          @C       @6-1  @200  @Caracas, Venezuela                      @
Derek Rose  @15@19@Y@Derek Rose          @LHP     @6-0  @175  @Geneva, Ohio                            @
Eric Roder  @16@08@Y@Eric Roder          @SS      @5-9  @175  @Cleveland, Ohio                         @
Anthony Paon@17@16@Y@Anthony Paone       @C/1B    @5-11 @210  @Canton, Ohio                            @
AJ Buis     @18@11@Y@AJ Buis             @OF      @5-10 @170  @Lakeland, Fla.                          @
Wes Siekris @19@08@Y@Wes Siekris         @RHP     @6-0  @185  @Markham, Ontario, Canada                @
Zach Popely @20@16@Y@Zach Popely         @3B/1B   @6-1  @200  @Ashtabula, Ohio                         @
Scott Wood  @21@11@Y@Scott Wood          @LHP     @5-10 @170  @Stratford, Ontario, Canada              @
Tyler Chatti@24@08@Y@Tyler Chattin       @RHP     @6-0  @190  @Lakeland, Fla.                          @
Wayne Naida @25@10@Y@Wayne Naida         @C/1B    @5-8  @191  @Chesapeake, Va.                         @
Michael Bear@30@08@Y@Michael Bear        @RHP     @5-11 @220  @New Castle, Ind.                        @
Steve Dorsey@31@16@Y@Steve Dorsey        @RHP     @6-1  @170  @Canton, Ohio                            @
Tanner Smith@33@08@Y@Tanner Smith        @RHP     @6-0  @210  @Willoughby, Ohio                        @
Jayce Dunlop@37@08@Y@Jayce Dunlop        @OF      @6-0  @185  @Port Elgin, Ontario, Canada             @
Santana Barr@44@10@Y@Santana Barrera     @3B/SS   @6-0  @205  @Deerfield, Ohio                         @
