Kris Hodges @1 @16@Y@Kris Hodges         @INF     @5'8" @160  @                                        @
Taylor Saris@2 @16@Y@Taylor Saris        @INF     @5'9" @160  @                                        @
Dakota Higdo@3 @17@Y@Dakota Higdon       @OF      @5'11"@180  @                                        @
Ian Crangle @4 @08@Y@Ian Crangle         @INF     @5'8" @160  @                                        @
Chris Blanto@5 @16@Y@Chris Blanton       @C       @5'9" @200  @                                        @
Walker Shell@6 @08@Y@Walker Sheller      @RHP/OF  @6'3" @175  @                                        @
Tanner Long @7 @09@Y@Tanner Long         @OF      @6'3" @200  @                                        @
Baziel Cabre@8 @08@Y@Baziel Cabrera      @INF     @5'11"@195  @                                        @
Tanner Barnh@9 @08@Y@Tanner Barnhard     @C/1B    @6'0" @185  @                                        @
Dylan Jones @10@16@Y@Dylan Jones         @RHP     @5'8" @170  @                                        @
Steve McClel@11@16@Y@Steve McClellan     @RHP     @6'0" @180  @                                        @
David Wood  @12@16@Y@David Wood          @RHP     @6'2" @170  @                                        @
Anthony Mazz@13@11@Y@Anthony Mazzurco    @LHP     @5'9" @165  @                                        @
Tanner Elsbe@17@08@Y@Tanner Elsbernd     @INF     @6'0" @190  @                                        @
Evan Graves @18@10@Y@Evan Graves         @LHP     @5'8" @150  @                                        @
Dan Autiello@19@08@Y@Dan Autiello        @C/1B    @5'10"@200  @                                        @
Michael Howe@20@11@Y@Michael Howe        @LHP     @6'0" @185  @                                        @
Michael Henn@21@16@Y@Michael Hennessey   @RHP     @6'0" @180  @                                        @
Sam Thomas  @22@19@Y@Sam Thomas          @OF      @5'10"@190  @                                        @
Jack Curtis @23@08@Y@Jack Curtis         @INF     @6'3" @200  @                                        @
Austin Simmo@24@08@Y@Austin Simmons      @OF      @5'11"@160  @                                        @
Shane Crouse@25@16@Y@Shane Crouse        @RHP     @6'3" @190  @                                        @
David Webb  @27@16@Y@David Webb          @RHP     @6'5" @190  @                                        @
Kyle Schackn@29@16@Y@Kyle Schackne       @RHP     @6'4" @160  @                                        @
