Jacob Daily @1 @16@Y@Jacob Daily         @OF      @5'11"@180  @Mattoon, IL                             @
Ian Snowden @2 @16@Y@Ian Snowden         @RHP     @5'10"@160  @Mattoon, IL                             @
Josh Mandala@3 @16@Y@Josh Mandalakes     @RHP     @5'10"@195  @Champaign, IL                           @
Aaron Bence @4 @08@Y@Aaron Bence         @OF      @5'10"@165  @Charleston, IL                          @
Cody Brush  @5 @16@Y@Cody Brush          @C       @6'0" @195  @Mattoon, IL                             @
Christian Cr@6 @11@Y@Christian Crespo    @OF      @5'8" @175  @Miami, FL                               @
Nick Wilson @7 @08@Y@Nick Wilson         @RHP     @5'11"@170  @Charleston, IL                          @
Blake Kauer @8 @08@Y@Blake Kauer         @C       @5'10"@175  @Mississauga, ON                         @
Lawrence Moo@9 @16@Y@Lawrence Moore      @OF      @5'10"@175  @Alton, IL                               @
Tyler Bushue@10@16@Y@Tyler Bushue        @INF     @5'10"@170  @Effingham, IL                           @
Rick Salazar@11@08@Y@Rick Salazar        @INF     @6'0" @200  @Plainfield, IL                          @
Logan Rippy @12@08@Y@Logan Rippy         @RHP     @6'2" @200  @Sterling, IL                            @
Johnathan Me@13@08@Y@Johnathan Mendoza   @INF     @5'11"@165  @Barquisimeto-Lara, VZ                   @
Ryan Wood   @14@08@Y@Ryan Wood           @INF     @5'10"@185  @St. Louis, MO                           @
Matt Walsh  @15@08@Y@Matt Walsh          @INF     @6'1" @165  @Wheaton, IL                             @
Skyler Hinch@17@19@Y@Skyler Hinchee      @LHP     @6'2" @200  @Mattoon, IL                             @
Mitchell Ley@18@11@Y@Mitchell Ley        @LHP     @5'11"@175  @Wantirma South, AU                      @
Darren Saund@19@08@Y@Darren Saunders     @INF     @6'2" @210  @Cambridge, ON                           @
Jake Angelo @20@16@Y@Jake Angelo         @RHP     @6'1" @190  @Auburn, IL                              @
Calvin Bertr@21@11@Y@Calvin Bertrand     @LHP     @5'11"@175  @Charleston, IL                          @
Grant Garret@22@16@Y@Grant Garrett       @C       @5'11"@190  @Mt. Vernon, IL                          @
Devin Wright@23@16@Y@Devin Wright        @INF     @5'10"@195  @Effingham, IL                           @
Alonso Ruz  @24@16@Y@Alonso Ruz          @INF     @5'10"@175  @Calimas-Zulia, VZ                       @
Jarrett Rice@25@19@Y@Jarrett Rice        @OF      @5'10"@205  @Paducah, KY                             @
Luis Vilchez@28@16@Y@Luis Vilchez        @RHP     @6'0" @185  @Cabimas-Zuila, VZ                       @
