Ellis Kelly @2 @08@Y@Ellis Kelly         @SS      @6'   @165  @Castle Rock, CO                         @
Matt Valdez @3 @10@Y@Matt Valdez         @P       @5'7" @175  @Albuquerque, NM                         @
Teague McFad@5 @10@Y@Teague McFadden     @P       @5'10"@165  @Loveland, CO                            @
Marcus Wirth@6 @08@Y@Marcus Wirth        @INF     @5'9" @160  @Grand Junction, CO                      @
Zach Hinojos@7 @08@Y@Zach Hinojos        @C       @5'10"@175  @Carlsbad, NM                            @
Nate Domingu@8 @08@Y@Nate Dominguez      @P       @5"10"@160  @Farmington, NM                          @
Shane Fessel@9 @16@Y@Shane Fessel        @C       @5'10"@195  @Aurora, CO                              @
Mitch Robins@10@16@Y@Mitch Robinson      @OF      @6'2" @200  @Parker, CO                              @
Roberto Carr@12@16@Y@Roberto Carrasco    @2B/3B   @5'9" @200  @Los Lunas, NM                           @
Walker Willi@13@11@Y@Walker Williams     @P       @5'11"@175  @Grand Junction, CO                      @
Jacob Rodrig@15@08@Y@Jacob Rodriguez     @3B      @6'   @195  @Gilbert, AZ                             @
Troy Schreiv@16@08@Y@Troy Schreivogel    @P       @6'3" @175  @La Junta, CO                            @
Tyler Lee   @17@09@Y@Tyler Lee           @OF      @6'   @170  @Erie, CO                                @
Kevin McCall@18@11@Y@Kevin McCall        @P       @6'10"@160  @Montrose, CO                            @
Tanner Ernst@19@16@Y@Tanner Ernst        @P       @6'   @175  @Centennial, CO                          @
Eric Moreno @20@08@Y@Eric Moreno         @P       @6'3" @210  @Scottsbluff, NE                         @
Josh Day    @21@16@Y@Josh Day            @OF      @6'1" @210  @Albuquerque, NM                         @
Connor Crane@22@16@Y@Connor Crane        @1B/3B   @6'3" @210  @Parker, CO                              @
Luis Hernand@23@09@Y@Luis Hernandez      @1B      @6'1" @200  @Albuquerque, NM                         @
Mickey Peter@24@08@Y@Mickey Peterson     @C       @6'1" @185  @Parker, CO                              @
Alex Werbach@25@16@Y@Alex Werbach        @P       @6'4" @220  @Brighton, CO                            @
Adam Norblom@26@16@Y@Adam Norblom        @OF      @6'6" @225  @Denver, CO                              @
Adrian Ramir@27@11@Y@Adrian Ramirez      @P/OF    @6'1" @185  @Albuquerque, NM                         @
Derek Rohled@28@18@Y@Derek Rohleder      @P       @6'   @190  @Littleton, CO                           @
Austin Moore@33@16@Y@Austin Moore        @P       @6'2" @215  @Tucson, AZ                              @
DJ Knott    @44@16@Y@DJ Knott            @1B      @6'4" @250  @Windsor, CO                             @
