Tom Robbins @01@08@Y@Tom Robbins         @Infield @     @     @Newberry, MI                            @
Jack Ropp   @02@16@Y@Jack Ropp           @Infielde@     @     @Concord, MI                             @
Scott Sperry@03@09@Y@Scott Sperry        @outfield@     @     @St. Johns, MI                           @
Mitch Diamon@04@08@Y@Mitch Diamond       @Outfield@     @     @Williamston                             @
Jake Stepani@05@17@Y@Jake Stepaniak      @Outfield@     @     @Detroit, MI                             @
JT Hicks    @07@17@Y@JT Hicks            @Infielde@     @     @Marshall, MI                            @
Dylan Monett@08@08@Y@Dylan Monette       @Infielde@     @     @Williamston                             @
Joey Ohleric@10@16@Y@Joey Ohlerich       @Pitcher/@     @     @Jackson, MI                             @
Dylan Schult@12@16@Y@Dylan Schultz       @Infielde@     @     @Williamston                             @
Matthew Mera@15@08@Y@Matthew Meranda     @Pitcher @     @     @Williamston                             @
Kyle Coryell@18@08@Y@Kyle Coryell        @Catcher @     @     @Bath                                    @
Austin Pittm@21@16@Y@Austin Pittman      @Infielde@     @     @Napoleon                                @
Jordan Mata @23@08@Y@Jordan Mata         @Outfield@     @     @Holt                                    @
Raul Garcia @24@08@Y@Raul Garcia         @Pitcher/@     @     @Lansing, MI                             @
Aaron Meeker@25@08@Y@Aaron Meeker        @Pitcher @     @     @Napoleon                                @
Jack Waligor@26@08@Y@Jack Waligora       @Outfield@     @     @Hartland                                @
Jacob Schmit@27@11@Y@Jacob Schmitt       @Outfield@     @     @Fowler                                  @
Bailey Magsi@28@16@Y@Bailey Magsig       @Pitcher/@     @     @Okemos                                  @
Ryan Van Sic@34@11@Y@Ryan Van Sickle     @Pitcher @     @     @St. Johns                               @
Jason Wohlfe@35@08@Y@Jason Wohlfert      @Pitcher @     @     @Pewamo-Westphalia                       @
Alex George @44@09@Y@Alex George         @Infielde@     @     @Fowler                                  @
Rocky Spagnu@45@08@Y@Rocky Spagnuolo     @Pitcher @     @     @Potterville                             @
