Darione Adki@1 @08@Y@Darione Adkison     @OF      @6'0''@197  @Gadsden, AL                             @
Ernesto Vasq@2 @16@Y@Ernesto Vasquez     @SS      @5'6''@170  @Guanica, PR                             @
Danny Henriq@3 @16@Y@Danny Henriquez     @C/1B    @6'0''@185  @Port St. Lucie, FL                      @
Joey Jones  @4 @19@Y@Joey Jones          @LHP     @6'0''@180  @Trussville, AL                          @
Denzel Marti@5 @16@Y@Denzel Martin       @OF      @5'9''@175  @Murfreesburo, TN                        @
Zach Crocker@6 @08@Y@Zach Crocker        @C       @6'0''@176  @Cullman, AL                             @
Luke Hasting@7 @08@Y@Luke Hastings       @Util/RHP@6'0''@175  @Troy, AL                                @
Byron Nesbit@8 @16@Y@Byron Nesbitt       @3B      @6'1''@190  @Nashville, TN                           @
Luke Ates   @10@09@Y@Luke Ates           @3B/2B   @5'8''@175  @Eufala, AL                              @
Kirby Schoet@11@08@Y@Kirby Schoettlin    @RHP     @6'2''@210  @Homewood, AL                            @
Trey Johns  @12@08@Y@Trey Johns          @RHP     @6'0''@187  @Eufala, AL                              @
Scott Falkin@13@08@Y@Scott Falkinburg    @OF      @5'11'@155  @Pinson Valley, AL                       @
Angel Castil@15@08@Y@Angel Castillo      @OF      @5'11'@175  @Birmingham, AL                          @
Marcus Coach@16@17@Y@Marcus Coachman     @2B      @5'9''@170  @Phoenix, AZ                             @
Mason Schoet@17@08@Y@Mason Schoettlin    @OF      @6'3''@225  @Homewood, AL                            @
Juan Givan  @19@12@Y@Juan Givan          @2B/SS   @5'9''@160  @Birmingham, AL                          @
Eric Yarbrou@20@11@Y@Eric Yarbrough      @OF      @5'11'@197  @Sheffield, AL                           @
Andrew Peed @21@16@Y@Andrew Peed         @RHP     @5'11'@165  @Cleveland, AL                           @
Dustin Euban@22@08@Y@Dustin Eubanks      @RHP     @6'1''@205  @Rehobeth, AL                            @
Oscar Coachm@24@16@Y@Oscar Coachman      @OF/RHP  @6'3''@180  @Roy, UT                                 @
Brian Doming@25@08@Y@Brian Dominguez     @RHP     @6'1''@200  @Port St. Lucie, FL                      @
Joshua Burch@26@16@Y@Joshua Burchell     @1B/RHP  @6'6''@250  @Florence, AL                            @
Brett Gurley@30@11@Y@Brett Gurley        @1B/OF/LH@6'1''@185  @Huntsville, AL                          @
