Tyler Svetik@4 @16@Y@Tyler Svetik        @P/IF    @     @     @Palmerton                               @
Michael Horv@6 @16@Y@Michael Horvath     @OF      @     @     @Palmerton                               @
Pat Rhoads  @7 @08@Y@Pat Rhoads          @P/OF    @     @     @Coopersburg                             @
Harrison Sch@8 @16@Y@Harrison Scheffler  @OF      @     @     @Allentown                               @
Chris Saliby@9 @16@Y@Chris Saliby        @IF      @     @     @Whitehall                               @
Zack King   @10@16@Y@Zack King           @C/IF    @     @     @Summit Hill                             @
Joshua Kern @12@08@Y@Joshua Kern         @P/IF    @     @     @Lehighton                               @
Tyler Knauss@13@16@Y@Tyler Knauss        @OF      @     @     @Whitehall                               @
Carl Cressma@14@08@Y@Carl Cressman       @P/IF    @     @     @Palmerton                               @
Khristian Po@17@08@Y@Khristian Polanco   @OF      @     @     @Whitehall                               @
Richard Perr@21@08@Y@Richard Perry       @P/IF    @     @     @New Tripoli                             @
Michael Tata@22@16@Y@Michael Tatasciore  @P/UT    @     @     @Catasauqua                              @
Dane Ciavare@24@16@Y@Dane Ciavarella     @P/IF    @     @     @Jim Thorpe                              @
Casey Simmon@30@08@Y@Casey Simmons       @C/IF    @     @     @Catasauqua                              @
