Cody Hall   @1 @08@Y@Cody Hall           @INF     @     @     @                                        @
Diamyn Hall @3 @16@Y@Diamyn Hall         @OF      @     @     @                                        @
Connor Robin@4 @16@Y@Connor Robinson     @INF     @     @     @                                        @
Kodie Girton@5 @16@Y@Kodie Girton        @LHP     @     @     @                                        @
Tim Hawkins-@9 @16@Y@Tim Hawkins-Hodgson @3B      @     @     @                                        @
Scott West  @10@16@Y@Scott West          @3B      @     @     @                                        @
Nick Miller @11@08@Y@Nick Miller         @OF      @     @     @                                        @
Alex VanDeVu@12@08@Y@Alex VanDeVusse     @UTIL    @     @     @                                        @
Connor Walte@14@16@Y@Connor Walters      @3B      @     @     @                                        @
Cord Church @15@08@Y@Cord Church         @OF      @     @     @                                        @
Weston Shipm@17@08@Y@Weston Shipman      @LHP     @     @     @                                        @
Chris Deavil@18@08@Y@Chris Deaville      @C       @     @     @                                        @
Brandon Smit@19@08@Y@Brandon Smither     @LHP     @     @     @                                        @
Austin Manna@20@08@Y@Austin Mannan       @C       @     @     @                                        @
Damon Olds  @21@08@Y@Damon Olds          @RHP     @     @     @                                        @
Chris Elam  @22@08@Y@Chris Elam          @INF     @     @     @                                        @
Trevor Hughe@24@08@Y@Trevor Hughes       @OF      @     @     @                                        @
Sam Wolf    @25@08@Y@Sam Wolf            @1B      @     @     @                                        @
Asa Bays    @26@08@Y@Asa Bays            @RHP     @     @     @                                        @
AJ Hyatt    @27@16@Y@AJ Hyatt            @OF      @     @     @                                        @
Tanner Seitz@28@16@Y@Tanner Seitzinger   @LHP     @     @     @                                        @
Tasker Strob@30@08@Y@Tasker Strobel      @P/OF    @     @     @                                        @
Nathan Stark@31@00@Y@Nathan Stark        @OF      @     @     @                                        @
Nick Painter@34@16@Y@Nick Painter        @RHP     @     @     @                                        @
Clay Hampton@35@16@Y@Clay Hampton        @RHP     @     @     @                                        @
Nick Cumpsto@37@08@Y@Nick Cumpston       @LHP     @     @     @                                        @
AJ Robison  @41@08@Y@AJ Robison          @RHP     @     @     @                                        @
John Griffey@45@08@Y@John Griffey        @C       @     @     @                                        @
Tyler Miller@46@16@Y@Tyler Miller        @RHP     @     @     @                                        @
KJ Rogers   @48@08@Y@KJ Rogers           @1B/P    @     @     @                                        @
Jack Hranec @49@08@Y@Jack Hranec         @1B/P    @     @     @                                        @
Weston River@50@08@Y@Weston Rivers       @LHP     @     @     @                                        @
