Tyler Chapma@1 @16@Y@Tyler Chapman       @OF      @6'1  @193  @Iowa, LA                                @
Mason Nicken@2 @09@Y@Mason Nickens       @C       @5'11 @197  @                                        @
Trey Caswell@3 @08@Y@Trey Caswell        @INF     @5'8  @175  @Eunice, La                              @
Ralphie McDo@4 @08@Y@Ralphie McDonald    @OF      @5'10 @160  @Brookyln, NY                            @
David Lafleu@5 @08@Y@David Lafleur       @OF      @6'1  @196  @Eunice, LA                              @
Ben Chauvin @6 @08@Y@Ben Chauvin         @INF     @5'11 @173  @Prairieville, LA                        @
Ray Veit    @7 @16@Y@Ray Veit            @INF     @6'2  @195  @Harahan, LA                             @
Derek Herrin@8 @16@Y@Derek Herrington    @OF      @6'1  @192  @Homer, LA                               @
Gabe Roberts@9 @09@Y@Gabe Roberts        @INF     @6'1  @188  @Iowa, La                                @
Kyle St. Pie@11@19@Y@Kyle St. Pierre     @INF     @6'1  @193  @Flower Mound, TX                        @
Hayden Marze@12@08@Y@Hayden Marze        @RHP     @6'1  @197  @Sunset, LA                              @
Nick Hartman@13@08@Y@Nick Hartman        @RHP     @6'2  @174  @Katy, TX                                @
Chad Reeves @14@19@Y@Chad Reeves         @LHP     @6'2  @191  @Monroe, LA                              @
Kolby Green @15@08@Y@Kolby Green         @RHP     @6'4  @248  @Lafayette, La                           @
Jevin Huval @16@16@Y@Jevin Huval         @RHP     @6'0  @214  @Breaux Bridge, LA                       @
Will Bacon  @17@16@Y@Will Bacon          @RHP     @6'4  @200  @Baton Rouge, LA                         @
Sam Walley  @19@08@Y@Sam Walley          @RHP/INF @5'11 @177  @Taylorville, MS                         @
OJ Latin    @20@16@Y@OJ Latin            @RHP     @5'8  @235  @Houston, TX                             @
Ben LeBlanc @21@19@Y@Ben LeBlanc         @LHP     @5'11 @196  @Kentwood, LA                            @
Madison Nick@22@11@Y@Madison Nickens     @OF      @6'2  @195  @Gonzales, LA                            @
Stefan Trosc@23@16@Y@Stefan Trosclair    @INF/C   @6'3  @196  @Sulphur, LA                             @
Ryan Domingu@24@16@Y@Ryan Domingue       @RHP     @5'11 @190  @Kaplan, LA                              @
Juan Pablo S@25@08@Y@Juan Pablo Soriano J@1B      @6'3  @238  @Arroyo, PR                              @
Zack Hamilto@26@08@Y@Zack Hamilton       @RHP     @6'2  @203  @Baton Rouge, LA                         @
Hayden Barne@27@08@Y@Hayden Barnett      @RHP     @6'3  @204  @Houston, TX                             @
Jordan Romer@28@08@Y@Jordan Romero       @C       @6'2  @212  @Baton rouge, LA                         @
Steven Sensl@29@11@Y@Steven Sensley      @1B/OF   @6'1  @220  @Baton rouge, LA                         @
Brennan Boze@30@08@Y@Brennan Bozeman     @SS      @6'0  @185  @Baton Rouge, LA                         @
Ben Braymer @33@11@Y@Ben Braymer         @LHP     @6'2  @206  @Baton Rouge, LA                         @
Nick Laweren@35@08@Y@Nick Lawerence      @RHP     @6'3  @196  @Wellington, FL                          @
