Cedric Mulli@1 @22@Y@Cedric Mullins      @OF      @5-8  @180  @Snellville, GA                          @
Logan Mummer@2 @08@Y@Logan Mummert       @C       @5-9  @185  @Hanover, PA                             @
Deshaun Hewi@3 @19@Y@Deshaun Hewitt      @OF      @6-0  @160  @St. Thomas, Virgin Island               @
Logan Pingle@5 @08@Y@Logan Pingley       @C       @5-10 @180  @Madison Heights, VA                     @
Kory Shumate@6 @09@Y@Kory Shumate        @SS      @6-0  @170  @Greenboro, NC                           @
Charlie Cart@7 @11@Y@Charlie Carter      @OF      @6-0  @165  @Kents Store, VA                         @
Markel Jones@10@12@Y@Markel Jones        @OF/IF   @5-9  @177  @Durham, NC                              @
Jeff Sneed  @11@16@Y@Jeff Sneed          @C       @5-8  @165  @Cumming, GA                             @
Eddie Hull  @12@08@Y@Eddie Hull          @3B      @6-0  @195  @Charlotte, NC                           @
Ryan Dirks  @13@08@Y@Ryan Dirks          @OF      @6-0  @175  @Summerfield, NC                         @
Alex Jeter  @14@08@Y@Alex Jeter          @2B      @5-8  @150  @King George, VA                         @
Timmy Carter@15@09@Y@Timmy Carter        @3B/2B   @6-0  @185  @Lumberton, NC                           @
Nicholas Moo@16@08@Y@Nicholas Moore      @1B      @6-3  @195  @Gainesville, VA                         @
Tyler Jordan@17@08@Y@Tyler Jordan        @C       @5-11 @215  @Suffolk, VA                             @
Alan Johnson@19@08@Y@Alan Johnson        @P       @6-5  @180  @Park Ridge, IL                          @
Luke Emmett @21@11@Y@Luke Emmett         @P       @6-4  @184  @Raleigh, NC                             @
Thomas Gulle@24@10@Y@Thomas Gulley       @OF      @6-3  @230  @Kent, OH                                @
Tripp Miller@26@20@Y@Tripp Miller        @2B      @5-11 @186  @Duluth, GA                              @
CJ Needam   @27@08@Y@CJ Needam           @OF      @6-3  @235  @Raleigh, NC                             @
Tyler Holt  @29@16@Y@Tyler Holt          @P       @6-0  @190  @Raleigh, NC                             @
Jon Stires  @30@10@Y@Jon Stires          @P       @6-0  @180  @Moorsville, NC                          @
Grayson Shor@31@16@Y@Grayson Short       @OF      @6-2  @190  @Norwood, NC                             @
Daniel Batts@33@19@Y@Daniel Batts        @P       @6-0  @195  @Knightdale, NC                          @
Stephen Godf@36@16@Y@Stephen Godfrey     @P       @6-0  @175  @Richmond, VA                            @
Shane Simpki@37@16@Y@Shane Simpkins      @P       @6-1  @205  @Northhampton, PA                        @
Nathaniel Gr@38@08@Y@Nathaniel Griffey   @IF      @5-10 @155  @Smithfield, VA                          @
Chris Willia@39@16@Y@Chris Williams      @3B/2B   @5-7  @165  @Fuquay Varina, NC                       @
Ryan Puryear@40@19@Y@Ryan Puryear        @P       @6-1  @185  @South Boston, PA                        @
Dan Parsons @41@08@Y@Dan Parsons         @P       @6-5  @212  @Ilderton, Ontario                       @
Spencer Bive@42@16@Y@Spencer Bivens      @P       @6-5  @182  @Boalsburg, PA                           @
Sheldon Brad@45@08@Y@Sheldon Brady       @OF      @5-10 @200  @Asheboro, NC                            @
Joshua Turne@46@17@Y@Joshua Turner       @2B      @5-10 @160  @Salem, VA                               @
Montgomery K@47@08@Y@Montgomery Kirby    @P       @6-2  @165  @Chapel Hill, NC                         @
Tyler Dicken@48@08@Y@Tyler Dickens       @P       @6-2  @180  @Hickory, NC                             @
JT Ford     @49@08@Y@JT Ford             @P       @6-2  @180  @Harrisburg, NC                          @
Christian Sn@52@17@Y@Christian Snider    @1B      @6-2  @260  @Liberty, NC                             @
Jeremy Swan @53@11@Y@Jeremy Swan         @P       @6-4  @255  @Wakefield, RI                           @
Graham Craig@54@08@Y@Graham Craig-Crouch @P       @6-4  @226  @Madison Heights, VA                     @
