Patrick Gonz@2 @16@Y@Patrick Gonzalez    @OF      @     @     @Albuquerque, NM                         @
George Romer@3 @11@Y@George Romero       @P       @     @     @Tucson, AZ                              @
Erick Santia@4 @16@Y@Erick Santiago      @INF     @     @     @Cayey, PR                               @
Craig Davis @5 @08@Y@Craig Davis         @INF, P  @     @     @Amarillo, TX                            @
Hayden Mauch@6 @16@Y@Hayden Mauch        @INF/C   @6'1  @     @Benicia                                 @
Ryan Wheat  @7 @16@Y@Ryan Wheat          @INF     @5'10"@     @Benicia, CA                             @
Alfredo Vale@8 @09@Y@Alfredo Valentin    @P       @6'0" @160  @Anasco, PR                              @
Alec Esquive@9 @16@Y@Alec Esquivel       @OF      @     @     @Tucson, AZ                              @
Daniel Garci@10@16@Y@Daniel Garcia       @INF/P   @5'10"@     @Farmington, NM                          @
Paul Canepa @11@16@Y@Paul Canepa         @OF      @5'9" @     @Benicia, CA                             @
Brongson Pul@12@08@Y@Brongson Pulgados   @C/INF   @5'8" @     @Hilo, HI                                @
Julian Lopez@13@11@Y@Julian Lopez        @P       @     @     @Ruidoso, NM                             @
Tyler Higa-G@14@08@Y@Tyler Higa-Gonsalves@ONF/OF/P@5'7" @     @Hilo, HI                                @
Ryne Niemi  @15@09@Y@Ryne Niemi          @OF      @6'0" @     @Belton, TX                              @
Jose Ortega @17@16@Y@Jose Ortega         @OF/C    @5'8" @     @Albuquerque, NM                         @
Ismael DeLeo@19@08@Y@Ismael DeLeon       @P       @     @     @PR                                      @
Raulier Mart@20@08@Y@Raulier Martinez    @C/OF    @6'1" @     @Barranquitas, NM                        @
Santos Carra@21@11@Y@Santos Carrasquillos@Pitcher @5'11"@180  @Loiza, PR                               @
Manuel Parra@22@08@Y@Manuel Parra        @P       @5'9" @     @Albuquerque, NM                         @
Spencor Hill@24@16@Y@Spencor Hill        @OF/P    @6'2" @     @Gresham, OR                             @
Alex Meza   @26@16@Y@Alex Meza           @P       @5'11"@     @Tucson, AZ                              @
Alex Gutierr@27@16@Y@Alex Gutierrez      @P, INF  @     @     @Phoenix, AZ                             @
Martin Rodri@28@08@Y@Martin Rodriguez    @P       @     @     @Pheonix, AZ                             @
Miguel Lima @30@11@Y@Miguel Lima         @P       @     @     @                                        @
Roberto Sant@31@16@Y@Roberto Santana     @C       @     @     @Cabo Rojo, PR                           @
Jhonny Izqui@33@08@Y@Jhonny Izquierdo    @INF/P   @5'11"@     @Corona, NY                              @
Anthony Rome@35@16@Y@Anthony Romero      @P       @     @     @Tucson, AZ                              @
Joe Gros    @36@08@Y@Joe Gros            @P       @     @     @Albuquerque, NM                         @
