Matt Zielen @2 @16@Y@Matt Zielen         @P. OF   @5'9" @165  @Swoyersville                            @
Zach Martz  @3 @08@Y@Zach Martz          @INF, P  @6'1" @175  @Bloomsburg                              @
Felix Mascel@4 @08@Y@Felix Mascelli      @INF     @5'8" @130  @Pittston                                @
Ryan Baker  @6 @08@Y@Ryan Baker          @OF      @5'8" @125  @Conyngham                               @
Ron Martinez@7 @08@Y@Ron Martinez        @OF, P   @6'1" @195  @Hazleton                                @
Carlos Rodri@9 @08@Y@Carlos Rodriguez    @OF      @5'8" @180  @Hazleton                                @
T.J. Chirico@10@08@Y@T.J. Chirico        @INF     @6'1" @190  @Hazleton                                @
Ossie DeLaRo@11@16@Y@Ossie DeLaRosa      @OF      @6'2" @202  @Hazleton                                @
Jon Strausse@12@08@Y@Jon Strausser       @INF     @6'3" @195  @Dallas                                  @
Damian Piero@14@08@Y@Damian Pierontoni   @OF      @6'   @150  @Plymouth                                @
Jose Osorio @16@08@Y@Jose Osorio         @OF      @5'11"@170  @Hazleton                                @
Morgan Higgs@17@16@Y@Morgan Higgs        @INF, C  @6'3" @195  @Nanticoke                               @
Miguel Rosar@19@08@Y@Miguel Rosario      @INF, C  @5'10"@190  @Hazleton                                @
Joe Lora    @20@08@Y@Joe Lora            @INF     @5'10"@195  @Hazleton                                @
Bryan Mather@21@08@Y@Bryan Mathers       @INF     @5'10"@196  @Lake Lehman                             @
Russ McGlynn@22@08@Y@Russ McGlynn        @INF     @5'10"@190  @Avoca                                   @
Andrew Gotts@23@16@Y@Andrew Gottstein    @INF, P  @6'4" @205  @Bloomsburg                              @
Aaron Miller@24@08@Y@Aaron Miller        @INF, P  @6'1" @250  @Berwick                                 @
Dakota Owen @25@08@Y@Dakota Owen         @C       @5'8" @190  @Hanover Twp..                           @
Donald Warre@31@16@Y@Donald Warren       @OF      @5'10"@185  @Wilkes-Barre                            @
John Ivan   @32@16@Y@John Ivan           @P, 1st B@6'4" @205  @Nanticoke                               @
Brian Goode @33@08@Y@Brian Goode         @OF      @5'10"@185  @Dallas                                  @
