Sam Hurt    @1 @08@Y@Sam Hurt            @IF      @5-6  @155  @Eau Claire, Wi                          @
Dan Schmidt @2 @19@Y@Dan Schmidt         @OF/1B/P @6-2  @210  @Hartland, WI                            @
Pete Hofman @3 @08@Y@Pete Hofman         @IF      @5-9  @145  @Shorewood, WI                           @
Luke Yapp   @4 @08@Y@Luke Yapp           @3B/1B   @5-11 @195  @Verona, WI                              @
Joe Stubbe  @5 @16@Y@Joe Stubbe          @C       @5-11 @195  @West Bend, WI                           @
Corey Fische@6 @16@Y@Corey Fischer       @P       @6-0  @170  @Denmark, WI                             @
Brandon Gibi@7 @08@Y@Brandon Gibis       @IF/P    @5-10 @175  @Wauconda, IL                            @
Kyle Krings @8 @16@Y@Kyle Krings         @P       @5-11 @205  @Byron, MN                               @
Danny Krause@9 @16@Y@Danny Krause        @C/IF    @6-0  @185  @Germantown, WI                          @
Liam Kellogg@10@08@Y@Liam Kellogg        @IF/C    @5-11 @155  @Milwaukee, WI                           @
Calen Rohrma@11@16@Y@Calen Rohrman       @P       @6-4  @195  @Twin Lakes, WI                          @
Dominick Gol@12@08@Y@Dominick Golubiewski@P       @6-3  @210  @Green Bay, WI                           @
Carter Brekk@13@08@Y@Carter Brekke       @3B      @6-1  @185  @Sun Prairie, WI                         @
Rex Morrow  @15@16@Y@Rex Morrow          @P/IF    @5-8  @170  @Burlington, WI                          @
Grant Alderm@16@11@Y@Grant Alderman      @OF      @6-0  @195  @Burlington, WI                          @
Peter Sommer@17@08@Y@Peter Sommerfeld    @P       @6-3  @175  @Elm Grove, WI                           @
Ryne Blanton@18@08@Y@Ryne Blanton        @P       @6-1  @210  @Richmond, Il                            @
Westin Wueth@19@08@Y@Westin Wuethrich    @P       @6-2  @205  @Greenwood, WI                           @
Luke Syens  @20@19@Y@Luke Syens          @OF/P    @6-2  @200  @Burlington, WI                          @
Matt Cole   @21@08@Y@Matt Cole           @1B/OF   @6-0  @190  @Richton Park, IL                        @
Courtney Wat@22@08@Y@Courtney Watkins    @OF      @5-11 @195  @Appleton, WI                            @
Dylan Detert@23@16@Y@Dylan Detert        @IF      @6-0  @190  @Wausua, WI                              @
Marcellus Sn@24@08@Y@Marcellus Sneed     @P       @6-0  @235  @Chicago, IL                             @
Keith Browni@28@08@Y@Keith Browning      @OF      @5-11 @165  @Palatine, IL                            @
Nathan Hoffm@29@16@Y@Nathan Hoffmann     @P       @6-1  @190  @Sun Prairie, WI                         @
David Lucian@30@17@Y@David Luciani       @IF/OF/C @6-0  @190  @Madison, WI                             @
Travis Hamil@32@09@Y@Travis Hamilton     @IF      @6-0  @200  @Portage, WI                             @
Mike Jordahl@34@09@Y@Mike Jordahl        @C/1B    @6-6  @190  @Portage, WI                             @
Michael Plei@44@08@Y@Michael Pleimling   @P       @6-5  @200  @Verona, WI                              @
