Shaun Spring@1 @08@Y@Shaun Spring        @2B      @5'9  @165  @Enid, OK                                @
Terrance Rob@2 @08@Y@Terrance Robinson   @RHP/OF  @5'10 @165  @Franklinton, LA                         @
Brady Colbur@3 @16@Y@Brady Colburn       @1B/3B   @6'0  @195  @Panama City, FL                         @
Greg Gladden@4 @08@Y@Greg Gladden        @C/UTL   @5'10 @175  @Panama City. FL                         @
Travis Crane@5 @11@Y@Travis Crane        @LHP/1B  @6'0  @210  @Montgomery, AL                          @
Joe Hudson  @6 @08@Y@Joe Hudson          @RHP/SS  @6'0  @180  @Pleasant Grove, AL                      @
Yancey Foste@7 @08@Y@Yancey Foster       @C       @6'1  @190  @Groves, TX                              @
Andrew Mask @8 @08@Y@Andrew Mask         @RHP     @5'8  @140  @Panama City, FL                         @
Stonie Phill@9 @08@Y@Stonie Phillips     @OF      @6'0  @180  @Dora, AL                                @
Anthony Spiv@10@16@Y@Anthony Spivey      @OF      @6'3  @220  @Phenix City, AL                         @
Dalton Bahri@11@08@Y@Dalton Bahrik       @RHP     @6'0  @175  @Dora, AL                                @
Daniel Faulk@12@08@Y@Daniel Faulk        @RHP     @5'10 @185  @Bridge City, TX                         @
Bo Hoffman  @13@08@Y@Bo Hoffman          @RHP     @5'9  @175  @Clanton, AL                             @
Kevin Simmon@14@11@Y@Kevin Simmons       @LHP/1B  @5'11 @185  @Franklinton, LA                         @
Zach Poticny@15@08@Y@Zach Poticny        @OF      @5'10 @175  @Birmingham, AL                          @
Billy Rose  @18@08@Y@Billy Rose          @OF      @6'1  @180  @Kennesaw, GA                            @
Bryce Laird @19@08@Y@Bryce Laird         @3B/2B   @5'11 @180  @Covington, LA                           @
Gabriel Neva@20@08@Y@Gabriel Nevala      @RHP     @5'10 @160  @Nederland, TX                           @
Steven Ward @21@08@Y@Steven Ward         @OF      @6'1  @210  @Alabaster, AL                           @
Hunter Wesso@22@16@Y@Hunter Wesson       @DH      @6'2  @235  @Cleveland, AL                           @
Alex Reyna  @23@08@Y@Alex Reyna          @SS/3B   @6'2  @195  @Houston, TX                             @
Zach Davis  @24@08@Y@Zach Davis          @UTL     @5'10 @175  @Panama City, FL                         @
Brian Stecke@25@08@Y@Brian Stecker       @RHP     @5'11 @165  @St. Augustine, FL                       @
Hudson Seman@30@08@Y@Hudson Seman        @C       @5'11 @185  @Essex Juncton, VT                       @
Chris Pennel@32@16@Y@Chris Pennell       @RHP/DH  @6'3  @220  @Chandler, AZ                            @
Cody Roby   @33@08@Y@Cody Roby           @RHP     @5'11 @215  @Panama City, FL                         @
Kyle Sloan  @36@08@Y@Kyle Sloan          @1B/3B   @5'11 @185  @DeFuniak Springs, FL                    @
