Jordyn Compe@1 @08@Y@Jordyn Compehos     @INF     @5'11"@155  @Las Vegas NV                            @
Casey Philpo@2 @16@Y@Casey Philpot       @UTL     @6'4" @230  @Lincoln NE                              @
Derek DiThom@3 @17@Y@Derek DiThomas      @INF     @6'1" @155  @Grand Junction CO                       @
Ethan Freema@4 @19@Y@Ethan Freeman       @OF      @5'11"@160  @Johnstown CO                            @
Jason Lighth@5 @08@Y@Jason Lighthall     @RHP/IB  @5'10"@200  @Littleton CO                            @
Chase Cleary@6 @08@Y@Chase Cleary        @RHP     @5'11"@185  @Arvada CO                               @
Nick Low    @8 @08@Y@Nick Low            @RHP/OF  @5'11"@190  @Lakewood CO                             @
Raul Maldond@9 @16@Y@Raul Maldondo       @C       @6'1" @175  @Johnstown CO                            @
Lincoln Pete@10@08@Y@Lincoln Peterson    @RHP     @6'2" @190  @Kearney NE                              @
Mike DeHerre@11@16@Y@Mike DeHerrera      @C       @6'1" @195  @Arvada CO                               @
Daniel Brown@12@08@Y@Daniel Brown        @RHP     @6'0" @155  @Arvada CO                               @
Brady Heinz @13@08@Y@Brady Heinz         @RHP     @5'9" @170  @Hauxton CO                              @
Bladen Bales@14@08@Y@Bladen Bales        @OF      @5'10"@165  @Nebraska City NE                        @
Barry Lassei@15@08@Y@Barry Lasseigne     @RHP     @5'10"@165  @Las Vegas NV                            @
Casey McKinl@16@08@Y@Casey McKinley      @RHP     @6'6" @165  @Parker CO                               @
Griffin Kell@17@08@Y@Griffin Kelly       @INF     @5'9" @175  @Las Vegas Nv                            @
Derron Davis@18@10@Y@Derron Davis        @OF      @5'5" @150  @Las Vegas NV                            @
Johnny Matti@19@08@Y@Johnny Mattison     @1B/OF   @6'4" @190  @Golden CO                               @
Matthew Zarl@20@16@Y@Matthew Zarlengo    @1B      @6'1" @255  @Wheat Ridge CO                          @
Phillip DePr@21@08@Y@Phillip DePriest    @OF      @6'1" @185  @Carrollton GA                           @
Grayson Stro@22@08@Y@Grayson Stroup      @RHP/C   @6'0" @210  @Arvada CO                               @
Kyle Woodwar@23@08@Y@Kyle Woodward       @RHP     @6'0" @180  @Thorton CO                              @
Tyler Barnes@24@16@Y@Tyler Barnes        @RHP     @6'4" @215  @Durham NC                               @
Shane Meltz @25@08@Y@Shane Meltz         @RHP     @6'0" @180  @Thorton CO                              @
Ty Sackett  @26@08@Y@Ty Sackett          @UTL     @6'0" @180  @Malcolm NE                              @
Justin Terry@27@16@Y@Justin Terry        @OF      @6'0" @200  @McCook NE                               @
Manny Menoca@28@16@Y@Manny Menocal       @INF     @5'11"@160  @Las Vegas NV                            @
Cameron Cox @29@08@Y@Cameron Cox         @RHP     @5'11"@175  @Cascade CO                              @
D.J. William@30@08@Y@D.J. Williams       @C       @6'1" @230  @Westminister CO                         @
Chris Conroy@35@16@Y@Chris Conroy        @RHP     @6'2" @240  @McCook NE                               @
Cameron Burk@44@08@Y@Cameron Burkey      @RHP     @6'1" @160  @McCook NE                               @
