Jordan Villa@3 @08@Y@Jordan Villarreal   @INF     @5'9" @165  @Round Lake, IL                          @
Cory Ott    @5 @16@Y@Cory Ott            @INF     @5'9" @175  @Dousman, WI                             @
Bryan Dohert@6 @08@Y@Bryan Doherty       @RHP     @5'11"@170  @Algonquin, IL                           @
Tyler Friis @7 @12@Y@Tyler Friis         @INF, OF @5'8" @165  @Appleton, WI                            @
Matt Ewert  @8 @08@Y@Matt Ewert          @C       @6'0" @180  @Cary, IL                                @
Jeremy Vasqu@9 @08@Y@Jeremy Vasquez      @INF     @5'9" @170  @Cary, IL                                @
Eric Schille@11@08@Y@Eric Schiller       @RHP     @6'4" @180  @Crystal Lake, IL                        @
Dom Winiecki@12@16@Y@Dom Winiecki        @C, OF   @6'1" @185  @Crystal Lake, IL                        @
Justin Gundl@13@16@Y@Justin Gundlach     @RHP     @6'3" @190  @Huntley, IL                             @
Lincoln Here@14@16@Y@Lincoln Herendeen   @INF, OF,@5'11"@190  @Woodstock, IL                           @
Trent Faunce@15@08@Y@Trent Faunce        @RHP     @6'1" @180  @Algonquin, IL                           @
Zack Geib   @17@16@Y@Zack Geib           @RHP     @6'3" @185  @Crystal Lake, IL                        @
Pat Murphy  @18@16@Y@Pat Murphy          @INF, RHP@5'11"@180  @McHenry, IL                             @
Tyler Mindak@19@08@Y@Tyler Mindak        @C       @6'2" @175  @Huntley, IL                             @
Andy Gertons@20@16@Y@Andy Gertonson      @INF, OF @6'4" @200  @Crystal Lake, IL                        @
Zach Marszal@21@08@Y@Zach Marszal        @OF, RHP @5'11"@190  @Cary, IL                                @
Cullen Mayhe@22@08@Y@Cullen Mayhew       @INF, RHP@5'11"@190  @Gatesville, TX                          @
Austin Hein @23@08@Y@Austin Hein         @OF      @6'1" @180  @Franklin, WI                            @
Wyatt Wathen@24@11@Y@Wyatt Wathen        @LHP     @6'4" @180  @Johnsburg, IL                           @
Nick Samuels@25@16@Y@Nick Samuels        @OF      @6'2" @185  @Crystal Lake, IL                        @
Jacob Roley @26@11@Y@Jacob Roley         @LHP     @5'10"@180  @Crystal Lake, IL                        @
Alex Obenauf@27@16@Y@Alex Obenauf        @OF      @6'1" @190  @McHenry, IL                             @
Devan Glenn @30@08@Y@Devan Glenn         @OF      @6'0" @175  @Belvidere, IL                           @
Logan Burke @32@08@Y@Logan Burke         @INF     @6'2" @210  @Davenport, IA                           @
Corey Peters@33@16@Y@Corey Peterson      @RHP, OF @6'2" @205  @Cary, IL                                @
Will Harvel @34@08@Y@Will Harvel         @RHP     @6'1" @190  @Crystal Lake, IL                        @
Austin Padje@35@09@Y@Austin Padjen       @RHP     @6'3" @200  @Crystal Lake, IL                        @
Derrick Maso@37@19@Y@Derrick Mason       @INF     @5'10"@205  @Loves Park, IL                          @
