Kalyb Smith @1 @16@Y@Kalyb Smith         @RHP     @6'1  @168  @Levittown, PA                           @
John Tartagl@2 @08@Y@John Tartaglia      @RHP     @5'7  @175  @Hamilton,  NJ                           @
Jason Richar@5 @08@Y@Jason Richard       @UTL     @6'0  @180  @Neptune, NJ                             @
James Rice  @6 @08@Y@James Rice          @INF     @5'10 @170  @Middlesex, NJ                           @
Brandon DeAb@7 @11@Y@Brandon DeAbreau    @OF      @5'9  @170  @Easthampton, NJ                         @
Tyler Smith @8 @08@Y@Tyler Smith         @RHP     @6'3  @181  @Flemington, NJ                          @
Brandon Kirk@9 @09@Y@Brandon Kirk        @INF     @5'10 @185  @Yardville, NJ                           @
Mike Pfeiffe@10@11@Y@Mike Pfeiffer       @LHP     @5'10 @175  @North Brunswick, NJ                     @
Charles Morr@11@16@Y@Charles Morreale    @RHP     @6'1  @180  @Lawrenceville, NJ                       @
Dylan Barlow@12@08@Y@Dylan Barlow        @RHP     @5'9  @170  @East Windsor, NJ                        @
Zach Sharp  @13@19@Y@Zach Sharp          @LHP     @5'10 @185  @Yardley, PA                             @
Joe Santospa@15@08@Y@Joe Santospago      @OF      @5'11 @195  @Doylestown, PA                          @
Charles Paul@16@16@Y@Charles Paul        @RHP     @6'2  @190  @Burlington, NJ                          @
Mike Petrizz@17@08@Y@Mike Petrizzi       @INF     @6'0  @170  @Levittown, PA                           @
Edward Ashle@18@08@Y@Edward Ashley       @OF      @5'10 @175  @Hamilton, NJ                            @
Rafael Tous @20@08@Y@Rafael Tous         @UTL     @6'2  @205  @Ringoes, NJ                             @
Nate Vahedi @21@08@Y@Nate Vahedi         @RHP     @6'1  @195  @Philadelphia, PA                        @
CJ Rasile   @22@08@Y@CJ Rasile           @OF      @6'0  @172  @Pittstown, NJ                           @
Matt Gall   @23@11@Y@Matt Gall           @LHP     @6'4  @184  @Shamong, NJ                             @
Ben Stine   @24@16@Y@Ben Stine           @RHP     @6'3  @204  @Lebanon, NJ                             @
Steven Todd @25@16@Y@Steven Todd         @INF     @6'4  @190  @Millstone, NJ                           @
Heath Fillmy@26@16@Y@Heath Fillmyer      @RHP/DH  @6'1  @185  @Roebling, NJ                            @
Tyler Markov@27@08@Y@Tyler Markovic      @RHP     @6'2  @172  @Ambler, PA                              @
Tom Cockill @28@11@Y@Tom Cockill         @LHP     @6'1  @196  @Flourtown, PA                           @
Jack Young  @29@08@Y@Jack Young          @INF     @6'3  @220  @Kendall Park, NJ                        @
Joe DiGiovan@30@16@Y@Joe DiGiovanni      @RHP     @6'1  @235  @Ringoes, NJ                             @
David Osnato@31@08@Y@David Osnato        @C       @5'11 @185  @Hamilton, NJ                            @
Mark Tomei  @32@17@Y@Mark Tomei          @OF      @5'10 @184  @South Plainfield, NJ                    @
Greg Santora@35@08@Y@Greg Santora        @C       @6'2  @197  @Southampton, NJ                         @
Shane Monaha@36@08@Y@Shane Monahan       @INF     @6'1  @185  @Levittown, PA                           @
Zach Schram @37@08@Y@Zach Schram         @INF     @5'10 @180  @Newtown, PA                             @
Anthony Swee@44@16@Y@Anthony Sweet       @OF      @6'1  @190  @Woodlyne, NJ                            @
