Vincent Pitz@1 @16@Y@Vincent Pitzulo     @RHP     @     @     @Wilmington, PA                          @
Cody Pitzo  @10@08@Y@Cody Pitzo          @INF     @     @     @New Middleton, OH                       @
Bobby Dragon@11@19@Y@Bobby Dragon        @1B      @     @     @Ashtabula, OH                           @
Austin Along@12@17@Y@Austin Alonge       @INF     @     @     @Westfield, NY                           @
Max Schrantz@13@16@Y@Max Schrantz        @C/INF   @     @     @Dunkirk, NY                             @
Tyler Ocker @14@16@Y@Tyler Ocker         @INF     @     @     @Chambersburg, PA                        @
Jake Bullick@17@08@Y@Jake Bullick        @OF      @     @     @Sharpsville, PA                         @
AJ Thompson @18@22@Y@AJ Thompson         @LHP/OF  @     @     @Saegertown, PA                          @
Jelani Porte@19@08@Y@Jelani Porter       @OF      @     @     @Beachwood, OH                           @
Tyler Slepsk@21@19@Y@Tyler Slepski       @LHP     @     @     @Butler, PA                              @
Cameron Bale@22@08@Y@Cameron Balego      @INF     @     @     @Pittsburgh, PA                          @
James Lauria@24@08@Y@James Lauria        @RHP     @     @     @Erie, PA                                @
Stephen Grob@25@16@Y@Stephen Grober      @C       @     @     @East Stroudsburg, PA                    @
Alex Glatch @27@16@Y@Alex Glatch         @RHP     @     @     @Meadville, PA                           @
Carrington B@29@08@Y@Carrington Bell     @OF      @     @     @New Castle, PA                          @
Jim Solano  @30@08@Y@Jim Solano          @RHP     @6'2  @200  @Hinkley, OH                             @
Sabatino Din@31@08@Y@Sabatino Dinardo    @C       @     @     @Pittsburgh, Pa                          @
Keyshawn D'O@32@08@Y@Keyshawn D'Orso     @OF      @6'0  @195  @Pittsburgh, PA                          @
Mark Dibatit@34@08@Y@Mark Dibatittste    @RHP     @     @     @Hermitage, PA                           @
Micheal Mack@35@16@Y@Micheal Mack        @RHP     @     @     @Pittsburgh, PA                          @
