Drew Lacomb @1 @20@Y@Drew Lacomb         @IF      @5-10 @180  @Las Vegas, Nev.                         @
Jordan Rose @2 @00@Y@Jordan Rose         @        @     @     @                                        @
Dillon Fahr @3 @16@Y@Dillon Fahr         @OF      @5-8  @150  @Las Vegas, Nev.                         @
Joshua Murth@4 @08@Y@Joshua Murtha       @P       @6-0  @190  @Las Vegas, Nev.                         @
Wes Byers   @6 @16@Y@Wes Byers           @OF      @5-9  @155  @Prescott Valley, AZ                     @
Zack Soria  @7 @08@Y@Zack Soria          @C       @5-10 @190  @Chicago, Ill                            @
Levi Larmour@8 @16@Y@Levi Larmour        @IF/OF   @6-1  @180  @Oakville, Ontario                       @
Daniel Lutz @9 @12@Y@Daniel Lutz         @P/IF    @5-10 @180  @Phoenix, AZ                             @
Casey Congle@10@16@Y@Casey Congleton     @P       @6-3  @190  @Las Vegas, Nev.                         @
Joseph Carav@11@08@Y@Joseph Caravalho    @P       @5-11 @165  @Palmdale, Calif.                        @
Callahan Mol@12@08@Y@Callahan Moltzan    @OF      @6-0  @215  @Chicago, Ill                            @
Brandon Bare@14@08@Y@Brandon Barela      @IF      @6-0  @185  @Far West, Utah                          @
James Anders@15@00@Y@James Anderson      @        @     @     @                                        @
Ryan Reinhar@16@00@Y@Ryan Reinhart       @        @     @     @                                        @
Marios Mylon@17@16@Y@Marios Mylonas      @C/1B    @5-11 @180  @Scottsdale, AZ                          @
Cole Loncar @18@16@Y@Cole Loncar         @OF      @6-0  @205  @Olympia, Wash.                          @
Chad Leonard@19@16@Y@Chad Leonard        @IF      @6-4  @235  @Mesa, AZ                                @
Jordan Zimme@20@08@Y@Jordan Zimmerman    @IF      @6-0  @200  @Mesa, AZ                                @
Shawn Malone@21@10@Y@Shawn Maloney       @OF      @5-10 @175  @Tempe, AZ                               @
P.J. Catera @22@16@Y@P.J. Catera         @IF      @6-0  @205  @Peoria, AZ                              @
Casey Moses @23@08@Y@Casey Moses         @IF      @6-0  @195  @Las Vegas, Nev.                         @
John Havird @24@19@Y@John Havird         @P       @6-2  @170  @Mesa, AZ                                @
Danny Garlid@25@08@Y@Danny Garlid        @IF      @6-3  @165  @Tempe, AZ                               @
Sean McGuire@26@08@Y@Sean McGuire        @P       @5-11 @160  @Phoenix, AZ                             @
Nick Schuman@27@18@Y@Nick Schuman        @P       @6-5  @220  @Mesa, AZ                                @
James Grube @28@16@Y@James Grube         @P       @5-10 @150  @Mountain Home Ark.                      @
Alex Gudac  @29@08@Y@Alex Gudac          @IF      @5-10 @165  @West Jordan, Utah                       @
Nick William@30@00@Y@Nick Williams       @        @     @     @                                        @
Rio Gomez   @31@11@Y@Rio Gomez           @P       @6-0  @185  @Phoenix, AZ                             @
Jason Euler @35@16@Y@Jason Euler         @P       @6-3  @230  @Flagstaff, AZ                           @
Garrett Bowm@37@08@Y@Garrett Bowman      @P       @6-4  @215  @Roy, Utah                               @
Evan Fresque@38@08@Y@Evan Fresquez       @P       @5-9  @190  @Las Vegas, Nev.                         @
Kyle Richard@39@08@Y@Kyle Richard        @P       @6-4  @185  @Reno, Nev.                              @
Christopher @40@00@Y@Christopher Watson  @        @     @     @                                        @
Ryan Chen   @42@08@Y@Ryan Chen           @P       @6-6  @185  @Las Vegas, Nev.                         @
