Jamal Martin@1 @16@Y@Jamal Martin        @OF      @5'10 @168  @                                        @
Darren Sefer@2 @09@Y@Darren Seferina     @SS/ 2nd @5'9  @168  @                                        @
Mandy Alvare@3 @16@Y@Mandy Alvarez       @3rd/2nd @6'0  @202  @                                        @
Nick Bateman@4 @16@Y@Nick Bateman        @OF      @5'11 @190  @                                        @
Jonathan Rip@5 @16@Y@Jonathan Ripoll     @RHP     @5'11 @192  @                                        @
Bryan Colon @6 @08@Y@Bryan Colon         @SS/2nd  @5'10 @163  @                                        @
Jonathan Mor@7 @08@Y@Jonathan Morales    @SS/ 2nd @5'11 @207  @                                        @
Cody Fulton @8 @16@Y@Cody Fulton         @OF      @6'0  @187  @                                        @
Alejandro Ca@9 @16@Y@Alejandro Castro    @RHP     @6'0  @190  @                                        @
Robert Evans@10@08@Y@Robert Evans        @RHP     @6'0  @184  @                                        @
Ivan Paleaz @11@19@Y@Ivan Paleaz         @LHP     @5'10 @177  @                                        @
Jonathan Ber@12@10@Y@Jonathan Bermudez   @LHP     @6'1  @182  @                                        @
Jose Gomez  @14@16@Y@Jose Gomez          @OF      @5'5  @176  @                                        @
David Palenz@16@09@Y@David Palenzuela    @1st/OF  @6'2  @200  @                                        @
Martinez Del@17@08@Y@Martinez Del Sol    @RHP     @5'10 @190  @                                        @
Ryan Bogaard@19@09@Y@Ryan Bogaards       @1st/ OF @6'1  @200  @                                        @
Marcus Barri@22@16@Y@Marcus Barrios      @RHP     @6'0  @200  @                                        @
Mario Amaral@23@16@Y@Mario Amaral        @C/1st   @6'1  @215  @                                        @
Tony Davila @24@16@Y@Tony Davila         @3rd/ 1st@6'0  @209  @                                        @
Deivy Palmer@25@11@Y@Deivy Palmeriro     @OF/ 1st @6'2  @219  @                                        @
Jonathan Cor@27@16@Y@Jonathan Cormier    @C       @6'0  @200  @                                        @
Domenick Man@28@08@Y@Domenick Mancini    @RHP     @6'3  @185  @                                        @
Danny Gonzal@31@16@Y@Danny Gonzalez      @RHP     @6'0  @205  @                                        @
Kevin Stypul@32@20@Y@Kevin Stypulkowski  @C/1st   @6'1  @223  @                                        @
Kyle Carter @36@19@Y@Kyle Carter         @LHP/OF/1@6'0  @188  @                                        @
