Spencer Harv@1 @16@Y@Spencer Harvey      @OF      @6ﾃャァ200  @South Effingham HS                      @
Caleb Weaver@2 @19@Y@Caleb Weaver        @LHP     @5ﾃャァ159  @Westfield HS                            @
Justin Flore@3 @16@Y@Justin Flores       @RHP     @6ﾃャァ180  @Union Grove HS                          @
Jamal Cummin@4 @08@Y@Jamal Cummings      @OF/INF  @5ﾃャァ195  @Grovetown HS                            @
Tanner Love @5 @16@Y@Tanner Love         @RHP     @6ﾃャァ165  @George Mason                            @
Kent Rollins@6 @16@Y@Kent Rollins        @SS      @6ﾃャァ180  @Alpharetta                              @
Danny Delgad@8 @16@Y@Danny Delgado       @INF     @5ﾃャァ160  @Broward CC                              @
Drew Taylor @9 @16@Y@Drew Taylor         @1B/OF   @6ﾃャァ220  @Pierce County HS                        @
Will Jones  @10@16@Y@Will Jones          @INF/P   @6ﾃャァ18   @Crisp County                            @
Matt Kuhlenb@11@19@Y@Matt Kuhlenberg     @LHP/1B  @6ﾃャァ190  @Midland                                 @
Dusty Jones @12@16@Y@Dusty Jones         @OF      @5ﾃャァ145  @Cochran                                 @
Bo Hardman  @13@08@Y@Bo Hardman          @C/1B    @6ﾃャァ215  @Madison County HS                       @
Brock Turner@14@16@Y@Brock Turner        @RHP     @6ﾃャァ170  @Madison County HS                       @
Alex White  @15@08@Y@Alex White          @OF      @5ﾃャァ170  @Franklin County HS                      @
Drew Kelley @17@17@Y@Drew Kelley         @C/1B    @6ﾃャァ189  @Bainbridge                              @
Andrew Strou@19@08@Y@Andrew Stroud       @3B/OF   @6ﾃャァ215  @Lee County HS                           @
Cole Thompso@20@16@Y@Cole Thompson       @C       @6ﾃャァ181  @Jones County HS                         @
Juwan Butler@21@08@Y@Juwan Butler        @OF      @5ﾃャァ170  @St. Clair County HS                     @
Kellan Holid@23@16@Y@Kellan Holiday      @INF     @6'1" @197  @St. Clair County HS                     @
Kellan Holid@23@16@Y@Kellan Holiday      @INF     @6'1" @197  @Stockbridge, GA                         @
Spencer Duff@24@16@Y@Spencer Duffie      @OF/INF  @6'1" @185  @Appling                                 @
Spencer Duff@24@16@Y@Spencer Duffie      @OF/INF  @6'1" @185  @Mercer                                  @
Josh Benson @26@08@Y@Josh Benson         @RHP     @6'2" @225  @Mary Persons HS                         @
Josh Benson @26@08@Y@Josh Benson         @RHP     @6'2" @225  @Culloden, GA                            @
Ryan Zentko @27@08@Y@Ryan Zentko         @RHP     @6ﾃャァ215  @Georgia Tech                            @
Joseph Boatr@28@16@Y@Joseph Boatright    @RHP     @6ﾃャァ210  @Augusta                                 @
Tyler Graham@29@16@Y@Tyler Graham        @RHP     @6ﾃャァ215  @Hillgrove HS                            @
Ryan Lawless@30@16@Y@Ryan Lawless        @RHP     @6ﾃャァ225  @Glynn Academy                           @
Chris Hojas @31@08@Y@Chris Hojas         @INF     @6ﾃャァ185  @Miami Dade College                      @
Corey Kafka @33@16@Y@Corey Kafka         @RHP     @6ﾃャァ210  @Mercer                                  @
