RICHIE FURLI@1 @16@Y@RICHIE FURLINE      @OF      @     @     @PORT ST LUCIE, FL                       @
SEBASTIAN PA@2 @08@Y@SEBASTIAN PALACIOS  @RHP     @     @     @CORPUS CHRISTI, TX                      @
JOSH NARVAIZ@3 @08@Y@JOSH NARVAIZ        @INF     @     @     @LUBBOCK, TX                             @
BRANDON COUR@4 @16@Y@BRANDON COURVILLE   @RHP     @     @     @FLOWER MOUND, TX                        @
THOMAS MCILR@5 @16@Y@THOMAS MCILRAITH    @RHP     @     @     @AMARILLO, TX                            @
JOJO COLLAZO@6 @08@Y@JOJO COLLAZO        @INF     @     @     @SAN ANTONIO, TX                         @
DARREN ALEXA@7 @08@Y@DARREN ALEXANDER    @INF     @     @     @LUBBOCK, TX                             @
CALEB KOEDYK@8 @16@Y@CALEB KOEDYKER      @OF      @     @     @SEMINOLE, TX                            @
TONY REYES  @9 @11@Y@TONY REYES          @INF     @     @     @LEVELLAND, TX                           @
JUSTIN CLARK@10@09@Y@JUSTIN CLARKSON     @INF     @     @     @NANAIMO, BC                             @
BLAINE PRESC@11@08@Y@BLAINE PRESCOTT     @INF     @     @     @AMARILLO, TX                            @
DUSTIN ANGIE@12@12@Y@DUSTIN ANGIEL       @RHP     @     @     @ROCKWALL, TX                            @
LIKE DOWNS  @13@08@Y@LIKE DOWNS          @RHP     @     @     @AMARILLO, TX                            @
CONNOR KENWO@14@11@Y@CONNOR KENWOOD      @LHP     @     @     @WHITE ROCK, BC                          @
CHRIS THIBID@15@08@Y@CHRIS THIBIDEAU     @INF     @     @     @DARTMOUTH, NS                           @
CHRIS DIXON @16@16@Y@CHRIS DIXON         @RHP     @     @     @CYPRESS, CA                             @
COLEMAN WATT@17@08@Y@COLEMAN WATTS       @RHP     @     @     @MIDLAND, TX                             @
NIKKO VELARD@18@08@Y@NIKKO VELARDE       @INF     @     @     @MIDLAND, TX                             @
BRYNDAN ARRE@20@08@Y@BRYNDAN ARREDONDO   @C       @     @     @LUBBOCK,  TX                            @
COLTON CHALK@21@08@Y@COLTON CHALKER      @INF     @     @     @MIDLAND, TX                             @
JAYDEN ODELL@22@16@Y@JAYDEN ODELL        @RHP     @     @     @TUSCOLA, TX                             @
CHRIS SHAW  @23@16@Y@CHRIS SHAW          @C       @     @     @WINNEPEG, MB                            @
AARON RUMFIE@24@08@Y@AARON RUMFIELD      @RHP     @     @     @LUBBOCK, TX                             @
CADE DAVIS  @26@11@Y@CADE DAVIS          @INF     @     @     @LUBBOCK, TX                             @
NICK RUSSELL@27@08@Y@NICK RUSSELL        @INF     @     @     @WICHITA FALLS, TX                       @
CLAY ODELL  @28@16@Y@CLAY ODELL          @RHP     @     @     @TUSCOLA, TX                             @
CHRISTAIN WH@29@08@Y@CHRISTAIN WHIGHAM   @OF      @     @     @MIDLAND, TX                             @
CONNOR GESEL@30@09@Y@CONNOR GESELL       @INF     @     @     @SAN ANTONIO, TX                         @
BRENT STEWAR@31@08@Y@BRENT STEWART       @OF      @     @     @MIDLAND, TX                             @
FRANCISCO CE@32@08@Y@FRANCISCO CERVANTES @RHP     @     @     @TIJUANA, MX                             @
DANIEL VARGA@33@16@Y@DANIEL VARGAS       @OF      @     @     @MIDLAND, TX                             @
JACOB BLEVIN@34@08@Y@JACOB BLEVINS       @RHP     @     @     @HALTOM CITY, TX                         @
JAY GONZALES@36@16@Y@JAY GONZALES        @C       @     @     @ARGYLE, TX                              @
MICHAEL BROS@37@16@Y@MICHAEL BROSIG      @RHP     @     @     @MIDLAND, TX                             @
Daniel Crook@40@08@Y@Daniel Crooks       @RHP     @     @     @Midland, TX                             @
