Alan Ibanes @1 @19@Y@Alan Ibanes         @OF      @5'10 @175  @Waianae, HI                             @
Lorenzo Webb@2 @16@Y@Lorenzo Webb        @OF      @6'1  @180  @Rock Springs, WY                        @
Brayden Math@3 @16@Y@Brayden Matheson    @C       @6'0  @185  @Alpine, UT                              @
Myles Wesene@5 @16@Y@Myles Wesener       @OF      @5'10 @180  @                                        @
Cayden Napie@6 @16@Y@Cayden Napierala    @OF      @5'9  @160  @Great Falls, MT                         @
Kyle Barras @7 @16@Y@Kyle Barras         @P       @5'10 @185  @Ontario, OR                             @
Chad Mackay @8 @08@Y@Chad Mackay         @C       @6'2  @185  @Bozeman, MT                             @
Dakota Corte@9 @19@Y@Dakota Cortese      @P/IF    @6'6  @200  @Laurel, MT                              @
Austin Tenna@10@16@Y@Austin Tennant      @C       @6'0  @180  @Gillette, WY                            @
Riley Horn  @11@19@Y@Riley Horn          @P       @6'0  @165  @Ontario, OR                             @
Zach Shelsta@12@10@Y@Zach Shelstad       @P       @5'10 @160  @Coronach, SK                            @
Slade Winmil@13@16@Y@Slade Winmill       @OF      @6'1  @205  @Burley, ID                              @
Dillon Peter@14@16@Y@Dillon Peterson     @IF      @5'9  @170  @Bozeman, MT                             @
Cameron Guev@15@08@Y@Cameron Guevara     @IF      @5'6  @110  @West Valley, UT                         @
Tyler Reitz @16@09@Y@Tyler Reitz         @IF      @5'9  @150  @Billings, MT                            @
Isaac Venezi@17@08@Y@Isaac Venezio       @P       @5'10 @205  @Columbia Falls, MT                      @
Brandon Siem@18@08@Y@Brandon Siemers     @C       @6'0  @170  @Colstrip, MT                            @
Alfonso Sanc@19@09@Y@Alfonso Sanchez     @IF      @5'9  @200  @Burley, ID                              @
Zach Cortese@20@17@Y@Zach Cortese        @OF      @6'3  @220  @Laurel, MT                              @
Brad paradis@21@08@Y@Brad paradis        @P       @5'10 @185  @Medicine Hat, AB                        @
Brandon Kemp@22@08@Y@Brandon Kemp        @IF      @5'10 @150  @Spearfish, SD                           @
Michael Gaha@23@08@Y@Michael Gahan       @IF      @6'0  @180  @Lismore, New South Wales, Australia     @
Tony Roberts@24@16@Y@Tony Roberts        @P/IF    @6'0  @185  @Helena, MT                              @
Brad Rook   @25@19@Y@Brad Rook           @P/OF    @6'0  @190  @Helena, MT                              @
Cody Roe    @27@08@Y@Cody Roe            @P/IF    @5'7  @150  @Billings, MT                            @
Sean Murray @29@16@Y@Sean Murray         @P       @6'2  @190  @Great Falls, MT                         @
Brady Derhei@30@08@Y@Brady Derheim       @P/OF    @6'0  @160  @Billings, MT                            @
Jalen Hall  @31@08@Y@Jalen Hall          @IF      @5'10 @170  @Billings, MT                            @
Sean O'Conne@32@08@Y@Sean O'Connell      @IF      @6'0  @185  @Kalispell, MT                           @
Sean Getchel@33@10@Y@Sean Getchell       @P/IF    @6'0  @185  @Billings, MT                            @
Andy Scott  @34@16@Y@Andy Scott          @IF      @6'0  @205  @Medicine Hat, AB                        @
Andrew Young@36@08@Y@Andrew Youngs       @OF      @6'2  @180  @Gillette, WY                            @
Ty Church   @37@16@Y@Ty Church           @P       @6'1  @200  @Delta, UT                               @
Zakary Horto@40@08@Y@Zakary Horton       @P       @6'0  @205  @Sydney, Australia                       @
James Lee   @57@14@Y@James Lee           @P/OF/IF @5'11 @195  @Rock Springs, WY                        @
