Tyler Hart  @1 @11@Y@Tyler Hart          @P       @6'2" @     @Fremont, WI                             @
Mike Lutz   @2 @19@Y@Mike Lutz           @P       @5ﾃャァ     @Fox Lake, IL                            @
Nick Davidov@4 @08@Y@Nick Davidovic      @2B      @5'10"@     @Racine, WI                              @
Preston Leon@6 @09@Y@Preston Leonard     @2B      @6ﾃャァ     @Sussex, WI                              @
Randall Meye@7 @19@Y@Randall Meyer       @P       @6ﾃャァ     @Cudahy, WI                              @
Kevin Kowalk@8 @16@Y@Kevin Kowalkowski   @C       @5ﾃャァ     @Armstrong Creek, WI                     @
Nate Van Ell@9 @16@Y@Nate Van Ells       @SS/P    @6ﾃャァ     @Greendale, WI                           @
Zach Taylor @10@08@Y@Zach Taylor         @OF      @6'0" @     @Racine, WI                              @
Brad Jacob  @11@16@Y@Brad Jacob          @C       @5'11"@     @Raymond, WI                             @
Alex Wurm   @13@08@Y@Alex Wurm           @SS/2B   @6'0" @     @Appleton, WI                            @
Kyle Spott  @14@08@Y@Kyle Spott          @INF/P   @5'10"@     @Franklin, WI                            @
Paul Murphy @15@11@Y@Paul Murphy         @P       @6'2" @     @Bowler, WI                              @
Tyler Trepan@16@08@Y@Tyler Trepanier     @P       @5'10"@     @Oconto, WI                              @
Kyle Rogers @17@08@Y@Kyle Rogers         @P       @5'10"@     @Stevens Point, WI                       @
Billy Wallac@18@09@Y@Billy Wallace       @INF     @6'2" @     @Milwaukee, WI                           @
Jacob Hornik@19@08@Y@Jacob Hornik        @3B/P    @6'0" @     @Kenosha, WI                             @
Lucas Keller@20@09@Y@Lucas Keller        @P/1B    @6'5" @     @Sussex, WI                              @
Tyler Dorsey@21@08@Y@Tyler Dorsey        @1B      @6'1" @     @Chicago, IL                             @
Mitchell Rob@22@08@Y@Mitchell Roberts    @C/1B    @5ﾃャァ     @Denmark, WI                             @
Josh Brock  @23@16@Y@Josh Brock          @P       @6'3" @     @Iron Mountain, MI                       @
Brandon Halb@24@08@Y@Brandon Halbert     @P       @6'3" @     @Chicago, IL                             @
Brad Van Pay@25@08@Y@Brad Van Pay        @P       @6'2" @     @Green Bay, WI                           @
Marty Pitts @26@16@Y@Marty Pitts         @OF/INF  @5'9" @     @Kenosha, WI                             @
Heinrich Wal@27@08@Y@Heinrich Walder     @P       @6'1" @     @Rosholt, WI                             @
David Steven@31@08@Y@David Stevens       @OF      @6'3" @     @Appleton, WI                            @
Donte Richie@32@08@Y@Donte Richie        @OF      @5'11"@     @Park Forest, IL                         @
Cory Roth   @33@16@Y@Cory Roth           @OF/C    @6'1" @     @Helenville, WI                          @
Jared Decker@34@11@Y@Jared Decker        @OF/1B   @6'4" @     @Sussex, WI                              @
