Tanner Picht@1 @11@Y@Tanner Picht        @OF      @6    @180  @Morris                                  @
Jake Torgers@2 @08@Y@Jake Torgerson      @P/IF    @6    @180  @Morris                                  @
Gabe Pankoni@3 @16@Y@Gabe Pankonin       @C       @6    @180  @Perham                                  @
Jake Tharald@4 @16@Y@Jake Tharaldson     @SS      @6    @180  @Eden Prairie                            @
Matt Bergman@5 @16@Y@Matt Bergmann       @1B      @6    @180  @New Ulm                                 @
Cole Easley @6 @16@Y@Cole Easley         @OF      @6    @180  @Mound WestTonka                         @
Austin Hanso@7 @09@Y@Austin Hanson       @2B      @6    @180  @Fergus Falls                            @
Pete Gaustad@8 @16@Y@Pete Gaustad        @P/OF    @6    @180  @Fergus Falls                            @
Luke Schwarz@9 @16@Y@Luke Schwarz        @P/OF    @6    @180  @Benson                                  @
Ryan Fransen@10@16@Y@Ryan Fransen        @P       @6    @180  @Renville                                @
Brady Hansen@11@08@Y@Brady Hansen        @3B      @6    @180  @Fergus Falls                            @
Dan Hoy     @12@08@Y@Dan Hoy             @P       @6    @180  @Mound WestTonka                         @
Billy Juul  @13@08@Y@Billy Juul          @2B      @6    @180  @Brandon Evansville                      @
Tyler Nielso@14@08@Y@Tyler Nielson       @OF      @6    @180  @Minnewaska                              @
Ryan Scanlon@15@08@Y@Ryan Scanlon        @3B      @6    @180  @Woodbury                                @
Kyle Singer @16@19@Y@Kyle Singer         @OF      @6    @180  @Detroit Lakes                           @
Trent Sageda@17@09@Y@Trent Sagedahl      @IF      @6    @180  @St. Francis                             @
Gunnar Linst@18@08@Y@Gunnar Linstaedt    @P/1B    @6    @180  @Fargo                                   @
Brady Weller@19@16@Y@Brady Weller        @P       @6    @180  @Brooten                                 @
Carter Pauls@20@09@Y@Carter Paulson      @P/1B    @6    @180  @Aberdeen                                @
Thomas Lindg@22@11@Y@Thomas Lindgren     @P/OF    @6    @180  @Enderlin                                @
Tyler Henric@23@09@Y@Tyler Henrichs      @OF      @6    @180  @Morris                                  @
Preston Kraf@24@08@Y@Preston Kraft       @C       @6    @180  @Madison                                 @
Jordan Payne@25@11@Y@Jordan Payne        @P       @6    @180  @New London                              @
Hunter Arnol@26@08@Y@Hunter Arnold       @P/OF    @6    @180  @Parkers Prairie                         @
Derek Jorgen@27@11@Y@Derek Jorgenson     @P       @6    @180  @Moorhead                                @
Kyle Gopleru@28@08@Y@Kyle Goplerud       @P       @6    @180  @Park Rapids                             @
Ryan Bailey @29@08@Y@Ryan Bailey         @C       @6    @180  @Anchorage                               @
