DQ Farmer   @1 @16@Y@DQ Farmer           @OF, INF @     @     @                                        @
Garrett Odom@2 @16@Y@Garrett Odom        @OF      @     @     @                                        @
Koby Ross   @3 @16@Y@Koby Ross           @P       @     @     @                                        @
Patrick McMa@4 @09@Y@Patrick McMahon     @OF      @     @     @                                        @
Cameron Coch@5 @16@Y@Cameron Cochran     @P       @     @     @                                        @
Hunter Black@6 @16@Y@Hunter Black        @C       @     @     @                                        @
James Levens@7 @11@Y@James Levens        @P       @     @     @                                        @
Hunter Brann@8 @08@Y@Hunter Brannan      @INF     @     @     @                                        @
Richie Clark@9 @08@Y@Richie Clark        @INF     @     @     @                                        @
Ryne Long   @10@16@Y@Ryne Long           @INF,P   @     @     @                                        @
Lawrence Bou@11@16@Y@Lawrence Bourgoeis  @OF      @     @     @                                        @
Kyle Cumland@12@16@Y@Kyle Cumlander      @P       @     @     @                                        @
Taylor Olsen@13@16@Y@Taylor Olsen        @P       @     @     @                                        @
Rikki Priban@14@08@Y@Rikki Pribanic      @OF      @     @     @                                        @
Adam Cagnina@15@16@Y@Adam Cagnina        @INF     @     @     @                                        @
Brandon Walt@16@16@Y@Brandon Waltman     @C       @     @     @                                        @
Ryan Henry  @17@16@Y@Ryan Henry          @P       @     @     @                                        @
Winston Wils@18@08@Y@Winston Wilson      @OF, P   @     @     @                                        @
Tyler Quave @19@16@Y@Tyler Quave         @OF      @     @     @                                        @
Dalton Sears@20@08@Y@Dalton Sears        @P       @     @     @                                        @
Travis Forti@21@16@Y@Travis Fortin       @OF      @     @     @                                        @
Chase Blackw@22@08@Y@Chase Blackwell     @P       @     @     @                                        @
James Land  @23@09@Y@James Land          @INF     @     @     @                                        @
Chris Wease @25@19@Y@Chris Wease         @P       @     @     @                                        @
Jacob Swiney@27@08@Y@Jacob Swiney        @OF      @     @     @                                        @
Alec Newton @28@08@Y@Alec Newton         @INF     @     @     @                                        @
Austin Knigh@30@08@Y@Austin Knight       @C       @     @     @                                        @
Matt Trigg  @33@09@Y@Matt Trigg          @OF      @     @     @                                        @
