Chandler Mas@1 @11@Y@Chandler Massengale @LHP     @5'7" @150  @Sumrall                                 @
Brandon Cumm@2 @17@Y@Brandon Cummins     @OF      @5'10"@180  @Cleveland, MS                           @
Chase Palasi@3 @08@Y@Chase Palasini      @INF     @5'8" @155  @Leland, MS                              @
Kyle Wilson @5 @08@Y@Kyle Wilson         @RHP     @5'10"@170  @Houston, MS                             @
Carson Crite@6 @08@Y@Carson Crites       @INF     @6'1" @185  @Amarillo, TX                            @
Connor Osbor@7 @16@Y@Connor Osborne      @INF     @5'10"@175  @West Monroe, LA                         @
Ben Bolden  @8 @08@Y@Ben Bolden          @RHP     @6'2" @190  @Potts Camp, MS                          @
Peyton Calla@9 @08@Y@Peyton Callahan     @INF/RHP @6'1" @185  @Houston, MS                             @
Elgin Lafeve@10@17@Y@Elgin Lafever       @OF      @6'0" @170  @Holly Springs                           @
Paul Carpent@11@11@Y@Paul Carpenter      @LHP     @6'1" @190  @Boyce, LA                               @
Tays Hardy  @13@08@Y@Tays Hardy          @OF      @5'10"@170  @Batesville, MS                          @
Matt Ray    @14@08@Y@Matt Ray            @RHP/INF @6'2" @205  @Cleveland, MS                           @
Tre Hobbs   @15@11@Y@Tre Hobbs           @OF/LHP  @5'10"@150  @Greenville, MS                          @
Michael Belo@16@08@Y@Michael Beloso      @C       @5'10"@190  @Pearl River, LA                         @
Ty Dean     @17@08@Y@Ty Dean             @OF      @5'11"@175  @Kosciusko, MS                           @
Jacob Shempe@18@17@Y@Jacob Shempert      @Utility @5'10"@185  @Houston, MS                             @
Drew Pellum @19@08@Y@Drew Pellum         @RHP     @6'2" @205  @Starkville, MS                          @
Jason Berry @20@11@Y@Jason Berry         @INF/LHP @5'10"@180  @Benton, MS                              @
Demarcus Mah@21@08@Y@Demarcus Mahone     @INF     @5'8" @160  @Yazoo City, MS                          @
Hunter Vande@22@08@Y@Hunter Vanderburg   @RHP     @6'1" @205  @Southaven, MS                           @
Devontae Wil@23@19@Y@Devontae Wilson     @LHP     @6'1" @185  @Philadelphia, MS                        @
Danny Spring@24@16@Y@Danny Springer      @INF     @6'5" @225  @Houston, MS                             @
Dustin Lingl@25@16@Y@Dustin Lingle       @RHP     @5'11"@160  @Morton, MS                              @
Lane William@26@16@Y@Lane Williams       @RHP     @6'0" @190  @Flora, MS                               @
Taylor Case @28@16@Y@Taylor Case         @RHP     @6'3" @205  @Madison, MS                             @
Tyler Mize  @29@16@Y@Tyler Mize          @OF      @6'2" @170  @Paris, MS                               @
Nate Dickens@31@16@Y@Nate Dickens        @RHP     @6'4" @190  @Canton, MS                              @
Colby Maner @35@16@Y@Colby Maner         @OF/RHP  @6'0" @215  @Morton, MS                              @
