Jeff Ramos  @1 @08@Y@Jeff Ramos          @SS      @     @     @                                        @
Bryan McGuir@2 @16@Y@Bryan McGuire       @INF/P   @     @     @                                        @
John Savo   @3 @08@Y@John Savo           @OF      @     @     @                                        @
Christian Ve@4 @08@Y@Christian Vergara   @C       @     @     @                                        @
John Ross   @5 @08@Y@John Ross           @Util    @     @     @                                        @
Rip Van Wink@6 @08@Y@Rip Van Winkle      @P       @     @     @                                        @
Rob Slivinsk@7 @08@Y@Rob Slivinski       @SS      @     @     @                                        @
Derek Lenio @8 @08@Y@Derek Lenio         @P       @     @     @                                        @
Stephen Almo@9 @08@Y@Stephen Almond      @OF      @     @     @                                        @
Jeff Cooke  @10@08@Y@Jeff Cooke          @P       @     @     @                                        @
Devon Kelly @11@08@Y@Devon Kelly         @INF     @     @     @                                        @
Jesse Whitme@12@08@Y@Jesse Whitmeyer     @P       @     @     @                                        @
Jacob Graham@13@08@Y@Jacob Graham        @P/INF   @     @     @                                        @
Brandon Thom@14@16@Y@Brandon Thomas      @OF      @     @     @                                        @
Jared Muraca@15@08@Y@Jared Muraca        @P       @     @     @                                        @
Ed Zakrzewsk@16@16@Y@Ed Zakrzewski       @P       @     @     @                                        @
Stephen Scia@17@08@Y@Stephen Scialdo     @INF/P   @     @     @                                        @
Matt Thompso@18@08@Y@Matt Thompson       @1B      @     @     @                                        @
Josh Luczak @19@16@Y@Josh Luczak         @P       @     @     @                                        @
Christian Ki@20@16@Y@Christian King      @P       @     @     @                                        @
Ben Barnes  @21@16@Y@Ben Barnes          @P       @     @     @                                        @
Bryce Patter@22@16@Y@Bryce Patterson     @OF      @     @     @                                        @
Brandon Pelo@24@08@Y@Brandon Pelose      @2B      @     @     @                                        @
Alex McLean @25@16@Y@Alex McLean         @Util/P  @     @     @                                        @
Kyle Mapley @26@08@Y@Kyle Mapley         @C       @     @     @                                        @
Jason Zongro@27@08@Y@Jason Zongrone      @P       @     @     @                                        @
Mike Lallier@28@08@Y@Mike Lallier        @OF      @     @     @                                        @
Graham McMul@29@00@Y@Graham McMullen     @P       @     @     @                                        @
Marcus Faili@30@08@Y@Marcus Failing      @P       @     @     @                                        @
Rene Adames @31@08@Y@Rene Adames         @Util    @     @     @                                        @
Erik Przycho@32@08@Y@Erik Przychodzen    @P       @     @     @                                        @
