Kindanny Cum@1 @08@Y@Kindanny Cumba      @INF     @     @     @                                        @
Emilio Abreu@2 @08@Y@Emilio Abreu        @INF     @6-2  @170  @Elizabeth, NJ                           @
David Glaude@4 @09@Y@David Glaude        @INF     @5-11 @175  @Quebec, Canada                          @
Yeramin Sant@5 @16@Y@Yeramin Santana     @INF     @5-10 @160  @Bronx, NY                               @
Nicholas Lug@6 @08@Y@Nicholas Lugo       @INF     @5-10 @     @Hatillo, PR                             @
Edwin Rodrig@7 @16@Y@Edwin Rodriguez     @OF      @5-11 @     @Ponce, PR                               @
Felipe Lopez@8 @08@Y@Felipe Lopez        @OF      @     @     @Toa Alta, PR                            @
Stephen DiNi@9 @08@Y@Stephen DiNicola    @INF     @5-10 @     @Webster, NY                             @
Christian Sa@10@16@Y@Christian Sanchez   @P       @5-10 @     @Ponce, PR                               @
Johan Mojica@11@08@Y@Johan Mojica        @C       @6-1  @     @Vega Baja, PR                           @
Michael Cali@12@16@Y@Michael Calimeno    @P       @5-11 @     @Brooklyn, NY                            @
Justin Moral@13@08@Y@Justin Morales      @OF      @     @     @Bronx, NY                               @
Chris Estrad@14@16@Y@Chris Estrada       @P       @5-9  @     @Queens Village, NY                      @
Brian Paulin@15@19@Y@Brian Paulino       @P       @5-11 @     @New York, NY                            @
Hector Varga@16@16@Y@Hector Vargas       @P       @6-1  @     @Queens, NY                              @
Kevin Serran@17@11@Y@Kevin Serrano       @P       @5-10 @     @Arecibo, PR                             @
Anthony Mart@19@19@Y@Anthony Martinez Jr @P       @5-9  @     @Egg Harbor Township, NJ                 @
Franchesco T@20@08@Y@Franchesco Terrero  @OF      @5-8  @     @New Hyde Park, NY                       @
Jeremy Rodri@21@16@Y@Jeremy Rodriguez    @OF      @6-3  @     @Queens, NY                              @
Angel Morale@22@19@Y@Angel Morales       @        @     @     @                                        @
Rafael Balad@23@17@Y@Rafael Balado       @OF      @6-0  @     @Carolina, PR                            @
John Serrano@24@16@Y@John Serrano        @OF      @5-10 @     @Brooklyn, NY                            @
Leudy Betanc@25@16@Y@Leudy Betancourt    @INF     @5-11 @     @Danbury, Ct                             @
Christopher @26@16@Y@Christopher Garcia  @P       @5-8  @     @Brooklyn, NY                            @
David Marte @27@16@Y@David Marte         @P       @5-8  @     @Boston, MA                              @
Josiry Cirin@28@08@Y@Josiry Cirino       @INF     @6-4  @     @Carolina, PR                            @
Jason Aponte@29@11@Y@Jason Aponte        @P       @5-10 @     @Brooklyn, NY                            @
Nilson Ibert@30@20@Y@Nilson Ibert        @INF     @5-10 @     @Bronx, NY                               @
Reynaldo Ech@31@16@Y@Reynaldo Echenique  @C       @5-10 @     @Miami, Fl                               @
Jose Peralta@32@11@Y@Jose Peralta        @P       @5-10 @     @Santo Domingo, DR                       @
Alex Clavet @33@08@Y@Alex Clavet         @P       @6-2  @     @Levi, Quebec                            @
Hector Marmo@34@11@Y@Hector Marmol       @INF     @5-10 @     @Massapequa, NY                          @
Alex Vargas @42@08@Y@Alex Vargas         @P       @5-11 @     @Freeport, NY                            @
