Angel Rosari@2 @17@Y@Angel Rosario       @OF      @5-9  @175  @Bridgeport, CT                          @
Brett Sander@3 @16@Y@Brett Sanders       @IF/OF   @5-9  @170  @Greece, NY                              @
Rayshelon Ca@4 @19@Y@Rayshelon Carolina  @OF      @5-8  @165  @Willemstad, Curacao                     @
Alex Dent   @6 @10@Y@Alex Dent           @LHP     @5-9  @145  @Spencerport, NY                         @
Tim Segrue  @7 @08@Y@Tim Segrue          @C/IF    @5-8  @175  @Mendon, NY                              @
Ellington Ho@8 @09@Y@Ellington Hopkins   @IF/OF   @5-8  @170  @Lansing, NY                             @
Hunter Merri@9 @08@Y@Hunter Merrill      @IF      @5-10 @155  @Pittsford, NY                           @
Austin Speak@10@08@Y@Austin Speaker      @RHP     @5-9  @170  @North Tonawanda, NY                     @
Alex Saville@11@08@Y@Alex Saville        @IF      @6-1  @195  @Sherrill, NY                            @
Connor Lewis@12@08@Y@Connor Lewis        @IF/RHP  @5-9  @175  @Brampton, Ontario                       @
Mike Distefa@13@08@Y@Mike Distefano      @OF/RHP  @5-11 @185  @Greece, NY                              @
Jimmy Latona@14@08@Y@Jimmy Latona        @C/IF    @5-11 @190  @Chili, NY                               @
Dylan Sheffe@15@17@Y@Dylan Sheffer       @RHP     @5-11 @180  @Penfield, NY                            @
Nick DiBened@16@16@Y@Nick DiBenedetto    @RHP     @6-0  @175  @Nanuet, NY                              @
Tommy Lacong@18@08@Y@Tommy Lacongo       @C       @6-0  @175  @Orchard Park, NY                        @
Andrew Segar@21@08@Y@Andrew Segar        @OF      @6-0  @185  @Mendon, NY                              @
Ryan Prevost@22@08@Y@Ryan Prevost        @OF      @6-1  @175  @Greece, NY                              @
Sjaghbar Mar@23@09@Y@Sjaghbar Martis     @IF/OF   @5-11 @185  @Willemstad, Curacao                     @
Ryan Quacken@28@08@Y@Ryan Quackenbush    @RHP     @5-11 @180  @Honeoye Falls, NY                       @
Blaine Farre@29@10@Y@Blaine Farrell      @LHP     @5-11 @190  @Marysville, Ontario                     @
Jon Simmons @30@08@Y@Jon Simmons         @OF      @6-1  @190  @Victor, NY                              @
Tom Mastrodo@31@08@Y@Tom Mastrodonato    @RHP     @6-0  @190  @Penfield, NY                            @
Aaron Endres@34@16@Y@Aaron Endres        @IF      @5-11 @195  @Chittenango, NY                         @
Cameron Scal@35@16@Y@Cameron Scalzo      @RHP     @6-4  @225  @Webster, NY                             @
David Lawren@37@09@Y@David Lawrence      @RHP     @6-2  @180  @Brighton, NY                            @
Robert Gripp@40@16@Y@Robert Grippo       @RHP     @6-3  @240  @New Milford, NJ                         @
Xavier Maira@41@16@Y@Xavier Maira        @RHP     @6-2  @247  @Chili, NY                               @
