John Hanley @1 @08@Y@John Hanley         @IF      @6'1  @200  @Damascus, MD                            @
Antonio Pino@2 @12@Y@Antonio Pino        @IF, P   @5'9  @175  @                                        @
Tyler Colema@3 @08@Y@Tyler Coleman       @OF      @6'1  @175  @Rockville, MD                           @
Joe Coleman @4 @19@Y@Joe Coleman         @OF      @5'7  @145  @Rockville, MD                           @
Ian Velez   @5 @16@Y@Ian Velez           @OF      @5'11 @170  @Rockville, MD                           @
John Maloney@6 @16@Y@John Maloney        @P       @6'1  @175  @                                        @
Nick Kuczars@7 @16@Y@Nick Kuczarski      @IF      @6'0  @190  @                                        @
Jeremy Ponaf@8 @16@Y@Jeremy Ponafala     @OF      @5'11 @210  @                                        @
Gus Gill    @9 @08@Y@Gus Gill            @IF,P    @6'1  @185  @Bethesda, MD                            @
Leo Donovan @10@10@Y@Leo Donovan         @OF      @5'10 @185  @                                        @
Michael Cuda@11@08@Y@Michael Cuda        @IF      @5'10 @175  @Gaithersburg, MD                        @
Geoff Stone @12@08@Y@Geoff Stone         @C       @5'11 @180  @                                        @
Nick Ponafal@13@16@Y@Nick Ponafala       @IF      @5'11 @215  @                                        @
Jharol Smith@14@08@Y@Jharol Smith        @C       @6'0  @205  @Rockville, MD                           @
Daniel Johns@17@08@Y@Daniel Johnson      @IF      @6'   @215  @Olney, MD                               @
Antonio Orti@22@08@Y@Antonio Ortiz       @OF      @5'10 @170  @Rockville, MD                           @
Colin McMaho@23@16@Y@Colin McMahon       @C       @6'1  @210  @Sandy Spring, MD                        @
Sean Spotts @25@09@Y@Sean Spotts         @IF      @6'1  @225  @                                        @
Andrew McWil@28@16@Y@Andrew McWilliams   @IF      @6'1  @185  @                                        @
Brandon Humb@31@08@Y@Brandon Humbertson  @P       @5'11 @180  @Walkersville, MD                        @
Marcus Hails@32@08@Y@Marcus Hailstock    @P       @5'10 @175  @Rockville, MD                           @
Corey Dirks @33@08@Y@Corey Dirks         @P       @5'10 @178  @                                        @
William Webb@34@08@Y@William Webb        @OF      @6'1  @185  @Potomac, MD                             @
Sean Whalen @35@16@Y@Sean Whalen         @IF      @6'6  @230  @                                        @
