Paul Meagher@02@08@Y@Paul Meagher        @2B      @5-9  @150  @Wyndmoor, Pa.                           @
Luke Pollock@03@08@Y@Luke Pollock        @2B      @5-8  @155  @Glenside, Pa.                           @
Matt Horgan @09@08@Y@Matt Horgan         @OF      @5-10 @155  @Plymouth Meeting, Pa.                   @
Josh Persson@10@08@Y@Josh Persson        @P       @5-10 @175  @Nazareth, Pa.                           @
Jay Goldblum@11@08@Y@Jay Goldblum        @P       @6-4  @225  @Eagleville, Pa.                         @
Kevin Neuman@12@08@Y@Kevin Neumann       @OF      @5-10 @170  @Pennridge, Pa.                          @
Alex Enderle@14@08@Y@Alex Enderle        @P       @6-2  @170  @Malvern, Pa.                            @
Chuck Delago@15@08@Y@Chuck Delagol       @P       @6-1  @185  @Willow Grove, Pa.                       @
Mitch Bennet@16@20@Y@Mitch Bennett       @OF      @6-0  @170  @Pottstown, Pa.                          @
Don Woodruff@18@16@Y@Don Woodruff        @OF      @5-11 @180  @Pottstown, Pa.                          @
Dan Carney  @19@08@Y@Dan Carney          @P       @6-2  @170  @Hatfield, Pa.                           @
Jake Hoffman@21@11@Y@Jake Hoffman        @P       @5-11 @210  @Irvine, Ca.                             @
Ryan Erskine@22@09@Y@Ryan Erskine        @SS      @5-9  @165  @Harleysville, Pa.                       @
David Qawasm@23@16@Y@David Qawasmy       @OF      @5-11 @175  @Norristown, Pa.                         @
Greg Mugnier@24@18@Y@Greg Mugnier        @P       @5-11 @170  @Glenside, Pa.                           @
Donovan Squa@26@08@Y@Donovan Squartino   @C       @5-8  @180  @Schwenksville, Pa.                      @
Don Halbrune@27@08@Y@Don Halbruner       @P       @6-1  @220  @Southampton, Pa.                        @
Joe O'Brien @30@08@Y@Joe O'Brien         @C       @5-11 @165  @Norristown, Pa.                         @
Kyle McCross@33@17@Y@Kyle McCrossen      @3B      @5-10 @185  @North Wales, Pa.                        @
Derek Barnes@41@08@Y@Derek Barnes        @P/1B    @6-4  @235  @Wayne, Pa.                              @
Robert Walms@42@16@Y@Robert Walmsley     @P       @6-1  @235  @Philadelphia, Pa.                       @
Nick Murray @43@16@Y@Nick Murray         @P       @6-2  @235  @Philadelphia, Pa.                       @
Jim McNally @44@16@Y@Jim McNally         @C       @5-10 @210  @Ambler, Pa.                             @
Anthony Plet@45@16@Y@Anthony Pletscher   @1B/DH   @6-2  @215  @Hatfield, Pa.                           @
