Chase Krager@1 @16@Y@Chase Krager        @inf, Of @     @     @Bay City, MI                            @
Ben Meinburg@2 @08@Y@Ben Meinburg        @Of, inf @     @     @Davison, MI                             @
Brandon Vitt@4 @16@Y@Brandon Vittitow    @C       @     @     @Bay City, MI                            @
Ryan Vince  @5 @11@Y@Ryan Vince          @P       @     @     @Flushing, MI                            @
Maverick Pri@6 @08@Y@Maverick Prine      @inf, P  @     @     @Davison, MI                             @
Kelsey Soren@7 @08@Y@Kelsey Sorenson     @Of, Inf,@     @     @Mt Morris, MI                           @
Kyle Schrade@8 @16@Y@Kyle Schrade        @P, Of   @     @     @Fenton, MI                              @
Todd Brown  @9 @08@Y@Todd Brown          @P       @     @     @Otisville, MI                           @
Tyler Owen  @10@16@Y@Tyler Owen          @inf, Of @     @     @Davison, MI                             @
Tyler Ramoie@14@08@Y@Tyler Ramoie        @C, Of   @     @     @                                        @
Mickey Montp@15@11@Y@Mickey Montpas      @inf, Of @     @     @Flushing, MI                            @
Brian Stewar@16@16@Y@Brian Stewart       @P       @     @     @Grand Blanc, MI                         @
Logan Gatza @18@09@Y@Logan Gatza         @inf, Of @     @     @Frankenmuth, MI                         @
Kyle Neyman @19@08@Y@Kyle Neyman         @P       @     @     @Durand, MI                              @
Morgan Neyma@20@08@Y@Morgan Neyman       @P       @     @     @Durand, MI                              @
Corey Lewand@21@19@Y@Corey Lewandowski   @P       @     @     @Hartland, Mi                            @
Josh Hoeberl@23@16@Y@Josh Hoeberling     @P       @     @     @Linden, MI                              @
Phil Nanasy @25@08@Y@Phil Nanasy         @P       @     @     @Davison, MI                             @
Colin Heaton@26@16@Y@Colin Heaton        @P       @     @     @Flint, MI                               @
Tyler Benedi@32@19@Y@Tyler Benedict      @P       @     @     @Linden, MI                              @
Derrick Berr@33@16@Y@Derrick Berriman    @P       @     @     @Lake Orion, MI                          @
Devon Jones @34@19@Y@Devon Jones         @Of, P   @     @     @Wyandotte, MI                           @
Ryan Ormisto@37@08@Y@Ryan Ormiston       @P       @     @     @North Branch                            @
Tyler Dunkle@39@08@Y@Tyler Dunklee       @P       @     @     @Montrose, MI                            @
Austin King @47@08@Y@Austin King         @inf     @     @     @Davison, MI                             @
Jacob Abu-Ai@56@08@Y@Jacob Abu-Aita      @C       @     @     @Genesee, MI                             @
Aaron Meinbu@81@11@Y@Aaron Meinburg      @P       @     @     @Davison, MI                             @
Dylan Benson@95@08@Y@Dylan Benson        @P       @     @     @Fenton, MI                              @
