Slater Stone@1 @10@Y@Slater Stone        @P       @6    @196  @Trenton Tx                              @
Brandon Ston@2 @08@Y@Brandon Stone       @Inf.    @5'8  @155  @Trenton Tx.                             @
Brandon Juar@3 @08@Y@Brandon Juarez      @Inf.    @5'7  @160  @Rosenberg Tx.                           @
Anthony Migl@4 @09@Y@Anthony Migliore    @Inf.    @5'6  @155  @Abilene Tx.                             @
Abraham Fria@5 @16@Y@Abraham Frias       @Inf.    @6    @200  @Fort Worth Tx.                          @
John Pope   @6 @08@Y@John Pope           @ss      @5'11 @170  @Manor Tx.                               @
Blake West  @7 @08@Y@Blake West          @OF      @5'7  @155  @Carrollton Tx.                          @
Caden Jacint@8 @08@Y@Caden Jacinto       @P       @5'7  @160  @Italy Tx.                               @
Ricardo Morr@11@11@Y@Ricardo Morris      @OF      @5'11 @180  @Desoto Tx.                              @
Dylan McCarl@12@08@Y@Dylan McCarley      @C       @6'1  @180  @Trenton Tx,                             @
Joshua Solis@13@08@Y@Joshua Solis        @Inf     @6'1  @170  @Houston Tx.                             @
Nicolas Cava@15@19@Y@Nicolas Cavazos     @OF      @5'8  @190  @Buda Tx.                                @
Andy Guiena @19@08@Y@Andy Guiena         @Inf     @6    @200  @Hallsville Tx.                          @
Alex Lopez  @22@16@Y@Alex Lopez          @INF     @6    @205  @Mesquite Tx,                            @
Desi Torres @23@08@Y@Desi Torres         @INF     @5'10 @205  @Pasadena Tx.                            @
Jalen Magee @24@08@Y@Jalen Magee         @C       @5'8  @170  @Houston Tx.                             @
David Ontive@25@08@Y@David Ontiveros     @OF      @6'1  @200  @Grand Prairie Tx.                       @
Blake Saucil@26@16@Y@Blake Saucillo      @P       @5'11 @210  @Houston                                 @
Austin Engli@30@19@Y@Austin English      @Pitcher @6'4  @190  @Houston                                 @
Evelio Varel@31@08@Y@Evelio Varela       @INF     @5'8  @185  @Killeen Tx.                             @
Ricky Lopez @34@16@Y@Ricky Lopez         @P       @6'2  @236  @Crandall Tx                             @
Juan Yera   @36@08@Y@Juan Yera           @OF      @6    @210  @Richmond Tx.                            @
Will Dunlap @37@16@Y@Will Dunlap         @INF     @6'6  @225  @Millican Tx.                            @
Billy Fogle @41@08@Y@Billy Fogle         @P       @6'2  @215  @Fulsher Tx.                             @
Alexis Rios @42@08@Y@Alexis Rios         @C       @6    @205  @Galena Park Tx.                         @
Holden Hrbac@43@08@Y@Holden Hrbacek      @P       @6'3  @215  @LaGrange Tx.                            @
Nick Bernal @44@08@Y@Nick Bernal         @INF     @5'10 @215  @Pasadena Tx.                            @
Marcos Davil@45@08@Y@Marcos Davila       @OF      @5'10 @170  @Grand Prairie Tx.                       @
Trey Resende@46@08@Y@Trey Resendez       @P       @5'10 @195  @Houston Tx.                             @
Erick Garcia@47@10@Y@Erick Garcia        @P       @6    @160  @Grand Prairie Tx.                       @
Reid Hiler  @48@09@Y@Reid Hiler          @INF     @5'11 @170  @Van Tx                                  @
Chris Heard @49@08@Y@Chris Heard         @OF      @5'11 @170  @Detroit MI.                             @
Elijah Brown@50@16@Y@Elijah Brown        @OF      @5'10 @190  @Cedar Hill Tx.                          @
