Tyler Rausch@1 @16@Y@Tyler Rausch        @2B      @5'10"@170  @Washington, IA                          @
Alex Mayer  @2 @08@Y@Alex Mayer          @INF     @5'6" @150  @Sauk City, WI                           @
Austin Fridl@3 @16@Y@Austin Fridley      @3B      @5'11"@175  @Defiance, MO                            @
Colton Steel@4 @08@Y@Colton Steele       @OF      @5'10"@175  @Muscatine, IA                           @
Wilfredo Cre@5 @08@Y@Wilfredo Crespo     @INF     @5'9" @170  @Toa Alta, PR                            @
Austin Peter@6 @09@Y@Austin Peterson     @OF      @6'1" @185  @Chariton, IA                            @
Jake Redling@7 @16@Y@Jake Redlinger      @CF      @6'10"@180  @Washington, IA                          @
Kyle Mullet @8 @16@Y@Kyle Mullet         @OF      @5'10"@185  @Kalona, IA                              @
Paul Burkhar@9 @11@Y@Paul Burkhardt      @P       @5'8" @160  @Madison, WI                             @
Robin Felix @11@08@Y@Robin Felix         @SS      @5'9" @165  @Phoenix, AZ                             @
Matt Kreiner@12@16@Y@Matt Kreiner        @OF      @6'2" @190  @Toronto, ONT                            @
Zach Carsten@13@16@Y@Zach Carstens       @P       @6'1" @170  @Quincy, IL                              @
Colin Steele@14@16@Y@Colin Steele        @UTIL    @6'2" @190  @Washington, IA                          @
Jacob Davids@15@08@Y@Jacob Davidson      @3B      @6'   @185  @Pulaski, IA                             @
Daniel Karli@16@08@Y@Daniel Karlin-Kamin @P       @6'1" @185  @Madison, WI                             @
Nick Huber  @18@16@Y@Nick Huber          @P       @6"   @180  @Elmwood, IL                             @
Omar Oliveir@19@11@Y@Omar Oliveira       @P       @6'   @180  @Miranda, VEN                            @
Sebastian Go@20@16@Y@Sebastian Gomez     @C       @5'9" @190  @Santiago, DR                            @
Roswell Del @21@11@Y@Roswell Del Rosario @P       @6'   @175  @San Juan, PR                            @
Tanner Butle@22@16@Y@Tanner Butler       @P       @6'2" @225  @Linton, IN                              @
Jay Peters  @23@08@Y@Jay Peters          @P       @6'4" @185  @Randolph, WI                            @
Leonardo Sal@24@08@Y@Leonardo Salazar    @C       @6'   @185  @Caracas, VEN                            @
Roger Brito @25@08@Y@Roger Brito         @P       @6'2" @180  @Barquisimeto,VEN                        @
Dylan Kester@26@16@Y@Dylan Kester        @OF      @5'11"@205  @Davenport, IA                           @
Gavin Collin@27@16@Y@Gavin Collins       @P       @6'1" @180  @Camp Verde, AZ                          @
Sebastian Ca@28@08@Y@Sebastian Caballero @3B      @6'2" @190  @Miami, FL                               @
Joben Barnes@29@19@Y@Joben Barnes        @OF      @6'   @210  @Bartonville, IL                         @
Kyle Lobaugh@30@08@Y@Kyle Lobaugh        @C-3B    @6'1" @200  @Camp Verde, AZ                          @
Dalton Steve@32@16@Y@Dalton Stevens      @P       @6'3" @230  @DAnville, IA                            @
Justin Rohrs@33@08@Y@Justin Rohrs        @1B      @6'2" @245  @Rossford, OH                            @
Alejandro Lu@34@08@Y@Alejandro Lugo      @OF      @6'2" @185  @Cabudare, VEN                           @
