Luke Bunting@1 @08@Y@Luke Bunting        @2B      @5'8" @150  @Ithaca, MI                              @
Zach Courtad@2 @16@Y@Zach Courtade       @P       @5'10"@155  @Ravenna, MI                             @
Reid Beffrey@3 @11@Y@Reid Beffrey        @DH/P    @6'0" @195  @Bay City, MI                            @
Kory Brown  @5 @16@Y@Kory Brown          @CF      @5'10"@180  @Sparta, MI                              @
Payton Tynda@6 @10@Y@Payton Tyndall      @P       @6'3" @170  @Scottville, MI                          @
Matthew Jess@7 @08@Y@Matthew Jesse       @SS-2B   @5'8" @160  @Saginaw, MI                             @
Aaron Gilber@8 @08@Y@Aaron Gilbert       @OF      @6'0" @195  @Alma, MI                                @
Spencer Pete@9 @08@Y@Spencer Peters      @P       @6'2" @205  @Shelby, MI                              @
Joe Kostrzew@10@08@Y@Joe Kostrzewa       @P       @6'2" @170  @Muskegon, MI                            @
Caleb Robert@11@16@Y@Caleb Roberts       @P       @6'0" @165  @Boyne City, MI                          @
Kyle Lawson @12@08@Y@Kyle Lawson         @P       @6'3" @225  @Muskegon, MI                            @
Patrick Gidd@15@16@Y@Patrick Giddings    @SS      @5'10"@165  @Muskegon, MI                            @
Jordan Wahr @16@10@Y@Jordan Wahr         @P       @6'3" @195  @Ravenna, MI                             @
Rogan McEvoy@17@08@Y@Rogan McEvoy        @P       @6'3" @195  @Muskegon, MI                            @
Stephon Chan@18@16@Y@Stephon Chandonnet  @LF      @6'1" @175  @Muskegon, MI                            @
Adrian Ander@20@09@Y@Adrian Anderson     @3B      @6'0" @185  @Muskegon, MI                            @
Collin Adams@21@10@Y@Collin Adams        @P       @6'1" @160  @Muskegon, MI                            @
Jason Ribeck@24@17@Y@Jason Ribecky       @RF      @6'4" @230  @Muskegon, MI                            @
Nick Keller @25@16@Y@Nick Keller         @P       @6'1" @205  @Traverse City, MI                       @
Devin Rupper@26@08@Y@Devin Ruppert       @C-OF    @6'2" @215  @Tustin, MI                              @
Brandon Melc@27@18@Y@Brandon Melchert    @P       @6'0" @230  @Scottville, MI                          @
Chris Willia@28@16@Y@Chris Williams      @1B      @6'0" @235  @Alma, MI                                @
Hunter Sting@29@16@Y@Hunter Stinger      @3B-SS   @6'3" @200  @Boyne City, MI                          @
Damon Procto@31@08@Y@Damon Proctor       @DH/P    @6'0" @225  @Cheboygan, MI                           @
Joey Kniss  @32@10@Y@Joey Kniss          @OF      @6'0" @160  @Traverse City, MI                       @
Josh Wieten @34@16@Y@Josh Wieten         @C       @5'10"@210  @Muskegon, MI                            @
Brody Anders@35@16@Y@Brody Anderson      @P       @6'2" @180  @Grand Haven, MI                         @
Brad Keller @36@18@Y@Brad Keller         @P       @6'1" @195  @Traverse City, MI                       @
Jake Wagenma@38@08@Y@Jake Wagenmaker     @1B      @6'7" @220  @Muskegon, MI                            @
Nick MacGirr@39@09@Y@Nick MacGirr        @C       @5'11"@235  @Beulah, MI                              @
