Mason Hesse @1 @08@Y@Mason Hesse         @INF     @5'9" @150  @Temple, TX                              @
Grayson Lewi@2 @16@Y@Grayson Lewis       @INF     @5'10"@165  @Rockwall, TX                            @
CJ Bills    @4 @11@Y@CJ Bills            @OF      @5'8  @165  @Bryan, TX                               @
Kyle Kirk   @6 @17@Y@Kyle Kirk           @INF     @5'9" @185  @Houston, TX                             @
Sam McDonnel@8 @09@Y@Sam McDonnell       @OF      @6'0  @180  @Georgetown, TX                          @
Daniel Coste@9 @09@Y@Daniel Costello     @OF/INF  @6'0  @170  @Edmond, OK                              @
Jovan Hernan@10@16@Y@Jovan Hernandez     @C       @5'11 @200  @Rockwall, TX                            @
JD Hammer   @11@16@Y@JD Hammer           @RHP     @6'3  @175  @Denver, CO                              @
Zek Kleypas @12@11@Y@Zek Kleypas         @LHP     @6'1  @160  @Crawford, TX                            @
Clay Brast  @13@16@Y@Clay Brast          @RHP     @5'11 @165  @Houston, TX                             @
Justin Sebo @14@08@Y@Justin Sebo         @INF     @6'0  @190  @Houston, TX                             @
Tyler Johnso@15@09@Y@Tyler Johnson       @C       @5'8  @175  @Cedar Park, TX                          @
JP Phillips @16@19@Y@JP Phillips         @OF      @5'10 @170  @Houston, TX                             @
Jako Kelm   @17@11@Y@Jako Kelm           @LHP     @5'11 @160  @Georgetown, TX                          @
David Gonzal@18@08@Y@David Gonzalez      @INF     @5'11 @190  @Tomball, TX                             @
Jorge Flores@19@11@Y@Jorge Flores        @LHP     @5'10 @190  @McAllen, TX                             @
Drew Umbro  @20@16@Y@Drew Umbro          @C       @6'1  @195  @Edmond, OK                              @
Garrett Venn@21@09@Y@Garrett Venner      @OF      @6'2  @195  @Leander, TX                             @
Heath Donica@22@08@Y@Heath Donica        @RHP     @6'2  @195  @Corsicana, TX                           @
Matt Lynch  @23@18@Y@Matt Lynch          @RHP     @6'0  @190  @Tyler, TX                               @
Luke Hoyl   @24@08@Y@Luke Hoyl           @INF     @6'0  @195  @Dallas, TX                              @
Holden Groun@25@08@Y@Holden Grounds      @RHP     @6'1  @190  @Corsicana, TX                           @
Hunter Seale@27@08@Y@Hunter Seales       @OF      @6'1  @195  @Rockwall, TX                            @
Blake Whiteh@28@08@Y@Blake Whitehead     @RHP     @6"0  @190  @Austin, TX                              @
Braden Stric@29@16@Y@Braden Strickland   @RHP     @6'0  @185  @Gun Barrel City, TX                     @
Jack Moffit @30@08@Y@Jack Moffit         @RHP     @6'3  @215  @Flower Mound, TX                        @
Remey Reed  @31@08@Y@Remey Reed          @RHP     @6'4  @230  @Frisco, TX                              @
Keenan Wingf@33@08@Y@Keenan Wingfield    @RHP     @6'2  @190  @Lake Dallas, TX                         @
Ryan Thomas @34@09@Y@Ryan Thomas         @INF/RHP @6'4  @240  @Plano, TX                               @
