Jimi Audian @1 @16@Y@Jimi Audian         @OF      @5-9  @     @Montreal Quebec                         @
Joe Colosi  @2 @10@Y@Joe Colosi          @LHP     @6-2  @     @Niagara Falls                           @
Evan Johnsto@3 @11@Y@Evan Johnston       @OF      @5-8  @     @Hamburg                                 @
Pat Quinn   @4 @16@Y@Pat Quinn           @3B      @5-11 @     @Elma                                    @
Lucas Schaef@5 @08@Y@Lucas Schaefer      @RHP     @6-3  @     @Depew                                   @
Travis Downs@6 @16@Y@Travis Downs        @2B      @5-10 @     @Albion                                  @
Ryan Sattz  @7 @08@Y@Ryan Sattz          @1B      @6-5  @     @Pickering                               @
Tom Prospero@8 @08@Y@Tom Prospero        @SS      @6-0  @     @Batavia                                 @
Tyler Dardzi@9 @08@Y@Tyler Dardzinski    @RHP     @6-0  @     @Rochester                               @
Andrew Dewit@10@18@Y@Andrew Dewitt       @LHP     @6-2  @     @Niagara Falls                           @
John Knauth @12@17@Y@John Knauth         @OF      @6-0  @     @Orchard Park                            @
Kyle Bell   @13@08@Y@Kyle Bell           @RHP     @5-10 @     @Holley                                  @
Joe Mesi    @14@16@Y@Joe Mesi            @1B      @1B/3B@6-2  @Orchard Park                            @
Ryan Bender @15@08@Y@Ryan Bender         @C       @6-3  @     @Batavia                                 @
Matt Keating@16@08@Y@Matt Keating        @RHP     @6-2  @     @Elma                                    @
Joe Deluca  @17@08@Y@Joe Deluca          @C       @6-3  @     @Syracuse                                @
Chris Beer  @18@16@Y@Chris Beer          @SS      @6-0  @     @Burlington                              @
Bobby O'Conn@20@16@Y@Bobby O'Connor      @RHP     @6-2  @     @North Tonawanda                         @
Ryan Wayne  @22@08@Y@Ryan Wayne          @1B/C    @6-4  @     @East Amherst                            @
Jake Collins@23@08@Y@Jake Collins        @RHP     @6-2  @     @Chester                                 @
Drew Borowsk@25@10@Y@Drew Borowski       @LHP/OF  @5-11 @     @Warsaw                                  @
Ryan Hancy  @27@08@Y@Ryan Hancy          @2B/RHP  @6-1  @     @Rochester                               @
Joshua Marti@28@16@Y@Joshua Martin       @C       @5-10 @     @Depew                                   @
Lucas Evans @29@08@Y@Lucas Evans         @RHP     @6-6  @     @Medina                                  @
Brody Burns @30@08@Y@Brody Burns         @RHP     @6-3  @     @Brockville                              @
Jordan Koons@31@08@Y@Jordan Koons        @3B      @5-10 @     @Oneida                                  @
Chris Reid  @32@08@Y@Chris Reid          @OF      @5-8  @     @Newfane                                 @
Tim Kensinge@33@08@Y@Tim Kensinger       @OF      @5-8  @     @Scituate                                @
Russ McGibbo@34@16@Y@Russ McGibbon       @OF      @5-8  @     @Pickering                               @
Casey Domesk@36@08@Y@Casey Domeski       @RHP     @6-0  @     @Lockport                                @
Ryan Metz   @37@08@Y@Ryan Metz           @        @6-3  @     @Middleport                              @
Brandon Rive@40@08@Y@Brandon Rivera      @RHP     @6-1  @     @Monroe                                  @
John Lamanna@44@08@Y@John Lamanna        @RHP     @6-3  @     @Toronto                                 @
