Joan Rondon @1 @16@Y@Joan Rondon         @INF     @5'10"@175  @Santo Domingo, DR                       @
Michael Babb@2 @16@Y@Michael Babbitt     @INF     @6'0" @180  @Kansas City                             @
James Browns@3 @09@Y@James Brownsberger  @INF     @5'8" @160  @Blue Springs, MO                        @
Jarrett Wesl@5 @16@Y@Jarrett Wesley      @OF      @5'11"@180  @Kansas City, MO                         @
Tyler Johnso@6 @08@Y@Tyler Johnson       @OF      @5'11"@170  @Neosho, MO                              @
Justin Riggi@7 @08@Y@Justin Riggins      @P       @6'2" @165  @La Plata, MO                            @
Scout Pogue @8 @08@Y@Scout Pogue         @P       @6'3" @230  @Neosho, MO                              @
Cezan Rafael@9 @08@Y@Cezan Rafaela       @INF/P   @5'10"@185  @Willemstad, Curacao                     @
Lucas Powers@10@16@Y@Lucas Powers        @INF     @5'10"@190  @St. Joseph, MO                          @
Arthur Fulle@11@18@Y@Arthur Fuller       @P       @5'9" @165  @Moberly, MO                             @
Tyler Rathma@12@16@Y@Tyler Rathmann      @INF     @6'0" @180  @Neosho, MO                              @
Derek Taylor@13@16@Y@Derek Taylor        @OF/P    @6'0" @205  @Chicago, IL                             @
Jestin Tunze@14@08@Y@Jestin Tunze        @OF      @6'2" @170  @St. Charles, MO                         @
Temesh Loure@15@08@Y@Temesh Lourens      @P       @6'1" @190  @Willemstad, Curacao                     @
Aspen Taylor@16@08@Y@Aspen Taylor        @OF/P    @5'11"@160  @Linton, IN                              @
Jason Luster@17@19@Y@Jason Luster        @INF/P   @6'0" @210  @Bunceton, MO                            @
Caleb Bounds@18@16@Y@Caleb Bounds        @P       @6'0" @190  @Savannah, MO                            @
Anthony Caen@19@08@Y@Anthony Caenepeel   @P       @5'11"@215  @Willard, MO                             @
Nolberto Ron@20@08@Y@Nolberto Rondon     @P       @6'3" @180  @Santo Domingo, DR                       @
Cody Lee    @21@19@Y@Cody Lee            @INF/P   @6'2" @240  @Mt. Vernon, MO                          @
Tyler White @22@08@Y@Tyler White         @INF/P   @6'2" @190  @New Franklin, MO                        @
Trenton Troy@23@16@Y@Trenton Troyer      @P       @5'11"@165  @Jamesport, MO                           @
Mackenzie Ro@24@16@Y@Mackenzie Roach     @C       @6'3" @210  @Mt. Vernon, MO                          @
Cody Wade   @25@08@Y@Cody Wade           @P       @6'2" @170  @Creighton, MO                           @
Ethan Pogue @27@11@Y@Ethan Pogue         @P       @5'10"@175  @Neosho, MO                              @
AJ Salinas  @28@08@Y@AJ Salinas          @OF      @5'9" @165  @Kansas City, MO                         @
Zach Cross  @29@16@Y@Zach Cross          @OF/P    @6'0" @160  @Nevada, IA                              @
Juan Taveras@30@08@Y@Juan Taveras        @C       @5'11"@190  @Santiago, DR                            @
Austin Atkin@32@08@Y@Austin Atkin        @INF/P   @6'3" @210  @Garden City, MO                         @
Turner Herbe@33@09@Y@Turner Herbek       @C       @6'0" @170  @Pacific, MO                             @
Alex Ludwick@34@16@Y@Alex Ludwick        @C       @6'0" @175  @California, MO                          @
