Jonathan DeL@2 @16@Y@Jonathan DeLaCruz   @OF      @5'11"@160  @Haverhill, MA                           @
Elmidio Cris@3 @08@Y@Elmidio Crisostome  @OF      @     @     @                                        @
Shawn Doyle @4 @08@Y@Shawn Doyle         @OF      @     @     @Everett, MA                             @
Samuel Quiro@5 @08@Y@Samuel Quiroz       @P       @     @     @                                        @
Harrison Smo@6 @08@Y@Harrison Smoske     @OF/C    @     @     @Burlington, MA                          @
Trevor Bouvi@7 @17@Y@Trevor Bouvier      @SS      @6'1" @165  @                                        @
MacDanial Si@8 @08@Y@MacDanial Singleton @INF     @     @     @Everett, MA                             @
Jose Ortiz  @11@16@Y@Jose Ortiz          @INF     @     @     @Salem, NH                               @
Ryan Decker @12@08@Y@Ryan Decker         @P       @     @     @                                        @
Paul Mahoney@14@16@Y@Paul Mahoney        @P       @     @     @Andover, MA                             @
Jacob Rayner@16@16@Y@Jacob Rayner        @1B      @5'11"@190  @Billerica, MA                           @
Anthony Caia@18@16@Y@Anthony Caiani      @C       @5'8" @185  @Exeter, NH                              @
Ryan McAulif@19@08@Y@Ryan McAuliffe      @P       @     @     @North Reading, MA                       @
Mauricio Per@20@08@Y@Mauricio Peralta    @P       @     @     @Methuen, MA                             @
Daniel Bonit@21@16@Y@Daniel Bonito       @P       @     @     @                                        @
Nicholas Cat@22@16@Y@Nicholas Catalanotto@P       @     @     @                                        @
David Quezad@26@16@Y@David Quezada       @P/OF    @6'1" @210  @Lawrence, MA                            @
Zachary Beck@27@16@Y@Zachary Beckwith    @P       @6'4" @205  @Manchester, NH                          @
Zarif Pajaze@28@08@Y@Zarif Pajazetovic   @P/INF   @     @     @                                        @
Daniel Peter@29@16@Y@Daniel Peters       @P       @5'10"@205  @Salem, MA                               @
