Rodney Moral@1 @11@Y@Rodney Morales      @LHP     @     @     @Brighton, CO                            @
Chris Siever@2 @16@Y@Chris Sievers       @RHP     @     @     @Greeley, CO                             @
Britton Abbo@3 @08@Y@Britton Abbott      @OF      @     @     @Eaton, CO                               @
Jay Kiel    @4 @08@Y@Jay Kiel            @RHP     @     @     @Sterling, CO                            @
Kyle Killen @5 @16@Y@Kyle Killen         @IF      @     @     @Henderson, CO                           @
David Mendez@6 @08@Y@David Mendez        @RHP     @     @     @Fort Morgan, CO                         @
Jaron Balman@9 @09@Y@Jaron Balman        @C/OF    @     @     @Erie, CO                                @
Brandon Baec@10@16@Y@Brandon Baeckel     @UT      @     @     @                                        @
Trent Muelle@11@08@Y@Trent Mueller       @RHP/OF  @     @     @Henderson, CO                           @
Liam Wilson @12@08@Y@Liam Wilson         @3b      @     @     @Canada                                  @
David Farmer@15@08@Y@David Farmer        @P       @     @     @                                        @
Shawn Guerre@16@16@Y@Shawn Guerrero      @OF      @     @     @Albuquerque, NM                         @
Kollin Evens@17@12@Y@Kollin Evens        @OF      @     @     @Loveland, CO                            @
Taylor Juare@18@08@Y@Taylor Juarez       @RHP     @     @     @Greeley, CO                             @
Marcus Longw@19@08@Y@Marcus Longwell     @RHP     @     @     @                                        @
Shawn Garcia@20@16@Y@Shawn Garcia        @RHP     @     @     @Pueblo, CO                              @
Evan Wiedner@21@08@Y@Evan Wiedner        @IF      @     @     @Colorado Springs, CO                    @
Ty Gavin    @22@08@Y@Ty Gavin            @RHP     @     @     @Pueblo, CO                              @
Tyler Vanden@23@11@Y@Tyler Vandenbark    @LHP/1B  @     @     @Fleming, CO                             @
Garrett Catr@24@16@Y@Garrett Catron      @RHP     @     @     @Littleton, CO                           @
Danny Bartel@25@08@Y@Danny Bartels       @RHP     @     @     @                                        @
Brian Skrdla@26@08@Y@Brian Skrdlant      @C       @     @     @                                        @
JJ Bissell  @27@17@Y@JJ Bissell          @1b/C    @     @     @Denver, CO                              @
Josiah Linst@28@19@Y@Josiah Linstadt     @LHP     @     @     @Sterling, CO                            @
Jacob Dittma@29@16@Y@Jacob Dittman       @RHP     @     @     @Colorado Springs, CO                    @
Adam Carmin @30@08@Y@Adam Carmin         @P       @     @     @                                        @
Colton Royer@31@08@Y@Colton Royer        @RHP     @     @     @                                        @
Alex Leach  @32@16@Y@Alex Leach          @RHP     @     @     @Parker, CO                              @
Lucas Lingre@33@08@Y@Lucas Lingreen      @IF/OF   @     @     @Sterling, CO                            @
Josh Gordon @34@19@Y@Josh Gordon         @LHP     @     @     @                                        @
Nick Dimpfel@35@09@Y@Nick Dimpfel        @C       @     @     @Ont, CA                                 @
Cody Troudt @38@08@Y@Cody Troudt         @C/UT    @     @     @                                        @
Tommy Johnso@39@08@Y@Tommy Johnson       @IF      @     @     @Laramie, WY                             @
