Lucas Brown @1 @16@Y@Lucas Brown         @        @     @     @                                        @
Danny Blanco@2 @08@Y@Danny Blanco        @        @     @     @                                        @
Vann Pitts  @4 @16@Y@Vann Pitts          @        @     @     @                                        @
Jack Critten@6 @17@Y@Jack Crittenberger  @        @     @     @                                        @
Tyler Shenk @7 @08@Y@Tyler Shenk         @        @     @     @                                        @
Kodi Russ   @8 @08@Y@Kodi Russ           @        @     @     @                                        @
Ty Russ     @9 @08@Y@Ty Russ             @        @     @     @                                        @
Thomas Lopez@10@08@Y@Thomas Lopez        @        @     @     @                                        @
Michael Roya@11@16@Y@Michael Royal       @        @     @     @                                        @
Philip Munro@13@12@Y@Philip Munroe       @        @     @     @                                        @
Mike Dolloff@14@16@Y@Mike Dolloff        @        @     @     @                                        @
Bernardo Bon@15@08@Y@Bernardo Bonifacio  @        @     @     @                                        @
Brandon Nage@17@16@Y@Brandon Nagem       @        @     @     @                                        @
Alberto Rodr@19@08@Y@Alberto Rodriguez   @        @     @     @                                        @
Tanner Halst@20@08@Y@Tanner Halstead     @        @     @     @                                        @
Zackary Wats@22@16@Y@Zackary Watson      @        @     @     @                                        @
Hunter Rice @23@08@Y@Hunter Rice         @INF     @6'2" @195  @Monroe, GA                              @
Steven Jerni@24@16@Y@Steven Jernigan     @        @     @     @                                        @
Onix Martine@25@08@Y@Onix Martinez       @        @     @     @                                        @
Jeremy McKin@26@08@Y@Jeremy McKinney     @RHP     @6'0" @185  @Franklin, IN                            @
Jabari Gayle@28@08@Y@Jabari Gayle        @INF     @6'2" @210  @Stone Mountain, GA                      @
Ryan Fucci  @32@08@Y@Ryan Fucci          @        @     @     @                                        @
Brian Browni@34@08@Y@Brian Browning      @        @     @     @                                        @
James Granat@42@08@Y@James Granat        @        @     @     @                                        @
Hunter Benin@44@08@Y@Hunter Bening       @        @     @     @                                        @
