Patrick O'To@1 @08@Y@Patrick O'Toole     @OF      @     @     @Glepool, OK                             @
Dillion Frei@2 @19@Y@Dillion Freie       @LHP     @     @     @Anadarko, OK                            @
Korbin Polst@3 @16@Y@Korbin Polston      @OF      @     @     @Del City, OK                            @
Brett McNaug@4 @17@Y@Brett McNaughton    @RHP     @     @     @Enid, OK                                @
Matt Foster @5 @08@Y@Matt Foster         @SS, 2B  @     @     @Norman, OK                              @
Kurt Ladner @6 @08@Y@Kurt Ladner         @C       @     @     @Forney, TX                              @
Dyce Applega@7 @16@Y@Dyce Applegate      @2B      @     @     @Tulsa, OK                               @
Jon Chideste@8 @16@Y@Jon Chidester       @RHP     @     @     @Rhome, TX                               @
Russ Colgan @9 @19@Y@Russ Colgan         @OF      @     @     @Hurst, TX                               @
Jerame Litte@10@08@Y@Jerame Littell      @1B      @     @     @Stillwater, OK                          @
Nik Gifford @11@09@Y@Nik Gifford         @2B, SS, @     @     @Murphy, TX                              @
Nick Yoning @12@08@Y@Nick Yoning         @SS      @     @     @Lawton, OK                              @
Bailey Laws @14@08@Y@Bailey Laws         @RHP     @     @     @Haslet, TX                              @
Austin Hilto@16@16@Y@Austin Hilton       @RHP     @     @     @Weatherford, TX                         @
Hunter Euban@17@08@Y@Hunter Eubank       @RHP     @     @     @Lindsay, OK                             @
Haden Johnso@18@16@Y@Haden Johnson       @OF      @     @     @Hurst, TX                               @
Tate Stokes @19@08@Y@Tate Stokes         @SS      @     @     @Harrison, AR                            @
Aaron McCand@20@20@Y@Aaron McCandless    @3B      @     @     @Shattuck, OK                            @
Austin Hannu@21@16@Y@Austin Hannum       @RHP     @     @     @Perry, OK                               @
Nolan Fannin@22@08@Y@Nolan Fanning       @1B      @     @     @Coalgate, OK                            @
Weston Ward @23@08@Y@Weston Ward         @OF      @     @     @Perry, OK                               @
Korey Floyd @24@08@Y@Korey Floyd         @OF      @     @     @Shattuck, OK                            @
Matt Kennewe@25@16@Y@Matt Kennewell      @RHP     @     @     @Flower Mound, TX                        @
Austin Billi@26@08@Y@Austin Billiot      @RHP     @     @     @Mustang, OK                             @
Jared Thomps@27@12@Y@Jared Thompson      @OF      @     @     @Mesquite, TX                            @
Devin Ring  @28@08@Y@Devin Ring          @RHP     @     @     @Clinton, OK                             @
Cody Daylor @30@08@Y@Cody Daylor         @1B, RHP @     @     @Edmond, OK                              @
Dillon Harp @32@08@Y@Dillon Harp         @C       @     @     @Flower Mound, TX                        @
Lane Cobb   @34@08@Y@Lane Cobb           @C       @     @     @Tahlequah, OK                           @
Stetson Bull@35@16@Y@Stetson Buller      @RHP     @     @     @Jet, OK                                 @
Austin Stewa@36@11@Y@Austin Stewart      @LHP     @     @     @Norman, OK                              @
Scotty Harvi@37@08@Y@Scotty Harvill      @RHP     @     @     @Keithville, LA                          @
Kent Calliso@38@16@Y@Kent Callison       @RHP     @     @     @Lookeba, OK                             @
Nathan Boyd @39@11@Y@Nathan Boyd         @LHP     @     @     @Sand Springs, OK                        @
Garron Nixon@40@08@Y@Garron Nixon        @1B      @     @     @Enid, OK                                @
Brett Harrym@41@11@Y@Brett Harryman      @OF      @     @     @Mesquite, TX                            @
Dakota Wade @43@11@Y@Dakota Wade         @LHP     @     @     @Tulsa, OK                               @
Trevor Hillh@44@08@Y@Trevor Hillhouse    @1B      @     @     @North Richland Hills, TX                @
Kaleb Allred@45@08@Y@Kaleb Allred        @RHP     @     @     @Bridge Creek, OK                        @
