Casey Dicker@1 @08@Y@Casey Dickerman     @INF     @5-11 @155  @N. Richland Hills, TX                   @
Jason Jones @2 @08@Y@Jason Jones         @INF/OF  @6-0  @190  @Grand Prairie, TX                       @
Connor Hall @3 @08@Y@Connor Hall         @INF     @5-10 @175  @Mansfield, TX                           @
Gunnar Thomp@4 @19@Y@Gunnar Thompson     @LHP     @5-9  @195  @Tenn. Colony, TX                        @
Gabriel Mati@5 @11@Y@Gabriel Matias      @INF/OF  @5-11 @180  @Santiago, DR                            @
Dalton Algie@6 @08@Y@Dalton Algiene      @RHP     @5-7  @145  @Watauga, TX                             @
Mason Mantle@7 @16@Y@Mason Mantle        @INF     @5-11 @185  @Tulsa, OK                               @
Garrett Doug@9 @12@Y@Garrett Douglas     @OF      @5-10 @165  @Monroe, LA                              @
Collin Day  @10@16@Y@Collin Day          @RHP     @5-11 @195  @Arlington, TX                           @
Cory Duran  @11@08@Y@Cory Duran          @OF/RHP  @5-11 @190  @Lewisville, TX                          @
Christian Pa@12@08@Y@Christian Padin     @INF     @5-10 @175  @San Juan, PR                            @
Hunter South@13@12@Y@Hunter Southerland  @C       @6-0  @200  @Ft. Worth, TX                           @
Connor Drake@15@09@Y@Connor Drake        @OF      @6-0  @190  @Broken Arrow, OK                        @
Tanner Buxto@17@08@Y@Tanner Buxton       @RHP     @6-2  @195  @Aubrey, TX                              @
Alonso Varel@18@08@Y@Alonso Varela       @C       @5-9  @185  @Haltom City, TX                         @
Lane Lewis  @19@10@Y@Lane Lewis          @LHP     @6-1  @180  @Ft. Worth, TX                           @
Lenzie Foley@20@12@Y@Lenzie Foley        @RHP     @6-2  @165  @Quitman, Tx                             @
Victor Negro@21@08@Y@Victor Negron       @C       @6-0  @180  @Lake Charles, LA                        @
Zack Osbon  @22@08@Y@Zack Osbon          @RHP     @6-6  @235  @West Monroe, LA                         @
Austin Griff@25@08@Y@Austin Griffin      @INF     @6-2  @225  @Forth Worth, TX                         @
Heath Eubank@26@08@Y@Heath Eubanks       @OF      @5-9  @170  @Farmerville, LA                         @
Tim Winders @27@08@Y@Tim Winders         @RHP     @6-1  @185  @Katy, TX                                @
Jeremy Lawre@28@08@Y@Jeremy Lawrence     @C/RHP   @6-1  @210  @Winnsboro, TX                           @
Jake Moore  @29@11@Y@Jake Moore          @LHP     @5-11 @200  @Grapevine, TX                           @
Oscar Meuris@30@08@Y@Oscar Meuris        @RHP     @6-1  @205  @Amsterdam, HOL                          @
Keaton Forre@31@17@Y@Keaton Forrest      @RHP     @6-2  @205  @Highland Park, TX                       @
Cristian Alv@32@16@Y@Cristian Alvarez    @RHP     @6-1  @185  @Arlington, TX                           @
Joel Perez  @33@11@Y@Joel Perez          @LHP     @6-0  @215  @Ft. Worth, TX                           @
Hayden Walra@34@08@Y@Hayden Walraven     @INF     @6-3  @210  @Alvarado, TX                            @
Taylor Barne@39@11@Y@Taylor Barnett      @LHP     @5-11 @175  @Pineland, TX                            @
Ian Torres  @42@08@Y@Ian Torres          @RHP     @6-6  @240  @Ponce, PR                               @
Shawn Albrig@44@11@Y@Shawn Albright      @LHP     @6-4  @250  @Pittsburg, TX                           @
