Colton Ander@1 @08@Y@Colton Anderson     @P/OF    @6'1" @190  @Tolna, ND                               @
Hunter Aubol@2 @16@Y@Hunter Aubol        @IF/C/OF @5' 7"@160  @East Grand Forks, ND                    @
Brady Brooks@3 @08@Y@Brady Brooks        @P/IF    @5' 11@170  @Thief River Falls, MN                   @
Connor Brown@4 @09@Y@Connor Brown        @1B/P    @5' 10@175  @Miles City, MT                          @
Preston Brow@5 @08@Y@Preston Brown       @OF/P    @6'   @195  @Panama City, FL                         @
Taylor Cantr@6 @08@Y@Taylor Cantrell     @IF/P    @5' 10@205  @                                        @
Cole Christi@7 @16@Y@Cole Christianson   @1B      @6'2  @205  @Greenbush, MN                           @
Zack Cransto@8 @12@Y@Zack Cranston       @C/IF    @5' 11@180  @Huron, SD                               @
Dalton Flaag@9 @11@Y@Dalton Flaagan      @OF/P    @5' 11@170  @Tolna, ND                               @
Chris Gonzal@10@08@Y@Chris Gonzales      @1B/3B   @6'2" @190  @San Antonio, TX                         @
Nick Hoffard@11@08@Y@Nick Hoffard        @P/IF    @6'1" @170  @Thief River Falls, MN                   @
Austin Jacks@12@16@Y@Austin Jackson      @IF      @5'9" @180  @Honlulu, HI                             @
Michal Kinzl@13@16@Y@Michal Kinzler      @P/OF    @6'1" @175  @East Grand Forks, ND                    @
Darrin Levin@14@08@Y@Darrin Levine       @OF/C    @5'9" @180  @Minnetonka, MN                          @
Easton Lopez@15@12@Y@Easton Lopez        @IF      @5'8" @155  @San Antonio, TX                         @
Frank Moren @16@08@Y@Frank Moren         @OF      @6'   @185  @Menahga, MN                             @
Jeremy Kaspr@17@16@Y@Jeremy Kasprowicz   @3B/P    @5'8" @170  @Strandquist, MN                         @
Riley Soders@18@08@Y@Riley Soderstrom    @P/IF    @6'   @175  @Thief River Falls, MN                   @
Zac Spence  @19@08@Y@Zac Spence          @IF      @5'9" @165  @Lincoln, NE                             @
Logan Lund  @20@16@Y@Logan Lund          @P/IF    @6'1" @210  @Tolna, ND                               @
Jarad Nelson@21@16@Y@Jarad Nelson        @P/IF    @5'10"@170  @Karlstad, MN                            @
Evan Kroke  @22@08@Y@Evan Kroke          @OF      @5'11"@170  @Michigan, ND                            @
