Mike Agosto @1 @16@Y@Mike Agosto         @OF      @5'6" @180  @Bushkill, PA                            @
Nick Todero @2 @17@Y@Nick Todero         @2B/SS   @6'1" @190  @                                        @
Dylan Boraws@3 @09@Y@Dylan Borawski      @RHP     @6'1" @155  @Hatfield, PA                            @
Zach Werner @4 @08@Y@Zach Werner         @RHP     @5'7" @170  @East Stroudsburg, PA                    @
Seever Hoyak@5 @08@Y@Seever Hoyak        @2B      @5'9" @160  @Bethlehem, PA                           @
Troy Van Hou@6 @08@Y@Troy Van Houten     @OF      @6'3" @170  @                                        @
Tyler Duplag@7 @16@Y@Tyler Duplaga       @OF/3B   @5'9" @165  @Califon, NJ                             @
Richard Llag@8 @19@Y@Richard Llagas      @LHP     @5'7" @170  @Easton, PA                              @
Colby Kulig @9 @17@Y@Colby Kulig         @C       @5'11"@170  @Allentown, PA                           @
Zach Kantor @10@11@Y@Zach Kantor         @LHP     @6'2" @175  @Bethlehem, PA                           @
Ben Hauser  @11@08@Y@Ben Hauser          @C       @6'1" @215  @Pipersville, PA                         @
Joe Kaspar  @12@09@Y@Joe Kaspar          @RHP     @5'10"@180  @Moscow, PA                              @
Alex Zaner  @13@16@Y@Alex Zaner          @SS/2B   @6'1" @165  @Tunkhannock, PA                         @
Dylan Pasnak@14@08@Y@Dylan Pasnak        @RHP     @6'0" @195  @Effort, PA                              @
Cory Snyder @16@08@Y@Cory Snyder         @C       @6'0" @200  @Kintnersville, PA                       @
Sean William@17@08@Y@Sean Williams       @RHP     @6'0" @195  @Belvidere, NJ                           @
Tyler Zimmer@18@16@Y@Tyler Zimmerman     @3B      @5'11"@185  @Pine Grove, PA                          @
Zach Sherank@19@11@Y@Zach Sheranko       @OF/LHP  @6'0" @205  @Tannersville, PA                        @
Eddy Alberts@20@08@Y@Eddy Albertson      @RHP     @6'4" @218  @Bethlehem, PA                           @
Bobby Reddic@21@16@Y@Bobby Reddick       @RHP     @6'3" @225  @Lansdale, PA                            @
Josh McClain@22@08@Y@Josh McClain        @RHP/3B  @6'4" @220  @Tunkhannock, PA                         @
Carlos Urena@23@16@Y@Carlos Urena        @OF      @6'3" @205  @Whitehall, PA                           @
Mike Anthony@24@08@Y@Mike Anthony        @RHP     @6'4" @200  @Audubon, PA                             @
Matt Roberts@25@16@Y@Matt Roberts        @RHP     @6'1" @200  @Quakertown, PA                          @
Luini Ortiz @26@08@Y@Luini Ortiz         @1B/OF   @6'1" @200  @Allentown, PA                           @
Tyler Widitz@27@08@Y@Tyler Widitz        @RHP     @6'2" @210  @Phillipsburg, NJ                        @
Tommy Agosta@28@16@Y@Tommy Agosta        @RHP/DH  @6'0" @205  @Saylorsburg, PA                         @
Bryce Keys  @29@16@Y@Bryce Keys          @OF      @6'1" @210  @Quarryville, PA                         @
Dylan Tameck@30@16@Y@Dylan Tamecki       @1B/3B   @6'0" @235  @Dillsburg, PA                           @
Tyler Ruoss @33@16@Y@Tyler Ruoss         @1B/DH   @6'2" @230  @Birdsboro, PA                           @
