Adrian Rodri@1 @08@Y@Adrian Rodriguez    @INF     @     @     @                                        @
Sawyer Doocy@2 @08@Y@Sawyer Doocy        @RHP     @     @     @                                        @
Gavin Sheakl@3 @11@Y@Gavin Sheakley      @LHP     @     @     @                                        @
Damon Nuss  @4 @08@Y@Damon Nuss          @INF     @     @     @                                        @
Brandon Plat@5 @16@Y@Brandon Platts      @RHP     @     @     @                                        @
Casey Berg  @6 @09@Y@Casey Berg          @INF     @     @     @                                        @
Chad Christe@7 @08@Y@Chad Christensen    @INF/P   @     @     @                                        @
Casey Hall  @9 @08@Y@Casey Hall          @RHP/INF @     @     @                                        @
Brett Guba  @10@17@Y@Brett Guba          @INF     @     @     @                                        @
Daniel Bradl@11@08@Y@Daniel Bradley      @OF      @     @     @                                        @
Jacob Gleaso@12@08@Y@Jacob Gleason       @RHP     @     @     @                                        @
Kurtis Bruce@13@08@Y@Kurtis Bruce        @RHP     @     @     @                                        @
Quinn Ahern @14@08@Y@Quinn Ahern         @RHP     @     @     @                                        @
Aaron Green @15@08@Y@Aaron Green         @OF      @     @     @                                        @
Zach Fricke @16@09@Y@Zach Fricke         @C/DH/RHP@     @     @                                        @
Nick Veale  @17@16@Y@Nick Veale          @RHP     @     @     @                                        @
James Park  @18@09@Y@James Park          @INF     @     @     @                                        @
David Lund  @19@17@Y@David Lund          @OF      @     @     @                                        @
Javier Izarr@21@16@Y@Javier Izarra       @INF     @     @     @                                        @
Jake Adams  @22@16@Y@Jake Adams          @OF      @     @     @                                        @
Levi Becker @23@08@Y@Levi Becker         @INF     @     @     @                                        @
Joe Hallock @24@16@Y@Joe Hallock         @C       @     @     @                                        @
Dan Pellinen@25@08@Y@Dan Pellinen        @OF      @     @     @                                        @
Nic Seaman  @26@08@Y@Nic Seaman          @RHP     @     @     @                                        @
Ryan Moran  @27@08@Y@Ryan Moran          @INF/RHP @     @     @                                        @
Vincent Berr@29@11@Y@Vincent Berrones    @LHP     @     @     @                                        @
Davis Bryan @30@08@Y@Davis Bryan         @RHP     @     @     @                                        @
Spencer Wrig@31@19@Y@Spencer Wright      @LHP     @     @     @                                        @
Erick Lacey @33@09@Y@Erick Lacey         @RHP     @     @     @                                        @
Trent Vondra@34@08@Y@Trent Vondrasek     @INF     @     @     @                                        @
Shelby Samue@44@08@Y@Shelby Samuels      @RHP     @     @     @                                        @
