Jay King    @1 @16@Y@Jay King            @INF     @5-10 @150  @Bruce, Miss.                            @
James Lear  @2 @16@Y@James Lear          @OF      @6-1  @185  @Oxford, Miss.                           @
Brennan Pugh@3 @16@Y@Brennan Pugh        @INF     @5-6  @150  @Houston, Miss                           @
Aaron McAlex@4 @11@Y@Aaron McAlexander   @OF/P    @6-0  @170  @Red Banks, Miss.                        @
Colin Liles @5 @08@Y@Colin Liles         @P       @6-2  @195  @Hernando, Miss.                         @
Tanner Densf@6 @16@Y@Tanner Densford     @INF/P   @5-10 @160  @Olive Branch, Miss.                     @
Davis Brown @7 @11@Y@Davis Brown         @P       @6-0  @165  @Senatobia, Miss                         @
Hunter Austi@9 @08@Y@Hunter Austin       @C       @6-0  @200  @Vicksburg, Miss.                        @
Tucker Smith@10@17@Y@Tucker Smith        @UTIL    @5-11 @160  @Southaven, Miss                         @
Cody Waddell@11@16@Y@Cody Waddell        @P       @6-2  @160  @Vicksburg, Miss.                        @
Tanner Cable@12@16@Y@Tanner Cable        @P       @6-5  @210  @Hernando, Miss                          @
Tyler Scholl@13@16@Y@Tyler Scholl        @P       @6-3  @195  @Olive Branch, Miss.                     @
Domenick Car@14@19@Y@Domenick Carlini    @P       @6-2  @165  @Nesbit, Miss.                           @
Will Faulkne@15@16@Y@Will Faulkner       @P       @6-2  @180  @Houston, Miss.                          @
Stuart Chick@16@08@Y@Stuart Chick        @INF     @5-9  @165  @Hernando, Miss.                         @
Chase Clark @17@17@Y@Chase Clark         @INF     @6-4  @215  @Bruce, Miss.                            @
James Clark @18@08@Y@James Clark         @INF     @6-0  @175  @Columbus, Miss.                         @
Luke Latham @19@08@Y@Luke Latham         @OF/P    @5-11 @180  @Batesville, Miss.                       @
Peyton Willo@21@16@Y@Peyton Willoughby   @P       @6-1  @180  @Ridgeland, Miss.                        @
Kramer Holle@22@16@Y@Kramer Hollenbach   @OF/DH   @5-10 @185  @Arlington, Tenn.                        @
Stephen Sext@24@08@Y@Stephen Sexton      @OF      @6-3  @205  @Pontotoc, Miss.                         @
Michael Wils@25@08@Y@Michael Wilson      @INF     @6-0  @175  @Southaven, Miss.                        @
Taylor King @26@16@Y@Taylor King         @INF     @6-3  @190  @Water Valley, Miss.                     @
Kody Kimbrou@27@08@Y@Kody Kimbrough      @C       @5-11 @185  @Houston, Miss                           @
Matt Ferguso@28@16@Y@Matt Ferguson       @P       @6-2  @195  @Arlington, Miss                         @
J.R. Miller @31@08@Y@J.R. Miller         @P       @6-0  @210  @Searcy, Ark.                            @
Ryan Seawrig@34@16@Y@Ryan Seawright      @P       @5-10 @180  @Olive Branch, Miss                      @
Peter Barton@36@08@Y@Peter Barton        @P       @6-1  @170  @Olive Branch, Miss.                     @
