Michael Cast@1 @11@Y@Michael Castillo    @OF      @     @     @                                        @
Nick Disanza@2 @08@Y@Nick Disanza        @OF      @     @     @                                        @
Landon Roger@3 @08@Y@Landon Rogers       @P       @     @     @                                        @
Orlando Coll@4 @09@Y@Orlando Collazo     @INF     @     @     @                                        @
Jamie Bustam@5 @08@Y@Jamie Bustamante    @INF     @     @     @                                        @
Mark Zuniga @6 @08@Y@Mark Zuniga         @OF      @     @     @                                        @
Bruce Valent@7 @16@Y@Bruce Valentin      @INF     @     @     @                                        @
Eduardo Cast@8 @16@Y@Eduardo Castro      @C       @     @     @                                        @
Larry Compas@9 @08@Y@Larry Compasano     @C       @     @     @                                        @
German Moral@10@08@Y@German Morales      @INF     @     @     @                                        @
Scott Richar@11@11@Y@Scott Richards      @P       @     @     @                                        @
Nicholas Cor@12@16@Y@Nicholas Cordato    @P       @     @     @                                        @
Henry Rodrig@13@08@Y@Henry Rodriguez     @OF      @     @     @                                        @
Jimmy Gonzal@14@08@Y@Jimmy Gonzalez      @P       @     @     @                                        @
Reid Battles@15@08@Y@Reid Battles        @OF      @     @     @                                        @
Ethan Crooks@16@10@Y@Ethan Crooks        @P       @     @     @                                        @
Ashton Mantl@17@11@Y@Ashton Mantle       @P       @     @     @                                        @
Christian Ma@18@08@Y@Christian Marquez   @P       @     @     @                                        @
Steven Moran@19@16@Y@Steven Moran        @P       @     @     @                                        @
Bo Ricks    @21@08@Y@Bo Ricks            @OF      @     @     @                                        @
Jacob DeLacr@22@16@Y@Jacob DeLacruz      @P       @     @     @                                        @
Edwin Cornie@23@16@Y@Edwin Corniel       @P       @     @     @                                        @
Alfred Iturr@24@16@Y@Alfred Iturralde    @INF     @     @     @                                        @
Alex Medina @25@08@Y@Alex Medina         @INF     @     @     @                                        @
Wesley Jorda@30@08@Y@Wesley Jordan       @INF     @     @     @                                        @
Trevor Weitz@31@08@Y@Trevor Weitzman     @P       @     @     @                                        @
Braden Bouch@33@09@Y@Braden Bouchey      @P       @     @     @                                        @
Simon Clarke@34@16@Y@Simon Clarke        @1B      @     @     @                                        @
