William Thom@1 @08@Y@William Thomas      @IF      @5-10 @173  @Chicago, IL                             @
Travis Mitch@2 @08@Y@Travis Mitchell     @IF      @5-10 @190  @Chicago, IL                             @
Calvin Cook @3 @08@Y@Calvin Cook         @IF      @5-8  @128  @Chicago, IL                             @
Jovanny Torr@4 @08@Y@Jovanny Torres      @P       @5-4  @170  @Chicago, IL                             @
Eugene Johns@5 @16@Y@Eugene Johnson      @P/OF    @6-3  @155  @Chicago, IL                             @
Alexander Fo@7 @08@Y@Alexander Ford      @C       @5-6  @157  @South Holland, IL                       @
Nicholas Rod@8 @11@Y@Nicholas Rodriguez  @P/OF    @5-10 @210  @Chicago, IL                             @
Francisco Ro@9 @08@Y@Francisco Rodriguez @IF/OF   @5-7  @155  @Chicago, IL                             @
Byron Munoz @11@08@Y@Byron Munoz         @IF      @6-0  @234  @Chicago, IL                             @
Justin McKin@12@08@Y@Justin McKinney     @P/IF    @6-3  @255  @South Holland, IL                       @
Richard Ybar@13@08@Y@Richard Ybarra      @P       @6-2  @192  @Chicago, IL                             @
Branden Wils@15@08@Y@Branden Wilson      @C       @6-0  @202  @Chicago, IL                             @
Deonta Branc@20@19@Y@Deonta Branch       @P/IF    @     @     @Chicago, IL                             @
Jerome McKin@21@08@Y@Jerome McKinney     @IF      @5-9  @211  @Chicago, IL                             @
Steve Hankin@23@16@Y@Steve Hankins       @P/IF    @5-10 @191  @Chicago, IL                             @
Alexandro Gu@24@16@Y@Alexandro Guadian   @IF      @6-2  @202  @                                        @
David Alvare@33@16@Y@David Alvarez       @P       @5-10 @176  @Chicago, IL                             @
