Zack Traver @1 @16@Y@Zack Traver         @OF/C    @5'9  @170  @                                        @
Ryan Paige  @3 @09@Y@Ryan Paige          @IF      @6'0  @190  @                                        @
Austin Smith@4 @08@Y@Austin Smith        @P       @6'1  @175  @                                        @
Raul Cabada @5 @08@Y@Raul Cabada         @IF      @5'9  @175  @                                        @
Ed Tagliaren@8 @16@Y@Ed Tagliareni       @OF      @5'9  @180  @                                        @
Stephen Paye@10@08@Y@Stephen Payette     @IF      @5'10 @175  @Syracuse                                @
Brandon Barr@12@16@Y@Brandon Barron      @OF      @6'1  @200  @                                        @
Ryan Martin @14@08@Y@Ryan Martin         @P       @6'0  @175  @                                        @
Nate Palmer @15@08@Y@Nate Palmer         @IF      @6'4  @200  @                                        @
Brandon Kapc@16@08@Y@Brandon Kapcinski   @OF      @5'11 @180  @                                        @
Tyler Kirwan@17@16@Y@Tyler Kirwan        @IF      @6'1  @190  @                                        @
Mike Sgroi  @18@16@Y@Mike Sgroi          @P       @6'1  @200  @                                        @
Peyton Boice@19@08@Y@Peyton Boice        @P       @6'1  @195  @                                        @
Luke Drancsa@20@08@Y@Luke Drancsak       @P       @6'1  @215  @                                        @
Zack Ortiz  @21@08@Y@Zack Ortiz          @OF      @5'9  @175  @                                        @
Alex Brown  @22@08@Y@Alex Brown          @C       @6'1  @190  @                                        @
Joey Picone @23@08@Y@Joey Picone         @IF      @6'1  @180  @                                        @
Wes Randall @28@11@Y@Wes Randall         @OF      @5'10 @175  @                                        @
Nate Flask  @29@08@Y@Nate Flask          @P       @6'1  @190  @                                        @
Tyler Dunsmo@30@08@Y@Tyler Dunsmoor      @P       @6'3  @220  @                                        @
David Nuzzo @32@19@Y@David Nuzzo         @IF      @6"2  @240  @                                        @
Pat Merrywea@37@11@Y@Pat Merryweather    @P       @6'2  @210  @                                        @
Chad Warren @41@08@Y@Chad Warren         @P       @6'1  @180  @                                        @
Chris Rave  @44@09@Y@Chris Rave          @C/IF    @5'10 @210  @                                        @
Jacob Shorts@45@08@Y@Jacob Shortslef     @P       @6'5  @190  @                                        @
Ryan Matthew@47@08@Y@Ryan Matthews       @P       @5'10 @175  @                                        @
Reid VanWoer@51@08@Y@Reid VanWoert       @P       @6'3  @185  @                                        @
Brandon Nyli@55@08@Y@Brandon Nylin       @P       @6'0  @180  @                                        @
Ben Verkley @64@08@Y@Ben Verkley         @IF      @6'1  @185  @                                        @
Tanner White@99@16@Y@Tanner Whiteman     @P       @6'3  @210  @                                        @
