Schuyler Mar@2 @08@Y@Schuyler Martire    @INF     @6'0  @170  @                                        @
Ralph Pasols@5 @16@Y@Ralph Pasols        @INF     @5'9  @165  @                                        @
Evan Clarke @9 @08@Y@Evan Clarke         @Ut      @5'9  @170  @                                        @
Tom Brusca  @10@08@Y@Tom Brusca          @P/ INF  @5'10 @165  @                                        @
Brian Guzman@11@08@Y@Brian Guzman        @OF      @5'8  @160  @                                        @
Adrian Casti@12@16@Y@Adrian Castillo     @C/ INF  @6'1  @205  @                                        @
Nolan Apfel @13@19@Y@Nolan Apfel         @LHP     @5'9  @190  @                                        @
Roman Zawojs@14@16@Y@Roman Zawojski      @C       @5'6  @180  @                                        @
Rob Berger  @15@19@Y@Rob Berger          @LHP     @6'3  @186  @                                        @
Kevin Piment@16@11@Y@Kevin Pimentel      @OF      @5'10 @175  @                                        @
Mike Leake  @17@16@Y@Mike Leake          @RHP     @6'0  @160  @                                        @
Carlos Hidal@18@08@Y@Carlos Hidalgo      @INF/ P  @6'0  @185  @                                        @
Brian Paccio@20@08@Y@Brian Paccione      @RHP     @6-5  @200  @                                        @
Peter Fuente@21@08@Y@Peter Fuentes       @OF      @6'0  @180  @                                        @
Will Ortiz  @23@08@Y@Will Ortiz          @RHP     @5'8  @170  @                                        @
Dillon Merol@24@17@Y@Dillon Merola       @INF     @5'9  @150  @                                        @
David Gizzar@26@17@Y@David Gizzarelli    @RHP     @6'0  @140  @                                        @
Nick Gurda  @28@16@Y@Nick Gurda          @C       @5'9  @170  @                                        @
Kevin Crawfo@30@11@Y@Kevin Crawford      @LHP     @5'7  @180  @                                        @
Mike D'Espos@32@10@Y@Mike D'Esposito     @OF      @5'8  @200  @                                        @
David Leiter@36@11@Y@David Leiter        @1B      @6'0  @195  @                                        @
Mitch Choros@45@16@Y@Mitch Choros        @RHP     @6'4  @225  @                                        @
