Alec Skender@1 @08@Y@Alec Skender        @SS/2B   @6-1  @165  @                                        @
Alex Samson @2 @16@Y@Alex Samson         @2B/SS   @5-8  @160  @                                        @
Blake Kuszma@4 @08@Y@Blake Kuszmaul      @P       @5-9  @155  @                                        @
Derek Hafner@5 @08@Y@Derek Hafner        @RHP/UTIL@5-10 @175  @                                        @
Tiger Jaso  @6 @08@Y@Tiger Jaso          @OF/IF   @6-1  @170  @                                        @
Ardian Selma@7 @16@Y@Ardian Selmani      @UTIL    @6-0  @150  @                                        @
Payton Scott@8 @08@Y@Payton Scott        @1B/OF   @6-0  @175  @                                        @
Kyle Bennett@10@08@Y@Kyle Bennett        @P       @6-2  @165  @                                        @
Dru Sebastia@11@16@Y@Dru Sebastian       @RHP     @6-0  @160  @                                        @
Zach Kazmier@12@16@Y@Zach Kazmierski     @CF      @6-0  @200  @                                        @
Michael Finc@13@08@Y@Michael Finch       @P/OF    @6-0  @195  @                                        @
Kody McCall @14@16@Y@Kody McCall         @OF      @6-2  @200  @                                        @
Taran Temple@15@16@Y@Taran Temple        @IF/C    @6-2  @230  @                                        @
Nick Morrow @16@16@Y@Nick Morrow         @LHP     @6-1  @185  @                                        @
Austin Legat@17@16@Y@Austin Legate       @C/3B    @5-11 @185  @                                        @
Tyrus McAtee@18@08@Y@Tyrus McAtee        @UTIL    @5-10 @165  @                                        @
Jared Terril@20@16@Y@Jared Terrill       @RHP     @6-4  @200  @                                        @
Sam Hackney @21@16@Y@Sam Hackney         @P       @6-5  @225  @                                        @
Benjamin Bre@22@16@Y@Benjamin Breymier   @C       @6-3  @190  @                                        @
Anthony Pere@24@16@Y@Anthony Perez       @RHP/3B  @6-3  @190  @                                        @
Nick Street @25@16@Y@Nick Street         @RHP     @6-5  @225  @                                        @
Justin Curry@27@08@Y@Justin Curry        @1B/3B   @6-0  @218  @                                        @
Joseph Slivi@28@08@Y@Joseph Slivik       @LHP/OF  @5-8  @155  @                                        @
Matthew Zitn@29@08@Y@Matthew Zitny       @RHP     @6-2  @185  @                                        @
Brandon Gree@30@08@Y@Brandon Green       @OF/C    @6-0  @175  @                                        @
Tyler Byerly@31@08@Y@Tyler Byerly        @2B/SS   @5-11 @168  @                                        @
Dustin Osbor@32@08@Y@Dustin Osborne      @RHP/1B  @6-4  @255  @                                        @
Nolan Rao   @33@16@Y@Nolan Rao           @C/2B    @5-10 @145  @                                        @
Charlie Sipe@34@08@Y@Charlie Sipe        @OF/IF   @6-0  @168  @                                        @
Tyler Huth  @35@08@Y@Tyler Huth          @RHP     @6-8  @270  @                                        @
Marcus Rozsa@36@08@Y@Marcus Rozsa        @C       @6-0  @190  @                                        @
Zach Bobbitt@38@08@Y@Zach Bobbitt        @IF      @5-10 @165  @                                        @
Chad Lupher @40@08@Y@Chad Lupher         @RHP/C   @6-1  @230  @                                        @
