Alan Madsen @2 @19@Y@Alan Madsen         @P       @     @     @                                        @
Noel Rodrigu@3 @08@Y@Noel Rodriguez      @P       @     @     @                                        @
Caleb McKinn@4 @16@Y@Caleb McKinnon      @INF     @     @     @                                        @
Nate Ruane  @5 @09@Y@Nate Ruane          @INF     @     @     @                                        @
Brendan Satr@7 @16@Y@Brendan Satran      @OF      @     @     @                                        @
Marco Burcia@8 @16@Y@Marco Burciaga      @C       @     @     @                                        @
Mike Diamond@9 @08@Y@Mike Diamond        @INF/ P  @     @     @                                        @
Austyn Nagam@10@16@Y@Austyn Nagamine     @C       @     @     @                                        @
Tyrell King @11@19@Y@Tyrell King         @P       @     @     @                                        @
Chris Nimtz @12@08@Y@Chris Nimtz         @INF     @     @     @                                        @
Keith Nowak @14@11@Y@Keith Nowak         @P       @     @     @                                        @
Collin O' Ne@15@16@Y@Collin O' Neal      @INF     @     @     @                                        @
Brick Paskie@16@09@Y@Brick Paskiewicz    @OF/ P   @     @     @                                        @
Brennan Ship@17@08@Y@Brennan Shipp       @OF      @     @     @                                        @
Coltin Motle@18@08@Y@Coltin Motley       @INF     @     @     @                                        @
Lucas Jacobi@20@08@Y@Lucas Jacobi        @Red Shir@     @     @                                        @
Sam Rimer   @21@09@Y@Sam Rimer           @OF      @     @     @                                        @
Joey Greco  @22@16@Y@Joey Greco          @INF     @     @     @                                        @
Nick Sornsin@23@16@Y@Nick Sornsin        @P       @     @     @                                        @
Josh Rojas  @24@09@Y@Josh Rojas          @INF     @     @     @                                        @
Jon Bishop  @25@10@Y@Jon Bishop          @P       @     @     @                                        @
Steven Casey@29@16@Y@Steven Casey        @INF/ P  @     @     @                                        @
Christian Ca@31@08@Y@Christian Camacho   @INF     @     @     @                                        @
Nick Kloos  @32@16@Y@Nick Kloos          @P       @     @     @                                        @
Roberto Mart@33@09@Y@Roberto Martinez    @OF      @     @     @                                        @
Andrew Garci@36@08@Y@Andrew Garcia       @P       @     @     @                                        @
Jaarad Salas@38@08@Y@Jaarad Salas        @P       @     @     @                                        @
Blake Gidney@40@08@Y@Blake Gidney        @P       @     @     @                                        @
Ruben Rincon@42@16@Y@Ruben Rincon        @P       @     @     @                                        @
Mike McNamar@44@08@Y@Mike McNamara       @C       @     @     @                                        @
