Brad McDonal@1 @16@Y@Brad McDonald       @C/3B    @5'11 @190  @Wills Point                             @
Clay Deen   @2 @16@Y@Clay Deen           @RHP/UTIL@5'10 @175  @Wills Point                             @
Garrett Dodd@3 @08@Y@Garrett Dodd        @2B/SS   @5'10 @165  @Mckinney                                @
Ryan Pulsife@4 @16@Y@Ryan Pulsifer       @C       @5'10 @170  @Frisco                                  @
Anthony Esco@5 @08@Y@Anthony Escobar     @2B/SS   @5'9  @170  @Dallas                                  @
Blake Seaton@6 @11@Y@Blake Seaton        @OF      @5'9  @175  @Mesquite                                @
Conner Lee  @7 @16@Y@Conner Lee          @ss      @5'11 @175  @Conroe                                  @
Kyle Britt  @8 @08@Y@Kyle Britt          @RHP     @6'1  @155  @Paris                                   @
Jake Oden   @9 @08@Y@Jake Oden           @OF      @6'1  @185  @Longview                                @
Michael Craw@10@08@Y@Michael Crawford    @C/OF    @6'0  @180  @Plano                                   @
Cannon Chadw@11@08@Y@Cannon Chadwick     @RHP     @6'0  @200  @Paris                                   @
Bradley Hoel@12@08@Y@Bradley Hoeler      @RHP     @6'0  @180  @Plano                                   @
Logan Sepane@13@08@Y@Logan Sepanek       @OF      @6'2  @185  @Flower Mound                            @
Austin McDan@14@08@Y@Austin McDaniel     @RHP     @6'4  @185  @Flower Mound                            @
Logan Terwil@15@16@Y@Logan Terwilliger   @RHP/3B/1@6'1  @183  @Rockwall                                @
Joe Farley  @16@19@Y@Joe Farley          @LHP     @6'3  @225  @Lewisville                              @
Harrison Spr@18@16@Y@Harrison Spruiell   @RHP     @6'4  @181  @Shreveport                              @
Brewer Money@19@17@Y@Brewer Money        @RHP     @6'4  @205  @Rockwall                                @
Corban Taylo@21@17@Y@Corban Taylor       @RHP/1B  @6'0  @180  @Paris                                   @
Callaway Kir@22@19@Y@Callaway Kirkpatrick@LHP     @5'10 @180  @Ft Worth                                @
Matthew Lusk@23@19@Y@Matthew Lusk        @LHP     @6'3  @200  @Texarkana                               @
Heston VanFl@24@16@Y@Heston VanFleet     @RHP     @6'1  @189  @Rivera                                  @
Brock Taylor@25@09@Y@Brock Taylor        @OF      @5'11 @195  @Sunnyvale                               @
Christian Go@26@08@Y@Christian Gonzales  @1B/OF   @6'0  @200  @Colleyville                             @
Jake Laster @27@08@Y@Jake Laster         @3B      @5'11 @200  @Mckinney                                @
Russell Hugh@28@08@Y@Russell Hughes      @OF      @6'1  @185  @Rockwall                                @
Austin Hucka@29@08@Y@Austin Huckaba      @RHP     @5'11 @180  @Irving                                  @
DJ Morgan   @30@16@Y@DJ Morgan           @RHP     @6'   @240  @Cedar Hill                              @
Jeff Walburn@31@09@Y@Jeff Walburn        @RHP     @6'2  @190  @Ft Worth                                @
Kameron Sumr@32@08@Y@Kameron Sumrall     @RHP/OF  @6'0  @170  @Paris                                   @
Trey Mound  @33@08@Y@Trey Mound          @OF      @5'11 @175  @Flower Mound                            @
Tyler Pohl  @35@08@Y@Tyler Pohl          @RHP     @6'4  @195  @Flower Mound                            @
