Johnny Herre@1 @00@Y@Johnny Herrera      @INF     @     @     @                                        @
Nick Coudret@2 @00@Y@Nick Coudret        @P       @     @     @                                        @
Austin Schul@4 @00@Y@Austin Schultz      @C       @     @     @                                        @
Isaac Sampen@5 @00@Y@Isaac Sampen        @OF/P    @     @     @                                        @
Bryce Pennin@6 @00@Y@Bryce Pennington    @3B/P    @     @     @                                        @
Dan Leake   @7 @00@Y@Dan Leake           @P       @     @     @                                        @
Brett Chappe@8 @00@Y@Brett Chappell      @INF     @     @     @                                        @
Glen Reeves @9 @00@Y@Glen Reeves         @INF     @     @     @                                        @
Taylor Egelh@10@00@Y@Taylor Egelhoff     @P       @     @     @                                        @
Zach Borsa  @11@00@Y@Zach Borsa          @P       @     @     @                                        @
Alex Lesiak @12@00@Y@Alex Lesiak         @P       @     @     @                                        @
John Udina  @15@00@Y@John Udina          @OF      @     @     @                                        @
Nick Blaha  @16@00@Y@Nick Blaha          @P       @     @     @                                        @
Conner Couri@18@00@Y@Conner Courier      @INF     @     @     @                                        @
Brady Burns @19@00@Y@Brady Burns         @INF     @     @     @                                        @
Curtiss John@20@00@Y@Curtiss Johnson     @OF      @     @     @                                        @
Chase Armstr@21@00@Y@Chase Armstrong     @OF      @     @     @                                        @
Connor Gunne@22@00@Y@Connor Gunneman     @P       @     @     @                                        @
Ryan Nikolic@23@00@Y@Ryan Nikolich       @P       @     @     @                                        @
Sam Sampen  @27@00@Y@Sam Sampen          @INF     @     @     @                                        @
Jake Sale   @29@00@Y@Jake Sale           @P       @     @     @                                        @
Tyler Burcha@30@00@Y@Tyler Burcham       @OF      @     @     @                                        @
Kyle Weller @32@00@Y@Kyle Weller         @P       @     @     @                                        @
Jordan Deal @34@00@Y@Jordan Deal         @P       @     @     @                                        @
David Hayes @36@00@Y@David Hayes         @C       @     @     @                                        @
Jeff Lavin  @38@00@Y@Jeff Lavin          @P       @     @     @                                        @
Ronnie Plesa@40@00@Y@Ronnie Plesac       @INF     @     @     @                                        @
Mark Meyer  @44@00@Y@Mark Meyer          @P       @     @     @                                        @
Tyler Anders@45@00@Y@Tyler Anderson      @P       @     @     @                                        @
Brody Andrew@46@00@Y@Brody Andrews       @C       @     @     @                                        @
Austin Smith@47@00@Y@Austin Smith        @INF     @     @     @                                        @
