Cory Lewis  @1 @16@Y@Cory Lewis          @OF      @6'0  @160  @Roanoke, VA                             @
Levi Pruitt @2 @16@Y@Levi Pruitt         @RHP     @6'0  @185  @Providence, NC                          @
Patrick Love@3 @16@Y@Patrick Love        @INF     @5'10 @180  @Bedford, VA                             @
Edgar Lozano@4 @16@Y@Edgar Lozano        @SS      @6'1  @190  @Hillsborough, NC                        @
Lucas Weaver@5 @08@Y@Lucas Weaver        @2B      @5'4  @150  @Spotsylvania, VA                        @
James Gaines@6 @16@Y@James Gaines        @RHP     @6'1  @200  @Lynchburg, VA                           @
Wyatt Kinney@7 @16@Y@Wyatt Kinney        @OF      @6'1  @200  @Sterling, VA                            @
Nicholas Kei@8 @09@Y@Nicholas Keister    @OF      @5'8  @165  @Bassett, VA                             @
Nic Love    @10@16@Y@Nic Love            @1B      @6'1  @220  @Bedford, VA                             @
Justin Kime @11@16@Y@Justin Kime         @INF     @5'10 @160  @Stafford, VA                            @
Jake Fletche@13@08@Y@Jake Fletcher       @INF     @6'2  @215  @Spotsylvania, VA                        @
Jacob Watkin@14@16@Y@Jacob Watkins       @RHP     @6'2  @170  @Roxboro, NC                             @
Matthew Isaa@15@08@Y@Matthew Isaacs      @RHP     @6'2  @190  @Richmond, VA                            @
Will Hylton @16@16@Y@Will Hylton         @C       @5'9  @170  @Fieldale, VA                            @
Dylan Dombro@19@16@Y@Dylan Dombrowskas   @INF     @6'1  @196  @King George, VA                         @
Stibel Alema@20@11@Y@Stibel Aleman-Saba  @OF      @5'11 @155  @Richmond, VA                            @
Jordany Aqui@21@16@Y@Jordany Aquino      @OF      @6'0  @180  @                                        @
Eric Scott  @22@09@Y@Eric Scott          @RHP     @6'3  @210  @Peterborough, ON                        @
Dillon Crowd@23@08@Y@Dillon Crowder      @1B      @6'3  @200  @Ridgeway, VA                            @
Micah Hedgep@24@08@Y@Micah Hedgepeth     @C       @5'8  @170  @Winston Salem, NC                       @
Tyler Belche@25@16@Y@Tyler Belcher       @RHP     @6'2  @170  @Woolwine, VA                            @
Luke Mello  @27@08@Y@Luke Mello          @INF     @5'7  @155  @Fredericksburg, VA                      @
Brandon Barb@28@08@Y@Brandon Barbour     @RHP     @6'3  @170  @Franklin County, VA                     @
Daymon Tothe@29@09@Y@Daymon Totherow     @OF/RHP  @6'0  @170  @Danville, VA                            @
Raphel Ortiz@30@08@Y@Raphel Ortiz        @C       @5'8  @190  @Puerto Rico                             @
Alex Brown  @32@16@Y@Alex Brown          @RHP     @5'10 @175  @Roanoke, VA                             @
Ryan Dickt  @33@16@Y@Ryan Dickt          @C       @6'0  @190  @Fairfax, VA                             @
Scott Spradl@34@08@Y@Scott Spradlin      @RHP     @5'11 @210  @Roanoke, VA                             @
Lucas Donova@36@09@Y@Lucas Donovan       @RHP     @6'1  @170  @Ajax, ON                                @
David Fernan@38@08@Y@David Fernandez     @RHP     @5'9  @155  @Yabucoa, PR                             @
Mark Hendric@51@09@Y@Mark Hendricks      @RHP     @6'0  @195  @Clifton Forge, VA                       @
