Darien Brown@1 @16@Y@Darien Brown        @        @     @     @                                        @
Jalen Haskin@2 @08@Y@Jalen Haskin        @        @     @     @                                        @
Derek Martin@3 @16@Y@Derek Martin        @        @     @     @                                        @
Tracy Hadley@4 @08@Y@Tracy Hadley        @        @     @     @                                        @
Lamar Anthon@5 @16@Y@Lamar Anthony       @        @     @     @                                        @
Justin Demar@6 @08@Y@Justin Demary       @        @     @     @                                        @
Zach O'hern @7 @08@Y@Zach O'hern         @        @     @     @                                        @
Trevor Benne@8 @08@Y@Trevor Bennett      @        @     @     @                                        @
Philip Chand@9 @16@Y@Philip Chandler     @        @     @     @                                        @
Derrick Moun@10@08@Y@Derrick Mount       @        @     @     @                                        @
Colton Lee  @12@16@Y@Colton Lee          @        @     @     @                                        @
Jacob Taylor@13@08@Y@Jacob Taylor        @        @     @     @                                        @
Houston Dave@14@08@Y@Houston Davenport   @        @     @     @                                        @
Justin Barna@15@08@Y@Justin Barna        @        @     @     @                                        @
Brandon Penn@16@16@Y@Brandon Pennington  @        @     @     @                                        @
Adam Smith  @17@08@Y@Adam Smith          @        @     @     @                                        @
Allen Cowart@18@08@Y@Allen Cowart        @        @     @     @                                        @
Luke McGee  @19@19@Y@Luke McGee          @        @     @     @                                        @
Kreg Garner @20@09@Y@Kreg Garner         @        @     @     @                                        @
Kyle Dolan  @22@16@Y@Kyle Dolan          @        @     @     @                                        @
Carlos Lott @23@08@Y@Carlos Lott         @        @     @     @                                        @
Blake Weyenb@24@08@Y@Blake Weyenburg     @        @     @     @                                        @
Nathan Pugh @25@19@Y@Nathan Pugh         @        @     @     @                                        @
Ledarien Lee@27@11@Y@Ledarien Lee        @        @     @     @                                        @
Adam Tumey  @28@08@Y@Adam Tumey          @        @     @     @                                        @
Deanzel John@32@16@Y@Deanzel Johnson     @        @     @     @                                        @
Garren Berry@33@08@Y@Garren Berry        @        @     @     @                                        @
Trey Grice  @36@10@Y@Trey Grice          @        @     @     @                                        @
Jake Brumfie@37@16@Y@Jake Brumfield      @        @     @     @                                        @
