Tyler Summer@3 @16@Y@Tyler Summers       @3B      @     @     @                                        @
Brent McClur@4 @16@Y@Brent McClure       @OF, IF  @     @     @                                        @
Cameron Russ@5 @08@Y@Cameron Russo       @OF      @     @     @                                        @
Weston Wiede@6 @16@Y@Weston Wiederhold   @C       @     @     @                                        @
Dylan Giles @7 @08@Y@Dylan Giles         @P       @     @     @                                        @
Justin Schan@8 @08@Y@Justin Schander     @P       @     @     @                                        @
Jared Lansbu@9 @08@Y@Jared Lansburg      @OF, P   @     @     @                                        @
Matt Lewis  @10@16@Y@Matt Lewis          @P       @     @     @                                        @
Zach Miller @12@11@Y@Zach Miller         @P       @     @     @                                        @
Johnny Garci@13@08@Y@Johnny Garcia       @OF      @     @     @                                        @
Hector Ortiz@14@16@Y@Hector Ortiz        @2B      @     @     @                                        @
Irvin Ruiz  @15@11@Y@Irvin Ruiz          @P       @     @     @                                        @
Francisco Go@17@08@Y@Francisco Gonzalez  @P, C    @     @     @                                        @
Anthony Bald@20@16@Y@Anthony Balderrama  @3B      @     @     @                                        @
Nick Ryan   @21@08@Y@Nick Ryan           @SS, 2B  @     @     @                                        @
Ryan Erazo  @23@16@Y@Ryan Erazo          @P       @     @     @                                        @
Harris Lyons@24@08@Y@Harris Lyons        @1B      @     @     @                                        @
Zach Stierst@26@16@Y@Zach Stierstorfer   @C       @     @     @                                        @
Taylor Moren@27@16@Y@Taylor Moreno       @P       @     @     @                                        @
Adam Bloom  @28@19@Y@Adam Bloom          @OF      @     @     @                                        @
Cedric Rodri@29@16@Y@Cedric Rodriguez    @P       @     @     @                                        @
Alex Medin  @30@19@Y@Alex Medin          @OF      @     @     @                                        @
Jimmy Roren @31@08@Y@Jimmy Roren         @P       @     @     @                                        @
Josh Blake  @32@17@Y@Josh Blake          @1B      @     @     @                                        @
Matt Doherty@34@16@Y@Matt Doherty        @P       @     @     @                                        @
Schyler Horl@37@11@Y@Schyler Horlacher-Du@P       @     @     @                                        @
Tommy Charle@39@08@Y@Tommy Charles       @C       @     @     @                                        @
Joseph Herna@42@08@Y@Joseph Hernandez-Eto@3B, SS  @     @     @                                        @
Brandon Huds@44@16@Y@Brandon Hudson      @P       @     @     @                                        @
