Mike Hast   @1 @08@Y@Mike Hast           @RHP     @     @     @                                        @
Chris Kucko @2 @08@Y@Chris Kucko         @RHP     @     @     @                                        @
Devon Carril@3 @16@Y@Devon Carrillo      @INF     @     @     @                                        @
Ethan Rosebe@4 @16@Y@Ethan Rosebeck      @RHP     @     @     @                                        @
Trey Stine  @5 @08@Y@Trey Stine          @INF     @     @     @                                        @
Ruben Bracam@6 @08@Y@Ruben Bracamontes   @C       @     @     @                                        @
Juan Gamez  @7 @16@Y@Juan Gamez          @C/OF    @     @     @                                        @
James Lynch @8 @17@Y@James Lynch         @OF      @     @     @                                        @
Cooper Smith@9 @16@Y@Cooper Smith        @C/1B    @     @     @                                        @
Dan Kennon  @10@16@Y@Dan Kennon          @INF     @     @     @                                        @
Alan Sandova@11@16@Y@Alan Sandoval       @RHP     @     @     @                                        @
Devin Veal  @12@08@Y@Devin Veal          @OF      @     @     @                                        @
Steven Still@13@16@Y@Steven Still        @OF      @     @     @                                        @
Sergio Canal@14@08@Y@Sergio Canales      @RHP     @     @     @                                        @
Eli Callahan@15@08@Y@Eli Callahan        @C/OF    @     @     @                                        @
Cole Plouck @16@19@Y@Cole Plouck         @LHP     @     @     @                                        @
Travis Chave@17@08@Y@Travis Chavez       @INF     @     @     @                                        @
Kellen Marru@18@19@Y@Kellen Marruffo     @1B      @     @     @                                        @
A.J. Acosta @19@17@Y@A.J. Acosta         @OF      @     @     @                                        @
Zach Smutzer@21@08@Y@Zach Smutzer        @RHP     @     @     @                                        @
Brandon Burk@22@08@Y@Brandon Burke       @INF     @     @     @                                        @
Jorge Maldon@23@17@Y@Jorge Maldonado     @OF      @     @     @                                        @
Marcel Rente@24@08@Y@Marcel Renteria     @RHP     @     @     @                                        @
Bryan Doming@26@08@Y@Bryan Dominguez     @OF      @     @     @                                        @
Zach Busby  @27@08@Y@Zach Busby          @RHP     @     @     @                                        @
Pedro Muniz @30@08@Y@Pedro Muniz         @RHP     @     @     @                                        @
Ryan Norrix @31@11@Y@Ryan Norrix         @LHP     @     @     @                                        @
Ben Skuro   @32@11@Y@Ben Skuro           @LHP     @     @     @                                        @
Scotty Watso@33@16@Y@Scotty Watson       @RHP     @     @     @                                        @
Jesse Robles@34@09@Y@Jesse Robles        @1B      @     @     @                                        @
Sean Carroll@35@09@Y@Sean Carroll        @RHP     @     @     @                                        @
Kyle Petty  @36@08@Y@Kyle Petty          @RHP     @     @     @                                        @
Francisco Ro@37@08@Y@Francisco Rodriguez @INF     @     @     @                                        @
Wyatt Formo @38@08@Y@Wyatt Formo         @RHP     @     @     @                                        @
Austin Coope@39@08@Y@Austin Cooper       @RHP     @     @     @                                        @
Shane Bradfo@40@08@Y@Shane Bradford      @OF      @     @     @                                        @
Jaquese Moor@42@08@Y@Jaquese Moore       @OF/INF  @     @     @                                        @
Daniel Cisne@43@11@Y@Daniel Cisneros     @LHP     @     @     @                                        @
K.T. Vieux  @44@11@Y@K.T. Vieux          @LHP     @     @     @                                        @
