Jose Serrano@1 @16@Y@Jose Serrano        @P       @6    @170  @Haines City, FL                         @
Shane Gordon@2 @16@Y@Shane Gordon        @OF      @6    @175  @Cocoa, FL                               @
Alec Wong   @3 @20@Y@Alec Wong           @2B/3B   @5-6  @150  @Rockledge, FL                           @
Casey Schroe@4 @20@Y@Casey Schroeder     @C       @6-2  @210  @Glandorf, OH                            @
Casey Kulina@5 @18@Y@Casey Kulina        @P       @5-9  @170  @Hummelstown, PA                         @
Arturo Tabal@6 @16@Y@Arturo Tabales      @C       @5-10 @165  @Orlando, FL                             @
Jose Pupo   @8 @08@Y@Jose Pupo           @P       @5-10 @165  @Tampa, FL                               @
Daniel Sweet@10@22@Y@Daniel Sweet        @OF      @6-1  @205  @Brandon, MS                             @
Cody Denoyel@13@16@Y@Cody Denoyelles     @SS      @6    @200  @Windermere, FL                          @
Matt Piatt  @14@11@Y@Matt Piatt          @OF      @6    @190  @Seminole, FL                            @
Matt Pearce @15@16@Y@Matt Pearce         @P       @6-3  @205  @Bonita Springs, FL                      @
EJ Cordero  @16@09@Y@EJ Cordero          @P/2B    @5-10 @150  @Orlando, FL                             @
David Lara  @17@08@Y@David Lara          @P       @6-1  @180  @Miami, FL                               @
Cole Ondrejk@18@09@Y@Cole Ondrejka       @2B      @5-10 @170  @North Fort Myers, FL                    @
Luke Rolland@20@08@Y@Luke Rolland        @P       @6-2  @175  @Cape Coral, FL                          @
Jordan Barre@21@11@Y@Jordan Barrett      @P       @6-4  @185  @Margate, FL                             @
Justin Phelp@22@19@Y@Justin Phelps       @P       @6-2  @195  @Seattle, WA                             @
Luke Parker @23@08@Y@Luke Parker         @OF/3B/1B@6    @205  @Ponte Vedra, FL                         @
Cody Gamble @27@08@Y@Cody Gamble         @P       @6-1  @160  @Live Oak, FL                            @
Devin Vainer@31@11@Y@Devin Vainer        @P       @6-2  @185  @Atlanta, GA                             @
Sam Machonis@32@22@Y@Sam Machonis        @OF/1B   @6-1  @190  @Tampa, FL                               @
Hunter Kyzar@33@11@Y@Hunter Kyzar        @P       @6-1  @200  @Lake Worth, FL                          @
JD Osborne  @34@08@Y@JD Osborne          @C/1B    @6    @200  @Whitby, ON, CA                          @
Hayden Kelly@36@17@Y@Hayden Kelly        @1B      @5-10 @210  @Inverness, FL                           @
