Jacob Hamerl@1 @09@Y@Jacob Hamerle       @2B      @6'1''@175  @Gladstone, MO                           @
Creighton Ho@2 @16@Y@Creighton Hoover    @RHP     @6'0''@150  @Wichita, KS                             @
Trey Trahan @3 @16@Y@Trey Trahan         @SS      @5'8''@170  @Lafayette, LA                           @
B.J. Dean   @4 @16@Y@B.J. Dean           @OF      @6'0''@190  @Pratt, KS                               @
Brandon Horn@5 @16@Y@Brandon Horne       @RHP     @6'5''@210  @Pineville, LA                           @
Corey Mondel@6 @16@Y@Corey Mondello      @RHP     @5'11'@180  @Shreveport, LA                          @
Aaron Berens@7 @16@Y@Aaron Berenson      @3B      @5'11'@180  @Wichita, KS                             @
Clayton Blan@8 @19@Y@Clayton Blanks      @LHP     @6'0''@200  @Dequincy, LA                            @
Clayton Blan@8 @19@Y@Clayton Blanks      @LHP     @6'0''@200  @                                        @
Nolan Rush  @9 @16@Y@Nolan Rush          @OF      @6'5''@180  @Wellsville, KS                          @
Gaige Webste@10@22@Y@Gaige Webster       @OF      @5'7''@175  @                                        @
Garrison Lor@11@16@Y@Garrison Lorenz     @RHP     @6'0''@180  @Wichita, KS                             @
Colton Glove@12@16@Y@Colton Glover       @RHP     @6'1''@185  @Shreveport, LA                          @
Jacob Potier@13@19@Y@Jacob Potier        @LHP     @6'3''@190  @Scott, LA                               @
Brad Honeycu@14@16@Y@Brad Honeycutt      @RHP     @6'2''@200  @Edmond, OK                              @
Justin Crouc@15@16@Y@Justin Crouch       @3B      @6'0''@195  @Bossier City, LA                        @
Scott Alvare@16@16@Y@Scott Alvarez       @1B      @6'4''@225  @Brighton, CO                            @
Austin Resse@17@08@Y@Austin Resser       @1B      @6'6''@215  @Newton, KS                              @
Robbie Horn @18@08@Y@Robbie Horn         @SS      @5'11'@180  @Greenwood, LA                           @
Nick Griffin@20@08@Y@Nick Griffin        @SS      @6'2''@190  @Wichita, KS                             @
Cameron Clem@21@16@Y@Cameron Clements    @RHP     @6'0''@180  @Patterson, LA                           @
Jacob Spruil@22@16@Y@Jacob Spruill       @RHP     @6'0''@175  @Wichita, KS                             @
Tyler Huffst@23@19@Y@Tyler Huffstickler  @LHP     @6'0''@180  @Tyler, TX                               @
Alex Orth   @24@08@Y@Alex Orth           @OF      @5'10'@190  @Wichita, KS                             @
Evan Payne  @25@08@Y@Evan Payne          @RHP     @6'2''@195  @Springfield, MO                         @
Skylar Dean @26@08@Y@Skylar Dean         @OF      @5'11'@170  @Pratt, KS                               @
Dakota Long @27@08@Y@Dakota Long         @INF     @5'11'@170  @Newton, KS                              @
James Crabtr@28@08@Y@James Crabtree      @C       @5'10'@180  @Mission, KS                             @
Justin Engel@29@14@Y@Justin Engelland    @LHP     @5'11'@160  @Nickerson, KS                           @
Taylor Graf @31@08@Y@Taylor Graf         @2B/C    @5''9'@175  @Ottawa, KS                              @
Zach Stoneci@32@11@Y@Zach Stonecipher    @OF      @6'0''@185  @Kansas City, MO                         @
Ryan Moran  @35@16@Y@Ryan Moran          @RHP     @6'8''@220  @Flower Mound, TX                        @
Avery Booth @36@09@Y@Avery Booth         @C       @5'11'@170  @Kansas City, MO                         @
Grayson LaPl@38@08@Y@Grayson LaPlant     @C       @5'9''@175  @Ottawa, KS                              @
Logan Bertho@39@08@Y@Logan Bertholf      @RHP     @5'10'@170  @Medicine Lodge, KS                      @
Danford Wine@45@11@Y@Danford Wineinger   @1B/OF   @6'0''@180  @Wichita, KS                             @
