Eduardo Uria@1 @08@Y@Eduardo Uriarte     @SS/P    @     @     @Fort Lauderdale, FL                     @
Mario Rivera@2 @08@Y@Mario Rivera        @2B      @     @     @Clarksburg, MD                          @
Ferdinand Co@3 @16@Y@Ferdinand Concepcion@SS/3B   @     @     @Puerto Rico                             @
Joshua Hamil@4 @08@Y@Joshua Hamilton     @OF      @     @     @Waldorf, MD                             @
Jordan Wesle@5 @08@Y@Jordan Wesley       @OF      @     @     @Mitchellville, MD                       @
Brandon John@6 @16@Y@Brandon Johnson     @OF      @     @     @Bowie, MD                               @
Jaime Romeu @7 @08@Y@Jaime Romeu         @OF      @     @     @Largo, MD                               @
Shahrukh Ali@10@16@Y@Shahrukh Ali        @MI      @     @     @Bowie, MD                               @
Abdiel Marca@11@16@Y@Abdiel Marcano      @OF      @     @     @Puerto Rico                             @
Auston Johns@12@16@Y@Auston Johnson      @C       @     @     @Temple Hills, MD                        @
Jeremy Haw  @13@08@Y@Jeremy Haw          @OF/P    @     @     @University Park, MD                     @
Vaughn Tucke@15@08@Y@Vaughn Tucker       @3B/SS   @     @     @Reisterstown, MD                        @
Ryan Sikorsk@16@08@Y@Ryan Sikorski       @P/1B    @     @     @                                        @
Curtis Perel@19@08@Y@Curtis Perell       @OF/P    @     @     @Laurel, MD                              @
Alex Rodrigu@20@16@Y@Alex Rodriguez      @C       @     @     @                                        @
Christopher @21@16@Y@Christopher Brown   @C/P     @     @     @Port St. Lucie, FL                      @
Walter 'Jona@22@08@Y@Walter 'Jonathon' Ar@C       @     @     @Adelphi, MD                             @
Edward Reyes@23@08@Y@Edward Reyes        @3B      @     @     @Mitchellville, MD                       @
Lerenzo Foot@24@08@Y@Lerenzo Foote       @1B/3B   @     @     @Greenbelt, MD                           @
Colton Watso@25@08@Y@Colton Watson       @1B      @     @     @Mitchellville, MD                       @
Steven Seife@30@16@Y@Steven Seifert      @P/3B    @     @     @Owings, MD                              @
Brady Barr  @32@16@Y@Brady Barr          @1B      @     @     @Bowie, MD                               @
