Julian Jones@00@19@Y@Julian Jones        @1B      @6'0" @175  @Columbia, MD                            @
Luiggy Marte@1 @08@Y@Luiggy Marte        @SS      @5'8" @170  @Queens, NY                              @
Melvin Valer@2 @08@Y@Melvin Valerio      @SS      @5'10"@175  @Brooklyn                                @
Brandon Ferr@3 @16@Y@Brandon Ferreiras   @C       @6'0" @210  @Queens, NY                              @
Kyle Raimo  @6 @08@Y@Kyle Raimo          @P       @6'0" @180  @Queens, NY                              @
Timothy Jacq@7 @19@Y@Timothy Jacquez     @OF      @6'0" @174  @Queens, NY                              @
Edward Fana @8 @08@Y@Edward Fana         @2B      @5'5" @150  @Queens, NY                              @
Paul Romano @10@09@Y@Paul Romano         @INF     @5'10"@180  @Queens, NY                              @
Rodney Rosar@12@16@Y@Rodney Rosario      @OF      @5'11"@190  @Queens, NY                              @
Erick Salaza@14@08@Y@Erick Salazar       @INF     @6'0" @175  @Brooklyn, NY                            @
Alonzo Stagg@15@10@Y@Alonzo Stagger      @P / OF  @5'8" @160  @Queens, NY                              @
Bryan Torres@16@08@Y@Bryan Torres        @P       @6'2" @185  @Queens, NY                              @
Matthew Brow@17@16@Y@Matthew Brown       @P       @5'11"@190  @Queens, NY                              @
Luis Diaz Va@18@08@Y@Luis Diaz Vargas    @P       @6'1" @180  @Queens, NY                              @
Edwin Vidal @19@08@Y@Edwin Vidal         @C       @5'8" @180  @Queens, NY                              @
Michael Halk@20@16@Y@Michael Halkiadakis @OF      @6'0" @190  @Queens, NY                              @
Jason Mari  @21@08@Y@Jason Mari          @2B      @5'9" @170  @Queens, NY                              @
Eric Ezersky@22@08@Y@Eric Ezersky        @P / OF  @5'10"@180  @Queens, NY                              @
Joseph McDon@24@16@Y@Joseph McDonald     @C       @6'0" @205  @Queens, NY                              @
Carlos Corde@27@08@Y@Carlos Cordero      @OF / U  @6'1" @180  @Queens, NY                              @
Zachary Cruz@30@16@Y@Zachary Cruz        @1B      @6'2" @205  @Queens, NY                              @
Gabriel Gone@31@08@Y@Gabriel Gonell      @1B / 3B @5'10"@230  @Queens, NY                              @
Mark Salazar@34@16@Y@Mark Salazar        @P       @5'7" @160  @Brooklyn, NY                            @
Andrew Golds@38@08@Y@Andrew Goldstein    @P       @5'11"@190  @Queens, NY                              @
Edwin Ventur@42@08@Y@Edwin Ventura       @OF      @5'11"@180  @Brooklyn, NY                            @
Joseph Campb@44@16@Y@Joseph Campbell     @1B      @6'1" @230  @Queens, NY                              @
Chris Alvare@45@08@Y@Chris Alvarez       @3B      @6'0" @195  @Queens, NY                              @
Kenneth Pawl@51@11@Y@Kenneth Pawlukiewics@P       @6'2" @160  @Queens, NY                              @
Calvin Luk  @68@16@Y@Calvin Luk          @P / U   @6'0" @180  @Long Island, NY                         @
Eric Casiano@86@12@Y@Eric Casiano        @P / OF  @6'0" @185  @Queens, NY                              @
