Wes Gunnerso@1 @08@Y@Wes Gunnerson       @OF/C    @5'11"@175  @Int'l Falls                             @
Tyler Boldt @2 @08@Y@Tyler Boldt         @IF/RHP  @5'11"@205  @Victoria, BC                            @
Tanner Helms@3 @08@Y@Tanner Helms        @OF/RHP  @5'8" @150  @Lake Charles, LA                        @
Victor Rodri@4 @08@Y@Victor Rodriguez    @IF      @5'5" @170  @Boise, ID                               @
Drew Birss  @5 @16@Y@Drew Birss          @OF/RHP  @5'9" @165  @Winnipeg, MB                            @
Colten Boudr@6 @08@Y@Colten Boudreau     @IF      @5'8" @150  @Selkirk, MB                             @
Talon Kunkel@7 @08@Y@Talon Kunkel        @RHP/1B  @6'1" @200  @Saskatoon, SK                           @
Dyan Zayas  @8 @08@Y@Dyan Zayas          @C       @5'7" @180  @Bayamon, PR                             @
Ben Churilla@11@16@Y@Ben Churilla        @OF      @6'3" @150  @Coon Rapids, MN                         @
Sean Deviney@13@09@Y@Sean Deviney        @C       @5'10"@185  @Fort Myers, FL                          @
Stephen Rive@14@08@Y@Stephen Rivera      @RHP     @6'0" @165  @Dorado, PR                              @
Makana Canda@15@20@Y@Makana Canda        @IF      @5'6" @175  @                                        @
Jose Pedraza@17@08@Y@Jose Pedraza        @RHP     @6'4" @240  @Las Piedras, PR                         @
Gino Strebin@20@16@Y@Gino Strebing       @RHP/UTL @6'1" @190  @Tucson, AZ                              @
Jake Schulte@22@08@Y@Jake Schulte        @RHP     @6'3" @190  @Victoria, BC                            @
Joseph Hudso@24@08@Y@Joseph Hudson       @RHP     @6'2" @185  @Elk River, MN                           @
Brett Batema@25@16@Y@Brett Bateman       @OF      @5'11"@180  @Belleville, ONT                         @
Robert Parri@29@16@Y@Robert Parrish III  @RHP/1B  @6'8" @290  @Tucson, AZ                              @
Kris Barber @30@11@Y@Kris Barber         @LHP     @6'2" @240  @North Saanich, BC                       @
