Josh Smith  @1 @16@Y@Josh Smith          @OF      @5'10 @180  @Garland, TX                             @
Kris Martine@2 @16@Y@Kris Martinez       @2B      @5'10 @165  @Rio Rancho, NM                          @
Eric Wrinkle@3 @08@Y@Eric Wrinkle        @2B      @5'10 @165  @Garland, TX                             @
Alex Gonzale@4 @16@Y@Alex Gonzalez       @SS      @5'10 @160  @Baytown, TX                             @
Andrew Harve@5 @08@Y@Andrew Harvey       @OF      @5'11 @185  @Corrigan, TX                            @
Rickey Garci@6 @08@Y@Rickey Garcia       @3B      @6'0  @190  @Miami, FL                               @
C J Heiligma@7 @08@Y@C J Heiligmann      @C       @6'0  @175  @San Antonio, TX                         @
Jadan Garcia@8 @08@Y@Jadan Garcia        @OF      @5'8  @190  @Miami, FL                               @
Brenden Gilb@9 @08@Y@Brenden Gilbert     @P       @6'1  @170  @Crandall, TX                            @
Adam Bosch  @10@11@Y@Adam Bosch          @P       @6'0  @175  @Dallas, TX                              @
Steven Lilli@11@16@Y@Steven Lillian      @P       @5'11 @180  @Lockhart, TX                            @
Tanner Holli@12@08@Y@Tanner Hollinger    @SS      @5'10 @140  @Colleyville, TX                         @
Jonathan Bar@14@08@Y@Jonathan Barnes     @P       @5'10 @155  @Dallas, TX                              @
Nick Garcia @16@08@Y@Nick Garcia         @P       @6'0  @195  @San Antonio, TX                         @
Ryan Larson @17@08@Y@Ryan Larson         @P       @5'10 @205  @San Antonio, TX                         @
Riley Wentz @18@16@Y@Riley Wentz         @P       @6'0  @175  @Garland, TX                             @
Kody Weil   @19@08@Y@Kody Weil           @OF      @5'10 @180  @Rancho Santa Margarita, CA              @
Grant Khan  @20@08@Y@Grant Khan          @P       @5'10 @155  @Richmond, TX                            @
Don Malone  @21@11@Y@Don Malone          @P       @6'0  @180  @Garland, TX                             @
Glenn Disbro@22@08@Y@Glenn Disbro        @P       @6'1  @200  @Austin, TX                              @
Levi Perez  @23@16@Y@Levi Perez          @OF      @5'10 @195  @Brownwood, TX                           @
Logan Daniel@25@08@Y@Logan Daniels       @C       @5'9  @215  @Baytown, TX                             @
Cameron Vilv@26@08@Y@Cameron Vilven      @P       @6"4  @170  @Austin, TX                              @
Will Ramos  @27@09@Y@Will Ramos          @OF      @6'3  @185  @Glastonbury, CT                         @
David Hulls @28@08@Y@David Hulls         @3B      @6'0  @205  @Coral Springs, FL                       @
Darian Theil@29@08@Y@Darian Theil        @P       @6'5  @185  @San Antonio, TX                         @
Trey Eschber@30@16@Y@Trey Eschberger     @1B      @6'0  @205  @Lindale, TX                             @
Christian Bu@31@16@Y@Christian Buatte    @P       @6'5  @210  @Keller, TX                              @
Josh DeLoach@34@08@Y@Josh DeLoach        @C       @6'0  @195  @San Antonio, TX                         @
Logan Tills @35@11@Y@Logan Tills         @1B      @6'0  @200  @Arlington, TX                           @
