Ruben Correa@1 @08@Y@Ruben Correa        @        @     @     @                                        @
Adam Sellner@2 @19@Y@Adam Sellner        @        @     @     @                                        @
Isaac Tuttle@4 @11@Y@Isaac Tuttle        @        @     @     @                                        @
Matt Bushbau@5 @17@Y@Matt Bushbaum       @        @     @     @Osage, IA                               @
Clay Fonfara@7 @09@Y@Clay Fonfara        @        @     @     @                                        @
Sam Roosen  @9 @08@Y@Sam Roosen          @        @     @     @                                        @
Rudmicheall @11@08@Y@Rudmicheall Brandao @        @     @     @                                        @
Kenny Perez @14@16@Y@Kenny Perez         @        @     @     @                                        @
Sukino Sadji@15@08@Y@Sukino Sadji        @        @     @     @                                        @
Taylor Groth@16@08@Y@Taylor Groth        @        @     @     @                                        @
Mirangelo Mu@17@08@Y@Mirangelo Muller    @        @     @     @                                        @
Kevin Soto  @18@08@Y@Kevin Soto          @        @     @     @                                        @
Rileyson Lib@20@08@Y@Rileyson Liberia    @        @     @     @                                        @
Brett Thacke@21@10@Y@Brett Thackery      @        @     @     @                                        @
Andrew Adams@22@16@Y@Andrew Adams        @        @     @     @                                        @
Melvin De La@23@08@Y@Melvin De La Torre  @        @     @     @                                        @
Brandon Heal@24@16@Y@Brandon Heal        @        @     @     @                                        @
Jonathan Jon@25@16@Y@Jonathan Jones      @        @     @     @                                        @
Miguel Castr@26@08@Y@Miguel Castro       @        @     @     @                                        @
Brock Rude  @27@19@Y@Brock Rude          @        @     @     @                                        @
Jordan Johns@28@08@Y@Jordan Johnson      @        @     @     @                                        @
Patrick Ande@30@16@Y@Patrick Anderson    @        @     @     @                                        @
Zachary Nels@31@16@Y@Zachary Nelson      @        @     @     @                                        @
Nestor Jimen@32@08@Y@Nestor Jimenez      @        @     @     @                                        @
Jaron Brezin@33@16@Y@Jaron Brezinsky     @        @     @     @                                        @
Sam Bozyk   @34@11@Y@Sam Bozyk           @        @     @     @                                        @
Christian Ni@36@08@Y@Christian Nieves    @        @     @     @                                        @
Cody Schacht@37@16@Y@Cody Schacht        @        @     @     @                                        @
Mitchell Ake@38@08@Y@Mitchell Akemann    @        @     @     @                                        @
