Ryan Hackett@1 @10@Y@Ryan Hackett        @OF      @5'10 @140  @Gibsonville, NC                         @
Michael Matt@2 @08@Y@Michael Matthews    @INF/OF  @5'9  @165  @McLeansville, NC                        @
Kenneth Pope@3 @16@Y@Kenneth Pope        @RHP     @6'0  @160  @Lexington, NC                           @
Colin Ciminn@4 @08@Y@Colin Ciminnisi     @OF      @5'7  @135  @Winston Salem, NC                       @
Noah Pearl  @5 @08@Y@Noah Pearl          @OF/RHP  @5'11 @170  @High Point, NC                          @
Sean Henders@6 @16@Y@Sean Henderson      @INF     @6'1  @170  @Winston Salem                           @
Brooks Walse@7 @08@Y@Brooks Walser       @INF     @5'6  @155  @Rural Hall, NC                          @
Austen Peepl@8 @08@Y@Austen Peeples      @C       @6'0  @215  @Brown Summit, NC                        @
Chris York  @9 @11@Y@Chris York          @LHP     @5'8  @140  @Sophia, NC                              @
Adam Gunn   @10@16@Y@Adam Gunn           @INF/RHP @5'11 @170  @Gibsonville, NC                         @
Nick McNeill@11@08@Y@Nick McNeill        @RHP/C   @6'1  @170  @Ramseur, NC                             @
John Roberts@12@16@Y@John Robertson      @INF     @5'10 @150  @Gibsonville, NC                         @
Devon Holbro@13@08@Y@Devon Holbrook      @INF/OF  @5'10 @155  @Archdale, NC                            @
Jeff Sawyer @14@08@Y@Jeff Sawyer         @INF     @5'9  @155  @Barnardsville, NC                       @
Jered Thomps@15@08@Y@Jered Thompson      @INF     @6'0  @160  @Asheboro, NC                            @
Daniel Kenne@18@08@Y@Daniel Kennedy      @C/INF   @6'1  @220  @Elon, NC                                @
Austin Mace @20@16@Y@Austin Mace         @OF/RHP  @6'0  @175  @Concord, NC                             @
Nick McGee  @21@08@Y@Nick McGee          @C       @6'1  @190  @Charlotte, NC                           @
James Coffey@22@16@Y@James Coffey        @RHP     @6'1  @220  @Lenoir, NC                              @
Devin Gaffne@23@17@Y@Devin Gaffney       @OF      @6'1  @175  @Stoneville, NC                          @
Bradley Hunt@24@08@Y@Bradley Hunt        @INF/OF  @5'7  @160  @Trinity, NC                             @
Kyle Roland @26@08@Y@Kyle Roland         @INF/RHP @5'10 @180  @Reidsville, NC                          @
Dallas Baldw@29@16@Y@Dallas Baldwin      @RHP     @6'3  @190  @Burlington, NC                          @
Sam Foster  @30@08@Y@Sam Foster          @RHP/INF @6'2  @175  @Elon, NC                                @
Kane Sutten @34@08@Y@Kane Sutten         @INF     @6'3  @250  @Mt. Ulla                                @
