Victor Sanch@3 @17@Y@Victor Sanchez      @INF     @5'9" @180  @Haverstraw                              @
Jariel Burgo@4 @08@Y@Jariel Burgos       @INF     @5'9" @170  @Garnerville                             @
Anthony Aure@7 @20@Y@Anthony Auresto     @INF     @5'8" @175  @Stony Point                             @
Michael Sier@10@08@Y@Michael Sierra      @RHP     @6'1" @190  @Manhattan, NY                           @
Eric Collazo@11@08@Y@Eric Collazo        @INF     @5'6" @140  @Garnerville                             @
C.J. Schoenl@13@16@Y@C.J. Schoenleber    @RHP     @5'11"@205  @Suffern                                 @
Alex Conti  @14@11@Y@Alex Conti          @LHP     @6'1" @185  @New City                                @
Nickolas Kul@15@16@Y@Nickolas Kulbaba    @OF/RHP  @6'2" @210  @Suffern                                 @
Michael Sarv@16@19@Y@Michael Sarvis      @1B/LHP  @5'10"@155  @Blauvelt                                @
Billy Seymou@17@16@Y@Billy Seymour       @OF      @6'2" @180  @Sloatsburg                              @
Nick Masters@18@16@Y@Nick Masterson      @RHP     @6'3" @210  @Essex Falls, NJ                         @
Dave Angell @21@08@Y@Dave Angell         @C       @5'7" @185  @Bardonia                                @
Danny Demetr@22@11@Y@Danny Demetrops     @1B/LHP  @6'2" @190  @Stony Point                             @
Josh Forman @23@08@Y@Josh Forman         @OF      @5'10"@175  @New City                                @
Andrew Hunto@25@17@Y@Andrew Hunton       @OF      @6'2" @185  @Monroe, NY                              @
Thomas Kalab@26@08@Y@Thomas Kalaba       @RHP     @5'9" @145  @New City                                @
A.J. Gallagh@27@08@Y@A.J. Gallagher      @INF     @6'0" @205  @Wyckoff, NJ                             @
Daniel Casti@31@08@Y@Daniel Castilla     @C       @6'0" @195  @Monroe                                  @
Joe Stewart @33@11@Y@Joe Stewart         @LHP     @5'9" @165  @Garnerville                             @
Aaron Rosent@34@10@Y@Aaron Rosenthal     @LHP     @5'10"@200  @Levittown, NY                           @
