Cesar Suarez@2 @08@Y@Cesar Suarez        @IF      @     @     @                                        @
Alex Rios   @3 @09@Y@Alex Rios           @OF      @     @     @                                        @
Alex Rodrigu@4 @08@Y@Alex Rodriguez      @IF      @     @     @                                        @
Dylan Rush  @5 @16@Y@Dylan Rush          @P/OF    @     @     @                                        @
Fernando Gal@6 @08@Y@Fernando Galarza    @IF      @     @     @                                        @
David Sutton@7 @19@Y@David Sutton        @P/OF    @     @     @                                        @
Pat Liberato@8 @16@Y@Pat Liberatore      @C       @     @     @                                        @
Lorenzo Tave@9 @08@Y@Lorenzo Taveras     @OF      @     @     @                                        @
Thomas Corti@10@08@Y@Thomas Cortijo-Cuadr@P/OF    @     @     @                                        @
Steven Mojic@11@08@Y@Steven Mojica       @IF/P    @     @     @                                        @
Matt Dougan @12@16@Y@Matt Dougan         @P/OF    @     @     @                                        @
Adrian Felic@13@08@Y@Adrian Feliciano    @OF      @     @     @                                        @
Benecio Lope@14@16@Y@Benecio Lopez       @IF/P    @     @     @                                        @
Joezer Huert@15@08@Y@Joezer Huertas      @P/OF    @     @     @                                        @
Allen Baber @16@08@Y@Allen Baber         @IF      @     @     @                                        @
Juamil Contr@18@08@Y@Juamil Contreras    @IF/C    @     @     @                                        @
Agustin Gil @19@08@Y@Agustin Gil         @IF/P    @     @     @                                        @
Dan McAteer @26@16@Y@Dan McAteer         @1B/OF   @     @     @                                        @
Rolando Lope@28@08@Y@Rolando Lopez       @P       @     @     @                                        @
