Robert Grill@1 @17@Y@Robert Grilli       @INF     @5-9  @     @                                        @
Zach Watts  @2 @19@Y@Zach Watts          @OF      @6-0  @     @                                        @
Derrick Whit@3 @16@Y@Derrick Whitney     @INF     @6-0  @     @                                        @
Tyler Strehl@5 @08@Y@Tyler Strehlow      @INF     @5-10 @     @                                        @
Jarren Adam @6 @16@Y@Jarren Adam         @RHP     @5-11 @     @                                        @
Chase Tavona@7 @08@Y@Chase Tavonatti     @RHP     @6-0  @     @                                        @
Anthony Dixo@8 @16@Y@Anthony Dixon       @RHP     @6-0  @     @                                        @
Colton Barkd@9 @16@Y@Colton Barkdull     @C       @5-11 @     @                                        @
Matt Hape   @10@16@Y@Matt Hape           @RHP     @6-4  @     @                                        @
Hunter Low  @11@08@Y@Hunter Low          @INF     @6-0  @     @                                        @
Jason Jourda@12@08@Y@Jason Jourdan       @RHP     @6-0  @     @                                        @
Jimi Dixon  @14@08@Y@Jimi Dixon          @INF/RHP @5-9  @     @                                        @
Tanner Johns@15@16@Y@Tanner Johnson      @RHP     @6-4  @     @                                        @
Kade Teter  @16@16@Y@Kade Teter          @INF/RHP @6-4  @     @                                        @
Brady Corles@18@00@Y@Brady Corless       @RHP     @6-1  @     @                                        @
Chris Bradfo@19@08@Y@Chris Bradford      @RHP     @6-0  @     @                                        @
Eric Carter @20@16@Y@Eric Carter         @RHP     @5-11 @     @                                        @
Nick Denny  @22@19@Y@Nick Denny          @LHP     @6-5  @     @                                        @
Cody Christi@23@16@Y@Cody Christianson   @C       @6-0  @     @                                        @
Nick Urban  @24@16@Y@Nick Urban          @OF      @6-2  @     @                                        @
Will Heward @25@08@Y@Will Heward         @OF      @5-11 @     @                                        @
Zach Willis @26@08@Y@Zach Willis         @C       @6-0  @     @                                        @
Caleb Summer@27@08@Y@Caleb Summerhays    @OF      @5-11 @     @                                        @
Taylor Snyde@28@08@Y@Taylor Snyder       @INF     @6-2  @     @                                        @
Cameron Cole@29@08@Y@Cameron Cole        @RHP INF @6-2  @     @                                        @
Tj Baker    @31@08@Y@Tj Baker            @RHP     @6-6  @     @                                        @
Tyler Hamilt@32@08@Y@Tyler Hamilton      @C/RHP   @6-1  @     @                                        @
Jared White @34@08@Y@Jared White         @RHP     @6-2  @     @                                        @
Jordan Hager@35@16@Y@Jordan Hager        @RHP     @6-2  @     @                                        @
Garrett Bush@42@08@Y@Garrett Bushman     @UTL     @6-2  @     @                                        @
