Joey Roig   @1 @16@Y@Joey Roig           @INF     @5'9  @165  @Gainesville                             @
Kevin Martin@2 @19@Y@Kevin Martin        @LHP     @6'0  @165  @Eagles Landing Chr. (Ga)                @
George Ragsd@3 @16@Y@George Ragsdale     @INF     @6'1  @205  @North Port/ UVA                         @
Roger Gonzal@6 @20@Y@Roger Gonzalez      @C       @5'8  @185  @Fla Christian/ U. of Miami              @
Casey Scoggi@7 @19@Y@Casey Scoggins      @OF      @5'10 @180  @Jensen Beach                            @
Chipper Andz@8 @08@Y@Chipper Andzel      @INF     @5'10 @190  @Chiles                                  @
Brady Price @10@08@Y@Brady Price         @RHP     @6'0  @190  @West Nassau                             @
Payson Smith@11@08@Y@Payson Smith        @INF     @6'2  @190  @Leon/U. of Georgia                      @
Nick Dibarto@12@16@Y@Nick Dibartolomeo   @RHP     @6'0  @185  @Hickory(Pa.)/Youngstown St.             @
Jake Reimer @14@08@Y@Jake Reimer         @RHP     @6'1  @180  @Gainesville                             @
Mike Castill@15@08@Y@Mike Castilla       @INF     @6'0  @190  @Riverdale                               @
Brady Robers@16@16@Y@Brady Roberson      @INF     @5'11 @200  @Palm Beach Central/UF                   @
Jose Batatin@18@16@Y@Jose Batatino       @RHP     @6'4  @190  @Venezuela                               @
Colby Lusign@19@17@Y@Colby Lusignan      @INF     @6'3  @215  @Eustis                                  @
Andrew Fears@21@16@Y@Andrew Fears        @OF      @6'3  @210  @Harris County (Ga.)                     @
Connor Roone@22@08@Y@Connor Rooney       @RHP     @6'3  @170  @Fernadina Beach                         @
Jeremy Graf @23@08@Y@Jeremy Graf         @RHP     @6'3  @170  @Santaluces                              @
AJ Mazzurco @24@17@Y@AJ Mazzurco         @OF      @5'8  @180  @Ocala Forest                            @
Jonathan Cam@25@16@Y@Jonathan Camp       @OF/1B   @5'11 @230  @Ft. Meade                               @
Chase Julius@27@19@Y@Chase Julius        @LHP     @6'2  @165  @Keystone Heights/Ed Waters              @
Walker Burge@28@08@Y@Walker Burgess      @RHP/1B  @6'4  @250  @North Marion                            @
Jimmy Moore @29@16@Y@Jimmy Moore         @RHP     @6'4  @195  @Westminister Chr./Indiana U.            @
Evan Barnes @31@08@Y@Evan Barnes         @C       @5'11 @190  @Santa Fe Catholic                       @
Evan Leyva  @32@16@Y@Evan Leyva          @C       @6'1  @205  @Stoneman Douglas                        @
Derek Vail  @33@16@Y@Derek Vail          @RHP     @6'4  @190  @Buchholz                                @
