David Gottem@1 @08@Y@David Gottemoller   @C/OF    @5'8  @165  @Sterling,IL                             @
Zach Rex    @2 @16@Y@Zach Rex            @1st     @6'   @290  @Eldina, IL                              @
Corbin Blean@3 @16@Y@Corbin Blean        @MIF     @5'11"@175  @Morrison, IL                            @
Cameron Copa@5 @16@Y@Cameron Copas       @C       @5'8  @170  @Inverness, FL                           @
Jacob Tegele@6 @16@Y@Jacob Tegeler       @C/1st   @5'11 @190  @Morrison                                @
Sean Ritter @7 @16@Y@Sean Ritter         @OF/MIF  @5'10 @160  @Rockford, IL                            @
Jake Randall@8 @08@Y@Jake Randall        @1st     @6'3  @195  @Canton, IL                              @
Jace Anderso@9 @08@Y@Jace Anderson       @RHP     @6'   @170  @Rockfalls, IL                           @
Nate Sharpsh@10@12@Y@Nate Sharpshair     @RHP/3rd @6'2  @205  @Canton, IL                              @
Alex Strum  @11@08@Y@Alex Strum          @RHP     @5'9  @175  @Dixon, IL                               @
Mario Pachec@12@08@Y@Mario Pacheco       @RHP     @6'2  @220  @Marana, AZ                              @
Wyatt Nale  @14@08@Y@Wyatt Nale          @MIF     @5'9  @150  @Marana, AZ                              @
Julio Sepule@16@08@Y@Julio Sepuleda      @RHP     @6'1  @165  @Puerto Rico                             @
Elvis Castil@18@16@Y@Elvis Castillo      @RHP     @6'2  @234  @Lawrence, MA                            @
Nick Panzica@19@08@Y@Nick Panzica        @MIF     @5'9  @160  @Minonk, IL                              @
Oscar Castro@20@08@Y@Oscar Castro        @C       @5'8  @185  @Tucson, AZ                              @
Drake Maltry@21@11@Y@Drake Maltry        @LHP     @6'4  @210  @Dixon, IL                               @
Dayton Geese@23@09@Y@Dayton Geesey       @MIF     @5'8  @190  @Dixon, IL                               @
Bryson Gudas@25@08@Y@Bryson Gudas        @RHP     @6'2  @185  @Tucson, AZ                              @
Eddie Nelson@28@11@Y@Eddie Nelson        @LHP     @6'1  @180  @Rockfalls, IL                           @
Chad Lopez  @29@17@Y@Chad Lopez          @OF/MIF  @5'11 @160  @Farmington, IL                          @
Nick Jehle  @30@08@Y@Nick Jehle          @C/RHP   @6'3  @205  @Elmwood, IL                             @
Joey Sulliva@34@08@Y@Joey Sullivan       @C/2nd   @5'8  @190  @Savannah, IL                            @
Angel Vega  @35@08@Y@Angel Vega          @OF/MIF  @5'9  @160  @Puerto Rico                             @
Jeremiah Joh@36@16@Y@Jeremiah Johnston   @OF/MIF  @5'8  @160  @Sterling, IL                            @
Paul Rod    @38@08@Y@Paul Rod            @C/OF    @6'   @160  @Ashton, IL                              @
Dillon Marte@39@08@Y@Dillon Martenson    @RHP     @5'11 @160  @Shabauna, IL                            @
Andrew Schav@42@16@Y@Andrew Schaver      @3rd/1st @6'2  @195  @Morrison, IL                            @
Brandon Olen@59@11@Y@Brandon Olenick     @LHP     @5'8  @160  @Moline, IL                              @
Cody Dietz  @89@08@Y@Cody Dietz          @RHP     @5'11 @220  @Rockford, IL                            @
