Casey Schoon@1 @16@Y@Casey Schoonmaker   @2B      @5'4" @140  @Colonie, NY                             @
Tyler Demers@2 @16@Y@Tyler Demers        @3B, OF  @6'1" @190  @Rotterdam, NY                           @
Alex Kocjan @3 @08@Y@Alex Kocjan         @2B, OF  @5'9" @150  @Johnstown, NY                           @
Kody Shaw   @4 @08@Y@Kody Shaw           @P       @6'2" @215  @Fort Hunter, NY                         @
Jeremy Kent @5 @08@Y@Jeremy Kent         @P, OF   @5'11"@190  @Schenectady, NY                         @
Nick McKinne@6 @16@Y@Nick McKinney       @1B      @6'2" @205  @Glens Falls, NY                         @
Andy Stuart @7 @16@Y@Andy Stuart         @P       @6'3" @185  @Scotia, NY                              @
Brenden Kill@8 @08@Y@Brenden Killian     @C, OF   @5'8" @150  @Latham, NY                              @
Gilbert Garc@10@09@Y@Gilbert Garcia      @2B      @5'10"@160  @Alice, TX                               @
Mike Anziano@11@08@Y@Mike Anziano        @SS, 3B  @5'8" @155  @Glenmont, NY                            @
Justin Holmb@13@08@Y@Justin Holmberg     @P       @6'1" @165  @Albany, NY                              @
Tom Moore   @15@08@Y@Tom Moore           @C       @5'8" @190  @                                        @
Anthony DiNo@16@08@Y@Anthony DiNofio     @2B, 3B  @5'3" @160  @Rotterdam, NY                           @
Cameron Pete@17@11@Y@Cameron Peterson    @P       @5'10"@160  @Colonie, NY                             @
Cullen Schlu@19@08@Y@Cullen Schlutow     @3B      @5'9" @185  @Colonie, NY                             @
Chase Crawfo@20@08@Y@Chase Crawford      @SS      @6'0" @160  @Niskayuna, NY                           @
Greg Kelley @21@12@Y@Greg Kelley         @C, P    @6'0" @210  @Lake Luzerne, NY                        @
Dan Nuzzi   @22@08@Y@Dan Nuzzi           @P, 3B, O@6'0" @200  @Burnt Hills, NY                         @
James Clark @23@08@Y@James Clark         @P       @6'1" @160  @Colonie, NY                             @
Kyle Mohr   @24@08@Y@Kyle Mohr           @P       @5'9" @150  @Schenectady, NY                         @
Max Dangerfi@26@08@Y@Max Dangerfield     @P, OF   @6'0" @180  @Schenectady, NY                         @
Matt Zappone@27@08@Y@Matt Zappone        @P, OF   @5'11"@170  @Latham, NY                              @
Nico Church @33@08@Y@Nico Church         @OF      @6'4" @190  @Voorheesville, NY                       @
