Kelvin Perez@1 @08@Y@Kelvin Perez        @INF     @6'2" @175  @San Juan, Puerto Rico                   @
Ryan Jackson@2 @08@Y@Ryan Jackson        @OF      @6'0" @195  @Spring, Texas                           @
Eric Peterso@3 @08@Y@Eric Peterson       @OF      @5'10"@170  @Lake Charles, Louisiana                 @
Jeremy Lanct@4 @08@Y@Jeremy Lanctot      @C       @5'11"@205  @Quebec, Canada                          @
Gustavo Esco@5 @08@Y@Gustavo Escobar     @OF/RHP  @6'0" @195  @Yukon, Oklahoma                         @
T.J. Turner @6 @16@Y@T.J. Turner         @OF      @5'9" @170  @Lawton, Oklahoma                        @
Dylan Helms @7 @16@Y@Dylan Helms         @OF      @6'0" @190  @Eufaula, Oklahoma                       @
Pierce Edwar@8 @11@Y@Pierce Edwards      @LHP/OF  @6'0" @175  @Allen, Texas                            @
Joel Davis  @9 @09@Y@Joel Davis          @INF     @6'3" @195  @Midwest City, Oklahoma                  @
Alex Polston@10@16@Y@Alex Polston        @INF     @6'0" @185  @Midwest City, Oklahoma                  @
Greg Bruno  @11@16@Y@Greg Bruno          @OF      @6'4" @200  @Midwest City, Oklahoma                  @
Kade Davis  @12@08@Y@Kade Davis          @INF     @5'9" @170  @Seminole, Oklahoma                      @
Brandon Cudd@13@19@Y@Brandon Cuddy       @1B/OF   @6'1" @215  @Tulsa, Oklahoma                         @
Daniel Spell@14@12@Y@Daniel Spells       @OF      @6'0" @200  @Round Rock, Texas                       @
Beau Oliver @16@08@Y@Beau Oliver         @RHP     @6'0" @205  @Blanchard, Oklahoma                     @
Lane Smith  @17@11@Y@Lane Smith          @OF      @6'0" @210  @Chickasha, Oklahoma                     @
Barrett Newe@18@08@Y@Barrett Newell      @C       @5'11"@175  @Lookeba, Oklahoma                       @
Phil Craig-S@19@17@Y@Phil Craig-St.Louis @INF     @6'0" @195  @Quebec, Canada                          @
Jordan Watso@20@19@Y@Jordan Watson       @LHP     @6'0" @185  @Oklahoma City, Oklahoma                 @
Dylan Fazeka@21@08@Y@Dylan Fazekas       @RHP/INF @6'3" @215  @Red Oak, Oklahoma                       @
Joe Dell Wil@22@08@Y@Joe Dell Williams   @RHP     @6'0" @175  @Henrietta, Texas                        @
Charles Guil@23@08@Y@Charles Guillory    @C       @6'2" @215  @Port Arthur, Texas                      @
Jacob Bogges@24@08@Y@Jacob Boggess       @RHP     @6'3" @220  @Piedmont, Oklahoma                      @
Shawn Hunter@25@19@Y@Shawn Hunter        @LHP     @5'11"@180  @Ft. Supply, Oklahoma                    @
Cole Sharp  @26@08@Y@Cole Sharp          @INF     @6'1" @195  @Tuttle, Oklahoma                        @
Logan Michae@27@08@Y@Logan Michaels      @RHP     @6'2" @205  @Lucas, Texas                            @
Makenzy Lars@28@09@Y@Makenzy Larsen      @RHP     @6'5" @170  @Texarkana, Oklahoma                     @
Andrew Bryan@29@16@Y@Andrew Bryan        @C/RHP   @5'10"@200  @Lake Charles, Louisiana                 @
Cody McGill @30@08@Y@Cody McGill         @RHP     @6'2" @210  @Owasso, Oklahoma                        @
Seth Petter @32@08@Y@Seth Petter         @OF      @6'1" @200  @Conroe, Texas                           @
Isaac Hellbu@33@16@Y@Isaac Hellbusch     @INF     @6'3" @210  @Edmond, Oklahoma                        @
Ty Boland   @34@11@Y@Ty Boland           @LHP/1B  @6'0" @195  @Montgomery, Texas                       @
Isaac Friese@35@08@Y@Isaac Friesen       @RHP     @6'1" @180  @Louisville, Colorado                    @
Chris Sauve-@36@11@Y@Chris Sauve-Gebhardt@LHP     @6'0" @190  @Quebec, Canada                          @
Daniel Proco@37@08@Y@Daniel Procopio     @RHP     @5'11"@200  @Toronto, Canada                         @
Phil Graham @42@08@Y@Phil Graham         @RHP     @6'3" @185  @Quebec, Canada                          @
Hunter Heath@44@11@Y@Hunter Heath        @OF      @6'1" @185  @Bethel Acres, Oklahoma                  @
