Bryson Allen@1 @16@Y@Bryson Allen        @OF      @5'7  @150  @Mineral Wells, Texas                    @
Alex White  @2 @08@Y@Alex White          @INF     @5'8  @160  @Colorado Springs, Colorado              @
Austin King @3 @18@Y@Austin King         @LHP     @6'0  @160  @Canyon, Texas                           @
Brent Bezio @4 @17@Y@Brent Bezio         @RHP     @6'1  @180  @Mineral Wells, Texas                    @
JB Olson    @5 @09@Y@JB Olson            @RHP     @6'2  @180  @Plano, Texas                            @
Derrick Vale@6 @16@Y@Derrick Valenzuela  @RHP     @5'10 @175  @Dumas, Texas                            @
Brandon Urqu@7 @08@Y@Brandon Urquizo     @OF      @6'1  @175  @Vernon, Texas                           @
Bret Lewis  @8 @16@Y@Bret Lewis          @Util    @6'1  @180  @Burkburnett, Texas                      @
Connor Smith@9 @08@Y@Connor Smith        @C       @6'0  @190  @Dallas, Texas                           @
Tanner Thomp@10@08@Y@Tanner Thompson     @INF/RHP @6'1  @170  @Parker, Colorado                        @
Reed Thompso@11@17@Y@Reed Thompson       @OF      @6'1  @185  @Cheyenne, Wyoming                       @
Chad Kennedy@12@08@Y@Chad Kennedy        @Util.   @5'10 @180  @Hooker, Oklahoma                        @
Grant Glaze @13@08@Y@Grant Glaze         @RHP     @6'6  @215  @Canyon, Texas                           @
Keenan Hall @14@16@Y@Keenan Hall         @RHP     @6'4  @150  @Eaton, Colorado                         @
Hudson Bilod@15@09@Y@Hudson Bilodeau     @C       @6'0  @165  @Amarillo, Texas                         @
Jake Fuller @16@16@Y@Jake Fuller         @INF     @6'0  @180  @Littleton, Colorado                     @
Brent Willia@17@08@Y@Brent Williams      @1B/C    @6'3  @180  @Colorado Springs, Colorado              @
Blake Estep @18@20@Y@Blake Estep         @INF/RHP @6'2  @170  @Choctow, Oklahoma                       @
Kevin Connol@19@08@Y@Kevin Connolly      @OF      @6'2  @200  @Omaha, Nebraska                         @
Brandon Rix @20@08@Y@Brandon Rix         @INF     @6'0  @205  @Canon City, Colorada                    @
Hayden Killa@21@16@Y@Hayden Killam       @OF      @6'1  @190  @Stillwater, Oklahoma                    @
Ryan McCutch@22@08@Y@Ryan McCutcheon     @RHP     @6'3  @185  @Kiefer, Oklahoma                        @
Jordan Leinw@23@19@Y@Jordan Leinweber    @OF      @5'11 @185  @Castle Rock, Colorado                   @
Adam Guay   @24@16@Y@Adam Guay           @RHP     @6'4  @200  @Carrolton, Texas                        @
Chris Jurace@26@08@Y@Chris Juracek       @RHP     @6'5  @225  @Denver, Colorado                        @
Max Lusk    @27@16@Y@Max Lusk            @1B/OF   @6'0  @185  @Borger, Texas                           @
Mason Marsha@28@16@Y@Mason Marshall      @C       @6'0  @190  @Lookeba, Oklahoma                       @
John Solberg@31@09@Y@John Solberg        @INF     @5'10 @165  @Peyton, Colorado                        @
Rowdy Sheets@32@11@Y@Rowdy Sheets        @LHP     @6'0  @180  @Highlands Ranch, Colorado               @
Thomas Garla@33@08@Y@Thomas Garland      @RHP     @5'9  @145  @Canyon, Texas                           @
Nolan McCutc@34@11@Y@Nolan McCutcheon    @LHP     @6'3  @185  @Kiefer, Oklahoma                        @
Pete Macke  @35@11@Y@Pete Macke          @LHP     @6'4  @190  @Omaha, Nebraska                         @
Antonio Dora@36@08@Y@Antonio Dorado      @OF      @6'0  @190  @Barranquilla, Colombia                  @
Chase Barber@37@08@Y@Chase Barber        @Util.   @6'0  @185  @Bixby, Oklahoma                         @
