Blake Wiggs @2 @17@Y@Blake Wiggs         @Inf     @5'8  @173  @Cobden, Il                              @
Brent Gofort@3 @16@Y@Brent Goforth       @Inf     @5'10 @168  @Anna, Il                                @
Alex McRaven@4 @08@Y@Alex McRaven        @Inf     @5'8  @162  @Anna, Il                                @
Jacob Dobbel@5 @16@Y@Jacob Dobbelare     @Inf/P   @6'8  @248  @Perryville, Mo                          @
Ethan Browni@6 @16@Y@Ethan Browning      @Of/P    @6'1  @207  @Charelston, Mo                          @
Daniel Allen@7 @16@Y@Daniel Allen        @Inf     @5'11 @165  @Carterville, Il                         @
Alex Case   @8 @16@Y@Alex Case           @P       @5,8  @172  @Wickliffe, Ky                           @
Kyle James  @9 @08@Y@Kyle James          @Inf     @6'3  @208  @Jackson, Mo                             @
Brad Potts  @10@08@Y@Brad Potts          @P       @6,2  @177  @Dexter, Mo                              @
Nate Webb   @12@16@Y@Nate Webb           @OF      @6'2  @196  @Goreville, Il                           @
Hayden Marks@13@16@Y@Hayden Marks        @P       @5'8  @175  @Madisonville, Ky                        @
Dalton Baker@15@08@Y@Dalton Baker        @OF      @6'1  @175  @Anna, Il                                @
Gavyn Ellet @16@11@Y@Gavyn Ellet         @Inf/P   @6'0  @219  @Wolf Lake, Il                           @
Brent Taylor@17@16@Y@Brent Taylor        @C       @5'10 @162  @Anna, Il                                @
Cody Gilbert@18@11@Y@Cody Gilbert        @OF      @6'2  @162  @Ledbetter, Ky                           @
Andrew Lives@19@16@Y@Andrew Livesay      @Inf     @6'2  @172  @Wolf Lake, Il                           @
Dalton Golig@21@16@Y@Dalton Golightly    @Inf/P   @6'1  @180  @E. Prairie, Mo                          @
Jared Anthis@22@16@Y@Jared Anthis        @P       @6'2  @170  @Mt. Vernon, Il                          @
Travis Smith@23@16@Y@Travis Smith        @OF/P    @6'1  @195  @Anna, Il                                @
Caleb Crim  @24@19@Y@Caleb Crim          @OF/P    @5'7  @194  @Metropolis,Il                           @
Davis Orange@25@16@Y@Davis Orange        @C       @5'11 @205  @Jackson, Tn                             @
Pete Plesko @26@16@Y@Pete Plesko         @OF      @6'0  @175  @Anna, Il                                @
Cody Harris @29@08@Y@Cody Harris         @Inf     @6'2  @225  @Jackson, Mo                             @
Seth English@30@11@Y@Seth English        @Inf/P   @6"1  @270  @Melber, Ky                              @
