SLAYTON THOM@1 @17@Y@SLAYTON THOMPSON    @OF/RHP  @5' 11@160  @NORTHPORT, AL                           @
CODY RUSH   @2 @16@Y@CODY RUSH           @IN      @5' 9 @170  @CLAY, AL                                @
TYLER GATES @3 @08@Y@TYLER GATES         @RHP     @6' 1 @195  @NORTHPORT, AL                           @
CALEB BEECH @4 @08@Y@CALEB BEECH         @IN/RHP  @6' 4 @215  @CHATOM, AL                              @
GRAYSON JONE@5 @08@Y@GRAYSON JONES       @RHP     @6' 1 @220  @TRUSSVILLE, AL                          @
MICHAEL POWE@6 @11@Y@MICHAEL POWERS      @OF      @5' 8 @170  @HOOVER, AL                              @
JUSTIN CANTR@7 @08@Y@JUSTIN CANTRELL     @IN      @6' 2 @195  @TUSCUMBIA, AL                           @
CLAY THOMAS @8 @08@Y@CLAY THOMAS         @OF      @5' 9 @175  @NORTHPORT, AL                           @
BLAKE SMITH @9 @08@Y@BLAKE SMITH         @UTL/RHP @6' 0 @195  @FORT PAYNE, AL                          @
WINDHAM JACK@10@16@Y@WINDHAM JACKSON     @OF/RHP  @6' 0 @170  @JACKSON, AL                             @
DILLON WILLI@11@19@Y@DILLON WILLIAMS     @LHP     @5' 10@190  @TUSCALOOSA, AL                          @
STEPHEN BAGG@12@18@Y@STEPHEN BAGGETT     @LHP     @6' 1 @215  @HOMEWOOD, AL                            @
RYAN WARE   @13@08@Y@RYAN WARE           @OF      @5' 8 @175  @MUSCLE SHOALS, AL                       @
COLLIN JOLLY@14@08@Y@COLLIN JOLLY        @IN/RHP  @6' 0 @180  @COKER, AL                               @
BRIER DANIEL@15@11@Y@BRIER DANIEL        @1B/LHP  @5' 9 @220  @COLLINWOOD, TN                          @
LANDON STEPH@16@08@Y@LANDON STEPHENS     @OF      @5' 9 @170  @TANNER, AL                              @
MAJOR HALEY @17@12@Y@MAJOR HALEY         @INF     @5' 9 @180  @HOOVER,AL                               @
JOSH CAMPBEL@18@08@Y@JOSH CAMPBELL       @OF      @6' 0 @170  @HOOVER,AL                               @
KAINEN SULLI@20@08@Y@KAINEN SULLIVAN     @INF     @5' 10@170  @GORDO, AL                               @
PARKER BARTO@21@08@Y@PARKER BARTON       @C       @5' 11@190  @TUSCALOOSA,AL                           @
KYLE ANDREWS@22@08@Y@KYLE ANDREWS        @INF     @6' 3 @170  @TUSCALOOSA,AL                           @
BENNETTE HIL@23@16@Y@BENNETTE HILL       @INF     @6' 0 @185  @MEMPHIS,TN                              @
TANNER SKELT@24@08@Y@TANNER SKELTON      @RHP     @6' 3 @205  @GORDO, AL                               @
BRAD PHILLIP@25@08@Y@BRAD PHILLIPS       @RHP     @6' 2 @190  @TUSCALOOSA,AL                           @
KEVIN USSELM@26@09@Y@KEVIN USSELMAN      @INF/C   @6'0  @190  @SAN DIEGO,CA                            @
JOSH LOVELAD@27@16@Y@JOSH LOVELADY       @C       @6' 0 @200  @PRATTVILLE,AL                           @
GABE GUNTER @28@08@Y@GABE GUNTER         @RHP     @6' 5 @240  @ANDALUSIA,AL                            @
MAX SADLER  @29@08@Y@MAX SADLER          @C       @6' 3 @210  @HALEYVILLE,AL                           @
TANNER CUNNI@43@08@Y@TANNER CUNNINGHAM   @RHP     @5' 11@165  @BIRMINGHAM,AL                           @
ALEX SCOTT  @44@08@Y@ALEX SCOTT          @RHP     @5' 11@170  @HUEYTOWN, AL                            @
