David Haley @1 @09@Y@David Haley         @INF     @6'0  @160  @Cincinnati, Ohio                        @
Titus Montgo@2 @19@Y@Titus Montgomery    @OF      @5'8  @170  @Springfield, Ohio                       @
Quentin Urba@4 @17@Y@Quentin Urban       @OF      @5'9  @190  @Omaha, Nebraska                         @
Alonso Palac@5 @08@Y@Alonso Palacios     @INF     @5'9  @180  @Mesa, Arizona                           @
Mark Carpent@6 @16@Y@Mark Carpenter      @UTL     @5'9  @180  @Dayton, OH                              @
Josh Shea   @7 @19@Y@Josh Shea           @LHP     @5'10 @190  @Huber Heights, Ohio                     @
Andrew Holde@9 @08@Y@Andrew Holderman    @C/OF    @5'10 @175  @Eaton, Ohio                             @
Mitch Roman @10@08@Y@Mitch Roman         @INF     @6'0  @175  @Fishers, Indiana                        @
Ben Herlihy @11@16@Y@Ben Herlihy         @INF     @5'9  @170  @Centerville, Ohio                       @
Alex Young  @12@08@Y@Alex Young          @OF      @6'3  @170  @Bloomingdale, Ohio                      @
Bryan Murphy@13@16@Y@Bryan Murphy        @RHP     @5'10 @165  @Englewood, Ohio                         @
Mason Bach  @14@16@Y@Mason Bach          @RHP     @6'0  @185  @Beavercreek, Ohio                       @
Lance Strale@15@16@Y@Lance Straley       @C       @6'1  @230  @Vandalia, Ohio                          @
Mason Aelker@16@11@Y@Mason Aelker        @LHP     @6'3  @210  @Defiance, Ohio                          @
Carlos Pena @18@16@Y@Carlos Pena         @RHP     @6'5  @255  @Dominican Republic                      @
Mitch Asman @19@08@Y@Mitch Asman         @RHP     @5'11 @185  @Cincinnati, Ohio                        @
Eric Hansman@20@08@Y@Eric Hansman        @OF/1B   @6'1  @180  @Vandalia, Ohio                          @
Zac Edwards @21@16@Y@Zac Edwards         @RHP     @6'0  @180  @Hudson, Ohio                            @
Pat Boyle   @22@19@Y@Pat Boyle           @LHP     @6'4  @185  @Farmersville, Ohio                      @
Connor Combs@23@09@Y@Connor Combs        @1B/3B   @6'3  @205  @Waynesville, Ohio                       @
Taylor Huebn@24@17@Y@Taylor Huebner      @3B/OF   @6'0  @200  @Piqua, Ohio                             @
Adante Warre@26@08@Y@Adante Warren       @RHP     @6'1  @170  @Napoleon, Ohio                          @
Pete Ballard@27@09@Y@Pete Ballard        @1B      @5'11 @200  @Waynesville, Ohio                       @
Jimmy White @28@09@Y@Jimmy White         @OF      @5'11 @215  @Cincinnati, Ohio                        @
Austin Eads @32@08@Y@Austin Eads         @RHP     @6'1  @180  @Aledo, Texas                            @
Anderson Has@33@08@Y@Anderson Hasting    @RHP     @6'0  @195  @Plain City, Ohio                        @
Keenan Carte@35@08@Y@Keenan Carter       @C       @5'11 @200  @Eaton, Ohio                             @
Nathan Helke@38@17@Y@Nathan Helke        @RHP     @6'6  @280  @Troy, Ohio                              @
Drew Murray @42@16@Y@Drew Murray         @RHP     @6'1  @200  @Somerset, Ohio                          @
Carlos Merla@44@16@Y@Carlos Merlano      @RHP     @6'1  @215  @Cartagena, Columbia                     @
Pat McGuff  @55@17@Y@Pat McGuff          @RHP     @6'1  @200  @Hamilton, Ohio                          @
