Jared Brinso@1 @16@Y@Jared Brinson       @INF     @5'8" @168  @Madison,Al.                             @
Cameron Sand@2 @17@Y@Cameron Sanders     @OF      @5'11"@173  @Gordo,Al                                @
Zach Barron @3 @12@Y@Zach Barron         @INF     @5'9" @178  @Woodland,Al                             @
Tanner Gardn@4 @16@Y@Tanner Gardner      @INF     @5'11"@170  @Oxford,Al                               @
Deric Boone @6 @12@Y@Deric Boone         @INF     @5'11"@165  @Atlanta,Ga                              @
Randy Loew  @7 @16@Y@Randy Loew          @INF     @6'2" @185  @Social Circle,Ga                        @
Chris Daniel@8 @17@Y@Chris Daniel        @INF     @5'10"@192  @Guntersville,Al                         @
Brandon Weav@9 @16@Y@Brandon Weaver      @C       @6'0  @200  @Sylvester,Ga                            @
Casey Moody @10@16@Y@Casey Moody         @INF/P   @6'2" @205  @Williamson,Ga                           @
Matt Kelley @11@19@Y@Matt Kelley         @P       @5'11"@150  @Hampton,Ga                              @
Kenny Finley@12@08@Y@Kenny Finley        @INF     @5'8" @185  @Coconut Creek,FL                        @
Jayme Dewber@15@19@Y@Jayme Dewberry      @OF/P    @6'0" @165  @Alexander City,Al                       @
Parker Cash @17@11@Y@Parker Cash         @OF/P    @6'0  @181  @Glasgow,KY                              @
Will Skaggs @18@08@Y@Will Skaggs         @INF     @6'4" @181  @Birmingham,AL                           @
Joey Denison@19@08@Y@Joey Denison        @INF     @6'0  @200  @Troy,AL                                 @
William Aust@20@16@Y@William Austin      @OF      @5'11 @192  @Savannah,GA                             @
Anthony Fost@21@08@Y@Anthony Foster      @OF      @5'11 @160  @Roanoke,Al                              @
Charles Smit@22@08@Y@Charles Smith       @OF      @6'0  @190  @Childersburg,Al                         @
Lawson Stewa@23@17@Y@Lawson Stewart      @P       @6'0  @180  @Troy,Al                                 @
Tony Holton @24@16@Y@Tony Holton         @OF      @6'3  @205  @Statham,Ga                              @
Luis Barros @26@08@Y@Luis Barros         @P       @6'0  @192  @Acworth,Ga                              @
Addison Wall@27@16@Y@Addison Waller      @INF     @6'3  @215  @Spanish Fort,Al                         @
Spencer Lewi@28@08@Y@Spencer Lewis       @INF     @5'11 @158  @Carrollton,Ga                           @
Thomas Waldi@29@11@Y@Thomas Walding      @OF      @6'0  @186  @Ariton,Al                               @
Tripp Blackm@31@11@Y@Tripp Blackmon      @P       @6'0  @165  @Troy,Al                                 @
Matthew Brem@32@11@Y@Matthew Brembs      @P       @5'8  @171  @Yonkers,NY                              @
Price Peters@33@08@Y@Price Peters        @C       @6'5  @225  @Lagrange,Ga                             @
Tanner Knowl@34@08@Y@Tanner Knowles      @INF     @5'7  @156  @PhenixCity,Al                           @
Edward Wille@35@16@Y@Edward Willemse     @P       @6'4  @171  @Duluth,Ga                               @
John Peterso@36@16@Y@John Peterson       @P       @6'2  @188  @Daphne,Al                               @
Logan Doss  @37@11@Y@Logan Doss          @P       @5'11 @183  @Alexandria,Al                           @
Jordan Frida@38@16@Y@Jordan Friday       @P       @6'1  @195  @Prattville,Al                           @
Hamilton Hol@39@08@Y@Hamilton Holmes     @P       @6'2  @221  @Atlanta,Ga                              @
Charles Tayl@40@16@Y@Charles Taylor      @P       @6'1  @218  @Atlanta,Ga                              @
Luke Henders@42@11@Y@Luke Henderson      @P       @6'3  @250  @Auburn,Ga                               @
Charles Hill@43@08@Y@Charles Hill        @OF      @5'11 @200  @Huntsville,Al                           @
Dylan Tomlin@44@09@Y@Dylan Tomlin        @C       @6'2  @198  @Phenix City, Al                         @
