Anthony Durr@1 @16@Y@Anthony Durr        @IF      @5' 11@175  @McComb, MS                              @
Austin Knigh@2 @16@Y@Austin Knight       @IF      @5' 11@170  @Sumrall, MS                             @
Brady Badon @3 @08@Y@Brady Badon         @RHP     @6' 1"@175  @Summit, MS                              @
Logan Ferrel@4 @16@Y@Logan Ferrell       @IF      @5' 9"@165  @Purvis, MS                              @
Sam Richard @5 @08@Y@Sam Richard         @P/IF    @6'   @175  @Ridgeland, MS                           @
Tyler Towles@6 @08@Y@Tyler Towles        @C       @6' 3"@185  @Centreville, MS                         @
Andrew Hulbe@7 @19@Y@Andrew Hulbert      @OF      @5' 9"@170  @Ridgeland, MS                           @
Jade Whitten@8 @11@Y@Jade Whitten        @LHP     @6' 1"@160  @Poplarville, MS                         @
Payden Lynch@9 @16@Y@Payden Lynch        @P/OF    @6' 3"@205  @Covington, LA                           @
Cliff Hurst @10@08@Y@Cliff Hurst         @P/IF    @5' 11@225  @Clinton, LA                             @
Jared Simon @11@19@Y@Jared Simon         @LHP     @5' 10@150  @Gulfport, MS                            @
Zach Jones  @12@16@Y@Zach Jones          @OF      @5' 9"@160  @Sumrall, MS                             @
Jacob Savoy @13@08@Y@Jacob Savoy         @P/IF    @6' 3"@180  @Springfield, LA                         @
Cole Guyton @15@09@Y@Cole Guyton         @IF      @5' 8"@180  @Madison, MS                             @
Shane McKinl@17@19@Y@Shane McKinley      @LHP     @5' 9"@180  @Tylertown, MS                           @
Trey Wynn   @19@09@Y@Trey Wynn           @OF      @5' 11@180  @Picayune, MS                            @
Trent Gordy @20@09@Y@Trent Gordy         @C       @6'   @210  @Canton, MS                              @
Patric Devli@21@16@Y@Patric Devlin       @OF      @5' 11@165  @Long Beach, MS                          @
Kendric Hodg@23@17@Y@Kendric Hodges      @IF      @6' 2"@240  @Magnolia, MS                            @
Chase Ladd  @24@16@Y@Chase Ladd          @RHP     @6' 6"@180  @Vicksburg, MS                           @
Austin White@25@11@Y@Austin White        @LHP     @6' 1"@220  @Magee, MS                               @
Jason Milton@26@16@Y@Jason Milton        @RHP     @6' 2"@205  @Kentwood, LA                            @
Jordan McCaf@27@11@Y@Jordan McCaffrey    @LHP     @5' 11@200  @Monticello, MS                          @
Matt Fountai@28@08@Y@Matt Fountain       @C       @6' 2"@230  @Slidell, LA                             @
Jesse Travis@29@16@Y@Jesse Travis        @RHP     @6' 7"@235  @Magnolia, MS                            @
Caleb Crumpl@30@11@Y@Caleb Crumpler      @LHP     @5' 10@160  @Picayune, MS                            @
J. D. Stocks@32@16@Y@J. D. Stockstill    @RHP     @6'   @170  @Picayune, MS                            @
Collin Carro@33@16@Y@Collin Carroll      @IF      @6' 3"@210  @Ridgeland, MS                           @
