Josh Townsen@1 @16@Y@Josh Townsend       @UT      @5'6  @160  @St. Pete, FL                            @
Richard Trot@2 @08@Y@Richard Trotter     @INF     @6'1  @170  @Ft. Lauderdale, FL                      @
Dalton Scarb@3 @08@Y@Dalton Scarborough  @RHP/C/3B@5''10@175  @Haines City, FL                         @
Harrison McC@4 @08@Y@Harrison McClure    @RHP/INF @6'1  @170  @Atlanta, GA                             @
Damian Boyum@5 @16@Y@Damian Boyum        @INF/OF  @5'10 @170  @Boca Raton, FL                          @
Isaiah Dean @6 @12@Y@Isaiah Dean         @INF     @5'8  @155  @Atlanta, FA                             @
Chris Kazen @7 @08@Y@Chris Kazen         @INF     @5'10 @180  @Vero Beach, FL                          @
Austin Johns@8 @16@Y@Austin Johnson      @OF      @5'10 @200  @Seattle, WA                             @
Brad Burdett@9 @11@Y@Brad Burdett        @LHP     @6'0  @160  @Jacksonville, FL                        @
Zach Osha   @10@16@Y@Zach Osha           @RHP     @6'0  @205  @Sebring, FL                             @
Rodney Forbe@11@08@Y@Rodney Forbes       @OF      @6'2  @175  @Brandon, FL                             @
Justin Tedde@12@19@Y@Justin Tedder       @LHP/INF/@5'10 @185  @St. Pete, FL                            @
Jorge Flores@13@08@Y@Jorge Flores        @C       @6'0  @200  @Brandon, FL                             @
Esaul Hernan@14@08@Y@Esaul Hernandez     @C       @5'10 @170  @Lake Wales, FL                          @
Taylor Layne@15@19@Y@Taylor Layner       @LHP/OF  @5'7  @180  @St. Pete, FL                            @
Tyler Bender@16@17@Y@Tyler Bender        @RHP/OF  @6'1  @175  @Cape Coral, FL                          @
Pablo Rubio @18@08@Y@Pablo Rubio         @RHP     @6'3  @185  @Coral Gables, FL                        @
Juan Terron @19@08@Y@Juan Terron         @RHP     @5'11 @175  @Brandon, FL                             @
Zach Bailey @20@16@Y@Zach Bailey         @RHP     @6'2  @190  @Ft. Myers, FL                           @
Austin Bingh@21@08@Y@Austin Bingham      @RHP/INF @5'11 @185  @Sarasota, FL                            @
Kyle Cunning@23@16@Y@Kyle Cunningham     @RHP     @5'11 @175  @Sebring, FL                             @
Jose Munoz-R@24@11@Y@Jose Munoz-Rivera   @LHP     @6'3  @205  @Brandon, FL                             @
Tyler Knowle@25@08@Y@Tyler Knowles       @RHP     @6'1  @205  @Punta Gorda, FL                         @
