Jalen Benjam@1 @08@Y@Jalen Benjamin      @Infld   @5'11"@215  @                                        @
Raymond Lee @3 @08@Y@Raymond Lee         @Infld   @5'10"@170  @                                        @
Tyler Tew   @4 @19@Y@Tyler Tew           @OF      @5'10"@165  @                                        @
Jehneil Hous@6 @08@Y@Jehneil House       @Infld   @5'10"@185  @                                        @
Jared Carver@8 @17@Y@Jared Carver        @C       @6'2" @230  @                                        @
Nick Addona @9 @17@Y@Nick Addona         @Infld   @5'5" @210  @                                        @
Kessler Sorr@10@08@Y@Kessler Sorrell     @RHP     @6'0" @175  @                                        @
Jacob Long  @11@08@Y@Jacob Long          @OF      @5'11"@185  @                                        @
Lane Culliph@14@09@Y@Lane Cullipher      @Infld   @5'10"@205  @                                        @
Justin White@16@16@Y@Justin White        @RHP     @6'2" @210  @                                        @
Bryant Staff@17@19@Y@Bryant Stafford     @LHP     @5'11"@185  @                                        @
Tyler Kilgus@18@08@Y@Tyler Kilgus        @RHP     @6'3" @205  @                                        @
Garrison Roy@19@19@Y@Garrison Roy        @LHP     @5'11"@175  @                                        @
Blaze Tanner@20@08@Y@Blaze Tanner        @RHP     @5'11"@175  @                                        @
Houston Barn@21@08@Y@Houston Barnes      @Infld   @6'1" @225  @                                        @
Zach Brown  @22@16@Y@Zach Brown          @Infld   @6'2" @205  @                                        @
Grayson Bull@23@11@Y@Grayson Bullock     @LHP     @5'11"@170  @                                        @
Gray Dixon  @26@19@Y@Gray Dixon          @OF      @5'11"@185  @                                        @
Landon Stein@27@08@Y@Landon Steiner      @Infld   @6'3" @230  @                                        @
Justin Barbo@28@16@Y@Justin Barbour      @C       @5'11"@185  @                                        @
Colton Barnh@29@16@Y@Colton Barnhill     @Infld   @6'1" @205  @                                        @
Seth Andres @30@08@Y@Seth Andres         @RHP     @6'0" @215  @                                        @
Kent Smith  @31@08@Y@Kent Smith          @C       @5'11"@175  @                                        @
Stephen Russ@37@08@Y@Stephen Russell     @Infld   @5'10 @185  @                                        @
Richard Wisn@38@08@Y@Richard Wisnowski   @OF      @6'1" @230  @                                        @
Larry White @40@08@Y@Larry White         @RHP     @6'2" @230  @                                        @
Dylan Puchal@43@08@Y@Dylan Puchalski     @Infld   @6'1" @210  @                                        @
CJ Harris   @47@16@Y@CJ Harris           @RHP     @6'0" @185  @                                        @
