Alessio Pena@0 @16@Y@Alessio Pena        @IF      @5'9  @170  @St Cloud, FL                            @
Eric Bueno  @1 @08@Y@Eric Bueno          @OF      @5'9  @170  @Bronx, NY                               @
Ethan Westph@2 @09@Y@Ethan Westphal      @RHP     @5'11 @170  @Winterset, IA                           @
Drew Feuerba@4 @16@Y@Drew Feuerbach      @OF      @6'0  @190  @Omaha, NE                               @
Jason Robert@5 @08@Y@Jason Roberts       @RHP     @6'2  @190  @Alton, IL                               @
Landon Camp @7 @08@Y@Landon Camp         @RHP     @6'2  @180  @Winterset, IA                           @
Sawyer Ochel@9 @16@Y@Sawyer Ocheltree    @IF      @6'3  @200  @Casey, IA                               @
Ty Porterfie@10@08@Y@Ty Porterfield      @C       @5'10 @180  @Arvada, CO                              @
Devan Wicks @12@12@Y@Devan Wicks         @IF      @5'11 @180  @Des Moines, IA                          @
Tyler Engelh@14@11@Y@Tyler Engelhardt    @LHP     @5'11 @190  @Ankeny, IA                              @
TJ Foster   @15@08@Y@TJ Foster           @RHP     @6'5  @190  @Martensdale, IA                         @
Wyatt Borkow@16@08@Y@Wyatt Borkowski     @UT      @6'2  @170  @Indianola, IA                           @
Aaron Hixson@19@16@Y@Aaron Hixson        @IF      @5'10 @160  @Omaha, NE                               @
Zeb Noel    @20@16@Y@Zeb Noel            @RHP     @6'2  @200  @Martensdale, IA                         @
Alex Lawson @23@16@Y@Alex Lawson         @RHP     @6'0  @180  @Easton, PA                              @
Blake Esbeck@24@08@Y@Blake Esbeck        @UT      @6'0  @150  @Atlantic, IA                            @
Justin Euban@25@11@Y@Justin Eubanks      @LHP     @6'2  @210  @Smithville, IA                          @
Matt Mayden @27@08@Y@Matt Mayden         @C       @5'10 @200  @Warrensburg, MO                         @
Gaige Thomps@30@08@Y@Gaige Thompson      @RHP     @6'1  @165  @Pleasant Hill, IA                       @
Karlin Palid@32@08@Y@Karlin Palidwor     @RHP     @6'2  @200  @Winnipeg, Manitoba                      @
Zach Anderso@33@08@Y@Zach Anderson       @UT      @6'0  @200  @Kansas City, MO                         @
Chris Heusti@34@08@Y@Chris Heustis       @C       @6'1  @190  @Kansas City, MO                         @
Ian Dyer    @35@08@Y@Ian Dyer            @RHP     @6'1  @190  @Arvada, CO                              @
Parker Magne@42@11@Y@Parker Magneson     @LHP     @5'9  @160  @Urbandale, IA                           @
Gage Gavin  @45@08@Y@Gage Gavin          @IF      @5'10 @180  @Martensdale, IA                         @
