Dimitri Vill@1 @16@Y@Dimitri Villanueva  @IF      @5'7" @165  @Corpus Christi, TX                      @
Ryan Bell   @2 @08@Y@Ryan Bell           @IF/OF   @5'11"@180  @Hohenwald, TN                           @
Corbin Carte@3 @16@Y@Corbin Carter       @P       @5'10"@165  @Memphis, TN                             @
Jacob Johnso@4 @08@Y@Jacob Johnson       @P       @5'11"@175  @Bartlett, TN                            @
Cade Smith  @5 @08@Y@Cade Smith          @OF      @5'5" @170  @Savannah, TN                            @
Josh Cedeno @6 @16@Y@Josh Cedeno         @C       @5'7" @180  @Miami, FL                               @
Logan Shemwe@7 @16@Y@Logan Shemwell      @IF      @5'10"@165  @Oakland, TN                             @
Chad Collins@8 @08@Y@Chad Collins        @P       @6'6" @185  @Memphis, TN                             @
Justin Kemp @9 @16@Y@Justin Kemp         @P       @6'1" @190  @Germantown, TN                          @
Zack Buzzard@10@16@Y@Zack Buzzard        @P       @5'10"@175  @Memphis, TN                             @
Vince Hoyt  @11@08@Y@Vince Hoyt          @1B/3B   @6'0" @190  @Holly Springs, MS                       @
Evan Fantom @12@08@Y@Evan Fantom         @P       @5'6" @140  @Arlington, TN                           @
Michael Hall@14@08@Y@Michael Halley      @IF      @5'10"@170  @Memphis, TN                             @
Mason Castil@15@08@Y@Mason Castile       @IF      @5'10"@165  @Killen, AL                              @
Conor Lindse@16@08@Y@Conor Lindsey       @P/3B    @6'0" @210  @Olive Branch, MS                        @
Caleb Armour@17@08@Y@Caleb Armour        @P/OF    @6'1" @195  @Brighton, TN                            @
Brandon Mits@18@08@Y@Brandon Mitson      @OF      @5'10"@200  @Millington, TN                          @
Janathan Wil@19@08@Y@Janathan Williams   @P       @5'11"@200  @Camden, TN                              @
Matt McKinst@20@08@Y@Matt McKinstry      @P       @6'3" @163  @Memphis, TN                             @
Anthony Stri@21@16@Y@Anthony Stricklin   @OF      @6'1" @190  @Smyrna, TN                              @
Seth McLemor@22@16@Y@Seth McLemore       @P/1B/3B @6'3" @235  @Pulaski, TN                             @
Brandon Wilh@23@08@Y@Brandon Wilhelm     @P       @6'6" @190  @Germantown, TN                          @
Michael Ince@24@08@Y@Michael Ince        @OF      @6'0" @195  @Memphis, TN                             @
Blake Witt  @25@16@Y@Blake Witt          @P       @6'0" @204  @Independence, MS                        @
Dylan Moore @27@08@Y@Dylan Moore         @1B      @6'0" @215  @Savannah, TN                            @
Matt Mills  @28@08@Y@Matt Mills          @P       @5'10"@190  @Memphis, TN                             @
Sam Seaton  @30@16@Y@Sam Seaton          @1B      @6'0" @215  @Millington, TN                          @
Justin Skinn@40@16@Y@Justin Skinner      @P       @6'6" @220  @Bartlett, TN                            @
