Michael Boni@0 @16@Y@Michael Bonifay     @RHP     @5'9  @153  @Pfafftown,NC                            @
Gray Melvin @1 @16@Y@Gray Melvin         @INF     @5'8  @165  @Texarkana, TX                           @
Max Fabrican@2 @08@Y@Max Fabricant       @INF     @5'10 @160  @Phoenix, AZ                             @
Justin Behnk@3 @17@Y@Justin Behnke       @OF      @5'8  @164  @Mesa, AZ                                @
Jeff Carter @4 @12@Y@Jeff Carter         @INF     @5'7  @150  @Tempe,Az                                @
Eddie Villa @5 @16@Y@Eddie Villa         @INF     @5'9  @160  @Tolleson, AZ                            @
Hayden Spell@9 @16@Y@Hayden Spellbring   @OF      @6'   @185  @Farmington, NM                          @
Eric Eckley @10@16@Y@Eric Eckley         @RHP     @5'10 @189  @San Diego, CA                           @
Adan Montano@11@08@Y@Adan Montano        @RHP     @6'1  @190  @Tucson, Az                              @
Sabastian Za@12@08@Y@Sabastian Zawada    @INF     @5'11 @190  @Tucson,AZ                               @
Chris Andrey@14@08@Y@Chris Andreyka      @RHP     @6'   @150  @Honolulu,Hi                             @
Daniel Akmon@15@16@Y@Daniel Akmon        @RHP     @6'3  @192  @Scottsdale,Az                           @
Clay Miller @18@11@Y@Clay Miller         @LHP     @6'0  @180  @Bayfield,CO                             @
Garret Gando@19@17@Y@Garret Gandolfo     @INF/C   @6'   @195  @San Diego, CA                           @
Cody Lawson @20@08@Y@Cody Lawson         @RHP     @6'2  @212  @Chandler, Az                            @
Ethan Spring@21@17@Y@Ethan Springston    @OF      @6'1  @182  @Chandler, AZ                            @
Chris Akmon @22@16@Y@Chris Akmon         @OF      @6'3  @215  @Scottsdale,AZ                           @
Gabriel Mada@23@09@Y@Gabriel Mada        @C       @6'   @190  @Rio Rico, Az                            @
Lucas Leifel@24@16@Y@Lucas Leifeld       @C       @6'2  @205  @Tucson, Az                              @
Zach Strand @26@08@Y@Zach Strand         @INF     @6'   @185  @Chandler,AZ                             @
Chet Gleason@27@08@Y@Chet Gleason        @OF      @6'4  @175  @Phoenix, AZ                             @
Easton Garci@28@08@Y@Easton Garcia       @OF      @5'11 @169  @Durango, CO                             @
Brandon Ysla@29@08@Y@Brandon Yslas       @RHP     @5'9  @175  @Tucson,Az                               @
Tyler Erwin @30@11@Y@Tyler Erwin         @LHP     @5'10 @170  @Chandler,Az                             @
Matt Hobel  @31@16@Y@Matt Hobel          @RHP     @5'11 @174  @Phoenix,Az                              @
Benny Garcia@32@09@Y@Benny Garcia        @INF     @5'8  @280  @Tucson, AZ                              @
Jared Matter@33@16@Y@Jared Mattera       @RHP     @6'2  @189  @Moorpark,CA                             @
Troy Ruggier@34@08@Y@Troy Ruggiero       @RHP     @6'3  @205  @Chandler, Az                            @
Tyler Cook  @35@16@Y@Tyler Cook          @INF     @6'   @210  @Omaha, NE                               @
Michael Gamm@42@08@Y@Michael Gammon      @RHP     @6'3  @167  @Chandler,Az                             @
David Renter@43@16@Y@David Renteria      @RHP     @5'11 @200  @Tempe,Az                                @
Brandon Down@44@16@Y@Brandon Downs       @C       @6'   @195  @Mesa, Az                                @
Chris Plitt @45@08@Y@Chris Plitt         @RHP     @6'4  @160  @Chandler,Az                             @
Jordan Zazul@51@08@Y@Jordan Zazulak      @OF      @6'4  @195  @Vancouver, BC                           @
Scot Hoffman@72@16@Y@Scot Hoffman        @RHP     @6'4  @230  @Mesa,Az                                 @
