Brandon Burr@2 @16@Y@Brandon Burris      @OF      @5'8  @155  @Blythewood, SC                          @
Matt White  @3 @16@Y@Matt White          @IF      @5'9  @180  @Summerville, SC                         @
Zach Shields@4 @17@Y@Zach Shields        @OF      @6'1  @155  @Florence, SC                            @
Christian Do@6 @08@Y@Christian Dorothy   @IF      @5'11 @165  @James Island, SC                        @
Chris Huntle@7 @08@Y@Chris Huntley       @IF      @5'9  @159  @Charlotte, NC                           @
Thatcher Col@9 @08@Y@Thatcher Coleman    @C       @5'9  @161  @Hartsville, SC                          @
Cody Smith  @10@08@Y@Cody Smith          @IF      @5'11 @180  @Lexington, SC                           @
Taylor Vetze@13@08@Y@Taylor Vetzel       @P       @5'10 @165  @Greenville, SC                          @
Cole Norwood@14@16@Y@Cole Norwood        @P       @5'10 @175  @Darlington, SC                          @
Tyler Lancas@15@09@Y@Tyler Lancaster     @C       @6'4  @193  @Dutch Fork, SC                          @
Jordan Garre@16@16@Y@Jordan Garrett      @IF      @6'2  @190  @Chesnee, SC                             @
Preston Fry @17@16@Y@Preston Fry         @OF      @6'1  @195  @Fort Mill, SC                           @
Kennard McDo@18@08@Y@Kennard McDowell    @IF      @6'1  @192  @Darlington, SC                          @
Blue Sanders@19@08@Y@Blue Sanderson      @OF      @5'9  @169  @Aiken, SC                               @
Michael Wrig@20@16@Y@Michael Wright      @p       @6'2  @185  @Gaffney, SC                             @
Wesley Roger@22@16@Y@Wesley Rogers       @OF      @6'4  @175  @Greenville, SC                          @
Collin Steag@23@17@Y@Collin Steagall     @IF      @6'1  @240  @Lexington, SC                           @
Blake Sides @25@08@Y@Blake Sides         @C/IF    @6'0  @235  @Hickory Ridge, NC                       @
Josh Escoffi@26@16@Y@Josh Escoffier      @P       @5'10 @185  @James Island, SC                        @
Patrick Mace@27@08@Y@Patrick Mace        @P       @5'10 @160  @Ashley Ridge, SC                        @
Dillon Palen@28@11@Y@Dillon Palencia     @OF      @5'8  @151  @Spartanburg, SC                         @
Hayden Hefli@29@08@Y@Hayden Heflin       @P       @5'9  @146  @                                        @
John Leopard@30@16@Y@John Leopard        @P/IF    @6'2  @195  @Aiken, SC                               @
Cameron Garr@31@08@Y@Cameron Garrett     @C       @5'10 @188  @                                        @
Garrett Gall@32@08@Y@Garrett Gallagher   @P       @6'4  @210  @                                        @
Kyle Halhbon@35@08@Y@Kyle Halhbon        @P       @6'8  @225  @                                        @
Matt Riggs  @36@11@Y@Matt Riggs          @P       @6'3  @215  @Greenville, SC                          @
Jared Felix @37@19@Y@Jared Felix         @P       @6'3  @175  @Aiken, SC                               @
Blake Smith @38@08@Y@Blake Smith         @P       @6'5  @190  @Ninety-Six, SC                          @
Dylan Rogers@39@16@Y@Dylan Rogers        @P       @6'2  @170  @Union, SC                               @
CD Pelham   @40@10@Y@CD Pelham           @P       @6'6  @230  @Lancaster, SC                           @
Tripp Rollin@41@08@Y@Tripp Rollings      @P       @6'1  @249  @Andrew Jackson, SC                      @
