John Holling@1 @17@Y@John Hollingsworth  @Dh      @5'11 @190  @Woodlawn il.                            @
Matthew Blai@2 @12@Y@Matthew Blair-brown @CF      @6'0  @170  @Mississauga,Ont                         @
Cal Denecke @5 @16@Y@Cal Denecke         @INF     @5'11 @160  @Macomb, IL                              @
Colton Tracy@6 @16@Y@Colton Tracy        @OF      @6'1  @170  @Praire City ,Il.                        @
Dakota Carte@7 @08@Y@Dakota Carter       @OF      @6'0  @175  @Delevan IL.                             @
Tomasz Wodzy@8 @08@Y@Tomasz Wodzynski    @OF      @6'2  @170  @Pickering ONT                           @
Jimmy Guilla@9 @16@Y@Jimmy Guillam       @RHP/INF @6'2  @190  @Canton IL.                              @
Justin Hollo@10@16@Y@Justin Holloway     @RHP     @6'2  @200  @Logansport                              @
Aleks Radevs@11@17@Y@Aleks Radevski      @INF     @6'0  @170  @Markham Ont                             @
Tanner Ander@12@16@Y@Tanner Anderson     @RHP/OF  @6'1  @170  @Laharp                                  @
Kiefer Rose @13@16@Y@Kiefer Rose         @RHP     @6'0  @180  @Canton                                  @
Dalton Neuma@15@16@Y@Dalton Neuman       @C       @5'9  @180  @Mackinaw                                @
Zach Wilson @16@08@Y@Zach Wilson         @RHP     @6'3  @170  @Peoria Heights                          @
Mitchell Zac@17@09@Y@Mitchell Zack       @RHP/INF @6'3  @180  @Romeoville                              @
Clayton Stag@18@11@Y@Clayton Stage       @LHP/1B  @5'10 @265  @Elmwood                                 @
Jon Danielso@19@16@Y@Jon Danielson       @RHP/OF  @6'3  @180  @Oak lawn                                @
Wes Moore   @20@16@Y@Wes Moore           @1B      @5'11 @200  @Macomb                                  @
Zach Etter  @22@17@Y@Zach Etter          @C       @6'2  @230  @Carlinville IL                          @
Chris Iliopo@24@17@Y@Chris Iliopoulos    @INF/RHP @5'9  @265  @Chicago IL                              @
Matt Barnes @25@08@Y@Matt Barnes         @RHP     @6'1  @190  @East Peoria                             @
Tommy Robert@26@19@Y@Tommy Robertson     @LHP/UT  @6'1  @210  @Glasford                                @
