Zach Hessing@1 @11@Y@Zach Hessinger      @OF/1B   @5'8  @160  @Wesley Chapel, FL                       @
Danny Lee   @2 @11@Y@Danny Lee           @OF      @5'10 @170  @Parrish, FL                             @
Alex Pinero @3 @08@Y@Alex Pinero         @INF     @6'2  @200  @Miami, FL                               @
Trevor Beema@4 @16@Y@Trevor Beeman       @INF     @5'8  @160  @Bradenton, FL                           @
Tyler Dauphi@6 @08@Y@Tyler Dauphinee     @C       @5'10 @170  @Bradenton, FL                           @
Chase Sandbe@8 @16@Y@Chase Sandberg      @OF      @6'0  @190  @Bradenton, FL                           @
Sean Trent  @10@16@Y@Sean Trent          @OF/RHP  @6'1  @185  @Maitland, FL                            @
Scott Willia@11@08@Y@Scott Williams      @C/RHP   @6'1  @195  @Wayne, PA                               @
Ryan O'Neil @16@19@Y@Ryan O'Neil         @LHP     @5'9  @220  @North Port, FL                          @
Ryan Valdes @19@16@Y@Ryan Valdes         @RHP/OF  @6'0  @170  @Odessa, FL                              @
Tyler Souris@22@08@Y@Tyler Souris        @RHP/INF @6'2  @175  @Bradenton, FL                           @
Reggie McCla@23@16@Y@Reggie McClain      @RHP     @6'2  @185  @Johns Creek, GA                         @
Alain Girman@24@19@Y@Alain Girman        @LHP     @5'10 @165  @Monroeville, PA                         @
Devon Carr  @25@18@Y@Devon Carr          @LHP     @6'2  @195  @Bradenton, FL                           @
Cory Reid   @26@16@Y@Cory Reid           @OF/INF  @6'2  @205  @Port St. Lucie, FL                      @
Jesse Haney @27@08@Y@Jesse Haney         @C/INF   @5'10 @185  @Odessa, FL                              @
Devin Pellie@30@08@Y@Devin Pellien       @RHP     @6'0  @180  @Bradenton, FL                           @
Evin Lynch  @31@16@Y@Evin Lynch          @RHP     @6'8  @220  @Deltona, FL                             @
Bryan Van Vr@32@16@Y@Bryan Van Vranken   @C/INF   @6'1  @215  @Bradenton, FL                           @
Justin Garci@33@19@Y@Justin Garcia       @OF/1B   @6'2  @230  @Hialeah, FL                             @
Dustin Hagy @34@08@Y@Dustin Hagy         @RHP     @6'6  @195  @Deland, FL                              @
Brooks Norto@37@08@Y@Brooks Norton       @RHP     @5'10 @160  @Sarasota, FL                            @
