Austin Gotwa@1 @08@Y@Austin Gotway       @2B      @5'9  @145  @St. Clair, MO                           @
Donnie Havar@3 @08@Y@Donnie Havard       @2B      @5'9  @160  @Lexington, TX                           @
Jack Manley @4 @16@Y@Jack Manley         @OF      @6'1  @200  @St. Louis, MO                           @
Rob Ruzicka @5 @08@Y@Rob Ruzicka         @C       @5'10 @200  @Springfield, MO                         @
Lane Stluka @6 @08@Y@Lane Stluka         @C       @6'2  @190  @Salem, MO                               @
Zach Herman @7 @16@Y@Zach Herman         @OF      @6'0  @185  @Springfield,MO                          @
Roger Robins@8 @08@Y@Roger Robinson      @3B      @6'1  @215  @St. Charles, MO                         @
Tony Patchin@9 @16@Y@Tony Patchin        @OF      @6'1  @180  @Lake St. Louis, MO                      @
Cambron Woma@12@08@Y@Cambron Womack      @OF      @5'11 @160  @Cape Girardeau, MO                      @
Drew Walley @14@08@Y@Drew Walley         @1B      @6'2  @230  @Rusk, TX                                @
Michael Crew@15@08@Y@Michael Crews       @SS      @6'0  @170  @Rusk, TX                                @
Austin Avalo@16@16@Y@Austin Avalos       @C       @6'0  @180  @Ballwin, MO                             @
Chris Jansse@17@08@Y@Chris Janssen       @OF      @6'1  @180  @St. Louis, MO                           @
Colle Macchi@18@11@Y@Colle Macchi        @OF-P    @5'11 @170  @Springfield, MO                         @
Josh Lachnit@19@16@Y@Josh Lachnit        @RHP     @6'0  @170  @Springfield, MO                         @
Nate Hessler@20@08@Y@Nate Hessler        @SS      @6'2  @185  @O'Fallon, MO                            @
Jashawn McDa@21@08@Y@Jashawn McDaniel    @RHP     @6'2  @210  @New Madrid, MO                          @
Zach Elledge@22@19@Y@Zach Elledge        @1B      @6'2  @205  @Springfield, MO                         @
Josh Lucas  @23@08@Y@Josh Lucas          @3B      @6'0  @190  @Troy, MO                                @
Austin Boden@24@16@Y@Austin Boden        @1B-3B   @6'0  @185  @St. Charles, MO                         @
Brendan Fosd@25@08@Y@Brendan Fosdick     @RHP     @6'0  @185  @Hazelwood, MO                           @
Zach Maynard@26@08@Y@Zach Maynard        @RHP     @6'0  @170  @St. Peters, MO                          @
Dillon Dalto@27@08@Y@Dillon Dalton       @RHP     @6'2  @180  @St. Charles, MO                         @
Brandon Harr@28@08@Y@Brandon Harris      @RHP     @5'10 @180  @Granite, City, IL                       @
Tanner Emrin@31@08@Y@Tanner Emring       @RHP     @5'11 @160  @St. Charles, MO                         @
D.J. Scott  @34@19@Y@D.J. Scott          @LHP     @6'2  @200  @Springfield, MO                         @
E.J. Myers  @35@08@Y@E.J. Myers          @C       @6'2  @235  @Ballwin, MO                             @
Scott Huesem@38@18@Y@Scott Huesemann     @LHP     @6'3  @240  @St. Charles, MO                         @
Spencer Pugh@44@19@Y@Spencer Pugh        @LHP     @6'1  @220  @St. Charles, MO                         @
