Ben Maiers  @2 @16@Y@Ben Maiers          @2B      @     @     @Buffalo Lake-Hector                     @
Brian Redems@3 @16@Y@Brian Redemske      @CF      @     @     @Maple Lake                              @
Carlos Quile@4 @08@Y@Carlos Quiles       @P       @     @     @Puerto Rico                             @
Ryder Klopp @5 @08@Y@Ryder Klopp         @IF      @     @     @Richfield                               @
Michael Barr@6 @08@Y@Michael Barreneche  @SS      @     @     @Miami Lakes, FL                         @
Bryan Benson@7 @16@Y@Bryan Benson        @OF      @     @     @St. Cloud Apollo                        @
Matt McNeil @8 @16@Y@Matt McNeil         @P       @     @     @Monticello                              @
Taylor Metzg@9 @16@Y@Taylor Metzger      @P       @     @     @Thunder Bay, Ontario                    @
Isaiah Green@10@08@Y@Isaiah Greene       @P       @     @     @Dilworth-Glyndon-Felton                 @
Cody Partch @11@08@Y@Cody Partch         @INF     @     @     @Sartell-St. Stephen                     @
Duane Miller@12@16@Y@Duane Miller        @P/SS    @     @     @Long Prairie/Grey Eagle                 @
Brandon Schm@14@16@Y@Brandon Schmahl     @OF      @     @     @Mpls Washburn                           @
Jace Otto   @15@16@Y@Jace Otto           @OF      @     @     @Blaine                                  @
Kelvin Villa@16@08@Y@Kelvin Villalobos   @C       @     @     @Puerto Rico                             @
Kolin Kubitz@17@08@Y@Kolin Kubitz        @C/OF    @     @     @Clintonville, WI                        @
Tyler Long  @19@08@Y@Tyler Long          @2B      @     @     @Sauk Rapids-Rice                        @
Duncan Peder@21@08@Y@Duncan Pederson     @3B      @     @     @Richfield                               @
Andy Peterse@22@08@Y@Andy Petersen       @P       @     @     @Richfield                               @
Brock Evenso@24@08@Y@Brock Evenson       @OF      @     @     @West Fargo, ND                          @
Emmanuel Lop@25@08@Y@Emmanuel Lopez      @OF      @     @     @Puerto Rico                             @
Aaron Roth  @27@16@Y@Aaron Roth          @P       @     @     @Clinton, WI                             @
Luke Jokela @28@08@Y@Luke Jokela         @P       @     @     @Rocori                                  @
Grant Chapa @29@16@Y@Grant Chapa         @P       @     @     @Sauk Rapids-Rice                        @
Ed Reichenba@32@16@Y@Ed Reichenbach      @1B      @     @     @Sibley East                             @
Lukas Johnso@33@08@Y@Lukas Johnson       @1B      @     @     @West Fargo, ND                          @
Edwin Zambra@34@08@Y@Edwin Zambrana      @P       @     @     @Puerto Rico                             @
Brendan Asht@36@16@Y@Brendan Ashton      @C       @     @     @Eden Valley/Watkins                     @
Spencer Host@39@08@Y@Spencer Host        @P       @     @     @Monticello                              @
Cam Knudsen @40@16@Y@Cam Knudsen         @P       @     @     @Maple Lake                              @
