Jeril Dawson@1 @08@Y@Jeril Dawson        @INF     @5-6  @160  @Grayson, GA                             @
Omar Villama@2 @09@Y@Omar Villaman       @INF     @5-8  @165  @Kissimmee, FL                           @
Josh Garcia @3 @17@Y@Josh Garcia         @OF      @5-10 @175  @Lehigh Acres, FL                        @
Shawn Sander@5 @16@Y@Shawn Sanders       @INF     @5-7  @165  @Citra, FL                               @
Cletis Avery@6 @08@Y@Cletis Avery        @INF     @5-9  @165  @Snellville, GA                          @
Francisco Za@7 @08@Y@Francisco Zayas     @Catcher @6-2  @200  @Cidra, P.R.                             @
Trae Ratliff@9 @08@Y@Trae Ratliff        @Pitcher @5-11 @185  @Brooksville, FL                         @
Tyler Humphr@10@16@Y@Tyler Humphreys     @INF/P   @6-2  @200  @Crystal River, FL                       @
Eric Steel  @11@16@Y@Eric Steel          @Pitcher @5-9  @175  @Merritt Island, FL                      @
Myles Straw @12@08@Y@Myles Straw         @OF/ P   @5-9  @170  @Bradenton, FL                           @
Tomas Rivera@13@16@Y@Tomas Rivera        @INF     @5-10 @180  @Oakland, FL                             @
Brad Torres @15@16@Y@Brad Torres         @Pitcher @6-6  @220  @Sebring, FL                             @
Dylan Lee   @16@08@Y@Dylan Lee           @OF      @6    @200  @Bradenton, FL                           @
Jose Hernand@17@17@Y@Jose Hernandez      @Catcher @6-2  @210  @Fort Meade, FL                          @
Alex Atkinso@18@16@Y@Alex Atkinson       @Pitcher @6-2  @180  @St. Augustine, FL                       @
Dustin Herse@19@08@Y@Dustin Hersey       @Pitcher @6    @185  @Lake Butler, FL                         @
Will Mackenz@20@19@Y@Will Mackenzie      @INF     @6-2  @200  @Silver Springs, FL                      @
Ryan Reilly @21@16@Y@Ryan Reilly         @OF      @6    @185  @Fort Lauderdale, FL                     @
Daniel Morit@22@19@Y@Daniel Moritz       @Pitcher @6-3  @200  @Deltona, FL                             @
Chris Leduc @25@16@Y@Chris Leduc         @OF      @6-1  @200  @Palatka, FL                             @
Kyle Kalbaug@27@11@Y@Kyle Kalbaugh       @Pitcher @6-1  @160  @Reddick, FL                             @
Mitchell Cod@28@16@Y@Mitchell Cody       @Pitcher @6-4  @215  @Palm Coast                              @
Peter Johnso@34@16@Y@Peter Johnson       @INF     @6-3  @205  @Seattle, WA                             @
Patrick Dues@35@16@Y@Patrick Duester     @Pitcher @6-5  @210  @Titusville, FL                          @
Austin Morel@44@16@Y@Austin Moreland     @Pitcher @6-2  @270  @Satsuma, FL                             @
