John Howes  @1 @16@Y@John Howes          @RHP     @5'11'@180  @Port Charlotte                          @
Marcus Guzma@2 @08@Y@Marcus Guzman       @OF      @5'11'@175  @Lutz, FL                                @
Cornelius Co@3 @08@Y@Cornelius Copeland  @INF     @5'8''@150  @St Petersburg, FL                       @
Kyle Schindl@4 @16@Y@Kyle Schindler      @INF/RHP @6'   @180  @Lutz, FL                                @
Jacob Lopez @5 @17@Y@Jacob Lopez         @INF     @5'8''@165  @Tampa, FL                               @
Damian Lovet@6 @11@Y@Damian Lovett       @LHP     @6'   @175  @Seminole, FL                            @
Nate Reed   @7 @09@Y@Nate Reed           @C/P     @6'2''@195  @Pinellas Park, FL                       @
Chris Fowler@8 @16@Y@Chris Fowler        @RHP     @6'   @175  @Naples, FL                              @
Jabe Molinar@9 @16@Y@Jabe Molinaro       @C/INF   @6'   @170  @Clearwater, FL                          @
Tyson Albert@10@08@Y@Tyson Albert        @RHP     @6'   @180  @Venice, FL                              @
Nick McNeil @11@17@Y@Nick McNeil         @OF      @6'1''@175  @Jacksonville, FL                        @
Jacob Wright@12@09@Y@Jacob Wright        @OF      @6'   @170  @Melbourne, FL                           @
Eric Schindl@13@16@Y@Eric Schindler      @C       @6'   @185  @Lutz, FL                                @
Tyler Shambo@14@08@Y@Tyler Shambora      @RHP     @6'   @185  @Venice, FL                              @
Trey Amburge@15@08@Y@Trey Amburgey       @OF      @6'2''@210  @West Palm Beach, FL                     @
Mike Mann   @16@08@Y@Mike Mann           @RHP/C   @6'2''@210  @Seminole, FL                            @
Jordan Doyle@17@08@Y@Jordan Doyle        @RHP     @6'   @195  @Seminole, FL                            @
Joey Koehler@19@17@Y@Joey Koehler        @INF     @6'   @190  @Holiday, FL                             @
Mark Savares@20@08@Y@Mark Savarese       @RHP     @6'1''@185  @Stuart, FL                              @
Zac Johnson @21@09@Y@Zac Johnson         @INF     @5'8''@170  @Palm Harbor, fL                         @
Robbie Cours@23@16@Y@Robbie Coursel      @RHP     @6'2''@195  @Michigan City, IN                       @
Alex Demchak@24@11@Y@Alex Demchak        @LHP     @6'3''@215  @Boca Raton, fL                          @
Tyler Atwell@25@08@Y@Tyler Atwell        @INF     @6'3''@200  @Venice, FL                              @
Corey Baptis@27@08@Y@Corey Baptist       @INF/RHP @6'4''@220  @Seminole, FL                            @
Danny Raynor@32@09@Y@Danny Raynor        @OF      @6'   @170  @Venice, FL                              @
Alex Deise  @34@11@Y@Alex Deise          @LHP     @6'2''@185  @St Petersburg, FL                       @
