Travis Georg@1 @20@Y@Travis George       @CF      @5'10"@170  @Centerport, NY                          @
Timothy Fris@2 @19@Y@Timothy Frisher     @LHP     @5'7" @145  @Mastic, NY                              @
Nicholas Aur@4 @08@Y@Nicholas Aurrichio  @2B/SS   @5'8" @155  @Nesconset, NY                           @
Brandon Vega@5 @08@Y@Brandon Vega        @2B      @5'11"@165  @Farmingville, NY                        @
Dan Oddo    @6 @11@Y@Dan Oddo            @LHP     @6'0" @170  @Huntington Station, NY                  @
Brandon Edwa@7 @08@Y@Brandon Edwards     @OF      @5'10 @160  @Bohemia, NY                             @
Paul Waltz  @8 @08@Y@Paul Waltz          @RHP     @5'10"@155  @Holtsville, NY                          @
Jorge Ruiz  @12@16@Y@Jorge Ruiz          @SS/RHP  @5'11"@170  @East Shirley, NY                        @
Alex Martin @13@08@Y@Alex Martin         @catcher @6'0" @155  @Sound Beach, NY                         @
Dillon Burke@14@19@Y@Dillon Burke        @LHP     @6'3" @200  @Old Bethpage, NY                        @
Michael Cars@15@09@Y@Michael Carson      @2B      @5'11"@170  @Lindenhurst, NY                         @
Michael Maro@16@08@Y@Michael Maron       @OF      @5'11"@170  @East Islip, NY                          @
Patrick Step@17@08@Y@Patrick Stepnoski   @OF      @6'0" @180  @Southold, NY                            @
Thomas Palme@18@08@Y@Thomas Palmese      @Catcher/@6'3" @185  @Medford, NY                             @
Joseph Harri@20@08@Y@Joseph Harris       @OF      @5'11"@170  @Shirley, NY                             @
Brandon McKn@21@16@Y@Brandon McKnight    @RHP     @5'11 @'    @175                                     @
Ryan Dollop @22@08@Y@Ryan Dollop         @RHP/OF  @5'10"@170  @Blue Point, NY                          @
Justin Verbe@24@08@Y@Justin Verbel       @RHP     @6'2" @180  @Dix Hills, NY                           @
Richard Mott@25@11@Y@Richard Motta       @LHP     @6'2" @175  @Holbrook, NY                            @
Joseph Guari@27@08@Y@Joseph Guarisco     @Catcher @5'11"@185  @Levittown, NY                           @
Patrick Gall@28@11@Y@Patrick Gallagher   @LHP     @6'2" @205  @Eastport, NY                            @
Anthony Pale@29@08@Y@Anthony Palermo     @3B/1B   @6'2" @180  @Holbrook, NY                            @
Kyle Gallagh@30@11@Y@Kyle Gallagher      @1B/LHP  @6'4" @205  @Lumberton, NJ                           @
Frank Valent@33@08@Y@Frank Valentino     @RHP     @6'3" @190  @West Islip, NY                          @
Dan D'Onofri@35@16@Y@Dan D'Onofrio       @RHP/1B  @6'0" @175  @Medford, NY                             @
