Nick Rodrigu@1 @08@Y@Nick Rodriguez      @SS      @     @     @New Britain                             @
Kyle Gilliga@2 @16@Y@Kyle Gilligan       @Inf     @     @     @Queensbury                              @
Brett Patter@3 @08@Y@Brett Patterson     @P       @     @     @Otter Valley                            @
Nestor Velaz@4 @16@Y@Nestor Velazquez    @C       @     @     @New Britain                             @
Gus Morales @5 @08@Y@Gus Morales         @Inf     @     @     @Church Farm                             @
Russell Kreb@7 @08@Y@Russell Krebs       @P/OF    @     @     @Mt Anthony                              @
Kevin Tavern@9 @08@Y@Kevin Tavernia      @Inf     @     @     @Scottsdale                              @
Mavist Frede@10@11@Y@Mavist Frederick    @P/OF    @     @     @Hudson                                  @
Sean Hart   @12@10@Y@Sean Hart           @P/Inf   @     @     @Saratoga                                @
Ben Havish  @13@16@Y@Ben Havish          @OF      @     @     @Saratoga                                @
Tom Grant   @15@08@Y@Tom Grant           @P/Inf   @     @     @Hollywood Hills                         @
Josh Baez   @17@08@Y@Josh Baez           @OF      @     @     @Essex                                   @
Cameron LaBa@19@08@Y@Cameron LaBarge     @OF      @     @     @South glens falls                       @
Chris Akin  @20@11@Y@Chris Akin          @P       @     @     @Hoosic Valley                           @
Frank Acker @23@08@Y@Frank Acker         @P/OF    @     @     @Hoosic Valley                           @
Josh Coreno @24@08@Y@Josh Coreno         @Inf     @     @     @Mechanicville                           @
