Blake Kopets@1 @19@Y@Blake Kopetsky      @OF      @5'11 @175  @                                        @
Zach Silvers@2 @08@Y@Zach Silvers        @SS      @5'9  @170  @                                        @
Bryce Samper@3 @08@Y@Bryce Sampere       @2B      @5'10 @190  @                                        @
Lucas Duval @4 @09@Y@Lucas Duval         @3B      @5'11 @165  @                                        @
Matt Valdez @5 @08@Y@Matt Valdez         @OF      @5'10 @180  @                                        @
Mitchell San@6 @08@Y@Mitchell Sanderson  @P       @6'0  @180  @                                        @
Tucker Penne@7 @16@Y@Tucker Pennell      @C       @6'2  @185  @                                        @
Ryan Flynn  @8 @08@Y@Ryan Flynn          @OF      @5'10 @180  @                                        @
Garrett Kize@9 @08@Y@Garrett Kizer       @C       @6'2  @205  @                                        @
Aaron Burns @10@17@Y@Aaron Burns         @P       @6'4  @215  @                                        @
Nathan Schle@11@08@Y@Nathan Schleede     @OF/P    @6'2  @180  @                                        @
Josh Brudi  @12@08@Y@Josh Brudi          @P       @6'0  @200  @                                        @
Austin Bisho@13@08@Y@Austin Bishoff      @OF      @6'2  @215  @                                        @
Cory Raley  @14@16@Y@Cory Raley          @SS      @6'1  @200  @                                        @
Dane Lovejoy@15@11@Y@Dane Lovejoy        @P       @6;0  @185  @                                        @
John Gage   @17@11@Y@John Gage           @P       @5'11 @180  @                                        @
Brooks Eady @18@16@Y@Brooks Eady         @P       @5'10 @180  @                                        @
Eric Hester @19@16@Y@Eric Hester         @P       @6'1  @185  @                                        @
JK Bickham  @20@20@Y@JK Bickham          @OF      @6'0  @165  @                                        @
Adam Ortega @21@16@Y@Adam Ortega         @2B      @6'0  @185  @                                        @
Justin Law  @22@19@Y@Justin Law          @1B      @6'3  @210  @                                        @
Carson Bohle@23@08@Y@Carson Bohler       @P       @6'3  @185  @                                        @
Joe Hauser  @24@08@Y@Joe Hauser          @P       @6'6  @225  @                                        @
Josh Smith  @25@16@Y@Josh Smith          @P       @5'11 @185  @                                        @
Ryan King   @27@08@Y@Ryan King           @P/1B    @6'1  @195  @                                        @
Micah Thomps@30@16@Y@Micah Thompson      @2B      @5'8  @170  @                                        @
Justin Freem@34@08@Y@Justin Freeman      @C       @5'10 @170  @                                        @
JT Cherry   @40@10@Y@JT Cherry           @P       @5'10 @255  @                                        @
Trey Silvers@44@08@Y@Trey Silvers        @3B      @6'1  @225  @                                        @
