Davyon Dozie@1 @08@Y@Davyon Dozier       @        @     @     @                                        @
Rodney Jeste@2 @08@Y@Rodney Jester       @        @     @     @                                        @
Mickey Beach@3 @08@Y@Mickey Beach        @        @     @     @                                        @
Malik Fogg  @4 @08@Y@Malik Fogg          @        @     @     @                                        @
Sam Allen   @5 @08@Y@Sam Allen           @        @     @     @                                        @
Wilson Monta@7 @08@Y@Wilson Montalvo     @        @     @     @                                        @
Tyler Mattoo@8 @16@Y@Tyler Mattoon       @        @     @     @                                        @
Shaquan Love@9 @08@Y@Shaquan Love        @        @     @     @                                        @
Josh Ahearn @10@08@Y@Josh Ahearn         @        @     @     @                                        @
Aaron Hitt  @11@08@Y@Aaron Hitt          @        @     @     @                                        @
Jeremy Frede@12@08@Y@Jeremy Fredenburg   @        @     @     @                                        @
Vic Jacobsen@13@08@Y@Vic Jacobsen        @        @     @     @                                        @
Brian Pfund @14@16@Y@Brian Pfund         @        @     @     @                                        @
Steven Tatic@16@16@Y@Steven Tatich       @        @     @     @                                        @
Bryan Joseph@21@08@Y@Bryan Joseph        @        @     @     @                                        @
Brandon Poll@23@16@Y@Brandon Pollack     @        @     @     @                                        @
Jean Germose@28@08@Y@Jean Germosen       @        @     @     @                                        @
Zach Dufel  @33@08@Y@Zach Dufel          @        @     @     @                                        @
Jordan Bucke@44@08@Y@Jordan Buckely      @        @     @     @                                        @
Chris Abreu @51@08@Y@Chris Abreu         @        @     @     @                                        @
