Danny Oliver@3 @08@Y@Danny Oliveri       @OF      @6'0" @185  @Davie, FL                               @
Jesus Saaved@4 @08@Y@Jesus Saavedra      @INF/P   @6'1" @178  @Hardwood Heights, IL                    @
Keil Conway @6 @16@Y@Keil Conway         @1B/P    @6'5" @190  @Pembroke Pines, FL                      @
Jack Wietlis@8 @16@Y@Jack Wietlispach    @C       @6'2" @215  @Chicago, IL                             @
Matt Sturchi@9 @08@Y@Matt Sturchio       @INF/P   @5'10"@185  @Rochester, MN                           @
Jimmy Fraine@10@08@Y@Jimmy Frainey       @P       @6'0" @200  @Frankfort, IL                           @
Matt Vitulli@11@08@Y@Matt Vitulli        @INF     @5'10"@181  @Batlett, IL                             @
Torian Lower@12@08@Y@Torian Lowery       @P       @5'11"@160  @Chicago, IL                             @
Jake Pygman @13@16@Y@Jake Pygman         @OF      @6'3" @190  @Harvard, IL                             @
Bronson Witt@16@11@Y@Bronson Wittkamp    @P       @5'10"@190  @Hoffman Estates, IL                     @
Danny Barron@18@08@Y@Danny Barron        @C       @6'2" @183  @Westchester, IL                         @
Scott Powell@19@16@Y@Scott Powell        @P       @6'1" @183  @Belleville, MI                          @
Billy Chandl@20@08@Y@Billy Chandler      @INF     @5'10"@180  @Buffalo Grove, IL                       @
Justin Landg@22@11@Y@Justin Landgrebe    @P       @6'1" @191  @Valparaiso, IN                          @
Tyler Curtis@24@16@Y@Tyler Curtis        @INF     @6'3" @192  @Marboro, NY                             @
Billy Quirke@25@09@Y@Billy Quirke        @INF/OF  @5'11"@171  @New Lenox, IL                           @
Luke Daniels@26@08@Y@Luke Daniels        @C       @6'0" @190  @Alsip. IL                               @
Luis Touron @27@12@Y@Luis Touron         @C/OF    @6'0" @187  @Miami, FL                               @
Kevin Steger@32@16@Y@Kevin Steger        @P       @6'6" @210  @Bloomingdale, IL                        @
Kyle Crawfor@33@08@Y@Kyle Crawford       @P       @6'2" @200  @New Lenox, IL                           @
Barrett Pete@34@16@Y@Barrett Peterson    @P       @6'5" @220  @Glen Ellyn, IL                          @
Brett Champi@36@11@Y@Brett Champion      @P       @6'1" @187  @St Louis, MO                            @
Jon Niemann @39@11@Y@Jon Niemann         @P       @6'0" @191  @Buffalo Grove, IL                       @
Eric LeCoure@42@08@Y@Eric LeCoure        @INF     @6'2" @187  @Westchester, IL                         @
James Battle@44@12@Y@James Battley       @OF      @6'0" @195  @Zion, IL                                @
