Manny Galvan@1 @08@Y@Manny Galvan        @INF     @5-8  @175  @Baytown                                 @
Tim Hunter  @2 @09@Y@Tim Hunter          @INF     @5-7  @150  @TX                                      @
Daniel Brown@3 @11@Y@Daniel Brown        @P/OF    @5-10 @165  @Austin                                  @
Dusty Lynch @4 @08@Y@Dusty Lynch         @Catcher @5.10 @180  @New Braunfels                           @
Gunnar Quick@5 @08@Y@Gunnar Quick        @INF     @5-10 @175  @Mt. Vernon                              @
Cody Broussa@6 @16@Y@Cody Broussard      @OF      @6-0  @180  @TX                                      @
Kevin Kubecz@7 @16@Y@Kevin Kubeczka      @P       @5-10 @175  @Elkhart                                 @
Collin Lawre@8 @08@Y@Collin Lawrence     @C       @5-10 @180  @TX                                      @
Justin Monso@9 @16@Y@Justin Monsour      @INF     @6-2  @180  @Lufkin                                  @
Dynas Doud  @10@16@Y@Dynas Doud          @INF     @5-11 @175  @ TX                                     @
Brandon Webb@11@08@Y@Brandon Webb        @C       @5-10 @165  @Colleyville                             @
Garrett John@13@08@Y@Garrett Johnston    @P       @5-11 @180  @Brenham                                 @
Robert Micki@14@16@Y@Robert Mickits      @P       @5-11 @165  @ TX                                     @
Brandon John@16@16@Y@Brandon Johnson     @P       @5-11 @160  @Arlington                               @
Reid Russell@17@08@Y@Reid Russell        @INF     @6-2  @215  @ TX                                     @
Kevin Willia@18@19@Y@Kevin Williams      @P       @6-0  @190  @McKinney                                @
Anthony Sori@19@16@Y@Anthony Soriano     @OF/P    @6-1  @195  @ TX                                     @
Jarrett Dool@20@16@Y@Jarrett Dooley      @P       @6-3  @205  @Van Meter                               @
Travis Johns@21@16@Y@Travis Johnson      @OF/INF/P@6-0  @175  @ IA                                     @
Eric Polivka@22@19@Y@Eric Polivka        @P       @6-5  @215  @Frisco                                  @
Zane Otten  @23@08@Y@Zane Otten          @OF      @6-3  @180  @ TX                                     @
Will Abbott @24@16@Y@Will Abbott         @P       @6-6  @230  @Lufkin                                  @
Eric Stegent@25@16@Y@Eric Stegent        @INF/P   @6-2  @240  @ TX                                     @
Brandon Konc@26@08@Y@Brandon Koncaba     @P       @5-11 @175  @Graham                                  @
Brent Ellerb@27@09@Y@Brent Ellerbee      @INF     @5-10 @185  @ TX                                     @
Connor Wrye @28@16@Y@Connor Wrye         @C       @5-10 @185  @Houston                                 @
Cody Brown  @30@08@Y@Cody Brown          @P       @6-1  @195  @ TX                                     @
Kash Armstro@31@16@Y@Kash Armstrong      @P       @6-0  @170  @Plano                                   @
Grant Freels@32@19@Y@Grant Freels        @P       @6-1  @190  @ TX                                     @
Taylor Rich @33@11@Y@Taylor Rich         @P       @6-2  @170  @Longview                                @
Tyler Gaines@34@16@Y@Tyler Gaines        @OF      @6-2  @195  @ TX                                     @
Jacob Hickma@35@08@Y@Jacob Hickman       @OF      @6-0  @175  @League City                             @
Lane Norwood@36@08@Y@Lane Norwood        @P       @6-1  @170  @ TX                                     @
