Edward Rodri@00@16@Y@Edward Rodriguez    @C       @6'1''@180lb@Union, NJ                               @
Lenin Guzman@1 @12@Y@Lenin Guzman        @INF     @5'8''@165lb@Jersey City, NJ                         @
Anthony Burg@2 @16@Y@Anthony Burgess     @RHP     @5'7''@170lb@Hillside, NJ                            @
Jordan Guzma@3 @08@Y@Jordan Guzman       @INF     @5'10'@190lb@North Bergen, NJ                        @
James O'Rour@5 @16@Y@James O'Rourke      @OF      @5'7''@170lb@Westfield,NJ                            @
Manuel Lastr@6 @19@Y@Manuel Lastre       @LHP/OF  @5'8''@170lb@Elizabeth, NJ                           @
Jonathan Gri@7 @16@Y@Jonathan Gribbin    @RHP     @5'11 @175lb@Westfield, NJ                           @
Andrew DiFra@8 @08@Y@Andrew DiFrancesco  @OF      @5'6''@150lb@Cranford, NJ                            @
Denzell Boyd@9 @08@Y@Denzell Boyd        @OF      @5'9''@165lb@Union, NJ                               @
John Belt   @10@16@Y@John Belt           @RHP/OF  @5'8''@170lb@Springfield, NJ                         @
Aaron Smith @11@08@Y@Aaron Smith         @P/OF    @6'0  @190lb@Jersey City, NJ                         @
Sergio Delga@12@08@Y@Sergio Delgado      @INF/OF  @6'0''@195lb@Union City, NJ                          @
Robert Pons @13@16@Y@Robert Pons         @INF/C   @5'9''@170lb@Elizabeth, NJ                           @
Marcos Romer@16@11@Y@Marcos Romero       @LHP     @6'0''@185lb@Jersey City, NJ                         @
Daniel Brehm@17@16@Y@Daniel Brehm        @RHP     @6'3''@180 l@Rahway, NJ                              @
Angel Concep@18@20@Y@Angel Concepcion    @C/INF   @5'10'@185lb@Union, NJ                               @
Jose Guzman @19@08@Y@Jose Guzman         @RHP     @6'4''@180lb@Elizabeth, NJ                           @
Raul Diaz   @20@08@Y@Raul Diaz           @RHP     @6'0''@165lb@Elizabeth, NJ                           @
Ismail Abdul@21@16@Y@Ismail Abdul-Wahid  @O/F     @6'0''@190lb@Linden, NJ                              @
Kevin Kolesa@23@08@Y@Kevin Kolesar       @INF     @5'8''@155lb@New City, NY                            @
Vincent Cola@24@16@Y@Vincent Colaneri    @RHP     @6'1''@180lb@Cranford, NJ                            @
Brett Bonn  @25@16@Y@Brett Bonn          @INF     @5'10 @215 l@Whitehouse Station, NJ                  @
Edward Mack @26@08@Y@Edward Mack         @RHP     @6'2''@173lb@Linden, NJ                              @
Junior Cuell@28@08@Y@Junior Cuello       @INF     @5'8''@170lb@Jersey City, NJ                         @
Carlos Veloz@30@08@Y@Carlos Veloz        @OF/RHP  @6'1''@180lb@Elizabeth, NJ                           @
