Donovan Camp@1 @20@Y@Donovan Campbell    @2B      @5'6" @167  @Cottageville, SC                        @
Bryce King  @2 @19@Y@Bryce King          @P       @5'11"@145  @Hartsville, SC                          @
Marcellius K@3 @16@Y@Marcellius Kennerly @P       @6'0" @160  @Orangeburg, SC                          @
Cooper Mulle@4 @17@Y@Cooper Mullet       @3B      @6'0" @168  @Greenwood, SC                           @
Douglas Ard @5 @16@Y@Douglas Ard         @C       @6'0" @188  @Lynchburg, SC                           @
Aaron Cranda@6 @09@Y@Aaron Crandall      @OF      @5'7" @159  @Summerton, SC                           @
Mickey Strou@7 @19@Y@Mickey Stroud       @P       @5'8" @179  @Newberry, SC                            @
Shuler Ward @8 @16@Y@Shuler Ward         @OF/P    @6'1" @164  @Kingstree, SC                           @
Greg King   @9 @16@Y@Greg King           @1B      @5'7" @228  @Manning, SC                             @
Bryon Munste@10@16@Y@Bryon Munsterman    @P       @6'2" @164  @Gaffney, SC                             @
Brent Lacey @11@08@Y@Brent Lacey         @P       @6'0" @168  @North Augusta, SC                       @
Marcus Roger@12@16@Y@Marcus Rogers       @2B      @5'8" @168  @Conway, SC                              @
Tyler Wiand @15@16@Y@Tyler Wiand         @P/C     @6'0" @161  @North Charleston, SC                    @
Devin Fogle @17@08@Y@Devin Fogle         @P       @5'10"@152  @Cope, SC                                @
Cliff Alexan@18@16@Y@Cliff Alexander     @P/OF    @6'2" @175  @Easley, SC                              @
Evan Graves @19@08@Y@Evan Graves         @1B      @5'10"@182  @Orangeburg, SC                          @
Mark Gonzale@20@17@Y@Mark Gonzalez       @OF      @5'8" @187  @Blythewood, SC                          @
Nolan Clark @21@08@Y@Nolan Clark         @1B      @6'0" @224  @Easley, SC                              @
Joshua McCor@22@08@Y@Joshua McCord       @P       @5'8" @154  @Columbia, SC                            @
Hunter Dilwo@23@16@Y@Hunter Dilworth     @SS/P    @5'7" @191  @Greer, SC                               @
Patrick Dupr@24@08@Y@Patrick Dupre       @C       @5'9" @240  @Columbia, SC                            @
Zachary Mass@25@16@Y@Zachary Massengale  @P       @6'2" @214  @Williston, SC                           @
Zach Graham @27@08@Y@Zach Graham         @P/OF    @5'11"@171  @Olanta, SC                              @
Matthew Webs@28@08@Y@Matthew Webster     @SS      @5'9" @159  @Williston, SC                           @
Thomas Smith@29@08@Y@Thomas Smith        @P/SS    @5'9" @155  @Beaufort, SC                            @
Jonathon Ing@32@08@Y@Jonathon Ingalls    @P       @6'0" @140  @Bluffton, SC                            @
Michael Punt@33@09@Y@Michael Punteney    @OF/1B   @6'3" @209  @Hanahan, SC                             @
Matthew Holl@34@08@Y@Matthew Holloman    @C       @5'8" @188  @Sumter, SC                              @
Mark Blanken@35@16@Y@Mark Blankenship    @P       @6'3" @182  @Walterboro, SC                          @
Justin Powel@36@08@Y@Justin Powell       @3B/P    @5'11"@165  @Andrews, SC                             @
Chris Duran @37@08@Y@Chris Duran         @3B      @6'1" @180  @Aiken, SC                               @
Robert Lopez@38@08@Y@Robert Lopez        @OF      @5'8" @197  @Columbia, SC                            @
Clay Cannon @39@11@Y@Clay Cannon         @P       @5'8" @117  @Varnville, SC                           @
Di'Markus Sa@40@08@Y@Di'Markus Sanders   @OF      @5'6" @132  @Laurens, SC                             @
Griffin Beth@41@08@Y@Griffin Bethle      @1B/P    @6'0" @165  @Myrtle Beach, SC                        @
Reese Blanke@42@08@Y@Reese Blankenship   @P       @6'2" @166  @Branchville, SC                         @
Dalton Foste@43@08@Y@Dalton Foster       @C       @5'9" @234  @Clinton, SC                             @
Jason Washbu@44@08@Y@Jason Washburn      @P       @6'0" @209  @Columbia, SC                            @
Austin Bryan@45@08@Y@Austin Bryant       @1B      @6'4" @280  @Simpsonville, SC                        @
