David Allen @1 @10@Y@David Allen         @LHP     @5'9" @155  @Charleston, SC                          @
Victor Gonza@2 @08@Y@Victor Gonzalez     @RHP     @5'8" @175  @Mt. Pleasant, SC                        @
Will Thompso@3 @16@Y@Will Thompson       @INF/OF  @5'9" @180  @Spartanburg, SC                         @
Roddy Cross @4 @16@Y@Roddy Cross         @RHP     @5'10"@175  @Murrells Inlet, SC                      @
Brett Auckla@6 @11@Y@Brett Auckland      @OF/LHP  @5'7" @185  @Chapin, SC                              @
Trevor Bradl@7 @16@Y@Trevor Bradley      @INF/RHP @5'10"@165  @West Columbia, SC                       @
Connor Colli@8 @08@Y@Connor Collins      @INF     @5'11"@175  @Virginia Beach, VA                      @
Taylor Place@9 @16@Y@Taylor Place        @C       @6'0" @215  @Bluffton, SC                            @
Andrew Reard@10@19@Y@Andrew Reardon      @INF/LHP @6'0" @210  @Sumter, SC                              @
Mason Brett @11@17@Y@Mason Brett         @C       @5'9" @195  @Andrews, SC                             @
Ray Murphy  @12@08@Y@Ray Murphy          @C       @5'11"@215  @Lexington, SC                           @
Ryan Perkins@13@16@Y@Ryan Perkins        @INF     @5'11 @180  @Woodruff, SC                            @
Corey Sox   @14@08@Y@Corey Sox           @RHP     @6'3" @165  @Swansea, SC                             @
Ashton Nesmi@15@17@Y@Ashton Nesmith      @OF      @6'4" @195  @Darlington, SC                          @
Ian Metts   @17@17@Y@Ian Metts           @OF      @5'11 @200  @Spartanburg, SC                         @
Taylor Kelln@18@18@Y@Taylor Kellner      @OF      @5'11"@195  @Boiling Springs, SC                     @
Anthony Paul@20@12@Y@Anthony Paulsen     @OF      @6'0" @195  @Columbia, SC                            @
John Michael@21@09@Y@John Michael Gibbons@C/INF   @5'10"@165  @Ft. Lauderdale, FL                      @
Preston Duck@24@16@Y@Preston Duckett     @C       @6'2" @210  @Union, SC                               @
Matthew Garn@25@16@Y@Matthew Garnett     @RHP     @6'2" @165  @Columbia, SC                            @
John Mark Hu@26@17@Y@John Mark Hughes    @INF     @6'2' @212  @cHAPIN, sc                              @
Dylan Miller@27@16@Y@Dylan Miller        @RHP     @5'11"@198  @Boiling Springs, SC                     @
Parker Littl@28@08@Y@Parker Little       @RHP     @6'1" @180  @Columbia, SC                            @
Dillon Hodge@29@18@Y@Dillon Hodge        @LHP     @5'11"@206  @Lexington, SC                           @
David Sauer @31@16@Y@David Sauer         @RHP     @6'1" @192  @Irmo, SC                                @
Will Smith  @32@08@Y@Will Smith          @RHP     @6'2" @185  @Sumter, SC                              @
Seth Lewis  @34@16@Y@Seth Lewis          @C       @6'0" @205  @Spartanburg, SC                         @
Zach Bridgem@36@16@Y@Zach Bridgeman      @RHP     @6'4" @207  @Greer, SC                               @
Harper Grier@37@16@Y@Harper Grier        @P       @     @     @                                        @
Fernando Pin@38@16@Y@Fernando Pinillos   @RHP     @6'3" @205  @Charleston, SC                          @
Jeremiah Fre@39@16@Y@Jeremiah Freeman    @RHP     @5'10"@186  @Sumter, SC                              @
Brian Doucet@40@08@Y@Brian Doucet        @INF     @5'11"@193  @Summerville, SC                         @
Colby Croxto@41@08@Y@Colby Croxton       @C       @5'10"@198  @Chesterfield, SC                        @
Hunter Graha@43@10@Y@Hunter Graham       @LHP     @6'1" @175  @Georgetown, SC                          @
Jamie Strock@44@16@Y@Jamie Strock        @RHP     @6'0" @190  @Barnwell, SC                            @
Zach Pender @46@08@Y@Zach Pender         @RHP     @6'2" @177  @Roebuck, SC                             @
Reese Pearso@47@08@Y@Reese Pearson III   @OF      @5'8" @186  @Hartsville, SC                          @
