Tyler King  @1 @08@Y@Tyler King          @P       @     @     @St. Louis, MO                           @
Sean Fisher @4 @18@Y@Sean Fisher         @OF      @     @     @Ely, MN                                 @
Nick Kutryb @7 @08@Y@Nick Kutryb         @IF/P    @     @     @St. Louis, MO                           @
Stetson Hoga@9 @12@Y@Stetson Hogan       @IF/P    @     @     @Tabiona, UT                             @
Alex Borchar@10@10@Y@Alex Borchardt      @P       @     @     @Zimmerman, MN                           @
Cody Bialik @11@19@Y@Cody Bialik         @OF      @     @     @Ely, MN                                 @
Brandon John@13@17@Y@Brandon Johnson     @IF      @     @     @Moorhead, MN                            @
Robert Smith@15@08@Y@Robert Smith        @OF      @     @     @Haines City, FL                         @
David Olson @17@08@Y@David Olson         @C       @     @     @Stillwater, MN                          @
Brandon Weis@21@16@Y@Brandon Weiser      @IF/P    @     @     @Moorhead, MN                            @
Jared Clemon@22@08@Y@Jared Clemons       @IF      @     @     @Priceton, MN                            @
Dalton Knuts@23@08@Y@Dalton Knutson      @IF      @     @     @Colfax, WI                              @
Trevor Gomer@24@10@Y@Trevor Gomer        @P/IF    @     @     @Grand Meadow, MN                        @
Christian Ki@25@08@Y@Christian Kittelson @C/P     @     @     @Int'lfalls, Mn                          @
Alex Kempf  @27@16@Y@Alex Kempf          @P       @     @     @Coon Rapids, MN                         @
Tyler Eickof@28@19@Y@Tyler Eickoff       @OF/P    @     @     @Preston, MN                             @
Shayne Unden@31@08@Y@Shayne Undenberg    @P       @     @     @Stewartville, MN                        @
Logan Hacker@34@16@Y@Logan Hacker        @IF/P    @     @     @Luck, WI                                @
Jack Nikko  @36@10@Y@Jack Nikko          @OF/P    @     @     @Proctor, MN                             @
Tim Thein   @37@17@Y@Tim Thein           @OF      @     @     @St. Anthony, MN                         @
Eric Olson  @38@08@Y@Eric Olson          @IF      @     @     @Byron, MN                               @
