Dakota Roger@1 @17@Y@Dakota Rogers       @INF/RHP @6'0  @165  @Princeton,IN                            @
Robbie Dorin@2 @08@Y@Robbie Doring       @INF/OF  @6'2  @175  @Grafton,WI                              @
Drew Johnsto@3 @09@Y@Drew Johnston       @OF/INF/P@5'8  @170  @Evansville,IN                           @
Zach Deutsch@4 @16@Y@Zach Deutsch        @OF      @5'10 @175  @Evansville,IN                           @
Austin Rober@5 @16@Y@Austin Roberson     @C       @5'11 @175  @Fort Wayne,IN                           @
Mitchell Law@6 @08@Y@Mitchell Lawson     @RHP     @6'2  @180  @New Palestine,IN                        @
Matt Volz   @8 @08@Y@Matt Volz           @OF      @5'8  @150  @Fort Wayne,IN                           @
Zach Reinig @9 @11@Y@Zach Reinig         @LHP     @5'10 @185  @Fort Wayne,IN                           @
Kaleb Waller@10@08@Y@Kaleb Waller        @INF     @5'4  @145  @Lafayette,IN                            @
Jacob Carey @14@08@Y@Jacob Carey         @C       @6'0  @190  @Crown Point, IN                         @
Reid Thayer @15@16@Y@Reid Thayer         @RHP     @6'2  @170  @Hope,IN                                 @
Colton Rupsk@17@17@Y@Colton Rupska       @OF      @6'2  @200  @Terre Haute, IN                         @
Brad Hartman@19@08@Y@Brad Hartman        @INF     @5'11 @150  @South Bend, IN                          @
Jared Mellif@20@16@Y@Jared Melliff       @INF/OF  @5'9  @155  @Wadesville, IN                          @
Colton Pittm@21@08@Y@Colton Pittman      @RHP     @6'0  @195  @Terre Haute, IN                         @
Trent Simpso@22@16@Y@Trent Simpson       @C/INF/RH@5'11 @245  @Gentryville, IN                         @
Jason Reboul@24@16@Y@Jason Reboulet      @RHP     @6'5  @205  @Dayton, OH                              @
Ryan Cheek  @25@16@Y@Ryan Cheek          @RHP     @6'4  @190  @Oblong, IL                              @
Alex Lyons  @28@08@Y@Alex Lyons          @RHP     @6'5  @210  @Richmond, IN                            @
Corey Reynol@29@10@Y@Corey Reynolds      @LHP/OF  @6'2  @170  @Greensburg, IN                          @
Logan Coughl@32@16@Y@Logan Coughlin      @OF/INF  @5'10 @175  @Brownsburg, IN                          @
Lance Myers @34@09@Y@Lance Myers         @INF     @5'11 @205  @Evansville, IN                          @
Steve Petrov@35@08@Y@Steve Petrovich     @RHP     @6'1  @180  @Indianapolis, IN                        @
Jake Mills  @37@16@Y@Jake Mills          @RHP     @6'5  @225  @Mt Vernon, IN                           @
Daniel Sande@45@19@Y@Daniel Sander       @INF     @6'0  @190  @Evansville, IN                          @
