Tanner Sande@2 @16@Y@Tanner Sandel       @OF      @5'10 @160  @Gallatin, TN                            @
Donte Albert@3 @08@Y@Donte Albert        @SS      @6'2  @185  @Miami, FL                               @
Riley McCown@4 @09@Y@Riley McCown        @OF      @5;11 @175` @Fayetteville, TN                        @
Randy Lopez @5 @08@Y@Randy Lopez         @RHP     @6'0  @160  @Miami, FL                               @
Adam Brown  @6 @08@Y@Adam Brown          @2B      @6'2  @195  @Madison, AL                             @
Dylan Johnso@9 @08@Y@Dylan Johnson       @INF     @5'7  @185  @Goodlettsville, TN                      @
Hunter Gilbe@10@08@Y@Hunter Gilbert      @INF     @5'9  @160  @Mt. Juliet, TN                          @
David Lankst@11@08@Y@David Lankster      @3B      @5'11 @175  @Hendersonville, TN                      @
Hunter Herd @12@08@Y@Hunter Herd         @SS      @6'0  @175  @Gallatin, TN                            @
Gunner Osbor@14@08@Y@Gunner Osborne      @C       @6'3  @180  @Mt. Juliet, TN                          @
Charlie Pal @15@16@Y@Charlie Pal         @1B      @6'1  @205  @Deerfield Beach, FL                     @
Ben Hachten @16@09@Y@Ben Hachten         @C       @6'0  @190  @Louisville, KY                          @
Chris O'Guin@17@11@Y@Chris O'Guin        @1B      @6'0  @200  @Goodlettsville, TN                      @
Chevis Hoove@18@16@Y@Chevis Hoover       @3B/RHP  @6'4  @225  @Estill Springs, TN                      @
Dylan Shoffn@19@19@Y@Dylan Shoffner      @LHP     @6'2  @190  @Eliabethtown, KY                        @
Chris Rodrig@21@16@Y@Chris Rodriguez     @RHP     @6'4  @235  @Pembroke Pines, FL                      @
Xander Taylo@23@11@Y@Xander Taylor       @LHP     @5'11 @210  @Knoxville, TN                           @
Moises Alou,@24@16@Y@Moises Alou,Jr.     @OF      @6'0  @205  @Ft. Lauderdale, FL                      @
Evan Jones  @25@16@Y@Evan Jones          @RHP     @5'11 @190  @Gallatin, TN                            @
Tad Stewart @26@08@Y@Tad Stewart         @INF     @5'9  @160  @Goodlettsville, TN                      @
Lazaro Marti@27@08@Y@Lazaro Martinez     @C       @5'11 @195  @Miami, FL                               @
Austin Matth@28@16@Y@Austin Matthews     @C       @5'10 @160  @Castalian Springs, TN                   @
Kida De La C@29@16@Y@Kida De La Cruz     @RHP     @6'6  @245  @Miramar, FL                             @
Nick Holt   @32@17@Y@Nick Holt           @OF      @6'0  @215  @Lawrenceburg, TN                        @
Evan Allison@33@08@Y@Evan Allison        @RHP     @6'5  @190  @Springfield, TN                         @
Dalton Davis@34@09@Y@Dalton Davis        @OF      @6'5  @240  @Tullahoma, TN                           @
Austyn Dyer @35@08@Y@Austyn Dyer         @RHP     @6'6  @200  @Mt. Juliet, TN                          @
