Manuel DeJes@1 @19@Y@Manuel DeJesus      @OF      @5'9  @150  @Caguas, PR                              @
Jarier Estra@2 @17@Y@Jarier Estrada      @MIF     @5'8  @145  @Louiza, PR                              @
Rey Perez   @3 @16@Y@Rey Perez           @MIF     @5'10 @165  @Arecibo, PR                             @
Kevin Suarez@5 @08@Y@Kevin Suarez        @OF      @5'9  @170  @Miami, FL                               @
Carlos Pena @6 @08@Y@Carlos Pena         @C       @6'0  @190  @Miami, FL                               @
Claudio Rubi@7 @08@Y@Claudio Rubiera     @C       @6'1  @185  @Miami, FL                               @
Connor Hill @8 @08@Y@Connor Hill         @UTL     @5'10 @180  @Louisville, KY                          @
Wesley Drain@10@08@Y@Wesley Drain        @MIF     @5'11 @190  @Powder Springs, GA                      @
Phillip Dieh@11@19@Y@Phillip Diehl       @LHP     @6'3  @170  @Cincinnati, OH                          @
Jordan Marti@12@08@Y@Jordan Martin       @RHP     @6'3  @205  @Cynthiana, KY                           @
Carlos Ocasi@13@08@Y@Carlos Ocasio       @MIF     @5'11 @175  @Palm Bay, FL                            @
Andres Casti@15@12@Y@Andres Castillo     @C       @6'1  @175  @Miami, FL                               @
Clay Chandle@16@08@Y@Clay Chandler       @RHP     @6'3  @165  @Lacenter, KY                            @
Anthony Pena@17@08@Y@Anthony Penas       @IF      @6'1  @185  @Miami, FL                               @
Welby Malcze@18@11@Y@Welby Malczewski    @LHP     @6'6  @235  @Mt. Prospect, IL                        @
Richard Hida@19@09@Y@Richard Hidalgo Jr. @OF      @5'11 @170  @Orlando, FL                             @
Tim Barry   @21@16@Y@Tim Barry           @IF/OF   @6'0  @210  @Oak Forest, IL                          @
Matt Pletzke@22@17@Y@Matt Pletzke        @RHP     @6'4  @215  @Carmel, IN                              @
Matthew Schu@23@16@Y@Matthew Schultz     @RHP     @6'2  @215  @Plainfield, IL                          @
Dane Giesler@24@09@Y@Dane Giesler        @IF      @6'2  @205  @Jasper, IN                              @
Zach Lewis  @25@08@Y@Zach Lewis          @RHP     @6'3  @205  @Palos Heights, IL                       @
Angel Alicea@26@08@Y@Angel Alicea        @IF/RHP  @6'0  @190  @Santa Isabel, PR                        @
Nick McCoy  @28@08@Y@Nick McCoy          @RHP     @6'6  @215  @Albion, IN                              @
Kale Christy@29@08@Y@Kale Christy        @1B      @6'1  @215  @Princeton, IN                           @
Todd Goldber@31@11@Y@Todd Goldberg       @LHP     @6'2  @195  @Beachwood, OH                           @
TJ Frericks @32@11@Y@TJ Frericks         @LHP     @6'3  @165  @St. Cloud, MN                           @
Josh Van Bee@34@08@Y@Josh Van Beek       @RHP     @6'3  @195  @St. John, IN                            @
Jacob Murray@35@08@Y@Jacob Murray        @RHP     @6'2  @205  @Silsbee, TX                             @
Collin Edwar@36@08@Y@Collin Edwards      @OF      @6'2  @205  @Arnold, MO                              @
Chris Marte @37@08@Y@Chris Marte         @RHP     @6'4  @205  @Santo Domingo, DR                       @
Adan Gutierr@41@11@Y@Adan Gutierrez      @LHP     @5'11 @185  @Hialeah, FL                             @
Alian Silva @42@08@Y@Alian Silva         @IF/OF   @5'9  @170  @Hialeah, FL                             @
Travis Herri@44@08@Y@Travis Herrin       @RHP     @6'3  @210  @Lebanon, IN                             @
Aaron Mitche@45@11@Y@Aaron Mitchell      @LHP     @6'2  @190  @Lexington, KY                           @
