Drake Tucker@1 @11@Y@Drake Tucker        @OF      @5'11 @170  @Killen, AL                              @
Chris Blakey@2 @09@Y@Chris Blakey        @INF     @5'10 @180  @Gardendale, AL                          @
Dalton Carri@3 @08@Y@Dalton Carriker     @INF     @5'10 @185  @Warner Robbins, GA                      @
Nate Smith  @4 @08@Y@Nate Smith          @C/OF    @6'0  @200  @Marietta, GA                            @
Sam Ayers   @5 @08@Y@Sam Ayers           @INF     @6'0  @202  @Cartersville, GA                        @
Turner Watki@6 @08@Y@Turner Watkins      @P       @6'2  @190  @Marietta, GA                            @
Todd Wilkins@7 @16@Y@Todd Wilkinson      @INF/OF  @5'8  @165  @Hazel Green, AL                         @
Luke Porter @8 @09@Y@Luke Porter         @C       @6'1  @207  @Homewood, AL                            @
Tyler Dowdy @9 @11@Y@Tyler Dowdy         @P       @5'10 @195  @Tupelo, MS                              @
Josh O'Shiel@10@09@Y@Josh O'Shields      @INF     @6'0  @195  @Hoover, AL                              @
Lane Meyer  @12@11@Y@Lane Meyer          @P       @6'2  @190  @Mansfield, TX                           @
Andrew Smith@14@16@Y@Andrew Smith        @OF      @6'0  @200  @Alabaster,AL                            @
Landon Hughe@15@08@Y@Landon Hughes       @P       @6'4  @166  @Marietta, GA                            @
Joe Klepac  @16@16@Y@Joe Klepac          @OF      @6'0  @195  @Pensacola, FL                           @
Rupert Alcan@17@20@Y@Rupert Alcantara    @INF     @5'8  @155  @Santo Domingo, DR                       @
Jacob Hill  @18@08@Y@Jacob Hill          @OF      @5'9  @185  @Cumming, GA                             @
Oliver Franc@19@08@Y@Oliver Francis      @INF/OF  @6'0  @210  @Santo Domingo, DR                       @
Hunter Belue@20@08@Y@Hunter Belue        @P       @6'1  @205  @Cumming, GA                             @
Colt Buttram@21@16@Y@Colt Buttram        @OF      @6'0  @220  @Sylvania, AL                            @
Bailey Chess@22@08@Y@Bailey Chesser      @P       @6'5  @195  @Pinson, AL                              @
Alex Hegner @23@16@Y@Alex Hegner         @P       @6'1  @210  @Marietta, GA                            @
Garrett Such@24@08@Y@Garrett Suchey      @C/P     @6'3  @210  @Morris, AL                              @
Wesley Water@25@08@Y@Wesley Waters       @P       @5'11 @193  @Cullman, AL                             @
Zac Hatfield@26@16@Y@Zac Hatfield        @C       @6'0  @220  @Clay, AL                                @
Izaac Yarbro@27@19@Y@Izaac Yarbrough     @P       @5'11 @200  @Vinemont, AL                            @
Grant Bennet@28@16@Y@Grant Bennett       @P/INF   @6'2  @210  @Hazel Green, AL                         @
Chad Smith  @29@08@Y@Chad Smith          @P       @6'4  @200  @McCalla, AL                             @
Colton Campb@30@08@Y@Colton Campbell     @P       @6'4  @230  @Rainsville, AL                          @
