Jake Farr   @1 @17@Y@Jake Farr           @INF     @     @     @                                        @
Dathan Prewe@2 @16@Y@Dathan Prewett      @OF      @     @     @                                        @
Michael Smit@3 @16@Y@Michael Smith       @OF      @     @     @                                        @
Lucas Ledfor@4 @11@Y@Lucas Ledford       @OF      @     @     @                                        @
Andrew Gist @5 @11@Y@Andrew Gist         @LHP     @     @     @                                        @
Elijah Suthe@6 @16@Y@Elijah Sutherland   @INF     @     @     @                                        @
Brycen Rober@7 @16@Y@Brycen Roberts      @OF      @     @     @                                        @
Grant Painte@8 @19@Y@Grant Painter       @LHP     @     @     @                                        @
Jason Costa @9 @08@Y@Jason Costa         @C       @     @     @                                        @
Zach Storm  @11@16@Y@Zach Storm          @INF     @     @     @                                        @
Campbell Sch@12@08@Y@Campbell Scholl     @RHP     @     @     @                                        @
Will Carter @13@16@Y@Will Carter         @RHP     @     @     @                                        @
Reed Hayes  @14@08@Y@Reed Hayes          @RHP     @     @     @                                        @
James Fowlke@15@16@Y@James Fowlkes       @OF      @     @     @                                        @
Adam Bolen  @16@16@Y@Adam Bolen          @INF     @     @     @                                        @
Dylan Powers@17@16@Y@Dylan Powers        @INF     @     @     @                                        @
Colton Prove@18@08@Y@Colton Provey       @RHP     @     @     @                                        @
Andrew Towns@19@11@Y@Andrew Towns        @LHP     @     @     @                                        @
Brent Honeyw@21@08@Y@Brent Honeywell     @RHP     @     @     @                                        @
Aaron Quille@23@16@Y@Aaron Quillen       @RHP     @     @     @                                        @
Jake Usher  @24@08@Y@Jake Usher          @RHP     @     @     @                                        @
Austin Norre@25@16@Y@Austin Norrell      @C       @     @     @                                        @
Taylor Marti@26@16@Y@Taylor Martin       @C       @     @     @                                        @
Matt Pope   @27@08@Y@Matt Pope           @RHP     @     @     @                                        @
Matt William@28@08@Y@Matt Williams       @INF     @     @     @                                        @
Austin Taylo@29@16@Y@Austin Taylor       @INF     @     @     @                                        @
Ross Grosven@30@08@Y@Ross Grosvenor      @INF     @     @     @                                        @
Brett Martin@31@11@Y@Brett Martin        @LHP     @     @     @                                        @
