Walker Daile@1 @16@Y@Walker Dailey       @OF      @5'8" @160  @                                        @
Quintin Rohr@3 @08@Y@Quintin Rohrbaugh   @INF     @5'8" @175  @                                        @
Quintin Rohr@3 @08@Y@Quintin Rohrbaugh   @INF     @5'8" @175  @Grand Prairie, TX                       @
Tyler Vaugha@4 @08@Y@Tyler Vaughan       @INF     @5'8" @160  @                                        @
Paxton DeLaG@5 @16@Y@Paxton DeLaGarza    @INF     @5'11"@175  @                                        @
Bobby Kramer@6 @09@Y@Bobby Kramer        @C       @5'9" @195  @                                        @
Zac Michener@7 @08@Y@Zac Michener        @UTL     @6'0" @205  @                                        @
Taylor Sugar@8 @08@Y@Taylor Sugar        @OF      @5'10"@175  @                                        @
DJ Gasso    @9 @08@Y@DJ Gasso            @INF     @5'10"@180  @                                        @
Grant Klump @10@11@Y@Grant Klump         @OF      @5'10"@195  @                                        @
Trooper Reyn@11@16@Y@Trooper Reynolds    @INF     @5'10"@215  @                                        @
Seth Henry  @12@16@Y@Seth Henry          @RHP     @6'1" @210  @                                        @
Mason Stone @13@08@Y@Mason Stone         @C       @5'10"@195  @                                        @
Scotland Chu@15@08@Y@Scotland Church     @OF/RHP  @5'9" @185  @                                        @
Cole Fiola  @16@19@Y@Cole Fiola          @OF      @5'10"@175  @                                        @
Valente Cana@17@08@Y@Valente Canada      @C       @5'8" @205  @                                        @
Chaz Fowler @18@11@Y@Chaz Fowler         @LHP     @6'0" @220  @                                        @
Reid Meyer  @19@18@Y@Reid Meyer          @LHP     @6'3" @200  @                                        @
Keaton Herna@20@16@Y@Keaton Hernandez    @RHP     @5'11"@220  @                                        @
Daniel Willi@23@08@Y@Daniel Williams     @OF      @6'2" @235  @                                        @
Colton Turne@24@08@Y@Colton Turner       @INF     @5'11"@205  @                                        @
Brandon Boon@25@08@Y@Brandon Boone       @RHP     @6'2" @210  @                                        @
Kevin Kelleh@26@16@Y@Kevin Kelleher      @RHP     @6'3" @255  @                                        @
Trevor Harde@27@08@Y@Trevor Hardee       @RHP     @6'6" @200  @                                        @
Tejay Antone@28@16@Y@Tejay Antone        @RHP     @6'3" @215  @                                        @
Shane Crawfo@29@16@Y@Shane Crawford      @INF     @5'11"@200  @                                        @
Judson Kinzy@30@08@Y@Judson Kinzy        @RHP     @6'1" @175  @                                        @
Andrew Hende@31@11@Y@Andrew Hendel       @LHP     @6'1" @190  @                                        @
Dewey Dovel @32@08@Y@Dewey Dovel         @RHP     @6'6" @230  @                                        @
Jordan Zanga@33@16@Y@Jordan Zangarine    @RHP     @6'1" @175  @                                        @
Cameron Vige@34@08@Y@Cameron Vige        @RHP     @6'3" @175  @                                        @
Peter Hendel@35@19@Y@Peter Hendel        @LHP     @6'0" @185  @                                        @
Will Young  @36@09@Y@Will Young          @INF/RHP @6'1" @210  @                                        @
Zane Ancell @39@11@Y@Zane Ancell         @OF      @5'10"@195  @                                        @
Tyler Keegan@41@08@Y@Tyler Keegan        @RHP     @6'2" @165  @                                        @
Matt Walker @43@08@Y@Matt Walker         @RHP     @6'5" @190  @                                        @
Cruz Buettik@44@08@Y@Cruz Buettiker      @INF     @5'10"@250  @                                        @
Ryan Sulliva@47@08@Y@Ryan Sullivan       @RHP     @5'10"@155  @                                        @
Hunter Grims@48@08@Y@Hunter Grimsley     @RHP     @5'10"@155  @                                        @
