Michael Figu@0 @08@Y@Michael Figueroa    @P       @5'10"@185  @Bronx, NY                               @
Anthony Tynd@2 @16@Y@Anthony Tyndal      @IF      @5'8" @150  @Putnam Valley, NY                       @
Louis Angiol@3 @08@Y@Louis Angiolillo    @P       @5'9" @140  @Pleasantville, NY                       @
Steven Figue@4 @09@Y@Steven Figueroa     @IF/P    @5'8" @160  @Bronx, NY                               @
Nick Salzano@5 @16@Y@Nick Salzano        @OF      @5'10"@170  @Yonkers, NY                             @
Joe Lovecchi@6 @08@Y@Joe Lovecchio       @C       @5'9" @155  @North White Plains, NY                  @
Dennis Tradi@8 @08@Y@Dennis Traditi      @IF      @5'8" @150  @Croton-On-Hudson, NY                    @
Justin Cassi@9 @16@Y@Justin Cassinelli   @IF      @6'3" @170  @Valhalla, NY                            @
Nick Greto  @10@08@Y@Nick Greto          @OF      @6'0" @185  @Pleasantville, NY                       @
Sage Cheren @11@10@Y@Sage Cheren         @OF      @5'8" @150  @Bronx, NY                               @
Preston Zano@14@16@Y@Preston Zanon       @P       @6'2" @195  @Yorktown, NY                            @
Casey Kyle  @15@08@Y@Casey Kyle          @OF/P    @6'3" @210  @Ossining, NY                            @
Trey Pizzute@17@16@Y@Trey Pizzutello     @P       @6'4" @195  @Stamford, CT                            @
Steven Galle@18@16@Y@Steven Gallello     @P       @6'0" @205  @New Rochelle, NY                        @
Louis Ingras@19@11@Y@Louis Ingrassia     @P       @5'9" @150  @North White Plains, NY                  @
Matt Cassine@21@16@Y@Matt Cassinelli     @OF/P    @6'3" @170  @Valhalla, NY                            @
Anthony Cial@22@09@Y@Anthony Cialini     @C/IF    @5'7" @160  @Dobbs Ferry, NY                         @
Brenden Cuni@23@08@Y@Brenden Cuni        @IF      @5'11"@180  @New Rochelle, NY                        @
Cristian Bae@25@08@Y@Cristian Baez       @OF      @5'10"@185  @Bronx, NY                               @
Fabio Ricci @27@16@Y@Fabio Ricci         @OF      @6'2" @195  @Thornwood, NY                           @
Elvis Hazira@29@08@Y@Elvis Haziraj       @P       @5'8" @145  @Bronx, NY                               @
Santo Santos@30@08@Y@Santo Santos        @C       @5'9" @195  @Bronx, NY                               @
Joe Boscia  @31@08@Y@Joe Boscia          @C       @5'9" @175  @Eastchester, NY                         @
Nick Scotti @34@17@Y@Nick Scotti         @1B      @6'3" @190  @Thornwood, NY                           @
Billy Sablin@35@08@Y@Billy Sablinski     @IF      @6'1" @170  @Beacon, NY                              @
Anthony Shkr@38@08@Y@Anthony Shkrelja    @IF/P    @6'1" @175  @Bedford Hills, NY                       @
Kevin Pihota@40@16@Y@Kevin Pihota        @P       @6'1" @175  @Yorktown Heights, NY                    @
Tyler Allen @41@16@Y@Tyler Allen         @P       @5'7" @160  @Yonkers, NY                             @
Joel Toribio@45@08@Y@Joel Toribio        @P       @6'5" @175  @Bronx, NY                               @
Kevin Nichol@46@08@Y@Kevin Nicholson     @P       @5'10"@155  @White Plains, NY                        @
Kyle Crimmin@47@09@Y@Kyle Crimmins       @P       @6'1" @185  @Eastchester, NY                         @
John Cooley @48@16@Y@John Cooley         @P       @6'0" @215  @South Salem, NY                         @
