Tony Roque  @6 @16@Y@Tony Roque          @INF     @5'9  @177  @                                        @
Dylan Hollis@7 @08@Y@Dylan Hollister     @P       @6'1  @190  @                                        @
Brandon Lapo@8 @08@Y@Brandon Lapointe    @C       @5'11 @180  @                                        @
Alex Fife   @10@17@Y@Alex Fife           @OF      @6'0  @190  @                                        @
Conor Harber@11@16@Y@Conor Harber        @OF/P    @6'2  @203  @                                        @
Christian St@12@16@Y@Christian Stolo     @P/OF    @6'0  @180  @                                        @
Thomas Kerr @13@08@Y@Thomas Kerr         @P       @6'2  @180  @                                        @
Conor Klein @14@17@Y@Conor Klein         @INF     @6'1  @196  @                                        @
Jake Bennett@15@11@Y@Jake Bennett        @OF      @6'0  @205  @                                        @
Austin Andre@16@08@Y@Austin Andrews      @INF     @5'10 @218  @                                        @
Joey Crunkil@18@19@Y@Joey Crunkilton     @OF      @5'11 @198  @                                        @
Rayne Raven @19@16@Y@Rayne Raven         @INF/P   @6'1  @218  @                                        @
Kody Renyold@20@08@Y@Kody Renyolds       @INF     @6"4  @210  @                                        @
Kyle Pruneau@21@08@Y@Kyle Pruneau        @P/INF   @6'3  @189  @                                        @
Corey Pool  @23@08@Y@Corey Pool          @OF/INF  @6'2  @223  @                                        @
Spencer Dors@24@16@Y@Spencer Dorsey      @C/1B    @6'0  @218  @                                        @
Kyle Henders@25@09@Y@Kyle Henderson      @C       @6'2  @209  @                                        @
Max Karnos  @27@08@Y@Max Karnos          @P       @6'4  @201  @                                        @
Dylan Franci@30@08@Y@Dylan Francis       @P       @6'3  @215  @                                        @
Jeremy Alder@31@16@Y@Jeremy Alderman     @P       @6'2  @188  @                                        @
Spencer Gree@32@16@Y@Spencer Greer       @P       @6'6  @220  @                                        @
Connor Zwets@33@08@Y@Connor Zwetsch      @P       @6'5  @208  @                                        @
Sam Hall    @34@17@Y@Sam Hall            @C       @5'11 @207  @                                        @
