Emilio Guerr@1 @11@Y@Emilio Guerra       @LHP     @5'11 @200  @McAllen, TX                             @
Osvaldo Raya@2 @08@Y@Osvaldo Raya        @RHP     @6'0  @160  @Laredo, TX                              @
Anthony Cali@3 @16@Y@Anthony Calise      @RHP     @5'10 @200  @Cedar Park, TX                          @
Angel Cruz  @4 @16@Y@Angel Cruz          @OF      @5'9  @180  @Juan Diaz, Puerto Rico                  @
Tate Huebner@5 @08@Y@Tate Huebner        @RHP     @5'11 @165  @San Antonio, TX                         @
Francisco Ma@6 @08@Y@Francisco Martinez  @INF     @5'5  @150  @Mission, TX                             @
Masen Fenn  @7 @16@Y@Masen Fenn          @INF     @5'8  @185  @Salt Lake City, UT                      @
Kyle Stutz  @9 @16@Y@Kyle Stutz          @INF     @6'0  @190  @Leander, TX                             @
John Millan @10@08@Y@John Millan         @RHP     @6'1  @215  @El Paso, TX                             @
Connor Thoma@12@16@Y@Connor Thomas       @RHP     @6'1  @210  @Houston, TX                             @
JD Ortega   @13@11@Y@JD Ortega           @INF     @6'2  @220  @El Paso, TX                             @
Ryan Roman  @14@08@Y@Ryan Roman          @OF      @5'11 @195  @Madison Heights, MI                     @
Brandon Garn@15@08@Y@Brandon Garnto      @C       @5'8  @185  @Pecos, TX                               @
Omar Frias  @16@08@Y@Omar Frias          @RHP     @6'4  @235  @Santo Domingo, DR                       @
Hunter Spear@17@17@Y@Hunter Spear        @INF     @6'0  @220  @Lubbock, TX                             @
Lane Vrba   @18@08@Y@Lane Vrba           @RHP     @6'4  @180  @Waco, TX                                @
Christian Sa@19@08@Y@Christian Santiago  @C       @6'0  @180  @Yabucoa, Puerto Rico                    @
Ross Barker @20@16@Y@Ross Barker         @INF     @6'5  @220  @Windsor, Ontario                        @
Aaron Collaz@21@16@Y@Aaron Collazo       @INF     @5'10 @175  @San Antonio, TX                         @
Colin Porter@22@19@Y@Colin Porter        @OF      @6'1  @225  @Mt. Hope, Ontario                       @
Dexter Wilso@23@08@Y@Dexter Wilson       @OF      @5'10 @215  @Ft. Worth, TX                           @
Matt Glasman@24@11@Y@Matt Glasmann       @LHP     @6'4  @210  @Windsor, Ontario                        @
Cameron Smit@25@08@Y@Cameron Smith       @INF     @6'0  @250  @Dallas, TX                              @
Jason Jones @26@16@Y@Jason Jones         @RHP     @6'2  @250  @Katy, TX                                @
Omar Figuero@29@09@Y@Omar Figueroa       @C       @6'0  @215  @Ponce, Puerto Rico                      @
Austin Frey @30@08@Y@Austin Frey         @RHP     @6'2  @245  @San Angelo, TX                          @
Victor Nazar@33@16@Y@Victor Nazario      @OF      @5'10 @190  @Sabana Grande, Puerto Rico              @
Nolan Savage@34@16@Y@Nolan Savage        @RHP     @6'0  @205  @Lubbock, TX                             @
