Bernard Gard@1 @08@Y@Bernard Gardner     @RHP     @5'8  @160  @New York NY                             @
Randy Rodrig@2 @16@Y@Randy Rodriguez     @OF/SS/2B@5'9  @180  @New York, NY                            @
Tony Nunez  @3 @16@Y@Tony Nunez          @SS      @5'9  @165  @New York, NY                            @
Ruddy Estrel@4 @08@Y@Ruddy Estrella      @P       @5'7  @165  @New York, NY                            @
Aneuris Rodr@5 @16@Y@Aneuris Rodriguez   @P       @6'0  @155  @New York, NY                            @
John Pena   @7 @16@Y@John Pena           @P       @6'0  @200  @New York, NY                            @
Foster Ford @8 @08@Y@Foster Ford         @2B/OF   @6'1  @185  @Trophy Club, TX                         @
Cesar Figuer@9 @16@Y@Cesar Figuereo      @SS/2B/P @6'1  @190  @Dominican Republic                      @
Kevin Torres@10@16@Y@Kevin Torres        @P       @6'1  @180  @New York, NY                            @
Jose Fortuna@11@16@Y@Jose Fortuna        @OF/2B   @5'11 @190  @Lynn, MA                                @
Ricardo Parr@12@08@Y@Ricardo Parra       @P       @5'11 @180  @Bronx, NY                               @
Jordan Scott@13@08@Y@Jordan Scott        @P       @6'3  @180  @Atlanta, GA                             @
Garbin Villa@14@08@Y@Garbin Villar       @P       @6'0  @160  @New York, NY                            @
Felix Frias @15@16@Y@Felix Frias         @P       @6'1  @185  @Lawrence, MA                            @
Anthony Alic@16@08@Y@Anthony Alicki      @RHP     @6'2  @200  @Milford, CT                             @
Joshua James@17@16@Y@Joshua James        @P       @6'3  @200  @Hollywood, FL                           @
Justin Ellis@18@11@Y@Justin Ellison      @OF      @6'2  @170  @Columbus, GA                            @
Quinton Will@19@10@Y@Quinton Williems    @P       @6'0  @175  @Curacao                                 @
Robert De La@20@16@Y@Robert De La Hoz    @C       @6'1  @200  @New York, NY                            @
Marlor Villa@21@08@Y@Marlor Villafana    @3B/2B   @6'3  @205  @Dominican Republic                      @
Alnaydo Rodr@22@19@Y@Alnaydo Rodriguez   @1B      @6'1  @220  @New York, NY                            @
Martin Nolas@23@16@Y@Martin Nolasco      @P       @6'1  @170  @Philadelphia, PA                        @
Dylan Warner@24@08@Y@Dylan Warner        @OF      @6'0  @190  @Lawton, OK                              @
Alex Lugo   @25@09@Y@Alex Lugo           @C/1B    @5'11 @200  @Chicago, IL                             @
Eduardo Meji@26@08@Y@Eduardo Mejia       @SS/3B   @6'2  @170  @Santo Domingo                           @
Andujar Cede@27@08@Y@Andujar Cedeno      @OF      @6'3  @200  @Dominican Republic                      @
Starling Val@28@08@Y@Starling Valera     @SS      @5'11 @180  @New York, NY                            @
Yostty Varga@29@08@Y@Yostty Vargas       @P       @6'2  @190  @Dominican Republic                      @
Jery Then   @30@08@Y@Jery Then           @P       @6'2  @190  @Dominican Republic                      @
Anyelvi Este@31@08@Y@Anyelvi Esteves     @OF/1B   @6'2  @190  @Dominican Republic                      @
William Mora@33@08@Y@William Mora        @1B/DH   @6'0  @230  @New York, NY                            @
Jenklin Lira@34@16@Y@Jenklin Liranzo     @C       @6'2  @230  @New York NY                             @
Luis Motta  @35@11@Y@Luis Motta          @1B/DH   @6'0  @220  @New York, NY                            @
